---------------------------------------------------------------
[ 2020-09-08T00:14:53+08:00 ] 95.86.92.125 GET 39.101.182.111/11.txt
[运行时间：0.017163s] [吞吐率：58.26req/s] [内存消耗：1,479.16kb] [文件加载：38]
[ info ] [ LANG ] /www/wwwroot/yundong/thinkphp/lang/zh-cn.php
[ info ] [ ROUTE ] array (
  'type' => 'module',
  'module' => 
  array (
    0 => '11',
    1 => NULL,
    2 => NULL,
  ),
)
[ info ] [ HEADER ] array (
  'x-forwarded-for' => '95.86.92.125',
  'accept-language' => 'zh-cn,zh;q=0.8,en-us;q=0.5,en;q=0.3',
  'accept' => 'text/html,application/xhtml+xml,application/xml;q=0.9,*/*;q=0.8',
  'user-agent' => 'Mozilla/4.0 (compatible; MSIE 7.0; Windows NT 6.1; WOW64; Trident/5.0; SLCC2; .NET CLR 2.0.50727; .NET CLR 3.5.30729; .NET CLR 3.0.30729; Media Center PC 6.0; .NET4.0C; .NET4.0E; InfoPath.3; KB974488)',
  'host' => '39.101.182.111',
  'content-type' => '',
  'content-length' => '',
)
[ info ] [ PARAM ] array (
)
[ info ] [ LOG ] INIT File
---------------------------------------------------------------
[ 2020-09-08T00:14:53+08:00 ] 95.86.92.125 GET 39.101.182.111:81/11.txt
[运行时间：0.017710s] [吞吐率：56.47req/s] [内存消耗：1,537.13kb] [文件加载：40]
[ info ] [ LANG ] /www/wwwroot/yundong/thinkphp/lang/zh-cn.php
[ info ] [ BIND ] 'admin'
[ info ] [ ROUTE ] array (
  'type' => 'module',
  'module' => 
  array (
    0 => 'admin',
    1 => '11',
    2 => NULL,
  ),
)
[ info ] [ HEADER ] array (
  'x-forwarded-for' => '95.86.92.125',
  'accept-language' => 'zh-cn,zh;q=0.8,en-us;q=0.5,en;q=0.3',
  'accept' => 'text/html,application/xhtml+xml,application/xml;q=0.9,*/*;q=0.8',
  'user-agent' => 'Mozilla/4.0 (compatible; MSIE 7.0; Windows NT 6.1; WOW64; Trident/5.0; SLCC2; .NET CLR 2.0.50727; .NET CLR 3.5.30729; .NET CLR 3.0.30729; Media Center PC 6.0; .NET4.0C; .NET4.0E; InfoPath.3; KB974488)',
  'host' => '39.101.182.111:81',
  'content-type' => '',
  'content-length' => '',
)
[ info ] [ PARAM ] array (
)
[ info ] [ LOG ] INIT File
---------------------------------------------------------------
[ 2020-09-08T00:14:54+08:00 ] 95.86.92.125 GET 39.101.182.111:81/views/bank/bank.html
[运行时间：0.014014s] [吞吐率：71.36req/s] [内存消耗：1,539.79kb] [文件加载：41]
[ info ] [ LANG ] /www/wwwroot/yundong/thinkphp/lang/zh-cn.php
[ info ] [ BIND ] 'admin'
[ info ] [ ROUTE ] array (
  'type' => 'module',
  'module' => 
  array (
    0 => 'admin',
    1 => 'views',
    2 => 'bank',
  ),
)
[ info ] [ HEADER ] array (
  'x-forwarded-for' => '95.86.92.125',
  'accept-language' => 'zh-cn,zh;q=0.8,en-us;q=0.5,en;q=0.3',
  'accept' => 'text/html,application/xhtml+xml,application/xml;q=0.9,*/*;q=0.8',
  'user-agent' => 'Mozilla/4.0 (compatible; MSIE 7.0; Windows NT 6.1; WOW64; Trident/5.0; SLCC2; .NET CLR 2.0.50727; .NET CLR 3.5.30729; .NET CLR 3.0.30729; Media Center PC 6.0; .NET4.0C; .NET4.0E; InfoPath.3; KB974488)',
  'host' => '39.101.182.111:81',
  'content-type' => '',
  'content-length' => '',
)
[ info ] [ PARAM ] array (
)
[ info ] [ LOG ] INIT File
---------------------------------------------------------------
[ 2020-09-08T00:14:54+08:00 ] 95.86.92.125 GET 39.101.182.111/views/bank/bank.html
[运行时间：0.013245s] [吞吐率：75.50req/s] [内存消耗：1,479.30kb] [文件加载：38]
[ info ] [ LANG ] /www/wwwroot/yundong/thinkphp/lang/zh-cn.php
[ info ] [ ROUTE ] array (
  'type' => 'module',
  'module' => 
  array (
    0 => 'views',
    1 => 'bank',
    2 => 'bank',
  ),
)
[ info ] [ HEADER ] array (
  'x-forwarded-for' => '95.86.92.125',
  'accept-language' => 'zh-cn,zh;q=0.8,en-us;q=0.5,en;q=0.3',
  'accept' => 'text/html,application/xhtml+xml,application/xml;q=0.9,*/*;q=0.8',
  'user-agent' => 'Mozilla/4.0 (compatible; MSIE 7.0; Windows NT 6.1; WOW64; Trident/5.0; SLCC2; .NET CLR 2.0.50727; .NET CLR 3.5.30729; .NET CLR 3.0.30729; Media Center PC 6.0; .NET4.0C; .NET4.0E; InfoPath.3; KB974488)',
  'host' => '39.101.182.111',
  'content-type' => '',
  'content-length' => '',
)
[ info ] [ PARAM ] array (
)
[ info ] [ LOG ] INIT File
---------------------------------------------------------------
[ 2020-09-08T00:14:54+08:00 ] 95.86.92.125 GET 39.101.182.111/db/admin_yly.sql
[运行时间：0.012904s] [吞吐率：77.50req/s] [内存消耗：1,479.27kb] [文件加载：38]
[ info ] [ LANG ] /www/wwwroot/yundong/thinkphp/lang/zh-cn.php
[ info ] [ ROUTE ] array (
  'type' => 'module',
  'module' => 
  array (
    0 => 'db',
    1 => 'admin_yly',
    2 => NULL,
  ),
)
[ info ] [ HEADER ] array (
  'x-forwarded-for' => '95.86.92.125',
  'accept-language' => 'zh-cn,zh;q=0.8,en-us;q=0.5,en;q=0.3',
  'accept' => 'text/html,application/xhtml+xml,application/xml;q=0.9,*/*;q=0.8',
  'user-agent' => 'Mozilla/4.0 (compatible; MSIE 7.0; Windows NT 6.1; WOW64; Trident/5.0; SLCC2; .NET CLR 2.0.50727; .NET CLR 3.5.30729; .NET CLR 3.0.30729; Media Center PC 6.0; .NET4.0C; .NET4.0E; InfoPath.3; KB974488)',
  'host' => '39.101.182.111',
  'content-type' => '',
  'content-length' => '',
)
[ info ] [ PARAM ] array (
)
[ info ] [ LOG ] INIT File
---------------------------------------------------------------
[ 2020-09-08T00:14:54+08:00 ] 95.86.92.125 GET 39.101.182.111:81/db/admin_yly.sql
[运行时间：0.014069s] [吞吐率：71.08req/s] [内存消耗：1,539.80kb] [文件加载：41]
[ info ] [ LANG ] /www/wwwroot/yundong/thinkphp/lang/zh-cn.php
[ info ] [ BIND ] 'admin'
[ info ] [ ROUTE ] array (
  'type' => 'module',
  'module' => 
  array (
    0 => 'admin',
    1 => 'db',
    2 => 'admin_yly',
  ),
)
[ info ] [ HEADER ] array (
  'x-forwarded-for' => '95.86.92.125',
  'accept-language' => 'zh-cn,zh;q=0.8,en-us;q=0.5,en;q=0.3',
  'accept' => 'text/html,application/xhtml+xml,application/xml;q=0.9,*/*;q=0.8',
  'user-agent' => 'Mozilla/4.0 (compatible; MSIE 7.0; Windows NT 6.1; WOW64; Trident/5.0; SLCC2; .NET CLR 2.0.50727; .NET CLR 3.5.30729; .NET CLR 3.0.30729; Media Center PC 6.0; .NET4.0C; .NET4.0E; InfoPath.3; KB974488)',
  'host' => '39.101.182.111:81',
  'content-type' => '',
  'content-length' => '',
)
[ info ] [ PARAM ] array (
)
[ info ] [ LOG ] INIT File
---------------------------------------------------------------
[ 2020-09-08T00:14:54+08:00 ] 95.86.92.126 GET 39.101.182.111/index/index/register1/type/1.html
[运行时间：0.016959s] [吞吐率：58.97req/s] [内存消耗：1,480.12kb] [文件加载：38]
[ info ] [ LANG ] /www/wwwroot/yundong/thinkphp/lang/zh-cn.php
[ info ] [ ROUTE ] array (
  'type' => 'module',
  'module' => 
  array (
    0 => 'index',
    1 => 'index',
    2 => 'register1',
  ),
)
[ info ] [ HEADER ] array (
  'x-forwarded-for' => '95.86.92.126',
  'accept-language' => 'zh-cn,zh;q=0.8,en-us;q=0.5,en;q=0.3',
  'accept' => 'text/html,application/xhtml+xml,application/xml;q=0.9,*/*;q=0.8',
  'user-agent' => 'Mozilla/4.0 (compatible; MSIE 7.0; Windows NT 6.1; WOW64; Trident/5.0; SLCC2; .NET CLR 2.0.50727; .NET CLR 3.5.30729; .NET CLR 3.0.30729; Media Center PC 6.0; .NET4.0C; .NET4.0E; InfoPath.3; KB974488)',
  'host' => '39.101.182.111',
  'content-type' => '',
  'content-length' => '',
)
[ info ] [ PARAM ] array (
  'type' => '1',
)
[ info ] [ LOG ] INIT File
---------------------------------------------------------------
[ 2020-09-08T00:14:54+08:00 ] 95.86.92.126 GET 39.101.182.111:81/index/index/register1/type/1.html
[运行时间：0.026410s] [吞吐率：37.86req/s] [内存消耗：2,914.85kb] [文件加载：56]
[ info ] [ LANG ] /www/wwwroot/yundong/thinkphp/lang/zh-cn.php
[ info ] [ BIND ] 'admin'
[ info ] [ ROUTE ] array (
  'type' => 'module',
  'module' => 
  array (
    0 => 'admin',
    1 => 'index',
    2 => 'index',
  ),
)
[ info ] [ HEADER ] array (
  'x-forwarded-for' => '95.86.92.126',
  'accept-language' => 'zh-cn,zh;q=0.8,en-us;q=0.5,en;q=0.3',
  'accept' => 'text/html,application/xhtml+xml,application/xml;q=0.9,*/*;q=0.8',
  'user-agent' => 'Mozilla/4.0 (compatible; MSIE 7.0; Windows NT 6.1; WOW64; Trident/5.0; SLCC2; .NET CLR 2.0.50727; .NET CLR 3.5.30729; .NET CLR 3.0.30729; Media Center PC 6.0; .NET4.0C; .NET4.0E; InfoPath.3; KB974488)',
  'host' => '39.101.182.111:81',
  'content-type' => '',
  'content-length' => '',
)
[ info ] [ PARAM ] array (
  'register1' => 'type',
)
[ info ] [ DB ] INIT mysql
[ info ] [ LOG ] INIT File
[ sql ] [ DB ] CONNECT:[ UseTime:0.000173s ] mysql:host=localhost;dbname=yundong;charset=utf8
[ sql ] [ SQL ] SHOW COLUMNS FROM `ys_admin_menu` [ RunTime:0.000751s ]
[ sql ] [ SQL ] SELECT * FROM `ys_admin_menu` WHERE  `id` <> 135 ORDER BY `sort` ASC [ RunTime:0.000333s ]
[ sql ] [ SQL ] SELECT * FROM `ys_admin_menu` WHERE  `url` LIKE '%Index/index%' LIMIT 1 [ RunTime:0.000162s ]
---------------------------------------------------------------
[ 2020-09-08T00:14:54+08:00 ] 95.86.92.126 GET 39.101.182.111/case/
[运行时间：0.013218s] [吞吐率：75.65req/s] [内存消耗：1,479.16kb] [文件加载：38]
[ info ] [ LANG ] /www/wwwroot/yundong/thinkphp/lang/zh-cn.php
[ info ] [ ROUTE ] array (
  'type' => 'module',
  'module' => 
  array (
    0 => 'case',
    1 => NULL,
    2 => NULL,
  ),
)
[ info ] [ HEADER ] array (
  'x-forwarded-for' => '95.86.92.126',
  'accept-language' => 'zh-cn,zh;q=0.8,en-us;q=0.5,en;q=0.3',
  'accept' => 'text/html,application/xhtml+xml,application/xml;q=0.9,*/*;q=0.8',
  'user-agent' => 'Mozilla/4.0 (compatible; MSIE 7.0; Windows NT 6.1; WOW64; Trident/5.0; SLCC2; .NET CLR 2.0.50727; .NET CLR 3.5.30729; .NET CLR 3.0.30729; Media Center PC 6.0; .NET4.0C; .NET4.0E; InfoPath.3; KB974488)',
  'host' => '39.101.182.111',
  'content-type' => '',
  'content-length' => '',
)
[ info ] [ PARAM ] array (
)
[ info ] [ LOG ] INIT File
---------------------------------------------------------------
[ 2020-09-08T00:14:54+08:00 ] 95.86.92.126 GET 39.101.182.111:81/case/
[运行时间：0.014014s] [吞吐率：71.36req/s] [内存消耗：1,539.69kb] [文件加载：41]
[ info ] [ LANG ] /www/wwwroot/yundong/thinkphp/lang/zh-cn.php
[ info ] [ BIND ] 'admin'
[ info ] [ ROUTE ] array (
  'type' => 'module',
  'module' => 
  array (
    0 => 'admin',
    1 => 'case',
    2 => NULL,
  ),
)
[ info ] [ HEADER ] array (
  'x-forwarded-for' => '95.86.92.126',
  'accept-language' => 'zh-cn,zh;q=0.8,en-us;q=0.5,en;q=0.3',
  'accept' => 'text/html,application/xhtml+xml,application/xml;q=0.9,*/*;q=0.8',
  'user-agent' => 'Mozilla/4.0 (compatible; MSIE 7.0; Windows NT 6.1; WOW64; Trident/5.0; SLCC2; .NET CLR 2.0.50727; .NET CLR 3.5.30729; .NET CLR 3.0.30729; Media Center PC 6.0; .NET4.0C; .NET4.0E; InfoPath.3; KB974488)',
  'host' => '39.101.182.111:81',
  'content-type' => '',
  'content-length' => '',
)
[ info ] [ PARAM ] array (
)
[ info ] [ LOG ] INIT File
---------------------------------------------------------------
[ 2020-09-08T00:14:54+08:00 ] 95.86.92.126 GET 39.101.182.111/api/v1/member/home
[运行时间：0.028514s] [吞吐率：35.07req/s] [内存消耗：1,539.20kb] [文件加载：41]
[ info ] [ LANG ] /www/wwwroot/yundong/thinkphp/lang/zh-cn.php
[ info ] [ ROUTE ] array (
  'type' => 'module',
  'module' => 
  array (
    0 => 'api',
    1 => 'v1',
    2 => 'member',
  ),
)
[ info ] [ HEADER ] array (
  'x-forwarded-for' => '95.86.92.126',
  'accept-language' => 'zh-cn,zh;q=0.8,en-us;q=0.5,en;q=0.3',
  'accept' => 'text/html,application/xhtml+xml,application/xml;q=0.9,*/*;q=0.8',
  'user-agent' => 'Mozilla/4.0 (compatible; MSIE 7.0; Windows NT 6.1; WOW64; Trident/5.0; SLCC2; .NET CLR 2.0.50727; .NET CLR 3.5.30729; .NET CLR 3.0.30729; Media Center PC 6.0; .NET4.0C; .NET4.0E; InfoPath.3; KB974488)',
  'host' => '39.101.182.111',
  'content-type' => '',
  'content-length' => '',
)
[ info ] [ PARAM ] array (
)
[ info ] [ LOG ] INIT File
---------------------------------------------------------------
[ 2020-09-08T00:14:54+08:00 ] 95.86.92.126 GET 39.101.182.111:81/lateron.asp
[运行时间：0.018439s] [吞吐率：54.23req/s] [内存消耗：1,539.73kb] [文件加载：41]
[ info ] [ LANG ] /www/wwwroot/yundong/thinkphp/lang/zh-cn.php
[ info ] [ BIND ] 'admin'
[ info ] [ ROUTE ] array (
  'type' => 'module',
  'module' => 
  array (
    0 => 'admin',
    1 => 'lateron',
    2 => NULL,
  ),
)
[ info ] [ HEADER ] array (
  'x-forwarded-for' => '95.86.92.126',
  'accept-language' => 'zh-cn,zh;q=0.8,en-us;q=0.5,en;q=0.3',
  'accept' => 'text/html,application/xhtml+xml,application/xml;q=0.9,*/*;q=0.8',
  'user-agent' => 'Mozilla/4.0 (compatible; MSIE 7.0; Windows NT 6.1; WOW64; Trident/5.0; SLCC2; .NET CLR 2.0.50727; .NET CLR 3.5.30729; .NET CLR 3.0.30729; Media Center PC 6.0; .NET4.0C; .NET4.0E; InfoPath.3; KB974488)',
  'host' => '39.101.182.111:81',
  'content-type' => '',
  'content-length' => '',
)
[ info ] [ PARAM ] array (
)
[ info ] [ LOG ] INIT File
---------------------------------------------------------------
[ 2020-09-08T00:14:54+08:00 ] 95.86.92.126 GET 39.101.182.111:81/api/v1/member/home
[运行时间：0.036300s] [吞吐率：27.55req/s] [内存消耗：1,540.48kb] [文件加载：41]
[ info ] [ LANG ] /www/wwwroot/yundong/thinkphp/lang/zh-cn.php
[ info ] [ BIND ] 'admin'
[ info ] [ ROUTE ] array (
  'type' => 'module',
  'module' => 
  array (
    0 => 'admin',
    1 => 'api',
    2 => 'v1',
  ),
)
[ info ] [ HEADER ] array (
  'x-forwarded-for' => '95.86.92.126',
  'accept-language' => 'zh-cn,zh;q=0.8,en-us;q=0.5,en;q=0.3',
  'accept' => 'text/html,application/xhtml+xml,application/xml;q=0.9,*/*;q=0.8',
  'user-agent' => 'Mozilla/4.0 (compatible; MSIE 7.0; Windows NT 6.1; WOW64; Trident/5.0; SLCC2; .NET CLR 2.0.50727; .NET CLR 3.5.30729; .NET CLR 3.0.30729; Media Center PC 6.0; .NET4.0C; .NET4.0E; InfoPath.3; KB974488)',
  'host' => '39.101.182.111:81',
  'content-type' => '',
  'content-length' => '',
)
[ info ] [ PARAM ] array (
  'member' => 'home',
)
[ info ] [ LOG ] INIT File
---------------------------------------------------------------
[ 2020-09-08T00:14:54+08:00 ] 95.86.92.126 GET 39.101.182.111/index.php?g=Pay&m=Res&a=ispay
[运行时间：0.041012s] [吞吐率：24.38req/s] [内存消耗：2,912.25kb] [文件加载：56]
[ info ] [ LANG ] /www/wwwroot/yundong/thinkphp/lang/zh-cn.php
[ info ] [ ROUTE ] array (
  'type' => 'module',
  'module' => 
  array (
    0 => '',
    1 => NULL,
    2 => NULL,
  ),
)
[ info ] [ HEADER ] array (
  'x-forwarded-for' => '95.86.92.126',
  'accept-language' => 'zh-cn,zh;q=0.8,en-us;q=0.5,en;q=0.3',
  'accept' => 'text/html,application/xhtml+xml,application/xml;q=0.9,*/*;q=0.8',
  'user-agent' => 'Mozilla/4.0 (compatible; MSIE 7.0; Windows NT 6.1; WOW64; Trident/5.0; SLCC2; .NET CLR 2.0.50727; .NET CLR 3.5.30729; .NET CLR 3.0.30729; Media Center PC 6.0; .NET4.0C; .NET4.0E; InfoPath.3; KB974488)',
  'host' => '39.101.182.111',
  'content-type' => '',
  'content-length' => '',
)
[ info ] [ PARAM ] array (
  'g' => 'Pay',
  'm' => 'Res',
  'a' => 'ispay',
)
[ info ] [ DB ] INIT mysql
[ info ] [ LOG ] INIT File
[ sql ] [ DB ] CONNECT:[ UseTime:0.000214s ] mysql:host=localhost;dbname=yundong;charset=utf8
[ sql ] [ SQL ] SHOW COLUMNS FROM `ys_admin_menu` [ RunTime:0.013223s ]
[ sql ] [ SQL ] SELECT * FROM `ys_admin_menu` WHERE  `id` <> 135 ORDER BY `sort` ASC [ RunTime:0.000470s ]
[ sql ] [ SQL ] SELECT * FROM `ys_admin_menu` WHERE  `url` LIKE '%Index/index%' LIMIT 1 [ RunTime:0.000240s ]
---------------------------------------------------------------
[ 2020-09-08T00:14:54+08:00 ] 95.86.92.126 GET 39.101.182.111/lateron.asp
[运行时间：0.070807s] [吞吐率：14.12req/s] [内存消耗：1,479.18kb] [文件加载：38]
[ info ] [ LANG ] /www/wwwroot/yundong/thinkphp/lang/zh-cn.php
[ info ] [ ROUTE ] array (
  'type' => 'module',
  'module' => 
  array (
    0 => 'lateron',
    1 => NULL,
    2 => NULL,
  ),
)
[ info ] [ HEADER ] array (
  'x-forwarded-for' => '95.86.92.126',
  'accept-language' => 'zh-cn,zh;q=0.8,en-us;q=0.5,en;q=0.3',
  'accept' => 'text/html,application/xhtml+xml,application/xml;q=0.9,*/*;q=0.8',
  'user-agent' => 'Mozilla/4.0 (compatible; MSIE 7.0; Windows NT 6.1; WOW64; Trident/5.0; SLCC2; .NET CLR 2.0.50727; .NET CLR 3.5.30729; .NET CLR 3.0.30729; Media Center PC 6.0; .NET4.0C; .NET4.0E; InfoPath.3; KB974488)',
  'host' => '39.101.182.111',
  'content-type' => '',
  'content-length' => '',
)
[ info ] [ PARAM ] array (
)
[ info ] [ LOG ] INIT File
---------------------------------------------------------------
[ 2020-09-08T00:14:54+08:00 ] 95.86.92.126 GET 39.101.182.111/
[运行时间：0.036315s] [吞吐率：27.54req/s] [内存消耗：2,911.50kb] [文件加载：56]
[ info ] [ LANG ] /www/wwwroot/yundong/thinkphp/lang/zh-cn.php
[ info ] [ ROUTE ] array (
  'type' => 'module',
  'module' => 
  array (
    0 => '',
    1 => NULL,
    2 => NULL,
  ),
)
[ info ] [ HEADER ] array (
  'x-forwarded-for' => '95.86.92.126',
  'accept-language' => 'zh-cn,zh;q=0.8,en-us;q=0.5,en;q=0.3',
  'accept' => 'text/html,application/xhtml+xml,application/xml;q=0.9,*/*;q=0.8',
  'user-agent' => 'Mozilla/4.0 (compatible; MSIE 7.0; Windows NT 6.1; WOW64; Trident/5.0; SLCC2; .NET CLR 2.0.50727; .NET CLR 3.5.30729; .NET CLR 3.0.30729; Media Center PC 6.0; .NET4.0C; .NET4.0E; InfoPath.3; KB974488)',
  'host' => '39.101.182.111',
  'content-type' => '',
  'content-length' => '',
)
[ info ] [ PARAM ] array (
)
[ info ] [ DB ] INIT mysql
[ info ] [ LOG ] INIT File
[ sql ] [ DB ] CONNECT:[ UseTime:0.001900s ] mysql:host=localhost;dbname=yundong;charset=utf8
[ sql ] [ SQL ] SHOW COLUMNS FROM `ys_admin_menu` [ RunTime:0.000684s ]
[ sql ] [ SQL ] SELECT * FROM `ys_admin_menu` WHERE  `id` <> 135 ORDER BY `sort` ASC [ RunTime:0.000399s ]
[ sql ] [ SQL ] SELECT * FROM `ys_admin_menu` WHERE  `url` LIKE '%Index/index%' LIMIT 1 [ RunTime:0.000204s ]
---------------------------------------------------------------
[ 2020-09-08T00:14:54+08:00 ] 95.86.92.126 GET 39.101.182.111:81/
[运行时间：0.035263s] [吞吐率：28.36req/s] [内存消耗：2,911.90kb] [文件加载：56]
[ info ] [ LANG ] /www/wwwroot/yundong/thinkphp/lang/zh-cn.php
[ info ] [ BIND ] 'admin'
[ info ] [ ROUTE ] array (
  'type' => 'module',
  'module' => 
  array (
    0 => 'admin',
    1 => NULL,
    2 => NULL,
  ),
)
[ info ] [ HEADER ] array (
  'x-forwarded-for' => '95.86.92.126',
  'accept-language' => 'zh-cn,zh;q=0.8,en-us;q=0.5,en;q=0.3',
  'accept' => 'text/html,application/xhtml+xml,application/xml;q=0.9,*/*;q=0.8',
  'user-agent' => 'Mozilla/4.0 (compatible; MSIE 7.0; Windows NT 6.1; WOW64; Trident/5.0; SLCC2; .NET CLR 2.0.50727; .NET CLR 3.5.30729; .NET CLR 3.0.30729; Media Center PC 6.0; .NET4.0C; .NET4.0E; InfoPath.3; KB974488)',
  'host' => '39.101.182.111:81',
  'content-type' => '',
  'content-length' => '',
)
[ info ] [ PARAM ] array (
)
[ info ] [ DB ] INIT mysql
[ info ] [ LOG ] INIT File
[ sql ] [ DB ] CONNECT:[ UseTime:0.005361s ] mysql:host=localhost;dbname=yundong;charset=utf8
[ sql ] [ SQL ] SHOW COLUMNS FROM `ys_admin_menu` [ RunTime:0.000643s ]
[ sql ] [ SQL ] SELECT * FROM `ys_admin_menu` WHERE  `id` <> 135 ORDER BY `sort` ASC [ RunTime:0.000437s ]
[ sql ] [ SQL ] SELECT * FROM `ys_admin_menu` WHERE  `url` LIKE '%Index/index%' LIMIT 1 [ RunTime:0.000455s ]
---------------------------------------------------------------
[ 2020-09-08T00:14:54+08:00 ] 95.86.92.126 GET 39.101.182.111:81/jsonpublic/selectAddtion.asp
[运行时间：0.033620s] [吞吐率：29.74req/s] [内存消耗：1,539.91kb] [文件加载：41]
[ info ] [ LANG ] /www/wwwroot/yundong/thinkphp/lang/zh-cn.php
[ info ] [ BIND ] 'admin'
[ info ] [ ROUTE ] array (
  'type' => 'module',
  'module' => 
  array (
    0 => 'admin',
    1 => 'jsonpublic',
    2 => 'selectAddtion',
  ),
)
[ info ] [ HEADER ] array (
  'x-forwarded-for' => '95.86.92.126',
  'accept-language' => 'zh-cn,zh;q=0.8,en-us;q=0.5,en;q=0.3',
  'accept' => 'text/html,application/xhtml+xml,application/xml;q=0.9,*/*;q=0.8',
  'user-agent' => 'Mozilla/4.0 (compatible; MSIE 7.0; Windows NT 6.1; WOW64; Trident/5.0; SLCC2; .NET CLR 2.0.50727; .NET CLR 3.5.30729; .NET CLR 3.0.30729; Media Center PC 6.0; .NET4.0C; .NET4.0E; InfoPath.3; KB974488)',
  'host' => '39.101.182.111:81',
  'content-type' => '',
  'content-length' => '',
)
[ info ] [ PARAM ] array (
)
[ info ] [ LOG ] INIT File
---------------------------------------------------------------
[ 2020-09-08T00:14:54+08:00 ] 95.86.92.126 GET 39.101.182.111/jsonpublic/selectAddtion.asp
[运行时间：0.030963s] [吞吐率：32.30req/s] [内存消耗：1,479.34kb] [文件加载：38]
[ info ] [ LANG ] /www/wwwroot/yundong/thinkphp/lang/zh-cn.php
[ info ] [ ROUTE ] array (
  'type' => 'module',
  'module' => 
  array (
    0 => 'jsonpublic',
    1 => 'selectAddtion',
    2 => NULL,
  ),
)
[ info ] [ HEADER ] array (
  'x-forwarded-for' => '95.86.92.126',
  'accept-language' => 'zh-cn,zh;q=0.8,en-us;q=0.5,en;q=0.3',
  'accept' => 'text/html,application/xhtml+xml,application/xml;q=0.9,*/*;q=0.8',
  'user-agent' => 'Mozilla/4.0 (compatible; MSIE 7.0; Windows NT 6.1; WOW64; Trident/5.0; SLCC2; .NET CLR 2.0.50727; .NET CLR 3.5.30729; .NET CLR 3.0.30729; Media Center PC 6.0; .NET4.0C; .NET4.0E; InfoPath.3; KB974488)',
  'host' => '39.101.182.111',
  'content-type' => '',
  'content-length' => '',
)
[ info ] [ PARAM ] array (
)
[ info ] [ LOG ] INIT File
---------------------------------------------------------------
[ 2020-09-08T00:14:54+08:00 ] 95.86.92.126 GET 39.101.182.111:81/index.php?g=Pay&m=Res&a=ispay
[运行时间：0.099877s] [吞吐率：10.01req/s] [内存消耗：2,912.79kb] [文件加载：56]
[ info ] [ LANG ] /www/wwwroot/yundong/thinkphp/lang/zh-cn.php
[ info ] [ BIND ] 'admin'
[ info ] [ ROUTE ] array (
  'type' => 'module',
  'module' => 
  array (
    0 => 'admin',
    1 => NULL,
    2 => NULL,
  ),
)
[ info ] [ HEADER ] array (
  'x-forwarded-for' => '95.86.92.126',
  'accept-language' => 'zh-cn,zh;q=0.8,en-us;q=0.5,en;q=0.3',
  'accept' => 'text/html,application/xhtml+xml,application/xml;q=0.9,*/*;q=0.8',
  'user-agent' => 'Mozilla/4.0 (compatible; MSIE 7.0; Windows NT 6.1; WOW64; Trident/5.0; SLCC2; .NET CLR 2.0.50727; .NET CLR 3.5.30729; .NET CLR 3.0.30729; Media Center PC 6.0; .NET4.0C; .NET4.0E; InfoPath.3; KB974488)',
  'host' => '39.101.182.111:81',
  'content-type' => '',
  'content-length' => '',
)
[ info ] [ PARAM ] array (
  'g' => 'Pay',
  'm' => 'Res',
  'a' => 'ispay',
)
[ info ] [ DB ] INIT mysql
[ info ] [ LOG ] INIT File
[ sql ] [ DB ] CONNECT:[ UseTime:0.000441s ] mysql:host=localhost;dbname=yundong;charset=utf8
[ sql ] [ SQL ] SHOW COLUMNS FROM `ys_admin_menu` [ RunTime:0.000643s ]
[ sql ] [ SQL ] SELECT * FROM `ys_admin_menu` WHERE  `id` <> 135 ORDER BY `sort` ASC [ RunTime:0.000400s ]
[ sql ] [ SQL ] SELECT * FROM `ys_admin_menu` WHERE  `url` LIKE '%Index/index%' LIMIT 1 [ RunTime:0.031945s ]
---------------------------------------------------------------
[ 2020-09-08T00:14:54+08:00 ] 95.86.92.126 GET 39.101.182.111/Loan/SubmitLogin
[运行时间：0.019521s] [吞吐率：51.23req/s] [内存消耗：1,479.25kb] [文件加载：38]
[ info ] [ LANG ] /www/wwwroot/yundong/thinkphp/lang/zh-cn.php
[ info ] [ ROUTE ] array (
  'type' => 'module',
  'module' => 
  array (
    0 => 'Loan',
    1 => 'SubmitLogin',
    2 => NULL,
  ),
)
[ info ] [ HEADER ] array (
  'x-forwarded-for' => '95.86.92.126',
  'accept-language' => 'zh-cn,zh;q=0.8,en-us;q=0.5,en;q=0.3',
  'accept' => 'text/html,application/xhtml+xml,application/xml;q=0.9,*/*;q=0.8',
  'user-agent' => 'Mozilla/4.0 (compatible; MSIE 7.0; Windows NT 6.1; WOW64; Trident/5.0; SLCC2; .NET CLR 2.0.50727; .NET CLR 3.5.30729; .NET CLR 3.0.30729; Media Center PC 6.0; .NET4.0C; .NET4.0E; InfoPath.3; KB974488)',
  'host' => '39.101.182.111',
  'content-type' => '',
  'content-length' => '',
)
[ info ] [ PARAM ] array (
)
[ info ] [ LOG ] INIT File
---------------------------------------------------------------
[ 2020-09-08T00:14:54+08:00 ] 95.86.92.126 GET 39.101.182.111:81/Template/Home/Run/record.html
[运行时间：0.023962s] [吞吐率：41.73req/s] [内存消耗：1,540.61kb] [文件加载：41]
[ info ] [ LANG ] /www/wwwroot/yundong/thinkphp/lang/zh-cn.php
[ info ] [ BIND ] 'admin'
[ info ] [ ROUTE ] array (
  'type' => 'module',
  'module' => 
  array (
    0 => 'admin',
    1 => 'Template',
    2 => 'Home',
  ),
)
[ info ] [ HEADER ] array (
  'x-forwarded-for' => '95.86.92.126',
  'accept-language' => 'zh-cn,zh;q=0.8,en-us;q=0.5,en;q=0.3',
  'accept' => 'text/html,application/xhtml+xml,application/xml;q=0.9,*/*;q=0.8',
  'user-agent' => 'Mozilla/4.0 (compatible; MSIE 7.0; Windows NT 6.1; WOW64; Trident/5.0; SLCC2; .NET CLR 2.0.50727; .NET CLR 3.5.30729; .NET CLR 3.0.30729; Media Center PC 6.0; .NET4.0C; .NET4.0E; InfoPath.3; KB974488)',
  'host' => '39.101.182.111:81',
  'content-type' => '',
  'content-length' => '',
)
[ info ] [ PARAM ] array (
  'Run' => 'record',
)
[ info ] [ LOG ] INIT File
---------------------------------------------------------------
[ 2020-09-08T00:14:54+08:00 ] 95.86.92.126 GET 39.101.182.111:81/Loan/SubmitLogin
[运行时间：0.034530s] [吞吐率：28.96req/s] [内存消耗：1,539.78kb] [文件加载：41]
[ info ] [ LANG ] /www/wwwroot/yundong/thinkphp/lang/zh-cn.php
[ info ] [ BIND ] 'admin'
[ info ] [ ROUTE ] array (
  'type' => 'module',
  'module' => 
  array (
    0 => 'admin',
    1 => 'Loan',
    2 => 'SubmitLogin',
  ),
)
[ info ] [ HEADER ] array (
  'x-forwarded-for' => '95.86.92.126',
  'accept-language' => 'zh-cn,zh;q=0.8,en-us;q=0.5,en;q=0.3',
  'accept' => 'text/html,application/xhtml+xml,application/xml;q=0.9,*/*;q=0.8',
  'user-agent' => 'Mozilla/4.0 (compatible; MSIE 7.0; Windows NT 6.1; WOW64; Trident/5.0; SLCC2; .NET CLR 2.0.50727; .NET CLR 3.5.30729; .NET CLR 3.0.30729; Media Center PC 6.0; .NET4.0C; .NET4.0E; InfoPath.3; KB974488)',
  'host' => '39.101.182.111:81',
  'content-type' => '',
  'content-length' => '',
)
[ info ] [ PARAM ] array (
)
[ info ] [ LOG ] INIT File
---------------------------------------------------------------
[ 2020-09-08T00:14:54+08:00 ] 95.86.92.126 GET 39.101.182.111/Template/Home/Run/record.html
[运行时间：0.013877s] [吞吐率：72.06req/s] [内存消耗：1,479.34kb] [文件加载：38]
[ info ] [ LANG ] /www/wwwroot/yundong/thinkphp/lang/zh-cn.php
[ info ] [ ROUTE ] array (
  'type' => 'module',
  'module' => 
  array (
    0 => 'Template',
    1 => 'Home',
    2 => 'Run',
  ),
)
[ info ] [ HEADER ] array (
  'x-forwarded-for' => '95.86.92.126',
  'accept-language' => 'zh-cn,zh;q=0.8,en-us;q=0.5,en;q=0.3',
  'accept' => 'text/html,application/xhtml+xml,application/xml;q=0.9,*/*;q=0.8',
  'user-agent' => 'Mozilla/4.0 (compatible; MSIE 7.0; Windows NT 6.1; WOW64; Trident/5.0; SLCC2; .NET CLR 2.0.50727; .NET CLR 3.5.30729; .NET CLR 3.0.30729; Media Center PC 6.0; .NET4.0C; .NET4.0E; InfoPath.3; KB974488)',
  'host' => '39.101.182.111',
  'content-type' => '',
  'content-length' => '',
)
[ info ] [ PARAM ] array (
)
[ info ] [ LOG ] INIT File
---------------------------------------------------------------
[ 2020-09-08T00:17:45+08:00 ] 95.168.234.109 GET 39.101.182.111:81/
[运行时间：0.019134s] [吞吐率：52.26req/s] [内存消耗：2,910.95kb] [文件加载：56]
[ info ] [ LANG ] /www/wwwroot/yundong/thinkphp/lang/zh-cn.php
[ info ] [ BIND ] 'admin'
[ info ] [ ROUTE ] array (
  'type' => 'module',
  'module' => 
  array (
    0 => 'admin',
    1 => NULL,
    2 => NULL,
  ),
)
[ info ] [ HEADER ] array (
  'content-length' => '0',
  'user-agent' => 'Mozilla/5.0 (Macintosh; Intel Mac OS X 10_11_6) AppleWebKit/601.7.7 (KHTML, like Gecko) Version/9.1.2 Safari/601.7.7',
  'host' => '39.101.182.111:81',
  'content-type' => '',
)
[ info ] [ PARAM ] array (
)
[ info ] [ DB ] INIT mysql
[ info ] [ LOG ] INIT File
[ sql ] [ DB ] CONNECT:[ UseTime:0.000178s ] mysql:host=localhost;dbname=yundong;charset=utf8
[ sql ] [ SQL ] SHOW COLUMNS FROM `ys_admin_menu` [ RunTime:0.000591s ]
[ sql ] [ SQL ] SELECT * FROM `ys_admin_menu` WHERE  `id` <> 135 ORDER BY `sort` ASC [ RunTime:0.000321s ]
[ sql ] [ SQL ] SELECT * FROM `ys_admin_menu` WHERE  `url` LIKE '%Index/index%' LIMIT 1 [ RunTime:0.000184s ]
---------------------------------------------------------------
[ 2020-09-08T00:21:43+08:00 ] 58.186.131.253 GET 39.101.182.111:81/
[运行时间：0.019158s] [吞吐率：52.20req/s] [内存消耗：2,910.95kb] [文件加载：56]
[ info ] [ LANG ] /www/wwwroot/yundong/thinkphp/lang/zh-cn.php
[ info ] [ BIND ] 'admin'
[ info ] [ ROUTE ] array (
  'type' => 'module',
  'module' => 
  array (
    0 => 'admin',
    1 => NULL,
    2 => NULL,
  ),
)
[ info ] [ HEADER ] array (
  'content-length' => '0',
  'user-agent' => 'Mozilla/5.0 (Windows NT 10.0; WOW64) AppleWebKit/537.36 (KHTML, like Gecko) Chrome/51.0.2704.103 Safari/537.36',
  'host' => '39.101.182.111:81',
  'content-type' => '',
)
[ info ] [ PARAM ] array (
)
[ info ] [ DB ] INIT mysql
[ info ] [ LOG ] INIT File
[ sql ] [ DB ] CONNECT:[ UseTime:0.000178s ] mysql:host=localhost;dbname=yundong;charset=utf8
[ sql ] [ SQL ] SHOW COLUMNS FROM `ys_admin_menu` [ RunTime:0.000575s ]
[ sql ] [ SQL ] SELECT * FROM `ys_admin_menu` WHERE  `id` <> 135 ORDER BY `sort` ASC [ RunTime:0.000329s ]
[ sql ] [ SQL ] SELECT * FROM `ys_admin_menu` WHERE  `url` LIKE '%Index/index%' LIMIT 1 [ RunTime:0.000161s ]
---------------------------------------------------------------
[ 2020-09-08T00:51:36+08:00 ] 223.166.75.83 GET www.baidu.com/
[运行时间：0.019408s] [吞吐率：51.53req/s] [内存消耗：2,910.98kb] [文件加载：56]
[ info ] [ LANG ] /www/wwwroot/yundong/thinkphp/lang/zh-cn.php
[ info ] [ BIND ] 'admin'
[ info ] [ ROUTE ] array (
  'type' => 'module',
  'module' => 
  array (
    0 => 'admin',
    1 => NULL,
    2 => NULL,
  ),
)
[ info ] [ HEADER ] array (
  'user-agent' => 'python-requests/2.6.0 CPython/2.7.5 Linux/3.10.0-693.11.1.el7.x86_64',
  'accept' => '*/*',
  'accept-encoding' => 'gzip, deflate',
  'connection' => 'keep-alive',
  'host' => 'www.baidu.com',
  'content-type' => '',
  'content-length' => '',
)
[ info ] [ PARAM ] array (
)
[ info ] [ DB ] INIT mysql
[ info ] [ LOG ] INIT File
[ sql ] [ DB ] CONNECT:[ UseTime:0.000184s ] mysql:host=localhost;dbname=yundong;charset=utf8
[ sql ] [ SQL ] SHOW COLUMNS FROM `ys_admin_menu` [ RunTime:0.000580s ]
[ sql ] [ SQL ] SELECT * FROM `ys_admin_menu` WHERE  `id` <> 135 ORDER BY `sort` ASC [ RunTime:0.000337s ]
[ sql ] [ SQL ] SELECT * FROM `ys_admin_menu` WHERE  `url` LIKE '%Index/index%' LIMIT 1 [ RunTime:0.000169s ]
---------------------------------------------------------------
[ 2020-09-08T00:51:40+08:00 ] 223.166.75.83 GET wujieliulan.com/
[运行时间：0.023367s] [吞吐率：42.80req/s] [内存消耗：2,911.02kb] [文件加载：56]
[ info ] [ LANG ] /www/wwwroot/yundong/thinkphp/lang/zh-cn.php
[ info ] [ BIND ] 'admin'
[ info ] [ ROUTE ] array (
  'type' => 'module',
  'module' => 
  array (
    0 => 'admin',
    1 => NULL,
    2 => NULL,
  ),
)
[ info ] [ HEADER ] array (
  'user-agent' => 'python-requests/2.6.0 CPython/2.7.5 Linux/3.10.0-693.11.1.el7.x86_64',
  'accept' => '*/*',
  'accept-encoding' => 'gzip, deflate',
  'connection' => 'keep-alive',
  'host' => 'wujieliulan.com',
  'content-type' => '',
  'content-length' => '',
)
[ info ] [ PARAM ] array (
)
[ info ] [ DB ] INIT mysql
[ info ] [ LOG ] INIT File
[ sql ] [ DB ] CONNECT:[ UseTime:0.000299s ] mysql:host=localhost;dbname=yundong;charset=utf8
[ sql ] [ SQL ] SHOW COLUMNS FROM `ys_admin_menu` [ RunTime:0.000827s ]
[ sql ] [ SQL ] SELECT * FROM `ys_admin_menu` WHERE  `id` <> 135 ORDER BY `sort` ASC [ RunTime:0.000457s ]
[ sql ] [ SQL ] SELECT * FROM `ys_admin_menu` WHERE  `url` LIKE '%Index/index%' LIMIT 1 [ RunTime:0.000244s ]
---------------------------------------------------------------
[ 2020-09-08T00:51:40+08:00 ] 223.166.75.83 GET www.minghui.org/
[运行时间：0.027857s] [吞吐率：35.90req/s] [内存消耗：2,911.02kb] [文件加载：56]
[ info ] [ LANG ] /www/wwwroot/yundong/thinkphp/lang/zh-cn.php
[ info ] [ BIND ] 'admin'
[ info ] [ ROUTE ] array (
  'type' => 'module',
  'module' => 
  array (
    0 => 'admin',
    1 => NULL,
    2 => NULL,
  ),
)
[ info ] [ HEADER ] array (
  'user-agent' => 'python-requests/2.6.0 CPython/2.7.5 Linux/3.10.0-693.11.1.el7.x86_64',
  'accept' => '*/*',
  'accept-encoding' => 'gzip, deflate',
  'connection' => 'keep-alive',
  'host' => 'www.minghui.org',
  'content-type' => '',
  'content-length' => '',
)
[ info ] [ PARAM ] array (
)
[ info ] [ DB ] INIT mysql
[ info ] [ LOG ] INIT File
[ sql ] [ DB ] CONNECT:[ UseTime:0.000240s ] mysql:host=localhost;dbname=yundong;charset=utf8
[ sql ] [ SQL ] SHOW COLUMNS FROM `ys_admin_menu` [ RunTime:0.000694s ]
[ sql ] [ SQL ] SELECT * FROM `ys_admin_menu` WHERE  `id` <> 135 ORDER BY `sort` ASC [ RunTime:0.000401s ]
[ sql ] [ SQL ] SELECT * FROM `ys_admin_menu` WHERE  `url` LIKE '%Index/index%' LIMIT 1 [ RunTime:0.000209s ]
---------------------------------------------------------------
[ 2020-09-08T00:51:40+08:00 ] 223.166.75.83 GET www.epochtimes.com/
[运行时间：0.023903s] [吞吐率：41.84req/s] [内存消耗：2,911.08kb] [文件加载：56]
[ info ] [ LANG ] /www/wwwroot/yundong/thinkphp/lang/zh-cn.php
[ info ] [ BIND ] 'admin'
[ info ] [ ROUTE ] array (
  'type' => 'module',
  'module' => 
  array (
    0 => 'admin',
    1 => NULL,
    2 => NULL,
  ),
)
[ info ] [ HEADER ] array (
  'user-agent' => 'python-requests/2.6.0 CPython/2.7.5 Linux/3.10.0-693.11.1.el7.x86_64',
  'accept' => '*/*',
  'accept-encoding' => 'gzip, deflate',
  'connection' => 'keep-alive',
  'host' => 'www.epochtimes.com',
  'content-type' => '',
  'content-length' => '',
)
[ info ] [ PARAM ] array (
)
[ info ] [ DB ] INIT mysql
[ info ] [ LOG ] INIT File
[ sql ] [ DB ] CONNECT:[ UseTime:0.000117s ] mysql:host=localhost;dbname=yundong;charset=utf8
[ sql ] [ SQL ] SHOW COLUMNS FROM `ys_admin_menu` [ RunTime:0.000447s ]
[ sql ] [ SQL ] SELECT * FROM `ys_admin_menu` WHERE  `id` <> 135 ORDER BY `sort` ASC [ RunTime:0.000259s ]
[ sql ] [ SQL ] SELECT * FROM `ys_admin_menu` WHERE  `url` LIKE '%Index/index%' LIMIT 1 [ RunTime:0.000153s ]
---------------------------------------------------------------
[ 2020-09-08T00:51:40+08:00 ] 223.166.75.83 GET www.123cha.com/
[运行时间：0.028836s] [吞吐率：34.68req/s] [内存消耗：2,910.98kb] [文件加载：56]
[ info ] [ LANG ] /www/wwwroot/yundong/thinkphp/lang/zh-cn.php
[ info ] [ BIND ] 'admin'
[ info ] [ ROUTE ] array (
  'type' => 'module',
  'module' => 
  array (
    0 => 'admin',
    1 => NULL,
    2 => NULL,
  ),
)
[ info ] [ HEADER ] array (
  'user-agent' => 'python-requests/2.6.0 CPython/2.7.5 Linux/3.10.0-693.11.1.el7.x86_64',
  'accept' => '*/*',
  'accept-encoding' => 'gzip, deflate',
  'connection' => 'keep-alive',
  'host' => 'www.123cha.com',
  'content-type' => '',
  'content-length' => '',
)
[ info ] [ PARAM ] array (
)
[ info ] [ DB ] INIT mysql
[ info ] [ LOG ] INIT File
[ sql ] [ DB ] CONNECT:[ UseTime:0.000174s ] mysql:host=localhost;dbname=yundong;charset=utf8
[ sql ] [ SQL ] SHOW COLUMNS FROM `ys_admin_menu` [ RunTime:0.000698s ]
[ sql ] [ SQL ] SELECT * FROM `ys_admin_menu` WHERE  `id` <> 135 ORDER BY `sort` ASC [ RunTime:0.000430s ]
[ sql ] [ SQL ] SELECT * FROM `ys_admin_menu` WHERE  `url` LIKE '%Index/index%' LIMIT 1 [ RunTime:0.000214s ]
---------------------------------------------------------------
[ 2020-09-08T00:51:40+08:00 ] 223.166.75.83 GET www.boxun.com/
[运行时间：0.039066s] [吞吐率：25.60req/s] [内存消耗：2,910.98kb] [文件加载：56]
[ info ] [ LANG ] /www/wwwroot/yundong/thinkphp/lang/zh-cn.php
[ info ] [ BIND ] 'admin'
[ info ] [ ROUTE ] array (
  'type' => 'module',
  'module' => 
  array (
    0 => 'admin',
    1 => NULL,
    2 => NULL,
  ),
)
[ info ] [ HEADER ] array (
  'user-agent' => 'python-requests/2.6.0 CPython/2.7.5 Linux/3.10.0-693.11.1.el7.x86_64',
  'accept' => '*/*',
  'accept-encoding' => 'gzip, deflate',
  'connection' => 'keep-alive',
  'host' => 'www.boxun.com',
  'content-type' => '',
  'content-length' => '',
)
[ info ] [ PARAM ] array (
)
[ info ] [ DB ] INIT mysql
[ info ] [ LOG ] INIT File
[ sql ] [ DB ] CONNECT:[ UseTime:0.000165s ] mysql:host=localhost;dbname=yundong;charset=utf8
[ sql ] [ SQL ] SHOW COLUMNS FROM `ys_admin_menu` [ RunTime:0.000679s ]
[ sql ] [ SQL ] SELECT * FROM `ys_admin_menu` WHERE  `id` <> 135 ORDER BY `sort` ASC [ RunTime:0.000390s ]
[ sql ] [ SQL ] SELECT * FROM `ys_admin_menu` WHERE  `url` LIKE '%Index/index%' LIMIT 1 [ RunTime:0.000213s ]
---------------------------------------------------------------
[ 2020-09-08T00:51:40+08:00 ] 223.166.75.83 GET www.bing.com/
[运行时间：0.031867s] [吞吐率：31.38req/s] [内存消耗：2,910.98kb] [文件加载：56]
[ info ] [ LANG ] /www/wwwroot/yundong/thinkphp/lang/zh-cn.php
[ info ] [ BIND ] 'admin'
[ info ] [ ROUTE ] array (
  'type' => 'module',
  'module' => 
  array (
    0 => 'admin',
    1 => NULL,
    2 => NULL,
  ),
)
[ info ] [ HEADER ] array (
  'user-agent' => 'python-requests/2.6.0 CPython/2.7.5 Linux/3.10.0-693.11.1.el7.x86_64',
  'accept' => '*/*',
  'accept-encoding' => 'gzip, deflate',
  'connection' => 'keep-alive',
  'host' => 'www.bing.com',
  'content-type' => '',
  'content-length' => '',
)
[ info ] [ PARAM ] array (
)
[ info ] [ DB ] INIT mysql
[ info ] [ LOG ] INIT File
[ sql ] [ DB ] CONNECT:[ UseTime:0.000116s ] mysql:host=localhost;dbname=yundong;charset=utf8
[ sql ] [ SQL ] SHOW COLUMNS FROM `ys_admin_menu` [ RunTime:0.000467s ]
[ sql ] [ SQL ] SELECT * FROM `ys_admin_menu` WHERE  `id` <> 135 ORDER BY `sort` ASC [ RunTime:0.000261s ]
[ sql ] [ SQL ] SELECT * FROM `ys_admin_menu` WHERE  `url` LIKE '%Index/index%' LIMIT 1 [ RunTime:0.000142s ]
---------------------------------------------------------------
[ 2020-09-08T01:16:54+08:00 ] 134.122.55.236 GET 39.101.182.111:81/client_area/
[运行时间：0.010969s] [吞吐率：91.17req/s] [内存消耗：1,539.12kb] [文件加载：41]
[ info ] [ LANG ] /www/wwwroot/yundong/thinkphp/lang/zh-cn.php
[ info ] [ BIND ] 'admin'
[ info ] [ ROUTE ] array (
  'type' => 'module',
  'module' => 
  array (
    0 => 'admin',
    1 => 'client_area',
    2 => NULL,
  ),
)
[ info ] [ HEADER ] array (
  'connection' => 'keep-alive',
  'accept' => '*/*',
  'accept-encoding' => 'gzip, deflate',
  'user-agent' => 'Mozilla/5.0 (Windows NT 10.0; Win64; x64) AppleWebKit/537.36 (KHTML, like Gecko) Chrome/74.0.3729.169 Safari/537.36',
  'host' => '39.101.182.111:81',
  'content-type' => '',
  'content-length' => '',
)
[ info ] [ PARAM ] array (
)
[ info ] [ LOG ] INIT File
---------------------------------------------------------------
[ 2020-09-08T01:17:10+08:00 ] 134.122.55.236 GET 39.101.182.111:81/stalker_portal/c/
[运行时间：0.011315s] [吞吐率：88.38req/s] [内存消耗：1,539.16kb] [文件加载：41]
[ info ] [ LANG ] /www/wwwroot/yundong/thinkphp/lang/zh-cn.php
[ info ] [ BIND ] 'admin'
[ info ] [ ROUTE ] array (
  'type' => 'module',
  'module' => 
  array (
    0 => 'admin',
    1 => 'stalker_portal',
    2 => 'c',
  ),
)
[ info ] [ HEADER ] array (
  'connection' => 'keep-alive',
  'accept' => '*/*',
  'accept-encoding' => 'gzip, deflate',
  'user-agent' => 'Mozilla/5.0 (Windows NT 10.0; Win64; x64) AppleWebKit/537.36 (KHTML, like Gecko) Chrome/74.0.3729.169 Safari/537.36',
  'host' => '39.101.182.111:81',
  'content-type' => '',
  'content-length' => '',
)
[ info ] [ PARAM ] array (
)
[ info ] [ LOG ] INIT File
---------------------------------------------------------------
[ 2020-09-08T01:17:27+08:00 ] 134.122.55.236 GET 39.101.182.111:81/streaming
[运行时间：0.010885s] [吞吐率：91.87req/s] [内存消耗：1,539.09kb] [文件加载：41]
[ info ] [ LANG ] /www/wwwroot/yundong/thinkphp/lang/zh-cn.php
[ info ] [ BIND ] 'admin'
[ info ] [ ROUTE ] array (
  'type' => 'module',
  'module' => 
  array (
    0 => 'admin',
    1 => 'streaming',
    2 => NULL,
  ),
)
[ info ] [ HEADER ] array (
  'connection' => 'keep-alive',
  'accept' => '*/*',
  'accept-encoding' => 'gzip, deflate',
  'user-agent' => 'Mozilla/5.0 (Windows NT 10.0; Win64; x64) AppleWebKit/537.36 (KHTML, like Gecko) Chrome/74.0.3729.169 Safari/537.36',
  'host' => '39.101.182.111:81',
  'content-type' => '',
  'content-length' => '',
)
[ info ] [ PARAM ] array (
)
[ info ] [ LOG ] INIT File
---------------------------------------------------------------
[ 2020-09-08T01:17:38+08:00 ] 134.122.55.236 GET 39.101.182.111:81/
[运行时间：0.019283s] [吞吐率：51.86req/s] [内存消耗：2,911.27kb] [文件加载：56]
[ info ] [ LANG ] /www/wwwroot/yundong/thinkphp/lang/zh-cn.php
[ info ] [ BIND ] 'admin'
[ info ] [ ROUTE ] array (
  'type' => 'module',
  'module' => 
  array (
    0 => 'admin',
    1 => NULL,
    2 => NULL,
  ),
)
[ info ] [ HEADER ] array (
  'connection' => 'keep-alive',
  'accept' => '*/*',
  'accept-encoding' => 'gzip, deflate',
  'user-agent' => 'Mozilla/5.0 (Windows NT 10.0; Win64; x64) AppleWebKit/537.36 (KHTML, like Gecko) Chrome/74.0.3729.169 Safari/537.36',
  'host' => '39.101.182.111:81',
  'content-type' => '',
  'content-length' => '',
)
[ info ] [ PARAM ] array (
)
[ info ] [ DB ] INIT mysql
[ info ] [ LOG ] INIT File
[ sql ] [ DB ] CONNECT:[ UseTime:0.000179s ] mysql:host=localhost;dbname=yundong;charset=utf8
[ sql ] [ SQL ] SHOW COLUMNS FROM `ys_admin_menu` [ RunTime:0.000586s ]
[ sql ] [ SQL ] SELECT * FROM `ys_admin_menu` WHERE  `id` <> 135 ORDER BY `sort` ASC [ RunTime:0.000335s ]
[ sql ] [ SQL ] SELECT * FROM `ys_admin_menu` WHERE  `url` LIKE '%Index/index%' LIMIT 1 [ RunTime:0.000166s ]
---------------------------------------------------------------
[ 2020-09-08T03:46:11+08:00 ] 45.148.10.28 POST 39.101.182.111:80/boaform/admin/formLogin
[运行时间：0.010402s] [吞吐率：96.14req/s] [内存消耗：1,480.73kb] [文件加载：38]
[ info ] [ LANG ] /www/wwwroot/yundong/thinkphp/lang/zh-cn.php
[ info ] [ ROUTE ] array (
  'type' => 'module',
  'module' => 
  array (
    0 => 'boaform',
    1 => 'admin',
    2 => 'formLogin',
  ),
)
[ info ] [ HEADER ] array (
  'upgrade-insecure-requests' => '1',
  'referer' => 'http://39.101.182.111:80/admin/login.asp',
  'connection' => 'keep-alive',
  'origin' => 'http://39.101.182.111:80',
  'content-length' => '29',
  'content-type' => 'application/x-www-form-urlencoded',
  'accept-encoding' => 'gzip, deflate',
  'accept-language' => 'en-GB,en;q=0.5',
  'accept' => 'text/html,application/xhtml+xml,application/xml;q=0.9,*/*;q=0.8',
  'user-agent' => 'Mozilla/5.0 (X11; Ubuntu; Linux x86_64; rv:71.0) Gecko/20100101 Firefox/71.0',
  'host' => '39.101.182.111:80',
)
[ info ] [ PARAM ] array (
  'username' => 'admin',
  'psd' => 'Feefifofum',
)
[ info ] [ LOG ] INIT File
---------------------------------------------------------------
[ 2020-09-08T03:49:22+08:00 ] 167.248.133.33 GET 39.101.182.111:81/
[运行时间：0.019072s] [吞吐率：52.43req/s] [内存消耗：2,910.34kb] [文件加载：56]
[ info ] [ LANG ] /www/wwwroot/yundong/thinkphp/lang/zh-cn.php
[ info ] [ BIND ] 'admin'
[ info ] [ ROUTE ] array (
  'type' => 'module',
  'module' => 
  array (
    0 => 'admin',
    1 => NULL,
    2 => NULL,
  ),
)
[ info ] [ HEADER ] array (
  'host' => '39.101.182.111:81',
  'content-type' => '',
  'content-length' => '',
)
[ info ] [ PARAM ] array (
)
[ info ] [ DB ] INIT mysql
[ info ] [ LOG ] INIT File
[ sql ] [ DB ] CONNECT:[ UseTime:0.000171s ] mysql:host=localhost;dbname=yundong;charset=utf8
[ sql ] [ SQL ] SHOW COLUMNS FROM `ys_admin_menu` [ RunTime:0.000581s ]
[ sql ] [ SQL ] SELECT * FROM `ys_admin_menu` WHERE  `id` <> 135 ORDER BY `sort` ASC [ RunTime:0.000319s ]
[ sql ] [ SQL ] SELECT * FROM `ys_admin_menu` WHERE  `url` LIKE '%Index/index%' LIMIT 1 [ RunTime:0.000165s ]
---------------------------------------------------------------
[ 2020-09-08T03:49:22+08:00 ] 167.248.133.33 GET 39.101.182.111:81/
[运行时间：0.019043s] [吞吐率：52.51req/s] [内存消耗：2,910.98kb] [文件加载：56]
[ info ] [ LANG ] /www/wwwroot/yundong/thinkphp/lang/zh-cn.php
[ info ] [ BIND ] 'admin'
[ info ] [ ROUTE ] array (
  'type' => 'module',
  'module' => 
  array (
    0 => 'admin',
    1 => NULL,
    2 => NULL,
  ),
)
[ info ] [ HEADER ] array (
  'accept-encoding' => 'gzip',
  'accept' => '*/*',
  'user-agent' => 'Mozilla/5.0 (compatible; CensysInspect/1.1; +https://about.censys.io/)',
  'host' => '39.101.182.111:81',
  'content-type' => '',
  'content-length' => '',
)
[ info ] [ PARAM ] array (
)
[ info ] [ DB ] INIT mysql
[ info ] [ LOG ] INIT File
[ sql ] [ DB ] CONNECT:[ UseTime:0.000170s ] mysql:host=localhost;dbname=yundong;charset=utf8
[ sql ] [ SQL ] SHOW COLUMNS FROM `ys_admin_menu` [ RunTime:0.000572s ]
[ sql ] [ SQL ] SELECT * FROM `ys_admin_menu` WHERE  `id` <> 135 ORDER BY `sort` ASC [ RunTime:0.000318s ]
[ sql ] [ SQL ] SELECT * FROM `ys_admin_menu` WHERE  `url` LIKE '%Index/index%' LIMIT 1 [ RunTime:0.000179s ]
---------------------------------------------------------------
[ 2020-09-08T04:10:03+08:00 ] 185.39.11.105 GET example.com/
[运行时间：0.019278s] [吞吐率：51.87req/s] [内存消耗：2,910.73kb] [文件加载：56]
[ info ] [ LANG ] /www/wwwroot/yundong/thinkphp/lang/zh-cn.php
[ info ] [ BIND ] 'admin'
[ info ] [ ROUTE ] array (
  'type' => 'module',
  'module' => 
  array (
    0 => 'admin',
    1 => NULL,
    2 => NULL,
  ),
)
[ info ] [ HEADER ] array (
  'accept-encoding' => 'gzip',
  'user-agent' => 'Go-http-client/1.1',
  'host' => 'example.com',
  'content-type' => '',
  'content-length' => '',
)
[ info ] [ PARAM ] array (
)
[ info ] [ DB ] INIT mysql
[ info ] [ LOG ] INIT File
[ sql ] [ DB ] CONNECT:[ UseTime:0.000178s ] mysql:host=localhost;dbname=yundong;charset=utf8
[ sql ] [ SQL ] SHOW COLUMNS FROM `ys_admin_menu` [ RunTime:0.000590s ]
[ sql ] [ SQL ] SELECT * FROM `ys_admin_menu` WHERE  `id` <> 135 ORDER BY `sort` ASC [ RunTime:0.000321s ]
[ sql ] [ SQL ] SELECT * FROM `ys_admin_menu` WHERE  `url` LIKE '%Index/index%' LIMIT 1 [ RunTime:0.000164s ]
---------------------------------------------------------------
[ 2020-09-08T04:44:42+08:00 ] 192.35.168.249 GET 39.101.182.111:80/
[运行时间：0.019186s] [吞吐率：52.12req/s] [内存消耗：2,909.95kb] [文件加载：56]
[ info ] [ LANG ] /www/wwwroot/yundong/thinkphp/lang/zh-cn.php
[ info ] [ ROUTE ] array (
  'type' => 'module',
  'module' => 
  array (
    0 => '',
    1 => NULL,
    2 => NULL,
  ),
)
[ info ] [ HEADER ] array (
  'host' => '39.101.182.111:80',
  'content-type' => '',
  'content-length' => '',
)
[ info ] [ PARAM ] array (
)
[ info ] [ DB ] INIT mysql
[ info ] [ LOG ] INIT File
[ sql ] [ DB ] CONNECT:[ UseTime:0.000185s ] mysql:host=localhost;dbname=yundong;charset=utf8
[ sql ] [ SQL ] SHOW COLUMNS FROM `ys_admin_menu` [ RunTime:0.000580s ]
[ sql ] [ SQL ] SELECT * FROM `ys_admin_menu` WHERE  `id` <> 135 ORDER BY `sort` ASC [ RunTime:0.000323s ]
[ sql ] [ SQL ] SELECT * FROM `ys_admin_menu` WHERE  `url` LIKE '%Index/index%' LIMIT 1 [ RunTime:0.000173s ]
---------------------------------------------------------------
[ 2020-09-08T04:44:43+08:00 ] 192.35.168.249 GET 39.101.182.111/
[运行时间：0.019063s] [吞吐率：52.46req/s] [内存消耗：2,910.59kb] [文件加载：56]
[ info ] [ LANG ] /www/wwwroot/yundong/thinkphp/lang/zh-cn.php
[ info ] [ ROUTE ] array (
  'type' => 'module',
  'module' => 
  array (
    0 => '',
    1 => NULL,
    2 => NULL,
  ),
)
[ info ] [ HEADER ] array (
  'accept-encoding' => 'gzip',
  'accept' => '*/*',
  'user-agent' => 'Mozilla/5.0 (compatible; CensysInspect/1.1; +https://about.censys.io/)',
  'host' => '39.101.182.111',
  'content-type' => '',
  'content-length' => '',
)
[ info ] [ PARAM ] array (
)
[ info ] [ DB ] INIT mysql
[ info ] [ LOG ] INIT File
[ sql ] [ DB ] CONNECT:[ UseTime:0.000176s ] mysql:host=localhost;dbname=yundong;charset=utf8
[ sql ] [ SQL ] SHOW COLUMNS FROM `ys_admin_menu` [ RunTime:0.000563s ]
[ sql ] [ SQL ] SELECT * FROM `ys_admin_menu` WHERE  `id` <> 135 ORDER BY `sort` ASC [ RunTime:0.000328s ]
[ sql ] [ SQL ] SELECT * FROM `ys_admin_menu` WHERE  `url` LIKE '%Index/index%' LIMIT 1 [ RunTime:0.000161s ]
---------------------------------------------------------------
[ 2020-09-08T05:09:18+08:00 ] 37.255.196.70 GET 39.101.182.111:81/
[运行时间：0.019265s] [吞吐率：51.91req/s] [内存消耗：2,910.95kb] [文件加载：56]
[ info ] [ LANG ] /www/wwwroot/yundong/thinkphp/lang/zh-cn.php
[ info ] [ BIND ] 'admin'
[ info ] [ ROUTE ] array (
  'type' => 'module',
  'module' => 
  array (
    0 => 'admin',
    1 => NULL,
    2 => NULL,
  ),
)
[ info ] [ HEADER ] array (
  'content-length' => '0',
  'user-agent' => 'Mozilla/5.0 (Windows NT 10.0; WOW64) AppleWebKit/537.36 (KHTML, like Gecko) Chrome/51.0.2704.103 Safari/537.36',
  'host' => '39.101.182.111:81',
  'content-type' => '',
)
[ info ] [ PARAM ] array (
)
[ info ] [ DB ] INIT mysql
[ info ] [ LOG ] INIT File
[ sql ] [ DB ] CONNECT:[ UseTime:0.000174s ] mysql:host=localhost;dbname=yundong;charset=utf8
[ sql ] [ SQL ] SHOW COLUMNS FROM `ys_admin_menu` [ RunTime:0.000582s ]
[ sql ] [ SQL ] SELECT * FROM `ys_admin_menu` WHERE  `id` <> 135 ORDER BY `sort` ASC [ RunTime:0.000316s ]
[ sql ] [ SQL ] SELECT * FROM `ys_admin_menu` WHERE  `url` LIKE '%Index/index%' LIMIT 1 [ RunTime:0.000160s ]
---------------------------------------------------------------
[ 2020-09-08T05:47:32+08:00 ] 192.241.237.107 GET 39.101.182.111/portal/redlion
[运行时间：0.010673s] [吞吐率：93.69req/s] [内存消耗：1,478.01kb] [文件加载：38]
[ info ] [ LANG ] /www/wwwroot/yundong/thinkphp/lang/zh-cn.php
[ info ] [ ROUTE ] array (
  'type' => 'module',
  'module' => 
  array (
    0 => 'portal',
    1 => 'redlion',
    2 => NULL,
  ),
)
[ info ] [ HEADER ] array (
  'accept-encoding' => 'gzip',
  'accept' => '*/*',
  'user-agent' => 'Mozilla/5.0 zgrab/0.x',
  'host' => '39.101.182.111',
  'content-type' => '',
  'content-length' => '',
)
[ info ] [ PARAM ] array (
)
[ info ] [ LOG ] INIT File
---------------------------------------------------------------
[ 2020-09-08T06:08:24+08:00 ] 176.63.39.109 GET 39.101.182.111:80/
[运行时间：0.019395s] [吞吐率：51.56req/s] [内存消耗：2,910.55kb] [文件加载：56]
[ info ] [ LANG ] /www/wwwroot/yundong/thinkphp/lang/zh-cn.php
[ info ] [ ROUTE ] array (
  'type' => 'module',
  'module' => 
  array (
    0 => '',
    1 => NULL,
    2 => NULL,
  ),
)
[ info ] [ HEADER ] array (
  'content-length' => '0',
  'user-agent' => 'Mozilla/5.0 (Macintosh; Intel Mac OS X 10_11_6) AppleWebKit/601.7.7 (KHTML, like Gecko) Version/9.1.2 Safari/601.7.7',
  'host' => '39.101.182.111:80',
  'content-type' => '',
)
[ info ] [ PARAM ] array (
)
[ info ] [ DB ] INIT mysql
[ info ] [ LOG ] INIT File
[ sql ] [ DB ] CONNECT:[ UseTime:0.000178s ] mysql:host=localhost;dbname=yundong;charset=utf8
[ sql ] [ SQL ] SHOW COLUMNS FROM `ys_admin_menu` [ RunTime:0.000573s ]
[ sql ] [ SQL ] SELECT * FROM `ys_admin_menu` WHERE  `id` <> 135 ORDER BY `sort` ASC [ RunTime:0.000328s ]
[ sql ] [ SQL ] SELECT * FROM `ys_admin_menu` WHERE  `url` LIKE '%Index/index%' LIMIT 1 [ RunTime:0.000174s ]
---------------------------------------------------------------
[ 2020-09-08T06:10:06+08:00 ] 185.172.110.223 GET 39.101.182.111:80/
[运行时间：0.019280s] [吞吐率：51.87req/s] [内存消耗：2,911.53kb] [文件加载：56]
[ info ] [ LANG ] /www/wwwroot/yundong/thinkphp/lang/zh-cn.php
[ info ] [ ROUTE ] array (
  'type' => 'module',
  'module' => 
  array (
    0 => '',
    1 => NULL,
    2 => NULL,
  ),
)
[ info ] [ HEADER ] array (
  'upgrade-insecure-requests' => '1',
  'connection' => 'close',
  'accept-encoding' => 'gzip, deflate',
  'accept-language' => 'en-GB,en;q=0.5',
  'accept' => 'text/html,application/xhtml+xml,application/xml;q=0.9,image/webp,*/*;q=0.8',
  'user-agent' => 'Mozilla/5.0 (X11; Ubuntu; Linux x86_64; rv:76.0) Gecko/20100101 Firefox/76.0',
  'host' => '39.101.182.111:80',
  'content-type' => '',
  'content-length' => '',
)
[ info ] [ PARAM ] array (
)
[ info ] [ DB ] INIT mysql
[ info ] [ LOG ] INIT File
[ sql ] [ DB ] CONNECT:[ UseTime:0.000178s ] mysql:host=localhost;dbname=yundong;charset=utf8
[ sql ] [ SQL ] SHOW COLUMNS FROM `ys_admin_menu` [ RunTime:0.000579s ]
[ sql ] [ SQL ] SELECT * FROM `ys_admin_menu` WHERE  `id` <> 135 ORDER BY `sort` ASC [ RunTime:0.000325s ]
[ sql ] [ SQL ] SELECT * FROM `ys_admin_menu` WHERE  `url` LIKE '%Index/index%' LIMIT 1 [ RunTime:0.000162s ]
---------------------------------------------------------------
[ 2020-09-08T06:34:28+08:00 ] 183.136.225.35 GET www.cooov.com/
[运行时间：0.019164s] [吞吐率：52.18req/s] [内存消耗：2,910.95kb] [文件加载：56]
[ info ] [ LANG ] /www/wwwroot/yundong/thinkphp/lang/zh-cn.php
[ info ] [ BIND ] 'admin'
[ info ] [ ROUTE ] array (
  'type' => 'module',
  'module' => 
  array (
    0 => 'admin',
    1 => NULL,
    2 => NULL,
  ),
)
[ info ] [ HEADER ] array (
  'connection' => 'keep-alive',
  'accept' => '*/*',
  'user-agent' => 'Mozilla/5.0 (Macintosh; Intel Mac OS X 10.11; rv:47.0) Gecko/20100101 Firefox/47.0',
  'host' => 'www.cooov.com',
  'content-type' => '',
  'content-length' => '',
)
[ info ] [ PARAM ] array (
)
[ info ] [ DB ] INIT mysql
[ info ] [ LOG ] INIT File
[ sql ] [ DB ] CONNECT:[ UseTime:0.000173s ] mysql:host=localhost;dbname=yundong;charset=utf8
[ sql ] [ SQL ] SHOW COLUMNS FROM `ys_admin_menu` [ RunTime:0.000564s ]
[ sql ] [ SQL ] SELECT * FROM `ys_admin_menu` WHERE  `id` <> 135 ORDER BY `sort` ASC [ RunTime:0.000326s ]
[ sql ] [ SQL ] SELECT * FROM `ys_admin_menu` WHERE  `url` LIKE '%Index/index%' LIMIT 1 [ RunTime:0.000166s ]
---------------------------------------------------------------
[ 2020-09-08T07:18:24+08:00 ] 183.136.225.35 GET www.cooov.cn/
[运行时间：0.019278s] [吞吐率：51.87req/s] [内存消耗：2,910.95kb] [文件加载：56]
[ info ] [ LANG ] /www/wwwroot/yundong/thinkphp/lang/zh-cn.php
[ info ] [ BIND ] 'admin'
[ info ] [ ROUTE ] array (
  'type' => 'module',
  'module' => 
  array (
    0 => 'admin',
    1 => NULL,
    2 => NULL,
  ),
)
[ info ] [ HEADER ] array (
  'connection' => 'keep-alive',
  'accept' => '*/*',
  'user-agent' => 'Mozilla/5.0 (Macintosh; Intel Mac OS X 10.11; rv:47.0) Gecko/20100101 Firefox/47.0',
  'host' => 'www.cooov.cn',
  'content-type' => '',
  'content-length' => '',
)
[ info ] [ PARAM ] array (
)
[ info ] [ DB ] INIT mysql
[ info ] [ LOG ] INIT File
[ sql ] [ DB ] CONNECT:[ UseTime:0.000170s ] mysql:host=localhost;dbname=yundong;charset=utf8
[ sql ] [ SQL ] SHOW COLUMNS FROM `ys_admin_menu` [ RunTime:0.000585s ]
[ sql ] [ SQL ] SELECT * FROM `ys_admin_menu` WHERE  `id` <> 135 ORDER BY `sort` ASC [ RunTime:0.000321s ]
[ sql ] [ SQL ] SELECT * FROM `ys_admin_menu` WHERE  `url` LIKE '%Index/index%' LIMIT 1 [ RunTime:0.000162s ]
---------------------------------------------------------------
[ 2020-09-08T07:41:22+08:00 ] 213.14.184.59 GET 39.101.182.111:81/
[运行时间：0.019227s] [吞吐率：52.01req/s] [内存消耗：2,910.95kb] [文件加载：56]
[ info ] [ LANG ] /www/wwwroot/yundong/thinkphp/lang/zh-cn.php
[ info ] [ BIND ] 'admin'
[ info ] [ ROUTE ] array (
  'type' => 'module',
  'module' => 
  array (
    0 => 'admin',
    1 => NULL,
    2 => NULL,
  ),
)
[ info ] [ HEADER ] array (
  'content-length' => '0',
  'user-agent' => 'Mozilla/5.0 (Windows NT 6.1; WOW64) AppleWebKit/537.36 (KHTML, like Gecko) Chrome/52.0.2743.116 Safari/537.36',
  'host' => '39.101.182.111:81',
  'content-type' => '',
)
[ info ] [ PARAM ] array (
)
[ info ] [ DB ] INIT mysql
[ info ] [ LOG ] INIT File
[ sql ] [ DB ] CONNECT:[ UseTime:0.000176s ] mysql:host=localhost;dbname=yundong;charset=utf8
[ sql ] [ SQL ] SHOW COLUMNS FROM `ys_admin_menu` [ RunTime:0.000592s ]
[ sql ] [ SQL ] SELECT * FROM `ys_admin_menu` WHERE  `id` <> 135 ORDER BY `sort` ASC [ RunTime:0.000335s ]
[ sql ] [ SQL ] SELECT * FROM `ys_admin_menu` WHERE  `url` LIKE '%Index/index%' LIMIT 1 [ RunTime:0.000156s ]
---------------------------------------------------------------
[ 2020-09-08T07:49:32+08:00 ] 101.132.114.193 GET www.cooov.com:81/
[运行时间：0.019353s] [吞吐率：51.67req/s] [内存消耗：2,910.98kb] [文件加载：56]
[ info ] [ LANG ] /www/wwwroot/yundong/thinkphp/lang/zh-cn.php
[ info ] [ BIND ] 'admin'
[ info ] [ ROUTE ] array (
  'type' => 'module',
  'module' => 
  array (
    0 => 'admin',
    1 => NULL,
    2 => NULL,
  ),
)
[ info ] [ HEADER ] array (
  'accept-encoding' => 'gzip',
  'connection' => 'Keep-Alive',
  'host' => 'www.cooov.com:81',
  'user-agent' => 'sogou web spider/4.0(+http://www.sogou.com/;)SogouSpider',
  'content-type' => '',
  'content-length' => '',
)
[ info ] [ PARAM ] array (
)
[ info ] [ DB ] INIT mysql
[ info ] [ LOG ] INIT File
[ sql ] [ DB ] CONNECT:[ UseTime:0.000190s ] mysql:host=localhost;dbname=yundong;charset=utf8
[ sql ] [ SQL ] SHOW COLUMNS FROM `ys_admin_menu` [ RunTime:0.000591s ]
[ sql ] [ SQL ] SELECT * FROM `ys_admin_menu` WHERE  `id` <> 135 ORDER BY `sort` ASC [ RunTime:0.000331s ]
[ sql ] [ SQL ] SELECT * FROM `ys_admin_menu` WHERE  `url` LIKE '%Index/index%' LIMIT 1 [ RunTime:0.000169s ]
---------------------------------------------------------------
[ 2020-09-08T07:49:33+08:00 ] 101.132.114.193 GET www.cooov.com:81/Login/index
[运行时间：0.012714s] [吞吐率：78.65req/s] [内存消耗：1,799.79kb] [文件加载：48]
[ info ] [ LANG ] /www/wwwroot/yundong/thinkphp/lang/zh-cn.php
[ info ] [ BIND ] 'admin'
[ info ] [ ROUTE ] array (
  'type' => 'module',
  'module' => 
  array (
    0 => 'admin',
    1 => 'Login',
    2 => 'index',
  ),
)
[ info ] [ HEADER ] array (
  'accept-encoding' => 'gzip',
  'connection' => 'Keep-Alive',
  'host' => 'www.cooov.com:81',
  'user-agent' => 'sogou web spider/4.0(+http://www.sogou.com/;)SogouSpider',
  'content-type' => '',
  'content-length' => '',
)
[ info ] [ PARAM ] array (
)
[ info ] [ RUN ] app\admin\controller\Login->index[ /www/wwwroot/yundong/application/admin/controller/Login.php ]
[ info ] [ VIEW ] /www/wwwroot/yundong/public/../application/admin/view/Login/index.html [ array (
  0 => 'uid',
) ]
[ info ] [ LOG ] INIT File
---------------------------------------------------------------
[ 2020-09-08T08:37:09+08:00 ] 47.101.150.214 GET www.cooov.cn:81/
[运行时间：0.019067s] [吞吐率：52.45req/s] [内存消耗：2,910.98kb] [文件加载：56]
[ info ] [ LANG ] /www/wwwroot/yundong/thinkphp/lang/zh-cn.php
[ info ] [ BIND ] 'admin'
[ info ] [ ROUTE ] array (
  'type' => 'module',
  'module' => 
  array (
    0 => 'admin',
    1 => NULL,
    2 => NULL,
  ),
)
[ info ] [ HEADER ] array (
  'accept-encoding' => 'gzip',
  'connection' => 'Keep-Alive',
  'host' => 'www.cooov.cn:81',
  'user-agent' => 'sogou web spider/4.0(+http://www.sogou.com/;)SogouSpider',
  'content-type' => '',
  'content-length' => '',
)
[ info ] [ PARAM ] array (
)
[ info ] [ DB ] INIT mysql
[ info ] [ LOG ] INIT File
[ sql ] [ DB ] CONNECT:[ UseTime:0.000184s ] mysql:host=localhost;dbname=yundong;charset=utf8
[ sql ] [ SQL ] SHOW COLUMNS FROM `ys_admin_menu` [ RunTime:0.000587s ]
[ sql ] [ SQL ] SELECT * FROM `ys_admin_menu` WHERE  `id` <> 135 ORDER BY `sort` ASC [ RunTime:0.000329s ]
[ sql ] [ SQL ] SELECT * FROM `ys_admin_menu` WHERE  `url` LIKE '%Index/index%' LIMIT 1 [ RunTime:0.000172s ]
---------------------------------------------------------------
[ 2020-09-08T08:37:10+08:00 ] 47.101.150.214 GET www.cooov.cn:81/Login/index
[运行时间：0.012517s] [吞吐率：79.89req/s] [内存消耗：1,799.79kb] [文件加载：48]
[ info ] [ LANG ] /www/wwwroot/yundong/thinkphp/lang/zh-cn.php
[ info ] [ BIND ] 'admin'
[ info ] [ ROUTE ] array (
  'type' => 'module',
  'module' => 
  array (
    0 => 'admin',
    1 => 'Login',
    2 => 'index',
  ),
)
[ info ] [ HEADER ] array (
  'accept-encoding' => 'gzip',
  'connection' => 'Keep-Alive',
  'host' => 'www.cooov.cn:81',
  'user-agent' => 'sogou web spider/4.0(+http://www.sogou.com/;)SogouSpider',
  'content-type' => '',
  'content-length' => '',
)
[ info ] [ PARAM ] array (
)
[ info ] [ RUN ] app\admin\controller\Login->index[ /www/wwwroot/yundong/application/admin/controller/Login.php ]
[ info ] [ VIEW ] /www/wwwroot/yundong/public/../application/admin/view/Login/index.html [ array (
  0 => 'uid',
) ]
[ info ] [ LOG ] INIT File
---------------------------------------------------------------
[ 2020-09-08T08:45:23+08:00 ] 128.199.21.82 GET 39.101.182.111:80/
[运行时间：0.019550s] [吞吐率：51.15req/s] [内存消耗：2,910.05kb] [文件加载：56]
[ info ] [ LANG ] /www/wwwroot/yundong/thinkphp/lang/zh-cn.php
[ info ] [ ROUTE ] array (
  'type' => 'module',
  'module' => 
  array (
    0 => '',
    1 => NULL,
    2 => NULL,
  ),
)
[ info ] [ HEADER ] array (
  'connection' => 'close',
  'host' => '39.101.182.111:80',
  'content-type' => '',
  'content-length' => '',
)
[ info ] [ PARAM ] array (
)
[ info ] [ DB ] INIT mysql
[ info ] [ LOG ] INIT File
[ sql ] [ DB ] CONNECT:[ UseTime:0.000184s ] mysql:host=localhost;dbname=yundong;charset=utf8
[ sql ] [ SQL ] SHOW COLUMNS FROM `ys_admin_menu` [ RunTime:0.000575s ]
[ sql ] [ SQL ] SELECT * FROM `ys_admin_menu` WHERE  `id` <> 135 ORDER BY `sort` ASC [ RunTime:0.000335s ]
[ sql ] [ SQL ] SELECT * FROM `ys_admin_menu` WHERE  `url` LIKE '%Index/index%' LIMIT 1 [ RunTime:0.000169s ]
---------------------------------------------------------------
[ 2020-09-08T09:04:57+08:00 ] 167.248.133.35 GET 39.101.182.111:80/
[运行时间：0.019273s] [吞吐率：51.89req/s] [内存消耗：2,909.95kb] [文件加载：56]
[ info ] [ LANG ] /www/wwwroot/yundong/thinkphp/lang/zh-cn.php
[ info ] [ ROUTE ] array (
  'type' => 'module',
  'module' => 
  array (
    0 => '',
    1 => NULL,
    2 => NULL,
  ),
)
[ info ] [ HEADER ] array (
  'host' => '39.101.182.111:80',
  'content-type' => '',
  'content-length' => '',
)
[ info ] [ PARAM ] array (
)
[ info ] [ DB ] INIT mysql
[ info ] [ LOG ] INIT File
[ sql ] [ DB ] CONNECT:[ UseTime:0.000179s ] mysql:host=localhost;dbname=yundong;charset=utf8
[ sql ] [ SQL ] SHOW COLUMNS FROM `ys_admin_menu` [ RunTime:0.000564s ]
[ sql ] [ SQL ] SELECT * FROM `ys_admin_menu` WHERE  `id` <> 135 ORDER BY `sort` ASC [ RunTime:0.000340s ]
[ sql ] [ SQL ] SELECT * FROM `ys_admin_menu` WHERE  `url` LIKE '%Index/index%' LIMIT 1 [ RunTime:0.000160s ]
---------------------------------------------------------------
[ 2020-09-08T09:04:57+08:00 ] 167.248.133.35 GET 39.101.182.111/
[运行时间：0.019412s] [吞吐率：51.51req/s] [内存消耗：2,910.59kb] [文件加载：56]
[ info ] [ LANG ] /www/wwwroot/yundong/thinkphp/lang/zh-cn.php
[ info ] [ ROUTE ] array (
  'type' => 'module',
  'module' => 
  array (
    0 => '',
    1 => NULL,
    2 => NULL,
  ),
)
[ info ] [ HEADER ] array (
  'accept-encoding' => 'gzip',
  'accept' => '*/*',
  'user-agent' => 'Mozilla/5.0 (compatible; CensysInspect/1.1; +https://about.censys.io/)',
  'host' => '39.101.182.111',
  'content-type' => '',
  'content-length' => '',
)
[ info ] [ PARAM ] array (
)
[ info ] [ DB ] INIT mysql
[ info ] [ LOG ] INIT File
[ sql ] [ DB ] CONNECT:[ UseTime:0.000174s ] mysql:host=localhost;dbname=yundong;charset=utf8
[ sql ] [ SQL ] SHOW COLUMNS FROM `ys_admin_menu` [ RunTime:0.000578s ]
[ sql ] [ SQL ] SELECT * FROM `ys_admin_menu` WHERE  `id` <> 135 ORDER BY `sort` ASC [ RunTime:0.000318s ]
[ sql ] [ SQL ] SELECT * FROM `ys_admin_menu` WHERE  `url` LIKE '%Index/index%' LIMIT 1 [ RunTime:0.000174s ]
---------------------------------------------------------------
[ 2020-09-08T09:18:41+08:00 ] 125.64.94.135 GET 39.101.182.111/
[运行时间：0.019182s] [吞吐率：52.13req/s] [内存消耗：2,909.95kb] [文件加载：56]
[ info ] [ LANG ] /www/wwwroot/yundong/thinkphp/lang/zh-cn.php
[ info ] [ ROUTE ] array (
  'type' => 'module',
  'module' => 
  array (
    0 => '',
    1 => NULL,
    2 => NULL,
  ),
)
[ info ] [ HEADER ] array (
  'host' => '39.101.182.111',
  'content-type' => '',
  'content-length' => '',
)
[ info ] [ PARAM ] array (
)
[ info ] [ DB ] INIT mysql
[ info ] [ LOG ] INIT File
[ sql ] [ DB ] CONNECT:[ UseTime:0.000174s ] mysql:host=localhost;dbname=yundong;charset=utf8
[ sql ] [ SQL ] SHOW COLUMNS FROM `ys_admin_menu` [ RunTime:0.000579s ]
[ sql ] [ SQL ] SELECT * FROM `ys_admin_menu` WHERE  `id` <> 135 ORDER BY `sort` ASC [ RunTime:0.000320s ]
[ sql ] [ SQL ] SELECT * FROM `ys_admin_menu` WHERE  `url` LIKE '%Index/index%' LIMIT 1 [ RunTime:0.000164s ]
---------------------------------------------------------------
[ 2020-09-08T09:48:21+08:00 ] 128.14.134.134 GET 39.101.182.111/Telerik.Web.UI.WebResource.axd?type=rau
[运行时间：0.010468s] [吞吐率：95.53req/s] [内存消耗：1,478.80kb] [文件加载：38]
[ info ] [ LANG ] /www/wwwroot/yundong/thinkphp/lang/zh-cn.php
[ info ] [ ROUTE ] array (
  'type' => 'module',
  'module' => 
  array (
    0 => 'Telerik.Web.UI.WebResource',
    1 => NULL,
    2 => NULL,
  ),
)
[ info ] [ HEADER ] array (
  'accept-encoding' => 'gzip',
  'accept' => '*/*',
  'user-agent' => 'Mozilla/5.0 (Windows NT 10.0; Win64; x64) AppleWebKit/537.36 (KHTML, like Gecko) Chrome/60.0.3112.113 Safari/537.36',
  'host' => '39.101.182.111',
  'content-type' => '',
  'content-length' => '',
)
[ info ] [ PARAM ] array (
  'type' => 'rau',
)
[ info ] [ LOG ] INIT File
---------------------------------------------------------------
[ 2020-09-08T10:07:12+08:00 ] 5.135.230.131 GET 39.101.182.111:80/
[运行时间：0.019217s] [吞吐率：52.04req/s] [内存消耗：2,911.94kb] [文件加载：56]
[ info ] [ LANG ] /www/wwwroot/yundong/thinkphp/lang/zh-cn.php
[ info ] [ ROUTE ] array (
  'type' => 'module',
  'module' => 
  array (
    0 => '',
    1 => NULL,
    2 => NULL,
  ),
)
[ info ] [ HEADER ] array (
  'upgrade-insecure-requests' => '1',
  'referer' => 'http://39.101.182.111:80/left.html',
  'connection' => 'close',
  'accept-encoding' => 'gzip, deflate',
  'accept-language' => 'en-GB,en;q=0.5',
  'accept' => 'text/html,application/xhtml+xml,application/xml;q=0.9,image/webp,*/*;q=0.8',
  'user-agent' => 'Mozilla/5.0 (X11; Ubuntu; Linux x86_64; rv:77.0) Gecko/20100101 Firefox/77.0',
  'host' => '39.101.182.111:80',
  'content-type' => '',
  'content-length' => '',
)
[ info ] [ PARAM ] array (
)
[ info ] [ DB ] INIT mysql
[ info ] [ LOG ] INIT File
[ sql ] [ DB ] CONNECT:[ UseTime:0.000184s ] mysql:host=localhost;dbname=yundong;charset=utf8
[ sql ] [ SQL ] SHOW COLUMNS FROM `ys_admin_menu` [ RunTime:0.000576s ]
[ sql ] [ SQL ] SELECT * FROM `ys_admin_menu` WHERE  `id` <> 135 ORDER BY `sort` ASC [ RunTime:0.000322s ]
[ sql ] [ SQL ] SELECT * FROM `ys_admin_menu` WHERE  `url` LIKE '%Index/index%' LIMIT 1 [ RunTime:0.000169s ]
---------------------------------------------------------------
[ 2020-09-08T10:37:32+08:00 ] 41.50.100.59 GET 39.101.182.111:80/
[运行时间：0.019380s] [吞吐率：51.60req/s] [内存消耗：2,910.55kb] [文件加载：56]
[ info ] [ LANG ] /www/wwwroot/yundong/thinkphp/lang/zh-cn.php
[ info ] [ ROUTE ] array (
  'type' => 'module',
  'module' => 
  array (
    0 => '',
    1 => NULL,
    2 => NULL,
  ),
)
[ info ] [ HEADER ] array (
  'content-length' => '0',
  'user-agent' => 'Mozilla/5.0 (Windows NT 10.0; WOW64) AppleWebKit/537.36 (KHTML, like Gecko) Chrome/51.0.2704.103 Safari/537.36',
  'host' => '39.101.182.111:80',
  'content-type' => '',
)
[ info ] [ PARAM ] array (
)
[ info ] [ DB ] INIT mysql
[ info ] [ LOG ] INIT File
[ sql ] [ DB ] CONNECT:[ UseTime:0.000181s ] mysql:host=localhost;dbname=yundong;charset=utf8
[ sql ] [ SQL ] SHOW COLUMNS FROM `ys_admin_menu` [ RunTime:0.000582s ]
[ sql ] [ SQL ] SELECT * FROM `ys_admin_menu` WHERE  `id` <> 135 ORDER BY `sort` ASC [ RunTime:0.000327s ]
[ sql ] [ SQL ] SELECT * FROM `ys_admin_menu` WHERE  `url` LIKE '%Index/index%' LIMIT 1 [ RunTime:0.000161s ]
---------------------------------------------------------------
[ 2020-09-08T11:33:44+08:00 ] 171.96.205.167 GET 39.101.182.111:81/
[运行时间：0.019185s] [吞吐率：52.12req/s] [内存消耗：2,910.95kb] [文件加载：56]
[ info ] [ LANG ] /www/wwwroot/yundong/thinkphp/lang/zh-cn.php
[ info ] [ BIND ] 'admin'
[ info ] [ ROUTE ] array (
  'type' => 'module',
  'module' => 
  array (
    0 => 'admin',
    1 => NULL,
    2 => NULL,
  ),
)
[ info ] [ HEADER ] array (
  'content-length' => '0',
  'user-agent' => 'Mozilla/5.0 (Windows NT 10.0; WOW64) AppleWebKit/537.36 (KHTML, like Gecko) Chrome/52.0.2743.116 Safari/537.36',
  'host' => '39.101.182.111:81',
  'content-type' => '',
)
[ info ] [ PARAM ] array (
)
[ info ] [ DB ] INIT mysql
[ info ] [ LOG ] INIT File
[ sql ] [ DB ] CONNECT:[ UseTime:0.000182s ] mysql:host=localhost;dbname=yundong;charset=utf8
[ sql ] [ SQL ] SHOW COLUMNS FROM `ys_admin_menu` [ RunTime:0.000580s ]
[ sql ] [ SQL ] SELECT * FROM `ys_admin_menu` WHERE  `id` <> 135 ORDER BY `sort` ASC [ RunTime:0.000329s ]
[ sql ] [ SQL ] SELECT * FROM `ys_admin_menu` WHERE  `url` LIKE '%Index/index%' LIMIT 1 [ RunTime:0.000174s ]
---------------------------------------------------------------
[ 2020-09-08T11:41:44+08:00 ] 45.148.10.28 POST 39.101.182.111:80/boaform/admin/formLogin
[运行时间：0.010078s] [吞吐率：99.23req/s] [内存消耗：1,480.73kb] [文件加载：38]
[ info ] [ LANG ] /www/wwwroot/yundong/thinkphp/lang/zh-cn.php
[ info ] [ ROUTE ] array (
  'type' => 'module',
  'module' => 
  array (
    0 => 'boaform',
    1 => 'admin',
    2 => 'formLogin',
  ),
)
[ info ] [ HEADER ] array (
  'upgrade-insecure-requests' => '1',
  'referer' => 'http://39.101.182.111:80/admin/login.asp',
  'connection' => 'keep-alive',
  'origin' => 'http://39.101.182.111:80',
  'content-length' => '29',
  'content-type' => 'application/x-www-form-urlencoded',
  'accept-encoding' => 'gzip, deflate',
  'accept-language' => 'en-GB,en;q=0.5',
  'accept' => 'text/html,application/xhtml+xml,application/xml;q=0.9,*/*;q=0.8',
  'user-agent' => 'Mozilla/5.0 (X11; Ubuntu; Linux x86_64; rv:71.0) Gecko/20100101 Firefox/71.0',
  'host' => '39.101.182.111:80',
)
[ info ] [ PARAM ] array (
  'username' => 'admin',
  'psd' => 'Feefifofum',
)
[ info ] [ LOG ] INIT File
---------------------------------------------------------------
[ 2020-09-08T11:44:32+08:00 ] 74.120.14.49 GET 39.101.182.111:81/
[运行时间：0.018992s] [吞吐率：52.65req/s] [内存消耗：2,910.34kb] [文件加载：56]
[ info ] [ LANG ] /www/wwwroot/yundong/thinkphp/lang/zh-cn.php
[ info ] [ BIND ] 'admin'
[ info ] [ ROUTE ] array (
  'type' => 'module',
  'module' => 
  array (
    0 => 'admin',
    1 => NULL,
    2 => NULL,
  ),
)
[ info ] [ HEADER ] array (
  'host' => '39.101.182.111:81',
  'content-type' => '',
  'content-length' => '',
)
[ info ] [ PARAM ] array (
)
[ info ] [ DB ] INIT mysql
[ info ] [ LOG ] INIT File
[ sql ] [ DB ] CONNECT:[ UseTime:0.000183s ] mysql:host=localhost;dbname=yundong;charset=utf8
[ sql ] [ SQL ] SHOW COLUMNS FROM `ys_admin_menu` [ RunTime:0.000576s ]
[ sql ] [ SQL ] SELECT * FROM `ys_admin_menu` WHERE  `id` <> 135 ORDER BY `sort` ASC [ RunTime:0.000318s ]
[ sql ] [ SQL ] SELECT * FROM `ys_admin_menu` WHERE  `url` LIKE '%Index/index%' LIMIT 1 [ RunTime:0.000164s ]
---------------------------------------------------------------
[ 2020-09-08T11:44:32+08:00 ] 74.120.14.49 GET 39.101.182.111:81/
[运行时间：0.019161s] [吞吐率：52.19req/s] [内存消耗：2,910.98kb] [文件加载：56]
[ info ] [ LANG ] /www/wwwroot/yundong/thinkphp/lang/zh-cn.php
[ info ] [ BIND ] 'admin'
[ info ] [ ROUTE ] array (
  'type' => 'module',
  'module' => 
  array (
    0 => 'admin',
    1 => NULL,
    2 => NULL,
  ),
)
[ info ] [ HEADER ] array (
  'accept-encoding' => 'gzip',
  'accept' => '*/*',
  'user-agent' => 'Mozilla/5.0 (compatible; CensysInspect/1.1; +https://about.censys.io/)',
  'host' => '39.101.182.111:81',
  'content-type' => '',
  'content-length' => '',
)
[ info ] [ PARAM ] array (
)
[ info ] [ DB ] INIT mysql
[ info ] [ LOG ] INIT File
[ sql ] [ DB ] CONNECT:[ UseTime:0.000172s ] mysql:host=localhost;dbname=yundong;charset=utf8
[ sql ] [ SQL ] SHOW COLUMNS FROM `ys_admin_menu` [ RunTime:0.000579s ]
[ sql ] [ SQL ] SELECT * FROM `ys_admin_menu` WHERE  `id` <> 135 ORDER BY `sort` ASC [ RunTime:0.000319s ]
[ sql ] [ SQL ] SELECT * FROM `ys_admin_menu` WHERE  `url` LIKE '%Index/index%' LIMIT 1 [ RunTime:0.000170s ]
---------------------------------------------------------------
[ 2020-09-08T12:11:58+08:00 ] 183.136.225.35 GET www.weidayd.com/
[运行时间：0.018927s] [吞吐率：52.83req/s] [内存消耗：2,910.98kb] [文件加载：56]
[ info ] [ LANG ] /www/wwwroot/yundong/thinkphp/lang/zh-cn.php
[ info ] [ BIND ] 'admin'
[ info ] [ ROUTE ] array (
  'type' => 'module',
  'module' => 
  array (
    0 => 'admin',
    1 => NULL,
    2 => NULL,
  ),
)
[ info ] [ HEADER ] array (
  'connection' => 'keep-alive',
  'accept' => '*/*',
  'user-agent' => 'Mozilla/5.0 (Macintosh; Intel Mac OS X 10.11; rv:47.0) Gecko/20100101 Firefox/47.0',
  'host' => 'www.weidayd.com',
  'content-type' => '',
  'content-length' => '',
)
[ info ] [ PARAM ] array (
)
[ info ] [ DB ] INIT mysql
[ info ] [ LOG ] INIT File
[ sql ] [ DB ] CONNECT:[ UseTime:0.000174s ] mysql:host=localhost;dbname=yundong;charset=utf8
[ sql ] [ SQL ] SHOW COLUMNS FROM `ys_admin_menu` [ RunTime:0.000576s ]
[ sql ] [ SQL ] SELECT * FROM `ys_admin_menu` WHERE  `id` <> 135 ORDER BY `sort` ASC [ RunTime:0.000332s ]
[ sql ] [ SQL ] SELECT * FROM `ys_admin_menu` WHERE  `url` LIKE '%Index/index%' LIMIT 1 [ RunTime:0.000165s ]
---------------------------------------------------------------
[ 2020-09-08T12:23:51+08:00 ] 175.201.186.99 GET 39.101.182.111:81/
[运行时间：0.019829s] [吞吐率：50.43req/s] [内存消耗：2,910.95kb] [文件加载：56]
[ info ] [ LANG ] /www/wwwroot/yundong/thinkphp/lang/zh-cn.php
[ info ] [ BIND ] 'admin'
[ info ] [ ROUTE ] array (
  'type' => 'module',
  'module' => 
  array (
    0 => 'admin',
    1 => NULL,
    2 => NULL,
  ),
)
[ info ] [ HEADER ] array (
  'content-length' => '0',
  'user-agent' => 'Mozilla/5.0 (Windows NT 10.0; WOW64) AppleWebKit/537.36 (KHTML, like Gecko) Chrome/52.0.2743.116 Safari/537.36',
  'host' => '39.101.182.111:81',
  'content-type' => '',
)
[ info ] [ PARAM ] array (
)
[ info ] [ DB ] INIT mysql
[ info ] [ LOG ] INIT File
[ sql ] [ DB ] CONNECT:[ UseTime:0.000173s ] mysql:host=localhost;dbname=yundong;charset=utf8
[ sql ] [ SQL ] SHOW COLUMNS FROM `ys_admin_menu` [ RunTime:0.000586s ]
[ sql ] [ SQL ] SELECT * FROM `ys_admin_menu` WHERE  `id` <> 135 ORDER BY `sort` ASC [ RunTime:0.000317s ]
[ sql ] [ SQL ] SELECT * FROM `ys_admin_menu` WHERE  `url` LIKE '%Index/index%' LIMIT 1 [ RunTime:0.000161s ]
---------------------------------------------------------------
[ 2020-09-08T13:53:24+08:00 ] 101.132.108.206 GET www.weidayd.com:81/
[运行时间：0.019304s] [吞吐率：51.80req/s] [内存消耗：2,910.98kb] [文件加载：56]
[ info ] [ LANG ] /www/wwwroot/yundong/thinkphp/lang/zh-cn.php
[ info ] [ BIND ] 'admin'
[ info ] [ ROUTE ] array (
  'type' => 'module',
  'module' => 
  array (
    0 => 'admin',
    1 => NULL,
    2 => NULL,
  ),
)
[ info ] [ HEADER ] array (
  'accept-encoding' => 'gzip',
  'connection' => 'Keep-Alive',
  'host' => 'www.weidayd.com:81',
  'user-agent' => 'Mozilla/5.0 chrome(windows nt/Windows NT;)Chrome',
  'content-type' => '',
  'content-length' => '',
)
[ info ] [ PARAM ] array (
)
[ info ] [ DB ] INIT mysql
[ info ] [ LOG ] INIT File
[ sql ] [ DB ] CONNECT:[ UseTime:0.000180s ] mysql:host=localhost;dbname=yundong;charset=utf8
[ sql ] [ SQL ] SHOW COLUMNS FROM `ys_admin_menu` [ RunTime:0.000571s ]
[ sql ] [ SQL ] SELECT * FROM `ys_admin_menu` WHERE  `id` <> 135 ORDER BY `sort` ASC [ RunTime:0.000337s ]
[ sql ] [ SQL ] SELECT * FROM `ys_admin_menu` WHERE  `url` LIKE '%Index/index%' LIMIT 1 [ RunTime:0.000171s ]
---------------------------------------------------------------
[ 2020-09-08T13:53:25+08:00 ] 101.132.108.206 GET www.weidayd.com:81/Login/index
[运行时间：0.012476s] [吞吐率：80.15req/s] [内存消耗：1,799.79kb] [文件加载：48]
[ info ] [ LANG ] /www/wwwroot/yundong/thinkphp/lang/zh-cn.php
[ info ] [ BIND ] 'admin'
[ info ] [ ROUTE ] array (
  'type' => 'module',
  'module' => 
  array (
    0 => 'admin',
    1 => 'Login',
    2 => 'index',
  ),
)
[ info ] [ HEADER ] array (
  'accept-encoding' => 'gzip',
  'connection' => 'Keep-Alive',
  'host' => 'www.weidayd.com:81',
  'user-agent' => 'Mozilla/5.0 chrome(windows nt/Windows NT;)Chrome',
  'content-type' => '',
  'content-length' => '',
)
[ info ] [ PARAM ] array (
)
[ info ] [ RUN ] app\admin\controller\Login->index[ /www/wwwroot/yundong/application/admin/controller/Login.php ]
[ info ] [ VIEW ] /www/wwwroot/yundong/public/../application/admin/view/Login/index.html [ array (
  0 => 'uid',
) ]
[ info ] [ LOG ] INIT File
---------------------------------------------------------------
[ 2020-09-08T14:10:11+08:00 ] 89.122.176.26 GET 39.101.182.111:81/
[运行时间：0.019229s] [吞吐率：52.00req/s] [内存消耗：2,910.95kb] [文件加载：56]
[ info ] [ LANG ] /www/wwwroot/yundong/thinkphp/lang/zh-cn.php
[ info ] [ BIND ] 'admin'
[ info ] [ ROUTE ] array (
  'type' => 'module',
  'module' => 
  array (
    0 => 'admin',
    1 => NULL,
    2 => NULL,
  ),
)
[ info ] [ HEADER ] array (
  'content-length' => '0',
  'user-agent' => 'Mozilla/5.0 (Windows NT 6.1; WOW64) AppleWebKit/537.36 (KHTML, like Gecko) Chrome/52.0.2743.116 Safari/537.36',
  'host' => '39.101.182.111:81',
  'content-type' => '',
)
[ info ] [ PARAM ] array (
)
[ info ] [ DB ] INIT mysql
[ info ] [ LOG ] INIT File
[ sql ] [ DB ] CONNECT:[ UseTime:0.000174s ] mysql:host=localhost;dbname=yundong;charset=utf8
[ sql ] [ SQL ] SHOW COLUMNS FROM `ys_admin_menu` [ RunTime:0.000577s ]
[ sql ] [ SQL ] SELECT * FROM `ys_admin_menu` WHERE  `id` <> 135 ORDER BY `sort` ASC [ RunTime:0.000328s ]
[ sql ] [ SQL ] SELECT * FROM `ys_admin_menu` WHERE  `url` LIKE '%Index/index%' LIMIT 1 [ RunTime:0.000164s ]
