---------------------------------------------------------------
[ 2021-01-02T03:31:58+08:00 ] 47.100.17.89 GET pgtadmin.cooov.com/
[运行时间：0.051291s] [吞吐率：19.50req/s] [内存消耗：2,945.19kb] [文件加载：56]
[ info ] [ LANG ] /www/wwwroot/peigongtang/thinkphp/lang/zh-cn.php
[ info ] [ BIND ] 'admin'
[ info ] [ ROUTE ] array (
  'type' => 'module',
  'module' => 
  array (
    0 => 'admin',
    1 => NULL,
    2 => NULL,
  ),
)
[ info ] [ HEADER ] array (
  'accept-encoding' => 'gzip',
  'connection' => 'Keep-Alive',
  'host' => 'pgtadmin.cooov.com',
  'user-agent' => 'Mozilla/5.0 (X11; Ubuntu; Linux x86_64; rv:36.0) Gecko/20100101 Firefox/36.0',
  'content-type' => '',
  'content-length' => '',
)
[ info ] [ PARAM ] array (
)
[ info ] [ DB ] INIT mysql
[ info ] [ LOG ] INIT File
[ sql ] [ DB ] CONNECT:[ UseTime:0.000198s ] mysql:host=localhost;dbname=pgt;charset=utf8
[ sql ] [ SQL ] SHOW COLUMNS FROM `pgt_admin_menu` [ RunTime:0.000630s ]
[ sql ] [ SQL ] SELECT * FROM `pgt_admin_menu` WHERE  `id` <> 135 ORDER BY `sort` ASC [ RunTime:0.007359s ]
[ sql ] [ SQL ] SELECT * FROM `pgt_admin_menu` WHERE  `url` LIKE '%Index/index%' LIMIT 1 [ RunTime:0.000187s ]
---------------------------------------------------------------
[ 2021-01-02T03:32:00+08:00 ] 47.100.17.89 GET pgtadmin.cooov.com/Login/index
[运行时间：0.018866s] [吞吐率：53.01req/s] [内存消耗：1,854.88kb] [文件加载：51]
[ info ] [ LANG ] /www/wwwroot/peigongtang/thinkphp/lang/zh-cn.php
[ info ] [ BIND ] 'admin'
[ info ] [ ROUTE ] array (
  'type' => 'module',
  'module' => 
  array (
    0 => 'admin',
    1 => 'Login',
    2 => 'index',
  ),
)
[ info ] [ HEADER ] array (
  'accept-encoding' => 'gzip',
  'connection' => 'Keep-Alive',
  'host' => 'pgtadmin.cooov.com',
  'user-agent' => 'Mozilla/5.0 (X11; Ubuntu; Linux x86_64; rv:36.0) Gecko/20100101 Firefox/36.0',
  'content-type' => '',
  'content-length' => '',
)
[ info ] [ PARAM ] array (
)
[ info ] [ RUN ] app\admin\controller\Login->index[ /www/wwwroot/peigongtang/application/admin/controller/Login.php ]
[ info ] [ VIEW ] /www/wwwroot/peigongtang/public/../application/admin/view/Login/index.html [ array (
  0 => 'uid',
) ]
[ info ] [ LOG ] INIT File
---------------------------------------------------------------
[ 2021-01-02T08:22:19+08:00 ] 138.246.253.24 HEAD pgtapi.cooov.com/
[运行时间：0.034686s] [吞吐率：28.83req/s] [内存消耗：2,919.98kb] [文件加载：61]
[ info ] [ LANG ] /www/wwwroot/peigongtang/thinkphp/lang/zh-cn.php
[ info ] [ BIND ] 'api'
[ info ] [ ROUTE ] array (
  'type' => 'module',
  'module' => 
  array (
    0 => 'api',
    1 => NULL,
    2 => NULL,
  ),
)
[ info ] [ HEADER ] array (
  'user-agent' => 'Mozilla/5.0 (Windows NT 6.1; Win64; x64) AppleWebKit/537.36 (KHTML, like Gecko) Chrome/40.0.2214.85 Safari/537.36',
  'host' => 'pgtapi.cooov.com',
  'content-type' => '',
  'content-length' => '',
)
[ info ] [ PARAM ] array (
)
[ info ] [ RUN ] app\api\controller\Index->index[ /www/wwwroot/peigongtang/application/api/controller/Index.php ]
[ info ] [ DB ] INIT mysql
[ info ] [ LOG ] INIT File
[ sql ] [ DB ] CONNECT:[ UseTime:0.000187s ] mysql:host=localhost;dbname=pgt;charset=utf8
[ sql ] [ SQL ] SHOW COLUMNS FROM `pgt_banner` [ RunTime:0.000584s ]
[ sql ] [ SQL ] SELECT `id`,`pic`,`url` FROM `pgt_banner` WHERE  `is_del` = 0 ORDER BY `order` DESC [ RunTime:0.000212s ]
[ sql ] [ SQL ] SHOW COLUMNS FROM `pgt_column` [ RunTime:0.000443s ]
[ sql ] [ SQL ] SELECT `id`,`title`,`brief` FROM `pgt_column` WHERE  `is_del` = 0 [ RunTime:0.000128s ]
[ sql ] [ SQL ] SHOW COLUMNS FROM `pgt_course` [ RunTime:0.000481s ]
[ sql ] [ SQL ] SELECT `id`,`title`,`pic`,`brief`,`create_time`,`original_price`,`present_price`,`type` FROM `pgt_course` WHERE  `is_del` = 0 ORDER BY `order` DESC [ RunTime:0.000186s ]
[ sql ] [ SQL ] SHOW COLUMNS FROM `pgt_article` [ RunTime:0.000460s ]
[ sql ] [ SQL ] SELECT `id`,`title`,`pic`,`brief`,`create_time`,`comment`,`like` FROM `pgt_article` WHERE  `is_del` = 0 [ RunTime:0.000130s ]
[ sql ] [ SQL ] SHOW COLUMNS FROM `pgt_config` [ RunTime:0.000402s ]
[ sql ] [ SQL ] SELECT `content` FROM `pgt_config` WHERE  `type` = 'about_us' LIMIT 1 [ RunTime:0.000124s ]
---------------------------------------------------------------
[ 2021-01-02T17:13:32+08:00 ] 47.100.36.216 GET pgtapi.cooov.com/
[运行时间：0.208848s] [吞吐率：4.79req/s] [内存消耗：2,920.37kb] [文件加载：61]
[ info ] [ LANG ] /www/wwwroot/peigongtang/thinkphp/lang/zh-cn.php
[ info ] [ BIND ] 'api'
[ info ] [ ROUTE ] array (
  'type' => 'module',
  'module' => 
  array (
    0 => 'api',
    1 => NULL,
    2 => NULL,
  ),
)
[ info ] [ HEADER ] array (
  'accept-encoding' => 'gzip',
  'connection' => 'Keep-Alive',
  'host' => 'pgtapi.cooov.com',
  'user-agent' => 'Mozilla/5.0 (X11; Ubuntu; Linux x86_64; rv:36.0) Gecko/20100101 Firefox/36.0',
  'content-type' => '',
  'content-length' => '',
)
[ info ] [ PARAM ] array (
)
[ info ] [ RUN ] app\api\controller\Index->index[ /www/wwwroot/peigongtang/application/api/controller/Index.php ]
[ info ] [ DB ] INIT mysql
[ info ] [ LOG ] INIT File
[ sql ] [ DB ] CONNECT:[ UseTime:0.008683s ] mysql:host=localhost;dbname=pgt;charset=utf8
[ sql ] [ SQL ] SHOW COLUMNS FROM `pgt_banner` [ RunTime:0.052392s ]
[ sql ] [ SQL ] SELECT `id`,`pic`,`url` FROM `pgt_banner` WHERE  `is_del` = 0 ORDER BY `order` DESC [ RunTime:0.019880s ]
[ sql ] [ SQL ] SHOW COLUMNS FROM `pgt_column` [ RunTime:0.000632s ]
[ sql ] [ SQL ] SELECT `id`,`title`,`brief` FROM `pgt_column` WHERE  `is_del` = 0 [ RunTime:0.000160s ]
[ sql ] [ SQL ] SHOW COLUMNS FROM `pgt_course` [ RunTime:0.000510s ]
[ sql ] [ SQL ] SELECT `id`,`title`,`pic`,`brief`,`create_time`,`original_price`,`present_price`,`type` FROM `pgt_course` WHERE  `is_del` = 0 ORDER BY `order` DESC [ RunTime:0.000176s ]
[ sql ] [ SQL ] SHOW COLUMNS FROM `pgt_article` [ RunTime:0.000457s ]
[ sql ] [ SQL ] SELECT `id`,`title`,`pic`,`brief`,`create_time`,`comment`,`like` FROM `pgt_article` WHERE  `is_del` = 0 [ RunTime:0.000135s ]
[ sql ] [ SQL ] SHOW COLUMNS FROM `pgt_config` [ RunTime:0.000439s ]
[ sql ] [ SQL ] SELECT `content` FROM `pgt_config` WHERE  `type` = 'about_us' LIMIT 1 [ RunTime:0.000130s ]
---------------------------------------------------------------
[ 2021-01-02T19:22:47+08:00 ] 209.17.97.50 GET pgtapi.cooov.com/
[运行时间：0.040134s] [吞吐率：24.92req/s] [内存消耗：2,920.16kb] [文件加载：61]
[ info ] [ LANG ] /www/wwwroot/peigongtang/thinkphp/lang/zh-cn.php
[ info ] [ BIND ] 'api'
[ info ] [ ROUTE ] array (
  'type' => 'module',
  'module' => 
  array (
    0 => 'api',
    1 => NULL,
    2 => NULL,
  ),
)
[ info ] [ HEADER ] array (
  'user-agent' => 'Mozilla/5.0 (compatible; Nimbostratus-Bot/v1.3.2; http://cloudsystemnetworks.com)',
  'host' => 'pgtapi.cooov.com',
  'content-type' => '',
  'content-length' => '',
)
[ info ] [ PARAM ] array (
)
[ info ] [ RUN ] app\api\controller\Index->index[ /www/wwwroot/peigongtang/application/api/controller/Index.php ]
[ info ] [ DB ] INIT mysql
[ info ] [ LOG ] INIT File
[ sql ] [ DB ] CONNECT:[ UseTime:0.000210s ] mysql:host=localhost;dbname=pgt;charset=utf8
[ sql ] [ SQL ] SHOW COLUMNS FROM `pgt_banner` [ RunTime:0.000625s ]
[ sql ] [ SQL ] SELECT `id`,`pic`,`url` FROM `pgt_banner` WHERE  `is_del` = 0 ORDER BY `order` DESC [ RunTime:0.000200s ]
[ sql ] [ SQL ] SHOW COLUMNS FROM `pgt_column` [ RunTime:0.000428s ]
[ sql ] [ SQL ] SELECT `id`,`title`,`brief` FROM `pgt_column` WHERE  `is_del` = 0 [ RunTime:0.000117s ]
[ sql ] [ SQL ] SHOW COLUMNS FROM `pgt_course` [ RunTime:0.000458s ]
[ sql ] [ SQL ] SELECT `id`,`title`,`pic`,`brief`,`create_time`,`original_price`,`present_price`,`type` FROM `pgt_course` WHERE  `is_del` = 0 ORDER BY `order` DESC [ RunTime:0.000150s ]
[ sql ] [ SQL ] SHOW COLUMNS FROM `pgt_article` [ RunTime:0.000432s ]
[ sql ] [ SQL ] SELECT `id`,`title`,`pic`,`brief`,`create_time`,`comment`,`like` FROM `pgt_article` WHERE  `is_del` = 0 [ RunTime:0.000141s ]
[ sql ] [ SQL ] SHOW COLUMNS FROM `pgt_config` [ RunTime:0.000372s ]
[ sql ] [ SQL ] SELECT `content` FROM `pgt_config` WHERE  `type` = 'about_us' LIMIT 1 [ RunTime:0.000116s ]
