---------------------------------------------------------------
[ 2021-01-03T17:23:33+08:00 ] 138.246.253.24 HEAD pgtadmin.cooov.com/
[运行时间：0.043174s] [吞吐率：23.16req/s] [内存消耗：2,944.80kb] [文件加载：56]
[ info ] [ LANG ] /www/wwwroot/peigongtang/thinkphp/lang/zh-cn.php
[ info ] [ BIND ] 'admin'
[ info ] [ ROUTE ] array (
  'type' => 'module',
  'module' => 
  array (
    0 => 'admin',
    1 => NULL,
    2 => NULL,
  ),
)
[ info ] [ HEADER ] array (
  'user-agent' => 'Mozilla/5.0 (Windows NT 6.1; Win64; x64) AppleWebKit/537.36 (KHTML, like Gecko) Chrome/40.0.2214.85 Safari/537.36',
  'host' => 'pgtadmin.cooov.com',
  'content-type' => '',
  'content-length' => '',
)
[ info ] [ PARAM ] array (
)
[ info ] [ DB ] INIT mysql
[ info ] [ LOG ] INIT File
[ sql ] [ DB ] CONNECT:[ UseTime:0.000223s ] mysql:host=localhost;dbname=pgt;charset=utf8
[ sql ] [ SQL ] SHOW COLUMNS FROM `pgt_admin_menu` [ RunTime:0.000614s ]
[ sql ] [ SQL ] SELECT * FROM `pgt_admin_menu` WHERE  `id` <> 135 ORDER BY `sort` ASC [ RunTime:0.000359s ]
[ sql ] [ SQL ] SELECT * FROM `pgt_admin_menu` WHERE  `url` LIKE '%Index/index%' LIMIT 1 [ RunTime:0.000204s ]
---------------------------------------------------------------
[ 2021-01-03T18:27:02+08:00 ] 209.17.97.10 GET pgtadmin.cooov.com/
[运行时间：0.028185s] [吞吐率：35.48req/s] [内存消耗：2,944.99kb] [文件加载：56]
[ info ] [ LANG ] /www/wwwroot/peigongtang/thinkphp/lang/zh-cn.php
[ info ] [ BIND ] 'admin'
[ info ] [ ROUTE ] array (
  'type' => 'module',
  'module' => 
  array (
    0 => 'admin',
    1 => NULL,
    2 => NULL,
  ),
)
[ info ] [ HEADER ] array (
  'user-agent' => 'Mozilla/5.0 (compatible; Nimbostratus-Bot/v1.3.2; http://cloudsystemnetworks.com)',
  'host' => 'pgtadmin.cooov.com',
  'content-type' => '',
  'content-length' => '',
)
[ info ] [ PARAM ] array (
)
[ info ] [ DB ] INIT mysql
[ info ] [ LOG ] INIT File
[ sql ] [ DB ] CONNECT:[ UseTime:0.000215s ] mysql:host=localhost;dbname=pgt;charset=utf8
[ sql ] [ SQL ] SHOW COLUMNS FROM `pgt_admin_menu` [ RunTime:0.000659s ]
[ sql ] [ SQL ] SELECT * FROM `pgt_admin_menu` WHERE  `id` <> 135 ORDER BY `sort` ASC [ RunTime:0.000422s ]
[ sql ] [ SQL ] SELECT * FROM `pgt_admin_menu` WHERE  `url` LIKE '%Index/index%' LIMIT 1 [ RunTime:0.000173s ]
---------------------------------------------------------------
[ 2021-01-03T19:35:59+08:00 ] 47.92.95.89 GET pgtadmin.cooov.com/
[运行时间：0.019720s] [吞吐率：50.71req/s] [内存消耗：2,945.20kb] [文件加载：56]
[ info ] [ LANG ] /www/wwwroot/peigongtang/thinkphp/lang/zh-cn.php
[ info ] [ BIND ] 'admin'
[ info ] [ ROUTE ] array (
  'type' => 'module',
  'module' => 
  array (
    0 => 'admin',
    1 => NULL,
    2 => NULL,
  ),
)
[ info ] [ HEADER ] array (
  'accept-encoding' => 'gzip',
  'connection' => 'Keep-Alive',
  'host' => 'pgtadmin.cooov.com',
  'user-agent' => 'Mozilla/5.0 chrome(windows nt/Windows NT;)Chrome',
  'content-type' => '',
  'content-length' => '',
)
[ info ] [ PARAM ] array (
)
[ info ] [ DB ] INIT mysql
[ info ] [ LOG ] INIT File
[ sql ] [ DB ] CONNECT:[ UseTime:0.000187s ] mysql:host=localhost;dbname=pgt;charset=utf8
[ sql ] [ SQL ] SHOW COLUMNS FROM `pgt_admin_menu` [ RunTime:0.000596s ]
[ sql ] [ SQL ] SELECT * FROM `pgt_admin_menu` WHERE  `id` <> 135 ORDER BY `sort` ASC [ RunTime:0.000382s ]
[ sql ] [ SQL ] SELECT * FROM `pgt_admin_menu` WHERE  `url` LIKE '%Index/index%' LIMIT 1 [ RunTime:0.000170s ]
---------------------------------------------------------------
[ 2021-01-03T19:36:00+08:00 ] 47.92.95.89 GET pgtadmin.cooov.com/Login/index
[运行时间：0.016661s] [吞吐率：60.02req/s] [内存消耗：1,854.88kb] [文件加载：51]
[ info ] [ LANG ] /www/wwwroot/peigongtang/thinkphp/lang/zh-cn.php
[ info ] [ BIND ] 'admin'
[ info ] [ ROUTE ] array (
  'type' => 'module',
  'module' => 
  array (
    0 => 'admin',
    1 => 'Login',
    2 => 'index',
  ),
)
[ info ] [ HEADER ] array (
  'accept-encoding' => 'gzip',
  'connection' => 'Keep-Alive',
  'host' => 'pgtadmin.cooov.com',
  'user-agent' => 'Mozilla/5.0 chrome(windows nt/Windows NT;)Chrome',
  'content-type' => '',
  'content-length' => '',
)
[ info ] [ PARAM ] array (
)
[ info ] [ RUN ] app\admin\controller\Login->index[ /www/wwwroot/peigongtang/application/admin/controller/Login.php ]
[ info ] [ VIEW ] /www/wwwroot/peigongtang/public/../application/admin/view/Login/index.html [ array (
  0 => 'uid',
) ]
[ info ] [ LOG ] INIT File
