---------------------------------------------------------------
[ 2021-01-23T20:20:01+08:00 ] 39.101.182.111 GET pgtapi.cooov.com/Notice/crontab
[运行时间：0.019843s] [吞吐率：50.40req/s] [内存消耗：2,624.91kb] [文件加载：55]
[ info ] [ LANG ] /www/wwwroot/peigongtang/thinkphp/lang/zh-cn.php
[ info ] [ BIND ] 'api'
[ info ] [ ROUTE ] array (
  'type' => 'module',
  'module' => 
  array (
    0 => 'api',
    1 => 'Notice',
    2 => 'crontab',
  ),
)
[ info ] [ HEADER ] array (
  'accept' => '*/*',
  'user-agent' => 'curl/7.61.1',
  'host' => 'pgtapi.cooov.com',
  'content-type' => '',
  'content-length' => '',
)
[ info ] [ PARAM ] array (
)
[ info ] [ RUN ] app\api\controller\Notice->crontab[ /www/wwwroot/peigongtang/application/api/controller/Notice.php ]
[ info ] [ DB ] INIT mysql
[ info ] [ LOG ] INIT File
[ sql ] [ DB ] CONNECT:[ UseTime:0.000183s ] mysql:host=localhost;dbname=pgt;charset=utf8
[ sql ] [ SQL ] SHOW COLUMNS FROM `pgt_course_node` [ RunTime:0.000647s ]
[ sql ] [ SQL ] SELECT * FROM `pgt_course_node` WHERE  `is_del` = 0  AND `type` = 1  AND `Live_state` = 0 [ RunTime:0.000256s ]
---------------------------------------------------------------
[ 2021-01-23T20:30:01+08:00 ] 39.101.182.111 GET pgtapi.cooov.com/Notice/crontab
[运行时间：0.032777s] [吞吐率：30.51req/s] [内存消耗：2,624.96kb] [文件加载：55]
[ info ] [ LANG ] /www/wwwroot/peigongtang/thinkphp/lang/zh-cn.php
[ info ] [ BIND ] 'api'
[ info ] [ ROUTE ] array (
  'type' => 'module',
  'module' => 
  array (
    0 => 'api',
    1 => 'Notice',
    2 => 'crontab',
  ),
)
[ info ] [ HEADER ] array (
  'accept' => '*/*',
  'user-agent' => 'curl/7.61.1',
  'host' => 'pgtapi.cooov.com',
  'content-type' => '',
  'content-length' => '',
)
[ info ] [ PARAM ] array (
)
[ info ] [ RUN ] app\api\controller\Notice->crontab[ /www/wwwroot/peigongtang/application/api/controller/Notice.php ]
[ info ] [ DB ] INIT mysql
[ info ] [ LOG ] INIT File
[ sql ] [ DB ] CONNECT:[ UseTime:0.000249s ] mysql:host=localhost;dbname=pgt;charset=utf8
[ sql ] [ SQL ] SHOW COLUMNS FROM `pgt_course_node` [ RunTime:0.005981s ]
[ sql ] [ SQL ] SELECT * FROM `pgt_course_node` WHERE  `is_del` = 0  AND `type` = 1  AND `Live_state` = 0 [ RunTime:0.000398s ]
---------------------------------------------------------------
[ 2021-01-23T20:30:22+08:00 ] 61.145.150.5 OPTIONS pgtapi.cooov.com/index/share
[运行时间：0.016520s] [吞吐率：60.53req/s] [内存消耗：1,779.30kb] [文件加载：47]
[ info ] [ LANG ] /www/wwwroot/peigongtang/thinkphp/lang/zh-cn.php
[ info ] [ BIND ] 'api'
[ info ] [ ROUTE ] array (
  'type' => 'module',
  'module' => 
  array (
    0 => 'api',
    1 => 'index',
    2 => 'share',
  ),
)
[ info ] [ HEADER ] array (
  'accept-language' => 'zh-CN,zh;q=0.9,en-US;q=0.8,en;q=0.7',
  'accept-encoding' => 'gzip, deflate, br',
  'referer' => 'https://pgt.cooov.com/pages/liveplayback/liveplayback?id=32',
  'sec-fetch-site' => 'same-site',
  'x-requested-with' => 'com.tencent.mm',
  'accept' => '*/*',
  'access-control-request-headers' => 'platform,token,uid',
  'user-agent' => 'Mozilla/5.0 (Linux; Android 10; M2002J9E Build/QKQ1.191222.002; wv) AppleWebKit/537.36 (KHTML, like Gecko) Version/4.0 Chrome/77.0.3865.120 MQQBrowser/6.2 TBS/045511 Mobile Safari/537.36 MMWEBID/3674 MicroMessenger/7.0.22.1820(0x2700163B) Process/tools WeChat/arm64 Weixin NetType/WIFI Language/zh_CN ABI/arm64',
  'origin' => 'https://pgt.cooov.com',
  'access-control-request-method' => 'POST',
  'sec-fetch-mode' => 'cors',
  'host' => 'pgtapi.cooov.com',
  'content-type' => '',
  'content-length' => '',
)
[ info ] [ PARAM ] array (
)
[ info ] [ LOG ] INIT File
---------------------------------------------------------------
[ 2021-01-23T20:30:22+08:00 ] 61.145.150.5 OPTIONS pgtapi.cooov.com/course/course_nodeDetails
[运行时间：0.016469s] [吞吐率：60.72req/s] [内存消耗：1,777.94kb] [文件加载：48]
[ info ] [ LANG ] /www/wwwroot/peigongtang/thinkphp/lang/zh-cn.php
[ info ] [ BIND ] 'api'
[ info ] [ ROUTE ] array (
  'type' => 'module',
  'module' => 
  array (
    0 => 'api',
    1 => 'course',
    2 => 'course_nodeDetails',
  ),
)
[ info ] [ HEADER ] array (
  'accept-language' => 'zh-CN,zh;q=0.9,en-US;q=0.8,en;q=0.7',
  'accept-encoding' => 'gzip, deflate, br',
  'referer' => 'https://pgt.cooov.com/pages/liveplayback/liveplayback?id=32',
  'sec-fetch-site' => 'same-site',
  'x-requested-with' => 'com.tencent.mm',
  'accept' => '*/*',
  'access-control-request-headers' => 'platform,token,uid',
  'user-agent' => 'Mozilla/5.0 (Linux; Android 10; M2002J9E Build/QKQ1.191222.002; wv) AppleWebKit/537.36 (KHTML, like Gecko) Version/4.0 Chrome/77.0.3865.120 MQQBrowser/6.2 TBS/045511 Mobile Safari/537.36 MMWEBID/3674 MicroMessenger/7.0.22.1820(0x2700163B) Process/tools WeChat/arm64 Weixin NetType/WIFI Language/zh_CN ABI/arm64',
  'origin' => 'https://pgt.cooov.com',
  'access-control-request-method' => 'POST',
  'sec-fetch-mode' => 'cors',
  'host' => 'pgtapi.cooov.com',
  'content-type' => '',
  'content-length' => '',
)
[ info ] [ PARAM ] array (
)
[ info ] [ LOG ] INIT File
---------------------------------------------------------------
[ 2021-01-23T20:30:22+08:00 ] 61.145.150.5 POST pgtapi.cooov.com/course/course_nodeDetails
[运行时间：0.029367s] [吞吐率：34.05req/s] [内存消耗：2,978.65kb] [文件加载：63]
[ info ] [ LANG ] /www/wwwroot/peigongtang/thinkphp/lang/zh-cn.php
[ info ] [ BIND ] 'api'
[ info ] [ ROUTE ] array (
  'type' => 'module',
  'module' => 
  array (
    0 => 'api',
    1 => 'course',
    2 => 'course_nodeDetails',
  ),
)
[ info ] [ HEADER ] array (
  'accept-language' => 'zh-CN,zh;q=0.9,en-US;q=0.8,en;q=0.7',
  'accept-encoding' => 'gzip, deflate, br',
  'referer' => 'https://pgt.cooov.com/pages/liveplayback/liveplayback?id=32',
  'sec-fetch-site' => 'same-site',
  'x-requested-with' => 'com.tencent.mm',
  'accept' => '*/*',
  'token' => '8dc31f0ee427e799f3aae00d1e752c2f',
  'platform' => 'mobile',
  'uid' => '57',
  'content-type' => 'application/x-www-form-urlencoded',
  'user-agent' => 'Mozilla/5.0 (Linux; Android 10; M2002J9E Build/QKQ1.191222.002; wv) AppleWebKit/537.36 (KHTML, like Gecko) Version/4.0 Chrome/77.0.3865.120 MQQBrowser/6.2 TBS/045511 Mobile Safari/537.36 MMWEBID/3674 MicroMessenger/7.0.22.1820(0x2700163B) Process/tools WeChat/arm64 Weixin NetType/WIFI Language/zh_CN ABI/arm64',
  'origin' => 'https://pgt.cooov.com',
  'sec-fetch-mode' => 'cors',
  'content-length' => '5',
  'host' => 'pgtapi.cooov.com',
)
[ info ] [ PARAM ] array (
  'id' => '32',
)
[ info ] [ DB ] INIT mysql
[ info ] [ CACHE ] INIT File
[ info ] [ RUN ] app\api\controller\Course->course_nodeDetails[ /www/wwwroot/peigongtang/application/api/controller/Course.php ]
[ info ] [ LOG ] INIT File
[ sql ] [ DB ] CONNECT:[ UseTime:0.000174s ] mysql:host=localhost;dbname=pgt;charset=utf8
[ sql ] [ SQL ] SHOW COLUMNS FROM `pgt_user` [ RunTime:0.000638s ]
[ sql ] [ SQL ] SELECT * FROM `pgt_user` WHERE  `id` = 57 LIMIT 1 [ RunTime:0.000230s ]
[ sql ] [ SQL ] SHOW COLUMNS FROM `pgt_course_node` [ RunTime:0.000506s ]
[ sql ] [ SQL ] SELECT * FROM `pgt_course_node` WHERE  `is_del` = 0  AND `id` = 32 LIMIT 1 [ RunTime:0.000173s ]
[ sql ] [ SQL ] SHOW COLUMNS FROM `pgt_user_course` [ RunTime:0.000385s ]
[ sql ] [ SQL ] SELECT * FROM `pgt_user_course` WHERE  `is_del` = 0  AND `user_id` = 57  AND `type` = 1  AND `course_id` = 5 LIMIT 1 [ RunTime:0.000140s ]
[ sql ] [ SQL ] UPDATE `pgt_course_node`  SET `hits`=`hits`+1  WHERE  `id` = 32 [ RunTime:0.001429s ]
[ sql ] [ SQL ] SHOW COLUMNS FROM `pgt_user_course_log` [ RunTime:0.000411s ]
[ sql ] [ SQL ] SELECT * FROM `pgt_user_course_log` WHERE  `user_id` = 57  AND `course_id` = 5  AND `course_node_id` = '32' LIMIT 1 [ RunTime:0.000185s ]
[ sql ] [ SQL ] UPDATE `pgt_user_course_log`  SET `time`=1611405022  WHERE  `id` = 170 [ RunTime:0.001134s ]
[ sql ] [ SQL ] SELECT `id`,`Live_state`,`live_url`,`title`,`broadcast_time`,`create_time`,`hits`,`type` FROM `pgt_course_node` WHERE  `is_del` = 0  AND `course_id` = 5 ORDER BY `order` [ RunTime:0.000193s ]
---------------------------------------------------------------
[ 2021-01-23T20:30:22+08:00 ] 61.145.150.5 OPTIONS pgtapi.cooov.com/my/index
[运行时间：0.012311s] [吞吐率：81.23req/s] [内存消耗：1,834.70kb] [文件加载：48]
[ info ] [ LANG ] /www/wwwroot/peigongtang/thinkphp/lang/zh-cn.php
[ info ] [ BIND ] 'api'
[ info ] [ ROUTE ] array (
  'type' => 'module',
  'module' => 
  array (
    0 => 'api',
    1 => 'my',
    2 => 'index',
  ),
)
[ info ] [ HEADER ] array (
  'accept-language' => 'zh-CN,zh;q=0.9,en-US;q=0.8,en;q=0.7',
  'accept-encoding' => 'gzip, deflate, br',
  'referer' => 'https://pgt.cooov.com/pages/liveplayback/liveplayback?id=32',
  'sec-fetch-site' => 'same-site',
  'x-requested-with' => 'com.tencent.mm',
  'accept' => '*/*',
  'access-control-request-headers' => 'platform,token,uid',
  'user-agent' => 'Mozilla/5.0 (Linux; Android 10; M2002J9E Build/QKQ1.191222.002; wv) AppleWebKit/537.36 (KHTML, like Gecko) Version/4.0 Chrome/77.0.3865.120 MQQBrowser/6.2 TBS/045511 Mobile Safari/537.36 MMWEBID/3674 MicroMessenger/7.0.22.1820(0x2700163B) Process/tools WeChat/arm64 Weixin NetType/WIFI Language/zh_CN ABI/arm64',
  'origin' => 'https://pgt.cooov.com',
  'access-control-request-method' => 'POST',
  'sec-fetch-mode' => 'cors',
  'host' => 'pgtapi.cooov.com',
  'content-type' => '',
  'content-length' => '',
)
[ info ] [ PARAM ] array (
)
[ info ] [ LOG ] INIT File
---------------------------------------------------------------
[ 2021-01-23T20:30:22+08:00 ] 61.145.150.5 POST pgtapi.cooov.com/my/index
[运行时间：0.020264s] [吞吐率：49.35req/s] [内存消耗：3,016.92kb] [文件加载：64]
[ info ] [ LANG ] /www/wwwroot/peigongtang/thinkphp/lang/zh-cn.php
[ info ] [ BIND ] 'api'
[ info ] [ ROUTE ] array (
  'type' => 'module',
  'module' => 
  array (
    0 => 'api',
    1 => 'my',
    2 => 'index',
  ),
)
[ info ] [ HEADER ] array (
  'accept-language' => 'zh-CN,zh;q=0.9,en-US;q=0.8,en;q=0.7',
  'accept-encoding' => 'gzip, deflate, br',
  'referer' => 'https://pgt.cooov.com/pages/liveplayback/liveplayback?id=32',
  'sec-fetch-site' => 'same-site',
  'x-requested-with' => 'com.tencent.mm',
  'accept' => '*/*',
  'token' => '8dc31f0ee427e799f3aae00d1e752c2f',
  'platform' => 'mobile',
  'uid' => '57',
  'content-type' => 'application/x-www-form-urlencoded',
  'user-agent' => 'Mozilla/5.0 (Linux; Android 10; M2002J9E Build/QKQ1.191222.002; wv) AppleWebKit/537.36 (KHTML, like Gecko) Version/4.0 Chrome/77.0.3865.120 MQQBrowser/6.2 TBS/045511 Mobile Safari/537.36 MMWEBID/3674 MicroMessenger/7.0.22.1820(0x2700163B) Process/tools WeChat/arm64 Weixin NetType/WIFI Language/zh_CN ABI/arm64',
  'origin' => 'https://pgt.cooov.com',
  'sec-fetch-mode' => 'cors',
  'content-length' => '0',
  'host' => 'pgtapi.cooov.com',
)
[ info ] [ PARAM ] array (
)
[ info ] [ DB ] INIT mysql
[ info ] [ CACHE ] INIT File
[ info ] [ RUN ] app\api\controller\My->index[ /www/wwwroot/peigongtang/application/api/controller/My.php ]
[ info ] [ LOG ] INIT File
[ sql ] [ DB ] CONNECT:[ UseTime:0.000176s ] mysql:host=localhost;dbname=pgt;charset=utf8
[ sql ] [ SQL ] SHOW COLUMNS FROM `pgt_user` [ RunTime:0.000652s ]
[ sql ] [ SQL ] SELECT * FROM `pgt_user` WHERE  `id` = 57 LIMIT 1 [ RunTime:0.000228s ]
[ sql ] [ SQL ] SELECT `nickname`,`mobile`,`headimg`,`money`,`point`,`user_lv`,`vip_begtime`,`vip_endtime` FROM `pgt_user` WHERE  `id` = 57 LIMIT 1 [ RunTime:0.000154s ]
---------------------------------------------------------------
[ 2021-01-23T20:30:23+08:00 ] 61.145.150.5 POST pgtapi.cooov.com/index/share
[运行时间：0.540769s] [吞吐率：1.85req/s] [内存消耗：1,859.73kb] [文件加载：52]
[ info ] [ LANG ] /www/wwwroot/peigongtang/thinkphp/lang/zh-cn.php
[ info ] [ BIND ] 'api'
[ info ] [ ROUTE ] array (
  'type' => 'module',
  'module' => 
  array (
    0 => 'api',
    1 => 'index',
    2 => 'share',
  ),
)
[ info ] [ HEADER ] array (
  'accept-language' => 'zh-CN,zh;q=0.9,en-US;q=0.8,en;q=0.7',
  'accept-encoding' => 'gzip, deflate, br',
  'referer' => 'https://pgt.cooov.com/pages/liveplayback/liveplayback?id=32',
  'sec-fetch-site' => 'same-site',
  'x-requested-with' => 'com.tencent.mm',
  'accept' => '*/*',
  'token' => '8dc31f0ee427e799f3aae00d1e752c2f',
  'platform' => 'mobile',
  'uid' => '57',
  'content-type' => 'application/x-www-form-urlencoded',
  'user-agent' => 'Mozilla/5.0 (Linux; Android 10; M2002J9E Build/QKQ1.191222.002; wv) AppleWebKit/537.36 (KHTML, like Gecko) Version/4.0 Chrome/77.0.3865.120 MQQBrowser/6.2 TBS/045511 Mobile Safari/537.36 MMWEBID/3674 MicroMessenger/7.0.22.1820(0x2700163B) Process/tools WeChat/arm64 Weixin NetType/WIFI Language/zh_CN ABI/arm64',
  'origin' => 'https://pgt.cooov.com',
  'sec-fetch-mode' => 'cors',
  'content-length' => '79',
  'host' => 'pgtapi.cooov.com',
)
[ info ] [ PARAM ] array (
  'url' => 'https://pgt.cooov.com/pages/liveplayback/liveplayback?id=32',
)
[ info ] [ RUN ] app\api\controller\Index->share[ /www/wwwroot/peigongtang/application/api/controller/Index.php ]
[ info ] [ LOG ] INIT File
---------------------------------------------------------------
[ 2021-01-23T20:40:02+08:00 ] 39.101.182.111 GET pgtapi.cooov.com/Notice/crontab
[运行时间：0.019727s] [吞吐率：50.69req/s] [内存消耗：2,624.96kb] [文件加载：55]
[ info ] [ LANG ] /www/wwwroot/peigongtang/thinkphp/lang/zh-cn.php
[ info ] [ BIND ] 'api'
[ info ] [ ROUTE ] array (
  'type' => 'module',
  'module' => 
  array (
    0 => 'api',
    1 => 'Notice',
    2 => 'crontab',
  ),
)
[ info ] [ HEADER ] array (
  'accept' => '*/*',
  'user-agent' => 'curl/7.61.1',
  'host' => 'pgtapi.cooov.com',
  'content-type' => '',
  'content-length' => '',
)
[ info ] [ PARAM ] array (
)
[ info ] [ RUN ] app\api\controller\Notice->crontab[ /www/wwwroot/peigongtang/application/api/controller/Notice.php ]
[ info ] [ DB ] INIT mysql
[ info ] [ LOG ] INIT File
[ sql ] [ DB ] CONNECT:[ UseTime:0.000176s ] mysql:host=localhost;dbname=pgt;charset=utf8
[ sql ] [ SQL ] SHOW COLUMNS FROM `pgt_course_node` [ RunTime:0.000642s ]
[ sql ] [ SQL ] SELECT * FROM `pgt_course_node` WHERE  `is_del` = 0  AND `type` = 1  AND `Live_state` = 0 [ RunTime:0.000261s ]
---------------------------------------------------------------
[ 2021-01-23T20:50:01+08:00 ] 39.101.182.111 GET pgtapi.cooov.com/Notice/crontab
[运行时间：0.018399s] [吞吐率：54.35req/s] [内存消耗：2,624.96kb] [文件加载：55]
[ info ] [ LANG ] /www/wwwroot/peigongtang/thinkphp/lang/zh-cn.php
[ info ] [ BIND ] 'api'
[ info ] [ ROUTE ] array (
  'type' => 'module',
  'module' => 
  array (
    0 => 'api',
    1 => 'Notice',
    2 => 'crontab',
  ),
)
[ info ] [ HEADER ] array (
  'accept' => '*/*',
  'user-agent' => 'curl/7.61.1',
  'host' => 'pgtapi.cooov.com',
  'content-type' => '',
  'content-length' => '',
)
[ info ] [ PARAM ] array (
)
[ info ] [ RUN ] app\api\controller\Notice->crontab[ /www/wwwroot/peigongtang/application/api/controller/Notice.php ]
[ info ] [ DB ] INIT mysql
[ info ] [ LOG ] INIT File
[ sql ] [ DB ] CONNECT:[ UseTime:0.000164s ] mysql:host=localhost;dbname=pgt;charset=utf8
[ sql ] [ SQL ] SHOW COLUMNS FROM `pgt_course_node` [ RunTime:0.000641s ]
[ sql ] [ SQL ] SELECT * FROM `pgt_course_node` WHERE  `is_del` = 0  AND `type` = 1  AND `Live_state` = 0 [ RunTime:0.000252s ]
---------------------------------------------------------------
[ 2021-01-23T21:00:01+08:00 ] 39.101.182.111 GET pgtapi.cooov.com/Notice/crontab
[运行时间：0.017658s] [吞吐率：56.63req/s] [内存消耗：2,624.96kb] [文件加载：55]
[ info ] [ LANG ] /www/wwwroot/peigongtang/thinkphp/lang/zh-cn.php
[ info ] [ BIND ] 'api'
[ info ] [ ROUTE ] array (
  'type' => 'module',
  'module' => 
  array (
    0 => 'api',
    1 => 'Notice',
    2 => 'crontab',
  ),
)
[ info ] [ HEADER ] array (
  'accept' => '*/*',
  'user-agent' => 'curl/7.61.1',
  'host' => 'pgtapi.cooov.com',
  'content-type' => '',
  'content-length' => '',
)
[ info ] [ PARAM ] array (
)
[ info ] [ RUN ] app\api\controller\Notice->crontab[ /www/wwwroot/peigongtang/application/api/controller/Notice.php ]
[ info ] [ DB ] INIT mysql
[ info ] [ LOG ] INIT File
[ sql ] [ DB ] CONNECT:[ UseTime:0.000187s ] mysql:host=localhost;dbname=pgt;charset=utf8
[ sql ] [ SQL ] SHOW COLUMNS FROM `pgt_course_node` [ RunTime:0.000649s ]
[ sql ] [ SQL ] SELECT * FROM `pgt_course_node` WHERE  `is_del` = 0  AND `type` = 1  AND `Live_state` = 0 [ RunTime:0.000273s ]
---------------------------------------------------------------
[ 2021-01-23T21:10:01+08:00 ] 39.101.182.111 GET pgtapi.cooov.com/Notice/crontab
[运行时间：0.018254s] [吞吐率：54.78req/s] [内存消耗：2,624.96kb] [文件加载：55]
[ info ] [ LANG ] /www/wwwroot/peigongtang/thinkphp/lang/zh-cn.php
[ info ] [ BIND ] 'api'
[ info ] [ ROUTE ] array (
  'type' => 'module',
  'module' => 
  array (
    0 => 'api',
    1 => 'Notice',
    2 => 'crontab',
  ),
)
[ info ] [ HEADER ] array (
  'accept' => '*/*',
  'user-agent' => 'curl/7.61.1',
  'host' => 'pgtapi.cooov.com',
  'content-type' => '',
  'content-length' => '',
)
[ info ] [ PARAM ] array (
)
[ info ] [ RUN ] app\api\controller\Notice->crontab[ /www/wwwroot/peigongtang/application/api/controller/Notice.php ]
[ info ] [ DB ] INIT mysql
[ info ] [ LOG ] INIT File
[ sql ] [ DB ] CONNECT:[ UseTime:0.000168s ] mysql:host=localhost;dbname=pgt;charset=utf8
[ sql ] [ SQL ] SHOW COLUMNS FROM `pgt_course_node` [ RunTime:0.000639s ]
[ sql ] [ SQL ] SELECT * FROM `pgt_course_node` WHERE  `is_del` = 0  AND `type` = 1  AND `Live_state` = 0 [ RunTime:0.000251s ]
---------------------------------------------------------------
[ 2021-01-23T21:20:01+08:00 ] 39.101.182.111 GET pgtapi.cooov.com/Notice/crontab
[运行时间：0.018467s] [吞吐率：54.15req/s] [内存消耗：2,624.96kb] [文件加载：55]
[ info ] [ LANG ] /www/wwwroot/peigongtang/thinkphp/lang/zh-cn.php
[ info ] [ BIND ] 'api'
[ info ] [ ROUTE ] array (
  'type' => 'module',
  'module' => 
  array (
    0 => 'api',
    1 => 'Notice',
    2 => 'crontab',
  ),
)
[ info ] [ HEADER ] array (
  'accept' => '*/*',
  'user-agent' => 'curl/7.61.1',
  'host' => 'pgtapi.cooov.com',
  'content-type' => '',
  'content-length' => '',
)
[ info ] [ PARAM ] array (
)
[ info ] [ RUN ] app\api\controller\Notice->crontab[ /www/wwwroot/peigongtang/application/api/controller/Notice.php ]
[ info ] [ DB ] INIT mysql
[ info ] [ LOG ] INIT File
[ sql ] [ DB ] CONNECT:[ UseTime:0.000197s ] mysql:host=localhost;dbname=pgt;charset=utf8
[ sql ] [ SQL ] SHOW COLUMNS FROM `pgt_course_node` [ RunTime:0.000669s ]
[ sql ] [ SQL ] SELECT * FROM `pgt_course_node` WHERE  `is_del` = 0  AND `type` = 1  AND `Live_state` = 0 [ RunTime:0.000262s ]
---------------------------------------------------------------
[ 2021-01-23T21:30:01+08:00 ] 39.101.182.111 GET pgtapi.cooov.com/Notice/crontab
[运行时间：0.035140s] [吞吐率：28.46req/s] [内存消耗：2,624.96kb] [文件加载：55]
[ info ] [ LANG ] /www/wwwroot/peigongtang/thinkphp/lang/zh-cn.php
[ info ] [ BIND ] 'api'
[ info ] [ ROUTE ] array (
  'type' => 'module',
  'module' => 
  array (
    0 => 'api',
    1 => 'Notice',
    2 => 'crontab',
  ),
)
[ info ] [ HEADER ] array (
  'accept' => '*/*',
  'user-agent' => 'curl/7.61.1',
  'host' => 'pgtapi.cooov.com',
  'content-type' => '',
  'content-length' => '',
)
[ info ] [ PARAM ] array (
)
[ info ] [ RUN ] app\api\controller\Notice->crontab[ /www/wwwroot/peigongtang/application/api/controller/Notice.php ]
[ info ] [ DB ] INIT mysql
[ info ] [ LOG ] INIT File
[ sql ] [ DB ] CONNECT:[ UseTime:0.001832s ] mysql:host=localhost;dbname=pgt;charset=utf8
[ sql ] [ SQL ] SHOW COLUMNS FROM `pgt_course_node` [ RunTime:0.000922s ]
[ sql ] [ SQL ] SELECT * FROM `pgt_course_node` WHERE  `is_del` = 0  AND `type` = 1  AND `Live_state` = 0 [ RunTime:0.000382s ]
---------------------------------------------------------------
[ 2021-01-23T21:40:01+08:00 ] 39.101.182.111 GET pgtapi.cooov.com/Notice/crontab
[运行时间：0.017761s] [吞吐率：56.30req/s] [内存消耗：2,624.96kb] [文件加载：55]
[ info ] [ LANG ] /www/wwwroot/peigongtang/thinkphp/lang/zh-cn.php
[ info ] [ BIND ] 'api'
[ info ] [ ROUTE ] array (
  'type' => 'module',
  'module' => 
  array (
    0 => 'api',
    1 => 'Notice',
    2 => 'crontab',
  ),
)
[ info ] [ HEADER ] array (
  'accept' => '*/*',
  'user-agent' => 'curl/7.61.1',
  'host' => 'pgtapi.cooov.com',
  'content-type' => '',
  'content-length' => '',
)
[ info ] [ PARAM ] array (
)
[ info ] [ RUN ] app\api\controller\Notice->crontab[ /www/wwwroot/peigongtang/application/api/controller/Notice.php ]
[ info ] [ DB ] INIT mysql
[ info ] [ LOG ] INIT File
[ sql ] [ DB ] CONNECT:[ UseTime:0.000182s ] mysql:host=localhost;dbname=pgt;charset=utf8
[ sql ] [ SQL ] SHOW COLUMNS FROM `pgt_course_node` [ RunTime:0.000630s ]
[ sql ] [ SQL ] SELECT * FROM `pgt_course_node` WHERE  `is_del` = 0  AND `type` = 1  AND `Live_state` = 0 [ RunTime:0.000270s ]
---------------------------------------------------------------
[ 2021-01-23T21:50:01+08:00 ] 39.101.182.111 GET pgtapi.cooov.com/Notice/crontab
[运行时间：0.018361s] [吞吐率：54.46req/s] [内存消耗：2,624.96kb] [文件加载：55]
[ info ] [ LANG ] /www/wwwroot/peigongtang/thinkphp/lang/zh-cn.php
[ info ] [ BIND ] 'api'
[ info ] [ ROUTE ] array (
  'type' => 'module',
  'module' => 
  array (
    0 => 'api',
    1 => 'Notice',
    2 => 'crontab',
  ),
)
[ info ] [ HEADER ] array (
  'accept' => '*/*',
  'user-agent' => 'curl/7.61.1',
  'host' => 'pgtapi.cooov.com',
  'content-type' => '',
  'content-length' => '',
)
[ info ] [ PARAM ] array (
)
[ info ] [ RUN ] app\api\controller\Notice->crontab[ /www/wwwroot/peigongtang/application/api/controller/Notice.php ]
[ info ] [ DB ] INIT mysql
[ info ] [ LOG ] INIT File
[ sql ] [ DB ] CONNECT:[ UseTime:0.000184s ] mysql:host=localhost;dbname=pgt;charset=utf8
[ sql ] [ SQL ] SHOW COLUMNS FROM `pgt_course_node` [ RunTime:0.000634s ]
[ sql ] [ SQL ] SELECT * FROM `pgt_course_node` WHERE  `is_del` = 0  AND `type` = 1  AND `Live_state` = 0 [ RunTime:0.000256s ]
---------------------------------------------------------------
[ 2021-01-23T22:00:01+08:00 ] 39.101.182.111 GET pgtapi.cooov.com/Notice/crontab
[运行时间：0.018850s] [吞吐率：53.05req/s] [内存消耗：2,624.96kb] [文件加载：55]
[ info ] [ LANG ] /www/wwwroot/peigongtang/thinkphp/lang/zh-cn.php
[ info ] [ BIND ] 'api'
[ info ] [ ROUTE ] array (
  'type' => 'module',
  'module' => 
  array (
    0 => 'api',
    1 => 'Notice',
    2 => 'crontab',
  ),
)
[ info ] [ HEADER ] array (
  'accept' => '*/*',
  'user-agent' => 'curl/7.61.1',
  'host' => 'pgtapi.cooov.com',
  'content-type' => '',
  'content-length' => '',
)
[ info ] [ PARAM ] array (
)
[ info ] [ RUN ] app\api\controller\Notice->crontab[ /www/wwwroot/peigongtang/application/api/controller/Notice.php ]
[ info ] [ DB ] INIT mysql
[ info ] [ LOG ] INIT File
[ sql ] [ DB ] CONNECT:[ UseTime:0.000189s ] mysql:host=localhost;dbname=pgt;charset=utf8
[ sql ] [ SQL ] SHOW COLUMNS FROM `pgt_course_node` [ RunTime:0.000681s ]
[ sql ] [ SQL ] SELECT * FROM `pgt_course_node` WHERE  `is_del` = 0  AND `type` = 1  AND `Live_state` = 0 [ RunTime:0.000322s ]
---------------------------------------------------------------
[ 2021-01-23T22:10:01+08:00 ] 39.101.182.111 GET pgtapi.cooov.com/Notice/crontab
[运行时间：0.018570s] [吞吐率：53.85req/s] [内存消耗：2,624.96kb] [文件加载：55]
[ info ] [ LANG ] /www/wwwroot/peigongtang/thinkphp/lang/zh-cn.php
[ info ] [ BIND ] 'api'
[ info ] [ ROUTE ] array (
  'type' => 'module',
  'module' => 
  array (
    0 => 'api',
    1 => 'Notice',
    2 => 'crontab',
  ),
)
[ info ] [ HEADER ] array (
  'accept' => '*/*',
  'user-agent' => 'curl/7.61.1',
  'host' => 'pgtapi.cooov.com',
  'content-type' => '',
  'content-length' => '',
)
[ info ] [ PARAM ] array (
)
[ info ] [ RUN ] app\api\controller\Notice->crontab[ /www/wwwroot/peigongtang/application/api/controller/Notice.php ]
[ info ] [ DB ] INIT mysql
[ info ] [ LOG ] INIT File
[ sql ] [ DB ] CONNECT:[ UseTime:0.000198s ] mysql:host=localhost;dbname=pgt;charset=utf8
[ sql ] [ SQL ] SHOW COLUMNS FROM `pgt_course_node` [ RunTime:0.000908s ]
[ sql ] [ SQL ] SELECT * FROM `pgt_course_node` WHERE  `is_del` = 0  AND `type` = 1  AND `Live_state` = 0 [ RunTime:0.000262s ]
---------------------------------------------------------------
[ 2021-01-23T22:13:25+08:00 ] 36.156.118.58 GET pgtapi.cooov.com/
[运行时间：0.011876s] [吞吐率：84.20req/s] [内存消耗：1,773.73kb] [文件加载：47]
[ info ] [ LANG ] /www/wwwroot/peigongtang/thinkphp/lang/zh-cn.php
[ info ] [ BIND ] 'api'
[ info ] [ ROUTE ] array (
  'type' => 'module',
  'module' => 
  array (
    0 => 'api',
    1 => NULL,
    2 => NULL,
  ),
)
[ info ] [ HEADER ] array (
  'connection' => 'keep-alive',
  'accept' => 'text/html,application/xhtml+xml,application/xml;q=0.9,image/avif,image/webp,image/apng,*/*;q=0.8,application/signed-exchange;v=b3;q=0.9',
  'accept-encoding' => 'gzip, deflate',
  'user-agent' => 'Dalvik/2.1.0 (Linux; U; Android 7.0; ZTE BA520 Build/MRA58K)',
  'host' => 'pgtapi.cooov.com',
  'content-type' => '',
  'content-length' => '',
)
[ info ] [ PARAM ] array (
)
[ info ] [ LOG ] INIT File
---------------------------------------------------------------
[ 2021-01-23T22:13:28+08:00 ] 36.156.118.58 GET pgtapi.cooov.com/
[运行时间：0.011904s] [吞吐率：84.01req/s] [内存消耗：1,773.73kb] [文件加载：47]
[ info ] [ LANG ] /www/wwwroot/peigongtang/thinkphp/lang/zh-cn.php
[ info ] [ BIND ] 'api'
[ info ] [ ROUTE ] array (
  'type' => 'module',
  'module' => 
  array (
    0 => 'api',
    1 => NULL,
    2 => NULL,
  ),
)
[ info ] [ HEADER ] array (
  'connection' => 'keep-alive',
  'accept' => 'text/html,application/xhtml+xml,application/xml;q=0.9,image/avif,image/webp,image/apng,*/*;q=0.8,application/signed-exchange;v=b3;q=0.9',
  'accept-encoding' => 'gzip, deflate',
  'user-agent' => 'Dalvik/2.1.0 (Linux; U; Android 7.0; ZTE BA520 Build/MRA58K)',
  'host' => 'pgtapi.cooov.com',
  'content-type' => '',
  'content-length' => '',
)
[ info ] [ PARAM ] array (
)
[ info ] [ LOG ] INIT File
---------------------------------------------------------------
[ 2021-01-23T22:20:01+08:00 ] 39.101.182.111 GET pgtapi.cooov.com/Notice/crontab
[运行时间：0.018283s] [吞吐率：54.70req/s] [内存消耗：2,624.96kb] [文件加载：55]
[ info ] [ LANG ] /www/wwwroot/peigongtang/thinkphp/lang/zh-cn.php
[ info ] [ BIND ] 'api'
[ info ] [ ROUTE ] array (
  'type' => 'module',
  'module' => 
  array (
    0 => 'api',
    1 => 'Notice',
    2 => 'crontab',
  ),
)
[ info ] [ HEADER ] array (
  'accept' => '*/*',
  'user-agent' => 'curl/7.61.1',
  'host' => 'pgtapi.cooov.com',
  'content-type' => '',
  'content-length' => '',
)
[ info ] [ PARAM ] array (
)
[ info ] [ RUN ] app\api\controller\Notice->crontab[ /www/wwwroot/peigongtang/application/api/controller/Notice.php ]
[ info ] [ DB ] INIT mysql
[ info ] [ LOG ] INIT File
[ sql ] [ DB ] CONNECT:[ UseTime:0.000185s ] mysql:host=localhost;dbname=pgt;charset=utf8
[ sql ] [ SQL ] SHOW COLUMNS FROM `pgt_course_node` [ RunTime:0.000664s ]
[ sql ] [ SQL ] SELECT * FROM `pgt_course_node` WHERE  `is_del` = 0  AND `type` = 1  AND `Live_state` = 0 [ RunTime:0.000261s ]
---------------------------------------------------------------
[ 2021-01-23T22:30:02+08:00 ] 39.101.182.111 GET pgtapi.cooov.com/Notice/crontab
[运行时间：0.065913s] [吞吐率：15.17req/s] [内存消耗：2,624.96kb] [文件加载：55]
[ info ] [ LANG ] /www/wwwroot/peigongtang/thinkphp/lang/zh-cn.php
[ info ] [ BIND ] 'api'
[ info ] [ ROUTE ] array (
  'type' => 'module',
  'module' => 
  array (
    0 => 'api',
    1 => 'Notice',
    2 => 'crontab',
  ),
)
[ info ] [ HEADER ] array (
  'accept' => '*/*',
  'user-agent' => 'curl/7.61.1',
  'host' => 'pgtapi.cooov.com',
  'content-type' => '',
  'content-length' => '',
)
[ info ] [ PARAM ] array (
)
[ info ] [ RUN ] app\api\controller\Notice->crontab[ /www/wwwroot/peigongtang/application/api/controller/Notice.php ]
[ info ] [ DB ] INIT mysql
[ info ] [ LOG ] INIT File
[ sql ] [ DB ] CONNECT:[ UseTime:0.007241s ] mysql:host=localhost;dbname=pgt;charset=utf8
[ sql ] [ SQL ] SHOW COLUMNS FROM `pgt_course_node` [ RunTime:0.000930s ]
[ sql ] [ SQL ] SELECT * FROM `pgt_course_node` WHERE  `is_del` = 0  AND `type` = 1  AND `Live_state` = 0 [ RunTime:0.000400s ]
---------------------------------------------------------------
[ 2021-01-23T22:40:01+08:00 ] 39.101.182.111 GET pgtapi.cooov.com/Notice/crontab
[运行时间：0.018175s] [吞吐率：55.02req/s] [内存消耗：2,624.96kb] [文件加载：55]
[ info ] [ LANG ] /www/wwwroot/peigongtang/thinkphp/lang/zh-cn.php
[ info ] [ BIND ] 'api'
[ info ] [ ROUTE ] array (
  'type' => 'module',
  'module' => 
  array (
    0 => 'api',
    1 => 'Notice',
    2 => 'crontab',
  ),
)
[ info ] [ HEADER ] array (
  'accept' => '*/*',
  'user-agent' => 'curl/7.61.1',
  'host' => 'pgtapi.cooov.com',
  'content-type' => '',
  'content-length' => '',
)
[ info ] [ PARAM ] array (
)
[ info ] [ RUN ] app\api\controller\Notice->crontab[ /www/wwwroot/peigongtang/application/api/controller/Notice.php ]
[ info ] [ DB ] INIT mysql
[ info ] [ LOG ] INIT File
[ sql ] [ DB ] CONNECT:[ UseTime:0.000182s ] mysql:host=localhost;dbname=pgt;charset=utf8
[ sql ] [ SQL ] SHOW COLUMNS FROM `pgt_course_node` [ RunTime:0.000627s ]
[ sql ] [ SQL ] SELECT * FROM `pgt_course_node` WHERE  `is_del` = 0  AND `type` = 1  AND `Live_state` = 0 [ RunTime:0.000271s ]
---------------------------------------------------------------
[ 2021-01-23T22:45:39+08:00 ] 117.136.40.255 OPTIONS pgtapi.cooov.com/my/index
[运行时间：0.018623s] [吞吐率：53.70req/s] [内存消耗：1,833.63kb] [文件加载：48]
[ info ] [ LANG ] /www/wwwroot/peigongtang/thinkphp/lang/zh-cn.php
[ info ] [ BIND ] 'api'
[ info ] [ ROUTE ] array (
  'type' => 'module',
  'module' => 
  array (
    0 => 'api',
    1 => 'my',
    2 => 'index',
  ),
)
[ info ] [ HEADER ] array (
  'accept-language' => 'zh-CN,zh;q=0.9,en-US;q=0.8,en;q=0.7',
  'accept-encoding' => 'gzip, deflate, br',
  'user-agent' => 'Mozilla/5.0 (Linux; Android 10; HD1900) AppleWebKit/537.36 (KHTML, like Gecko) Chrome/81.0.4044.117 Mobile Safari/537.36',
  'referer' => 'http://192.168.31.219:8080/pages/live/live?id=32',
  'sec-fetch-dest' => 'empty',
  'sec-fetch-site' => 'cross-site',
  'sec-fetch-mode' => 'cors',
  'origin' => 'http://192.168.31.219:8080',
  'access-control-request-headers' => 'platform,token,uid',
  'access-control-request-method' => 'POST',
  'accept' => '*/*',
  'host' => 'pgtapi.cooov.com',
  'content-type' => '',
  'content-length' => '',
)
[ info ] [ PARAM ] array (
)
[ info ] [ LOG ] INIT File
---------------------------------------------------------------
[ 2021-01-23T22:45:39+08:00 ] 117.136.40.255 OPTIONS pgtapi.cooov.com/course/course_nodeDetails
[运行时间：0.019688s] [吞吐率：50.79req/s] [内存消耗：1,776.86kb] [文件加载：48]
[ info ] [ LANG ] /www/wwwroot/peigongtang/thinkphp/lang/zh-cn.php
[ info ] [ BIND ] 'api'
[ info ] [ ROUTE ] array (
  'type' => 'module',
  'module' => 
  array (
    0 => 'api',
    1 => 'course',
    2 => 'course_nodeDetails',
  ),
)
[ info ] [ HEADER ] array (
  'accept-language' => 'zh-CN,zh;q=0.9,en-US;q=0.8,en;q=0.7',
  'accept-encoding' => 'gzip, deflate, br',
  'user-agent' => 'Mozilla/5.0 (Linux; Android 10; HD1900) AppleWebKit/537.36 (KHTML, like Gecko) Chrome/81.0.4044.117 Mobile Safari/537.36',
  'referer' => 'http://192.168.31.219:8080/pages/live/live?id=32',
  'sec-fetch-dest' => 'empty',
  'sec-fetch-site' => 'cross-site',
  'sec-fetch-mode' => 'cors',
  'origin' => 'http://192.168.31.219:8080',
  'access-control-request-headers' => 'platform,token,uid',
  'access-control-request-method' => 'POST',
  'accept' => '*/*',
  'host' => 'pgtapi.cooov.com',
  'content-type' => '',
  'content-length' => '',
)
[ info ] [ PARAM ] array (
)
[ info ] [ LOG ] INIT File
---------------------------------------------------------------
[ 2021-01-23T22:45:39+08:00 ] 117.136.40.255 OPTIONS pgtapi.cooov.com/index/share
[运行时间：0.036999s] [吞吐率：27.03req/s] [内存消耗：1,778.23kb] [文件加载：47]
[ info ] [ LANG ] /www/wwwroot/peigongtang/thinkphp/lang/zh-cn.php
[ info ] [ BIND ] 'api'
[ info ] [ ROUTE ] array (
  'type' => 'module',
  'module' => 
  array (
    0 => 'api',
    1 => 'index',
    2 => 'share',
  ),
)
[ info ] [ HEADER ] array (
  'accept-language' => 'zh-CN,zh;q=0.9,en-US;q=0.8,en;q=0.7',
  'accept-encoding' => 'gzip, deflate, br',
  'user-agent' => 'Mozilla/5.0 (Linux; Android 10; HD1900) AppleWebKit/537.36 (KHTML, like Gecko) Chrome/81.0.4044.117 Mobile Safari/537.36',
  'referer' => 'http://192.168.31.219:8080/pages/live/live?id=32',
  'sec-fetch-dest' => 'empty',
  'sec-fetch-site' => 'cross-site',
  'sec-fetch-mode' => 'cors',
  'origin' => 'http://192.168.31.219:8080',
  'access-control-request-headers' => 'platform,token,uid',
  'access-control-request-method' => 'POST',
  'accept' => '*/*',
  'host' => 'pgtapi.cooov.com',
  'content-type' => '',
  'content-length' => '',
)
[ info ] [ PARAM ] array (
)
[ info ] [ LOG ] INIT File
---------------------------------------------------------------
[ 2021-01-23T22:45:39+08:00 ] 117.136.40.255 POST pgtapi.cooov.com/buildtoken/getAccessToken
[运行时间：0.018345s] [吞吐率：54.51req/s] [内存消耗：1,852.60kb] [文件加载：52]
[ info ] [ LANG ] /www/wwwroot/peigongtang/thinkphp/lang/zh-cn.php
[ info ] [ BIND ] 'api'
[ info ] [ ROUTE ] array (
  'type' => 'module',
  'module' => 
  array (
    0 => 'api',
    1 => 'buildtoken',
    2 => 'getAccessToken',
  ),
)
[ info ] [ HEADER ] array (
  'accept-language' => 'zh-CN,zh;q=0.9,en-US;q=0.8,en;q=0.7',
  'accept-encoding' => 'gzip, deflate, br',
  'referer' => 'http://192.168.31.219:8080/pages/live/live?id=32',
  'sec-fetch-dest' => 'empty',
  'sec-fetch-mode' => 'cors',
  'sec-fetch-site' => 'cross-site',
  'origin' => 'http://192.168.31.219:8080',
  'accept' => '*/*',
  'content-type' => 'application/x-www-form-urlencoded',
  'user-agent' => 'Mozilla/5.0 (Linux; Android 10; HD1900) AppleWebKit/537.36 (KHTML, like Gecko) Chrome/81.0.4044.117 Mobile Safari/537.36',
  'content-length' => '90',
  'host' => 'pgtapi.cooov.com',
)
[ info ] [ PARAM ] array (
  'timestamp' => '1611413139',
  'app_id' => '49789999',
  'user_id' => '41',
  'signature' => '28a55354d075cecc285acca5b9454fc4',
)
[ info ] [ RUN ] app\api\controller\Buildtoken->getAccessToken[ /www/wwwroot/peigongtang/application/api/controller/Buildtoken.php ]
[ info ] [ CACHE ] INIT File
[ info ] [ LOG ] INIT File
---------------------------------------------------------------
[ 2021-01-23T22:45:55+08:00 ] 117.136.40.255 OPTIONS pgtapi.cooov.com/index/share
[运行时间：0.018283s] [吞吐率：54.70req/s] [内存消耗：1,778.23kb] [文件加载：47]
[ info ] [ LANG ] /www/wwwroot/peigongtang/thinkphp/lang/zh-cn.php
[ info ] [ BIND ] 'api'
[ info ] [ ROUTE ] array (
  'type' => 'module',
  'module' => 
  array (
    0 => 'api',
    1 => 'index',
    2 => 'share',
  ),
)
[ info ] [ HEADER ] array (
  'accept-language' => 'zh-CN,zh;q=0.9,en-US;q=0.8,en;q=0.7',
  'accept-encoding' => 'gzip, deflate, br',
  'user-agent' => 'Mozilla/5.0 (Linux; Android 10; HD1900) AppleWebKit/537.36 (KHTML, like Gecko) Chrome/81.0.4044.117 Mobile Safari/537.36',
  'referer' => 'http://192.168.31.219:8080/',
  'sec-fetch-dest' => 'empty',
  'sec-fetch-site' => 'cross-site',
  'sec-fetch-mode' => 'cors',
  'origin' => 'http://192.168.31.219:8080',
  'access-control-request-headers' => 'platform,token,uid',
  'access-control-request-method' => 'POST',
  'accept' => '*/*',
  'host' => 'pgtapi.cooov.com',
  'content-type' => '',
  'content-length' => '',
)
[ info ] [ PARAM ] array (
)
[ info ] [ LOG ] INIT File
---------------------------------------------------------------
[ 2021-01-23T22:45:55+08:00 ] 117.136.40.255 POST pgtapi.cooov.com/buildtoken/getAccessToken
[运行时间：0.019295s] [吞吐率：51.83req/s] [内存消耗：1,852.48kb] [文件加载：52]
[ info ] [ LANG ] /www/wwwroot/peigongtang/thinkphp/lang/zh-cn.php
[ info ] [ BIND ] 'api'
[ info ] [ ROUTE ] array (
  'type' => 'module',
  'module' => 
  array (
    0 => 'api',
    1 => 'buildtoken',
    2 => 'getAccessToken',
  ),
)
[ info ] [ HEADER ] array (
  'accept-language' => 'zh-CN,zh;q=0.9,en-US;q=0.8,en;q=0.7',
  'accept-encoding' => 'gzip, deflate, br',
  'referer' => 'http://192.168.31.219:8080/',
  'sec-fetch-dest' => 'empty',
  'sec-fetch-mode' => 'cors',
  'sec-fetch-site' => 'cross-site',
  'origin' => 'http://192.168.31.219:8080',
  'accept' => '*/*',
  'content-type' => 'application/x-www-form-urlencoded',
  'user-agent' => 'Mozilla/5.0 (Linux; Android 10; HD1900) AppleWebKit/537.36 (KHTML, like Gecko) Chrome/81.0.4044.117 Mobile Safari/537.36',
  'content-length' => '90',
  'host' => 'pgtapi.cooov.com',
)
[ info ] [ PARAM ] array (
  'timestamp' => '1611413156',
  'app_id' => '49789999',
  'user_id' => '41',
  'signature' => 'f04d1d5709471046a29494c69d098c91',
)
[ info ] [ RUN ] app\api\controller\Buildtoken->getAccessToken[ /www/wwwroot/peigongtang/application/api/controller/Buildtoken.php ]
[ info ] [ CACHE ] INIT File
[ info ] [ LOG ] INIT File
---------------------------------------------------------------
[ 2021-01-23T22:45:55+08:00 ] 117.136.40.255 OPTIONS pgtapi.cooov.com/index/index
[运行时间：0.030194s] [吞吐率：33.12req/s] [内存消耗：1,778.23kb] [文件加载：47]
[ info ] [ LANG ] /www/wwwroot/peigongtang/thinkphp/lang/zh-cn.php
[ info ] [ BIND ] 'api'
[ info ] [ ROUTE ] array (
  'type' => 'module',
  'module' => 
  array (
    0 => 'api',
    1 => 'index',
    2 => 'index',
  ),
)
[ info ] [ HEADER ] array (
  'accept-language' => 'zh-CN,zh;q=0.9,en-US;q=0.8,en;q=0.7',
  'accept-encoding' => 'gzip, deflate, br',
  'user-agent' => 'Mozilla/5.0 (Linux; Android 10; HD1900) AppleWebKit/537.36 (KHTML, like Gecko) Chrome/81.0.4044.117 Mobile Safari/537.36',
  'referer' => 'http://192.168.31.219:8080/',
  'sec-fetch-dest' => 'empty',
  'sec-fetch-site' => 'cross-site',
  'sec-fetch-mode' => 'cors',
  'origin' => 'http://192.168.31.219:8080',
  'access-control-request-headers' => 'platform,token,uid',
  'access-control-request-method' => 'POST',
  'accept' => '*/*',
  'host' => 'pgtapi.cooov.com',
  'content-type' => '',
  'content-length' => '',
)
[ info ] [ PARAM ] array (
)
[ info ] [ LOG ] INIT File
---------------------------------------------------------------
[ 2021-01-23T22:46:11+08:00 ] 36.156.118.58 GET pgtapi.cooov.com/
[运行时间：0.011914s] [吞吐率：83.93req/s] [内存消耗：1,773.73kb] [文件加载：47]
[ info ] [ LANG ] /www/wwwroot/peigongtang/thinkphp/lang/zh-cn.php
[ info ] [ BIND ] 'api'
[ info ] [ ROUTE ] array (
  'type' => 'module',
  'module' => 
  array (
    0 => 'api',
    1 => NULL,
    2 => NULL,
  ),
)
[ info ] [ HEADER ] array (
  'connection' => 'keep-alive',
  'accept' => 'text/html,application/xhtml+xml,application/xml;q=0.9,image/avif,image/webp,image/apng,*/*;q=0.8,application/signed-exchange;v=b3;q=0.9',
  'accept-encoding' => 'gzip, deflate',
  'user-agent' => 'Dalvik/2.1.0 (Linux; U; Android 7.0; ZTE BA520 Build/MRA58K)',
  'host' => 'pgtapi.cooov.com',
  'content-type' => '',
  'content-length' => '',
)
[ info ] [ PARAM ] array (
)
[ info ] [ LOG ] INIT File
---------------------------------------------------------------
[ 2021-01-23T22:46:41+08:00 ] 117.136.40.255 POST pgtapi.cooov.com/buildtoken/getAccessToken
[运行时间：0.012916s] [吞吐率：77.42req/s] [内存消耗：1,852.48kb] [文件加载：52]
[ info ] [ LANG ] /www/wwwroot/peigongtang/thinkphp/lang/zh-cn.php
[ info ] [ BIND ] 'api'
[ info ] [ ROUTE ] array (
  'type' => 'module',
  'module' => 
  array (
    0 => 'api',
    1 => 'buildtoken',
    2 => 'getAccessToken',
  ),
)
[ info ] [ HEADER ] array (
  'accept-language' => 'zh-CN,zh;q=0.9,en-US;q=0.8,en;q=0.7',
  'accept-encoding' => 'gzip, deflate, br',
  'referer' => 'http://192.168.31.219:8080/',
  'sec-fetch-dest' => 'empty',
  'sec-fetch-mode' => 'cors',
  'sec-fetch-site' => 'cross-site',
  'origin' => 'http://192.168.31.219:8080',
  'accept' => '*/*',
  'content-type' => 'application/x-www-form-urlencoded',
  'user-agent' => 'Mozilla/5.0 (Linux; Android 10; HD1900) AppleWebKit/537.36 (KHTML, like Gecko) Chrome/81.0.4044.117 Mobile Safari/537.36',
  'content-length' => '90',
  'host' => 'pgtapi.cooov.com',
)
[ info ] [ PARAM ] array (
  'timestamp' => '1611413203',
  'app_id' => '49789999',
  'user_id' => '41',
  'signature' => 'e96c1ab0a57f37faf080f529232a3f74',
)
[ info ] [ RUN ] app\api\controller\Buildtoken->getAccessToken[ /www/wwwroot/peigongtang/application/api/controller/Buildtoken.php ]
[ info ] [ CACHE ] INIT File
[ info ] [ LOG ] INIT File
---------------------------------------------------------------
[ 2021-01-23T22:46:41+08:00 ] 117.136.40.255 OPTIONS pgtapi.cooov.com/index/index
[运行时间：0.011370s] [吞吐率：87.95req/s] [内存消耗：1,778.23kb] [文件加载：47]
[ info ] [ LANG ] /www/wwwroot/peigongtang/thinkphp/lang/zh-cn.php
[ info ] [ BIND ] 'api'
[ info ] [ ROUTE ] array (
  'type' => 'module',
  'module' => 
  array (
    0 => 'api',
    1 => 'index',
    2 => 'index',
  ),
)
[ info ] [ HEADER ] array (
  'accept-language' => 'zh-CN,zh;q=0.9,en-US;q=0.8,en;q=0.7',
  'accept-encoding' => 'gzip, deflate, br',
  'user-agent' => 'Mozilla/5.0 (Linux; Android 10; HD1900) AppleWebKit/537.36 (KHTML, like Gecko) Chrome/81.0.4044.117 Mobile Safari/537.36',
  'referer' => 'http://192.168.31.219:8080/',
  'sec-fetch-dest' => 'empty',
  'sec-fetch-site' => 'cross-site',
  'sec-fetch-mode' => 'cors',
  'origin' => 'http://192.168.31.219:8080',
  'access-control-request-headers' => 'platform,token,uid',
  'access-control-request-method' => 'POST',
  'accept' => '*/*',
  'host' => 'pgtapi.cooov.com',
  'content-type' => '',
  'content-length' => '',
)
[ info ] [ PARAM ] array (
)
[ info ] [ LOG ] INIT File
---------------------------------------------------------------
[ 2021-01-23T22:46:41+08:00 ] 117.136.40.255 OPTIONS pgtapi.cooov.com/index/share
[运行时间：0.011710s] [吞吐率：85.40req/s] [内存消耗：1,778.23kb] [文件加载：47]
[ info ] [ LANG ] /www/wwwroot/peigongtang/thinkphp/lang/zh-cn.php
[ info ] [ BIND ] 'api'
[ info ] [ ROUTE ] array (
  'type' => 'module',
  'module' => 
  array (
    0 => 'api',
    1 => 'index',
    2 => 'share',
  ),
)
[ info ] [ HEADER ] array (
  'accept-language' => 'zh-CN,zh;q=0.9,en-US;q=0.8,en;q=0.7',
  'accept-encoding' => 'gzip, deflate, br',
  'user-agent' => 'Mozilla/5.0 (Linux; Android 10; HD1900) AppleWebKit/537.36 (KHTML, like Gecko) Chrome/81.0.4044.117 Mobile Safari/537.36',
  'referer' => 'http://192.168.31.219:8080/',
  'sec-fetch-dest' => 'empty',
  'sec-fetch-site' => 'cross-site',
  'sec-fetch-mode' => 'cors',
  'origin' => 'http://192.168.31.219:8080',
  'access-control-request-headers' => 'platform,token,uid',
  'access-control-request-method' => 'POST',
  'accept' => '*/*',
  'host' => 'pgtapi.cooov.com',
  'content-type' => '',
  'content-length' => '',
)
[ info ] [ PARAM ] array (
)
[ info ] [ LOG ] INIT File
---------------------------------------------------------------
[ 2021-01-23T22:50:01+08:00 ] 39.101.182.111 GET pgtapi.cooov.com/Notice/crontab
[运行时间：0.025790s] [吞吐率：38.77req/s] [内存消耗：2,624.96kb] [文件加载：55]
[ info ] [ LANG ] /www/wwwroot/peigongtang/thinkphp/lang/zh-cn.php
[ info ] [ BIND ] 'api'
[ info ] [ ROUTE ] array (
  'type' => 'module',
  'module' => 
  array (
    0 => 'api',
    1 => 'Notice',
    2 => 'crontab',
  ),
)
[ info ] [ HEADER ] array (
  'accept' => '*/*',
  'user-agent' => 'curl/7.61.1',
  'host' => 'pgtapi.cooov.com',
  'content-type' => '',
  'content-length' => '',
)
[ info ] [ PARAM ] array (
)
[ info ] [ RUN ] app\api\controller\Notice->crontab[ /www/wwwroot/peigongtang/application/api/controller/Notice.php ]
[ info ] [ DB ] INIT mysql
[ info ] [ LOG ] INIT File
[ sql ] [ DB ] CONNECT:[ UseTime:0.000233s ] mysql:host=localhost;dbname=pgt;charset=utf8
[ sql ] [ SQL ] SHOW COLUMNS FROM `pgt_course_node` [ RunTime:0.000963s ]
[ sql ] [ SQL ] SELECT * FROM `pgt_course_node` WHERE  `is_del` = 0  AND `type` = 1  AND `Live_state` = 0 [ RunTime:0.000392s ]
---------------------------------------------------------------
[ 2021-01-23T22:55:36+08:00 ] 36.156.118.58 GET pgtapi.cooov.com/
[运行时间：0.012008s] [吞吐率：83.28req/s] [内存消耗：1,773.98kb] [文件加载：47]
[ info ] [ LANG ] /www/wwwroot/peigongtang/thinkphp/lang/zh-cn.php
[ info ] [ BIND ] 'api'
[ info ] [ ROUTE ] array (
  'type' => 'module',
  'module' => 
  array (
    0 => 'api',
    1 => NULL,
    2 => NULL,
  ),
)
[ info ] [ HEADER ] array (
  'connection' => 'keep-alive',
  'accept' => 'text/html,application/xhtml+xml,application/xml;q=0.9,image/avif,image/webp,image/apng,*/*;q=0.8,application/signed-exchange;v=b3;q=0.9',
  'accept-encoding' => 'gzip, deflate',
  'user-agent' => 'Mozilla/5.0 (Macintosh; Intel Mac OS X 10_11) AppleWebKit/601.1.27 (KHTML, like Gecko) Chrome/47.0.2526.106 Safari/601.1.27',
  'host' => 'pgtapi.cooov.com',
  'content-type' => '',
  'content-length' => '',
)
[ info ] [ PARAM ] array (
)
[ info ] [ LOG ] INIT File
---------------------------------------------------------------
[ 2021-01-23T22:55:38+08:00 ] 36.156.118.58 GET pgtapi.cooov.com/
[运行时间：0.012197s] [吞吐率：81.99req/s] [内存消耗：1,773.98kb] [文件加载：47]
[ info ] [ LANG ] /www/wwwroot/peigongtang/thinkphp/lang/zh-cn.php
[ info ] [ BIND ] 'api'
[ info ] [ ROUTE ] array (
  'type' => 'module',
  'module' => 
  array (
    0 => 'api',
    1 => NULL,
    2 => NULL,
  ),
)
[ info ] [ HEADER ] array (
  'connection' => 'keep-alive',
  'accept' => 'text/html,application/xhtml+xml,application/xml;q=0.9,image/avif,image/webp,image/apng,*/*;q=0.8,application/signed-exchange;v=b3;q=0.9',
  'accept-encoding' => 'gzip, deflate',
  'user-agent' => 'Mozilla/5.0 (Macintosh; Intel Mac OS X 10_11) AppleWebKit/601.1.27 (KHTML, like Gecko) Chrome/47.0.2526.106 Safari/601.1.27',
  'host' => 'pgtapi.cooov.com',
  'content-type' => '',
  'content-length' => '',
)
[ info ] [ PARAM ] array (
)
[ info ] [ LOG ] INIT File
---------------------------------------------------------------
[ 2021-01-23T23:00:01+08:00 ] 39.101.182.111 GET pgtapi.cooov.com/Notice/crontab
[运行时间：0.018277s] [吞吐率：54.71req/s] [内存消耗：2,624.96kb] [文件加载：55]
[ info ] [ LANG ] /www/wwwroot/peigongtang/thinkphp/lang/zh-cn.php
[ info ] [ BIND ] 'api'
[ info ] [ ROUTE ] array (
  'type' => 'module',
  'module' => 
  array (
    0 => 'api',
    1 => 'Notice',
    2 => 'crontab',
  ),
)
[ info ] [ HEADER ] array (
  'accept' => '*/*',
  'user-agent' => 'curl/7.61.1',
  'host' => 'pgtapi.cooov.com',
  'content-type' => '',
  'content-length' => '',
)
[ info ] [ PARAM ] array (
)
[ info ] [ RUN ] app\api\controller\Notice->crontab[ /www/wwwroot/peigongtang/application/api/controller/Notice.php ]
[ info ] [ DB ] INIT mysql
[ info ] [ LOG ] INIT File
[ sql ] [ DB ] CONNECT:[ UseTime:0.000179s ] mysql:host=localhost;dbname=pgt;charset=utf8
[ sql ] [ SQL ] SHOW COLUMNS FROM `pgt_course_node` [ RunTime:0.000640s ]
[ sql ] [ SQL ] SELECT * FROM `pgt_course_node` WHERE  `is_del` = 0  AND `type` = 1  AND `Live_state` = 0 [ RunTime:0.000275s ]
---------------------------------------------------------------
[ 2021-01-23T23:10:01+08:00 ] 39.101.182.111 GET pgtapi.cooov.com/Notice/crontab
[运行时间：0.018334s] [吞吐率：54.54req/s] [内存消耗：2,624.96kb] [文件加载：55]
[ info ] [ LANG ] /www/wwwroot/peigongtang/thinkphp/lang/zh-cn.php
[ info ] [ BIND ] 'api'
[ info ] [ ROUTE ] array (
  'type' => 'module',
  'module' => 
  array (
    0 => 'api',
    1 => 'Notice',
    2 => 'crontab',
  ),
)
[ info ] [ HEADER ] array (
  'accept' => '*/*',
  'user-agent' => 'curl/7.61.1',
  'host' => 'pgtapi.cooov.com',
  'content-type' => '',
  'content-length' => '',
)
[ info ] [ PARAM ] array (
)
[ info ] [ RUN ] app\api\controller\Notice->crontab[ /www/wwwroot/peigongtang/application/api/controller/Notice.php ]
[ info ] [ DB ] INIT mysql
[ info ] [ LOG ] INIT File
[ sql ] [ DB ] CONNECT:[ UseTime:0.000181s ] mysql:host=localhost;dbname=pgt;charset=utf8
[ sql ] [ SQL ] SHOW COLUMNS FROM `pgt_course_node` [ RunTime:0.000664s ]
[ sql ] [ SQL ] SELECT * FROM `pgt_course_node` WHERE  `is_del` = 0  AND `type` = 1  AND `Live_state` = 0 [ RunTime:0.000262s ]
---------------------------------------------------------------
[ 2021-01-23T23:11:55+08:00 ] 36.156.118.58 GET pgtapi.cooov.com/
[运行时间：0.012054s] [吞吐率：82.96req/s] [内存消耗：1,773.98kb] [文件加载：47]
[ info ] [ LANG ] /www/wwwroot/peigongtang/thinkphp/lang/zh-cn.php
[ info ] [ BIND ] 'api'
[ info ] [ ROUTE ] array (
  'type' => 'module',
  'module' => 
  array (
    0 => 'api',
    1 => NULL,
    2 => NULL,
  ),
)
[ info ] [ HEADER ] array (
  'connection' => 'keep-alive',
  'accept' => 'text/html,application/xhtml+xml,application/xml;q=0.9,image/avif,image/webp,image/apng,*/*;q=0.8,application/signed-exchange;v=b3;q=0.9',
  'accept-encoding' => 'gzip, deflate',
  'user-agent' => 'Mozilla/5.0 (Macintosh; Intel Mac OS X 10_11) AppleWebKit/601.1.27 (KHTML, like Gecko) Chrome/47.0.2526.106 Safari/601.1.27',
  'host' => 'pgtapi.cooov.com',
  'content-type' => '',
  'content-length' => '',
)
[ info ] [ PARAM ] array (
)
[ info ] [ LOG ] INIT File
---------------------------------------------------------------
[ 2021-01-23T23:11:57+08:00 ] 36.156.118.58 GET pgtapi.cooov.com/
[运行时间：0.011737s] [吞吐率：85.20req/s] [内存消耗：1,773.98kb] [文件加载：47]
[ info ] [ LANG ] /www/wwwroot/peigongtang/thinkphp/lang/zh-cn.php
[ info ] [ BIND ] 'api'
[ info ] [ ROUTE ] array (
  'type' => 'module',
  'module' => 
  array (
    0 => 'api',
    1 => NULL,
    2 => NULL,
  ),
)
[ info ] [ HEADER ] array (
  'connection' => 'keep-alive',
  'accept' => 'text/html,application/xhtml+xml,application/xml;q=0.9,image/avif,image/webp,image/apng,*/*;q=0.8,application/signed-exchange;v=b3;q=0.9',
  'accept-encoding' => 'gzip, deflate',
  'user-agent' => 'Mozilla/5.0 (Macintosh; Intel Mac OS X 10_11) AppleWebKit/601.1.27 (KHTML, like Gecko) Chrome/47.0.2526.106 Safari/601.1.27',
  'host' => 'pgtapi.cooov.com',
  'content-type' => '',
  'content-length' => '',
)
[ info ] [ PARAM ] array (
)
[ info ] [ LOG ] INIT File
---------------------------------------------------------------
[ 2021-01-23T23:20:02+08:00 ] 39.101.182.111 GET pgtapi.cooov.com/Notice/crontab
[运行时间：0.017965s] [吞吐率：55.66req/s] [内存消耗：2,624.96kb] [文件加载：55]
[ info ] [ LANG ] /www/wwwroot/peigongtang/thinkphp/lang/zh-cn.php
[ info ] [ BIND ] 'api'
[ info ] [ ROUTE ] array (
  'type' => 'module',
  'module' => 
  array (
    0 => 'api',
    1 => 'Notice',
    2 => 'crontab',
  ),
)
[ info ] [ HEADER ] array (
  'accept' => '*/*',
  'user-agent' => 'curl/7.61.1',
  'host' => 'pgtapi.cooov.com',
  'content-type' => '',
  'content-length' => '',
)
[ info ] [ PARAM ] array (
)
[ info ] [ RUN ] app\api\controller\Notice->crontab[ /www/wwwroot/peigongtang/application/api/controller/Notice.php ]
[ info ] [ DB ] INIT mysql
[ info ] [ LOG ] INIT File
[ sql ] [ DB ] CONNECT:[ UseTime:0.000192s ] mysql:host=localhost;dbname=pgt;charset=utf8
[ sql ] [ SQL ] SHOW COLUMNS FROM `pgt_course_node` [ RunTime:0.000631s ]
[ sql ] [ SQL ] SELECT * FROM `pgt_course_node` WHERE  `is_del` = 0  AND `type` = 1  AND `Live_state` = 0 [ RunTime:0.000260s ]
---------------------------------------------------------------
[ 2021-01-23T23:30:01+08:00 ] 39.101.182.111 GET pgtapi.cooov.com/Notice/crontab
[运行时间：0.049901s] [吞吐率：20.04req/s] [内存消耗：2,624.96kb] [文件加载：55]
[ info ] [ LANG ] /www/wwwroot/peigongtang/thinkphp/lang/zh-cn.php
[ info ] [ BIND ] 'api'
[ info ] [ ROUTE ] array (
  'type' => 'module',
  'module' => 
  array (
    0 => 'api',
    1 => 'Notice',
    2 => 'crontab',
  ),
)
[ info ] [ HEADER ] array (
  'accept' => '*/*',
  'user-agent' => 'curl/7.61.1',
  'host' => 'pgtapi.cooov.com',
  'content-type' => '',
  'content-length' => '',
)
[ info ] [ PARAM ] array (
)
[ info ] [ RUN ] app\api\controller\Notice->crontab[ /www/wwwroot/peigongtang/application/api/controller/Notice.php ]
[ info ] [ DB ] INIT mysql
[ info ] [ LOG ] INIT File
[ sql ] [ DB ] CONNECT:[ UseTime:0.018838s ] mysql:host=localhost;dbname=pgt;charset=utf8
[ sql ] [ SQL ] SHOW COLUMNS FROM `pgt_course_node` [ RunTime:0.004199s ]
[ sql ] [ SQL ] SELECT * FROM `pgt_course_node` WHERE  `is_del` = 0  AND `type` = 1  AND `Live_state` = 0 [ RunTime:0.000447s ]
---------------------------------------------------------------
[ 2021-01-23T23:40:01+08:00 ] 39.101.182.111 GET pgtapi.cooov.com/Notice/crontab
[运行时间：0.019819s] [吞吐率：50.46req/s] [内存消耗：2,624.96kb] [文件加载：55]
[ info ] [ LANG ] /www/wwwroot/peigongtang/thinkphp/lang/zh-cn.php
[ info ] [ BIND ] 'api'
[ info ] [ ROUTE ] array (
  'type' => 'module',
  'module' => 
  array (
    0 => 'api',
    1 => 'Notice',
    2 => 'crontab',
  ),
)
[ info ] [ HEADER ] array (
  'accept' => '*/*',
  'user-agent' => 'curl/7.61.1',
  'host' => 'pgtapi.cooov.com',
  'content-type' => '',
  'content-length' => '',
)
[ info ] [ PARAM ] array (
)
[ info ] [ RUN ] app\api\controller\Notice->crontab[ /www/wwwroot/peigongtang/application/api/controller/Notice.php ]
[ info ] [ DB ] INIT mysql
[ info ] [ LOG ] INIT File
[ sql ] [ DB ] CONNECT:[ UseTime:0.000186s ] mysql:host=localhost;dbname=pgt;charset=utf8
[ sql ] [ SQL ] SHOW COLUMNS FROM `pgt_course_node` [ RunTime:0.000658s ]
[ sql ] [ SQL ] SELECT * FROM `pgt_course_node` WHERE  `is_del` = 0  AND `type` = 1  AND `Live_state` = 0 [ RunTime:0.000263s ]
---------------------------------------------------------------
[ 2021-01-23T23:50:01+08:00 ] 39.101.182.111 GET pgtapi.cooov.com/Notice/crontab
[运行时间：0.018102s] [吞吐率：55.24req/s] [内存消耗：2,624.96kb] [文件加载：55]
[ info ] [ LANG ] /www/wwwroot/peigongtang/thinkphp/lang/zh-cn.php
[ info ] [ BIND ] 'api'
[ info ] [ ROUTE ] array (
  'type' => 'module',
  'module' => 
  array (
    0 => 'api',
    1 => 'Notice',
    2 => 'crontab',
  ),
)
[ info ] [ HEADER ] array (
  'accept' => '*/*',
  'user-agent' => 'curl/7.61.1',
  'host' => 'pgtapi.cooov.com',
  'content-type' => '',
  'content-length' => '',
)
[ info ] [ PARAM ] array (
)
[ info ] [ RUN ] app\api\controller\Notice->crontab[ /www/wwwroot/peigongtang/application/api/controller/Notice.php ]
[ info ] [ DB ] INIT mysql
[ info ] [ LOG ] INIT File
[ sql ] [ DB ] CONNECT:[ UseTime:0.000174s ] mysql:host=localhost;dbname=pgt;charset=utf8
[ sql ] [ SQL ] SHOW COLUMNS FROM `pgt_course_node` [ RunTime:0.000658s ]
[ sql ] [ SQL ] SELECT * FROM `pgt_course_node` WHERE  `is_del` = 0  AND `type` = 1  AND `Live_state` = 0 [ RunTime:0.000275s ]
