---------------------------------------------------------------
[ 2021-04-15T17:40:01+08:00 ] 39.101.182.111 GET pgtapi.cooov.com/Notice/crontab
[运行时间：0.018069s] [吞吐率：55.34req/s] [内存消耗：2,628.08kb] [文件加载：55]
[ info ] [ LANG ] /www/wwwroot/peigongtang/thinkphp/lang/zh-cn.php
[ info ] [ BIND ] 'api'
[ info ] [ ROUTE ] array (
  'type' => 'module',
  'module' => 
  array (
    0 => 'api',
    1 => 'Notice',
    2 => 'crontab',
  ),
)
[ info ] [ HEADER ] array (
  'accept' => '*/*',
  'user-agent' => 'curl/7.61.1',
  'host' => 'pgtapi.cooov.com',
  'content-type' => '',
  'content-length' => '',
)
[ info ] [ PARAM ] array (
)
[ info ] [ RUN ] app\api\controller\Notice->crontab[ /www/wwwroot/peigongtang/application/api/controller/Notice.php ]
[ info ] [ DB ] INIT mysql
[ info ] [ LOG ] INIT File
[ sql ] [ DB ] CONNECT:[ UseTime:0.000175s ] mysql:host=localhost;dbname=pgt;charset=utf8
[ sql ] [ SQL ] SHOW COLUMNS FROM `pgt_course_node` [ RunTime:0.000631s ]
[ sql ] [ SQL ] SELECT * FROM `pgt_course_node` WHERE  `is_del` = 0  AND `type` = 1  AND `Live_state` = 0 [ RunTime:0.000272s ]
---------------------------------------------------------------
[ 2021-04-15T17:50:01+08:00 ] 39.101.182.111 GET pgtapi.cooov.com/Notice/crontab
[运行时间：0.018101s] [吞吐率：55.25req/s] [内存消耗：2,628.13kb] [文件加载：55]
[ info ] [ LANG ] /www/wwwroot/peigongtang/thinkphp/lang/zh-cn.php
[ info ] [ BIND ] 'api'
[ info ] [ ROUTE ] array (
  'type' => 'module',
  'module' => 
  array (
    0 => 'api',
    1 => 'Notice',
    2 => 'crontab',
  ),
)
[ info ] [ HEADER ] array (
  'accept' => '*/*',
  'user-agent' => 'curl/7.61.1',
  'host' => 'pgtapi.cooov.com',
  'content-type' => '',
  'content-length' => '',
)
[ info ] [ PARAM ] array (
)
[ info ] [ RUN ] app\api\controller\Notice->crontab[ /www/wwwroot/peigongtang/application/api/controller/Notice.php ]
[ info ] [ DB ] INIT mysql
[ info ] [ LOG ] INIT File
[ sql ] [ DB ] CONNECT:[ UseTime:0.000201s ] mysql:host=localhost;dbname=pgt;charset=utf8
[ sql ] [ SQL ] SHOW COLUMNS FROM `pgt_course_node` [ RunTime:0.000658s ]
[ sql ] [ SQL ] SELECT * FROM `pgt_course_node` WHERE  `is_del` = 0  AND `type` = 1  AND `Live_state` = 0 [ RunTime:0.000270s ]
---------------------------------------------------------------
[ 2021-04-15T18:00:01+08:00 ] 39.101.182.111 GET pgtapi.cooov.com/Notice/crontab
[运行时间：0.018092s] [吞吐率：55.27req/s] [内存消耗：2,628.13kb] [文件加载：55]
[ info ] [ LANG ] /www/wwwroot/peigongtang/thinkphp/lang/zh-cn.php
[ info ] [ BIND ] 'api'
[ info ] [ ROUTE ] array (
  'type' => 'module',
  'module' => 
  array (
    0 => 'api',
    1 => 'Notice',
    2 => 'crontab',
  ),
)
[ info ] [ HEADER ] array (
  'accept' => '*/*',
  'user-agent' => 'curl/7.61.1',
  'host' => 'pgtapi.cooov.com',
  'content-type' => '',
  'content-length' => '',
)
[ info ] [ PARAM ] array (
)
[ info ] [ RUN ] app\api\controller\Notice->crontab[ /www/wwwroot/peigongtang/application/api/controller/Notice.php ]
[ info ] [ DB ] INIT mysql
[ info ] [ LOG ] INIT File
[ sql ] [ DB ] CONNECT:[ UseTime:0.000189s ] mysql:host=localhost;dbname=pgt;charset=utf8
[ sql ] [ SQL ] SHOW COLUMNS FROM `pgt_course_node` [ RunTime:0.000644s ]
[ sql ] [ SQL ] SELECT * FROM `pgt_course_node` WHERE  `is_del` = 0  AND `type` = 1  AND `Live_state` = 0 [ RunTime:0.000278s ]
---------------------------------------------------------------
[ 2021-04-15T18:10:01+08:00 ] 39.101.182.111 GET pgtapi.cooov.com/Notice/crontab
[运行时间：0.018079s] [吞吐率：55.31req/s] [内存消耗：2,628.13kb] [文件加载：55]
[ info ] [ LANG ] /www/wwwroot/peigongtang/thinkphp/lang/zh-cn.php
[ info ] [ BIND ] 'api'
[ info ] [ ROUTE ] array (
  'type' => 'module',
  'module' => 
  array (
    0 => 'api',
    1 => 'Notice',
    2 => 'crontab',
  ),
)
[ info ] [ HEADER ] array (
  'accept' => '*/*',
  'user-agent' => 'curl/7.61.1',
  'host' => 'pgtapi.cooov.com',
  'content-type' => '',
  'content-length' => '',
)
[ info ] [ PARAM ] array (
)
[ info ] [ RUN ] app\api\controller\Notice->crontab[ /www/wwwroot/peigongtang/application/api/controller/Notice.php ]
[ info ] [ DB ] INIT mysql
[ info ] [ LOG ] INIT File
[ sql ] [ DB ] CONNECT:[ UseTime:0.000172s ] mysql:host=localhost;dbname=pgt;charset=utf8
[ sql ] [ SQL ] SHOW COLUMNS FROM `pgt_course_node` [ RunTime:0.000661s ]
[ sql ] [ SQL ] SELECT * FROM `pgt_course_node` WHERE  `is_del` = 0  AND `type` = 1  AND `Live_state` = 0 [ RunTime:0.000283s ]
---------------------------------------------------------------
[ 2021-04-15T18:20:01+08:00 ] 39.101.182.111 GET pgtapi.cooov.com/Notice/crontab
[运行时间：0.017911s] [吞吐率：55.83req/s] [内存消耗：2,628.13kb] [文件加载：55]
[ info ] [ LANG ] /www/wwwroot/peigongtang/thinkphp/lang/zh-cn.php
[ info ] [ BIND ] 'api'
[ info ] [ ROUTE ] array (
  'type' => 'module',
  'module' => 
  array (
    0 => 'api',
    1 => 'Notice',
    2 => 'crontab',
  ),
)
[ info ] [ HEADER ] array (
  'accept' => '*/*',
  'user-agent' => 'curl/7.61.1',
  'host' => 'pgtapi.cooov.com',
  'content-type' => '',
  'content-length' => '',
)
[ info ] [ PARAM ] array (
)
[ info ] [ RUN ] app\api\controller\Notice->crontab[ /www/wwwroot/peigongtang/application/api/controller/Notice.php ]
[ info ] [ DB ] INIT mysql
[ info ] [ LOG ] INIT File
[ sql ] [ DB ] CONNECT:[ UseTime:0.000200s ] mysql:host=localhost;dbname=pgt;charset=utf8
[ sql ] [ SQL ] SHOW COLUMNS FROM `pgt_course_node` [ RunTime:0.000633s ]
[ sql ] [ SQL ] SELECT * FROM `pgt_course_node` WHERE  `is_del` = 0  AND `type` = 1  AND `Live_state` = 0 [ RunTime:0.000273s ]
---------------------------------------------------------------
[ 2021-04-15T18:30:01+08:00 ] 39.101.182.111 GET pgtapi.cooov.com/Notice/crontab
[运行时间：0.047552s] [吞吐率：21.03req/s] [内存消耗：2,628.13kb] [文件加载：55]
[ info ] [ LANG ] /www/wwwroot/peigongtang/thinkphp/lang/zh-cn.php
[ info ] [ BIND ] 'api'
[ info ] [ ROUTE ] array (
  'type' => 'module',
  'module' => 
  array (
    0 => 'api',
    1 => 'Notice',
    2 => 'crontab',
  ),
)
[ info ] [ HEADER ] array (
  'accept' => '*/*',
  'user-agent' => 'curl/7.61.1',
  'host' => 'pgtapi.cooov.com',
  'content-type' => '',
  'content-length' => '',
)
[ info ] [ PARAM ] array (
)
[ info ] [ RUN ] app\api\controller\Notice->crontab[ /www/wwwroot/peigongtang/application/api/controller/Notice.php ]
[ info ] [ DB ] INIT mysql
[ info ] [ LOG ] INIT File
[ sql ] [ DB ] CONNECT:[ UseTime:0.008589s ] mysql:host=localhost;dbname=pgt;charset=utf8
[ sql ] [ SQL ] SHOW COLUMNS FROM `pgt_course_node` [ RunTime:0.000956s ]
[ sql ] [ SQL ] SELECT * FROM `pgt_course_node` WHERE  `is_del` = 0  AND `type` = 1  AND `Live_state` = 0 [ RunTime:0.000424s ]
---------------------------------------------------------------
[ 2021-04-15T18:40:01+08:00 ] 39.101.182.111 GET pgtapi.cooov.com/Notice/crontab
[运行时间：0.017766s] [吞吐率：56.29req/s] [内存消耗：2,628.13kb] [文件加载：55]
[ info ] [ LANG ] /www/wwwroot/peigongtang/thinkphp/lang/zh-cn.php
[ info ] [ BIND ] 'api'
[ info ] [ ROUTE ] array (
  'type' => 'module',
  'module' => 
  array (
    0 => 'api',
    1 => 'Notice',
    2 => 'crontab',
  ),
)
[ info ] [ HEADER ] array (
  'accept' => '*/*',
  'user-agent' => 'curl/7.61.1',
  'host' => 'pgtapi.cooov.com',
  'content-type' => '',
  'content-length' => '',
)
[ info ] [ PARAM ] array (
)
[ info ] [ RUN ] app\api\controller\Notice->crontab[ /www/wwwroot/peigongtang/application/api/controller/Notice.php ]
[ info ] [ DB ] INIT mysql
[ info ] [ LOG ] INIT File
[ sql ] [ DB ] CONNECT:[ UseTime:0.000179s ] mysql:host=localhost;dbname=pgt;charset=utf8
[ sql ] [ SQL ] SHOW COLUMNS FROM `pgt_course_node` [ RunTime:0.000623s ]
[ sql ] [ SQL ] SELECT * FROM `pgt_course_node` WHERE  `is_del` = 0  AND `type` = 1  AND `Live_state` = 0 [ RunTime:0.000265s ]
---------------------------------------------------------------
[ 2021-04-15T18:50:01+08:00 ] 39.101.182.111 GET pgtapi.cooov.com/Notice/crontab
[运行时间：0.017775s] [吞吐率：56.26req/s] [内存消耗：2,628.13kb] [文件加载：55]
[ info ] [ LANG ] /www/wwwroot/peigongtang/thinkphp/lang/zh-cn.php
[ info ] [ BIND ] 'api'
[ info ] [ ROUTE ] array (
  'type' => 'module',
  'module' => 
  array (
    0 => 'api',
    1 => 'Notice',
    2 => 'crontab',
  ),
)
[ info ] [ HEADER ] array (
  'accept' => '*/*',
  'user-agent' => 'curl/7.61.1',
  'host' => 'pgtapi.cooov.com',
  'content-type' => '',
  'content-length' => '',
)
[ info ] [ PARAM ] array (
)
[ info ] [ RUN ] app\api\controller\Notice->crontab[ /www/wwwroot/peigongtang/application/api/controller/Notice.php ]
[ info ] [ DB ] INIT mysql
[ info ] [ LOG ] INIT File
[ sql ] [ DB ] CONNECT:[ UseTime:0.000179s ] mysql:host=localhost;dbname=pgt;charset=utf8
[ sql ] [ SQL ] SHOW COLUMNS FROM `pgt_course_node` [ RunTime:0.000644s ]
[ sql ] [ SQL ] SELECT * FROM `pgt_course_node` WHERE  `is_del` = 0  AND `type` = 1  AND `Live_state` = 0 [ RunTime:0.000273s ]
---------------------------------------------------------------
[ 2021-04-15T19:00:01+08:00 ] 39.101.182.111 GET pgtapi.cooov.com/Notice/crontab
[运行时间：0.017981s] [吞吐率：55.61req/s] [内存消耗：2,628.13kb] [文件加载：55]
[ info ] [ LANG ] /www/wwwroot/peigongtang/thinkphp/lang/zh-cn.php
[ info ] [ BIND ] 'api'
[ info ] [ ROUTE ] array (
  'type' => 'module',
  'module' => 
  array (
    0 => 'api',
    1 => 'Notice',
    2 => 'crontab',
  ),
)
[ info ] [ HEADER ] array (
  'accept' => '*/*',
  'user-agent' => 'curl/7.61.1',
  'host' => 'pgtapi.cooov.com',
  'content-type' => '',
  'content-length' => '',
)
[ info ] [ PARAM ] array (
)
[ info ] [ RUN ] app\api\controller\Notice->crontab[ /www/wwwroot/peigongtang/application/api/controller/Notice.php ]
[ info ] [ DB ] INIT mysql
[ info ] [ LOG ] INIT File
[ sql ] [ DB ] CONNECT:[ UseTime:0.000173s ] mysql:host=localhost;dbname=pgt;charset=utf8
[ sql ] [ SQL ] SHOW COLUMNS FROM `pgt_course_node` [ RunTime:0.000616s ]
[ sql ] [ SQL ] SELECT * FROM `pgt_course_node` WHERE  `is_del` = 0  AND `type` = 1  AND `Live_state` = 0 [ RunTime:0.000285s ]
---------------------------------------------------------------
[ 2021-04-15T19:10:01+08:00 ] 39.101.182.111 GET pgtapi.cooov.com/Notice/crontab
[运行时间：0.028507s] [吞吐率：35.08req/s] [内存消耗：2,628.13kb] [文件加载：55]
[ info ] [ LANG ] /www/wwwroot/peigongtang/thinkphp/lang/zh-cn.php
[ info ] [ BIND ] 'api'
[ info ] [ ROUTE ] array (
  'type' => 'module',
  'module' => 
  array (
    0 => 'api',
    1 => 'Notice',
    2 => 'crontab',
  ),
)
[ info ] [ HEADER ] array (
  'accept' => '*/*',
  'user-agent' => 'curl/7.61.1',
  'host' => 'pgtapi.cooov.com',
  'content-type' => '',
  'content-length' => '',
)
[ info ] [ PARAM ] array (
)
[ info ] [ RUN ] app\api\controller\Notice->crontab[ /www/wwwroot/peigongtang/application/api/controller/Notice.php ]
[ info ] [ DB ] INIT mysql
[ info ] [ LOG ] INIT File
[ sql ] [ DB ] CONNECT:[ UseTime:0.000252s ] mysql:host=localhost;dbname=pgt;charset=utf8
[ sql ] [ SQL ] SHOW COLUMNS FROM `pgt_course_node` [ RunTime:0.001210s ]
[ sql ] [ SQL ] SELECT * FROM `pgt_course_node` WHERE  `is_del` = 0  AND `type` = 1  AND `Live_state` = 0 [ RunTime:0.000402s ]
---------------------------------------------------------------
[ 2021-04-15T19:17:44+08:00 ] 81.69.103.129 POST pgtapi.cooov.com/wechat/index?signature=32c6506803a4a2878d9c2b8efc9bcd3fcd522c96&timestamp=1618485464&nonce=62093928&openid=oCKIIuGK6NGHOoe_vj-BCTmtdauM
[运行时间：0.012965s] [吞吐率：77.13req/s] [内存消耗：1,920.38kb] [文件加载：53]
[ info ] [ LANG ] /www/wwwroot/peigongtang/thinkphp/lang/zh-cn.php
[ info ] [ BIND ] 'api'
[ info ] [ ROUTE ] array (
  'type' => 'module',
  'module' => 
  array (
    0 => 'api',
    1 => 'wechat',
    2 => 'index',
  ),
)
[ info ] [ HEADER ] array (
  'content-type' => 'text/xml',
  'content-length' => '321',
  'pragma' => 'no-cache',
  'host' => 'pgtapi.cooov.com',
  'accept' => '*/*',
  'user-agent' => 'Mozilla/4.0',
)
[ info ] [ PARAM ] array (
  'signature' => '32c6506803a4a2878d9c2b8efc9bcd3fcd522c96',
  'timestamp' => '1618485464',
  'nonce' => '62093928',
  'openid' => 'oCKIIuGK6NGHOoe_vj-BCTmtdauM',
)
[ info ] [ RUN ] app\api\controller\Wechat->index[ /www/wwwroot/peigongtang/application/api/controller/Wechat.php ]
[ info ] [ LOG ] INIT File
---------------------------------------------------------------
[ 2021-04-15T19:17:44+08:00 ] 113.91.149.63 OPTIONS pgtapi.cooov.com/index/index
[运行时间：0.017869s] [吞吐率：55.96req/s] [内存消耗：1,783.44kb] [文件加载：47]
[ info ] [ LANG ] /www/wwwroot/peigongtang/thinkphp/lang/zh-cn.php
[ info ] [ BIND ] 'api'
[ info ] [ ROUTE ] array (
  'type' => 'module',
  'module' => 
  array (
    0 => 'api',
    1 => 'index',
    2 => 'index',
  ),
)
[ info ] [ HEADER ] array (
  'referer' => 'https://pgt.cooov.com/',
  'content-length' => '0',
  'user-agent' => 'Mozilla/5.0 (iPhone; CPU iPhone OS 14_3 like Mac OS X) AppleWebKit/605.1.15 (KHTML, like Gecko) Mobile/15E148 MicroMessenger/8.0.4(0x18000426) NetType/WIFI Language/zh_CN',
  'accept-encoding' => 'gzip, deflate, br',
  'access-control-request-headers' => 'platform,token,uid',
  'accept-language' => 'zh-cn',
  'access-control-request-method' => 'POST',
  'origin' => 'https://pgt.cooov.com',
  'accept' => '*/*',
  'host' => 'pgtapi.cooov.com',
  'content-type' => '',
)
[ info ] [ PARAM ] array (
)
[ info ] [ LOG ] INIT File
---------------------------------------------------------------
[ 2021-04-15T19:17:44+08:00 ] 113.91.149.63 OPTIONS pgtapi.cooov.com/index/share
[运行时间：0.017653s] [吞吐率：56.65req/s] [内存消耗：1,783.44kb] [文件加载：47]
[ info ] [ LANG ] /www/wwwroot/peigongtang/thinkphp/lang/zh-cn.php
[ info ] [ BIND ] 'api'
[ info ] [ ROUTE ] array (
  'type' => 'module',
  'module' => 
  array (
    0 => 'api',
    1 => 'index',
    2 => 'share',
  ),
)
[ info ] [ HEADER ] array (
  'referer' => 'https://pgt.cooov.com/',
  'content-length' => '0',
  'user-agent' => 'Mozilla/5.0 (iPhone; CPU iPhone OS 14_3 like Mac OS X) AppleWebKit/605.1.15 (KHTML, like Gecko) Mobile/15E148 MicroMessenger/8.0.4(0x18000426) NetType/WIFI Language/zh_CN',
  'accept-encoding' => 'gzip, deflate, br',
  'access-control-request-headers' => 'platform,token,uid',
  'accept-language' => 'zh-cn',
  'access-control-request-method' => 'POST',
  'origin' => 'https://pgt.cooov.com',
  'accept' => '*/*',
  'host' => 'pgtapi.cooov.com',
  'content-type' => '',
)
[ info ] [ PARAM ] array (
)
[ info ] [ LOG ] INIT File
---------------------------------------------------------------
[ 2021-04-15T19:17:44+08:00 ] 113.91.149.63 POST pgtapi.cooov.com/index/index
[运行时间：0.028486s] [吞吐率：35.10req/s] [内存消耗：2,966.59kb] [文件加载：61]
[ info ] [ LANG ] /www/wwwroot/peigongtang/thinkphp/lang/zh-cn.php
[ info ] [ BIND ] 'api'
[ info ] [ ROUTE ] array (
  'type' => 'module',
  'module' => 
  array (
    0 => 'api',
    1 => 'index',
    2 => 'index',
  ),
)
[ info ] [ HEADER ] array (
  'referer' => 'https://pgt.cooov.com/',
  'user-agent' => 'Mozilla/5.0 (iPhone; CPU iPhone OS 14_3 like Mac OS X) AppleWebKit/605.1.15 (KHTML, like Gecko) Mobile/15E148 MicroMessenger/8.0.4(0x18000426) NetType/WIFI Language/zh_CN',
  'content-length' => '0',
  'origin' => 'https://pgt.cooov.com',
  'token' => 'c0e8668c88e7f6fbbf126cc76b6c8a57',
  'platform' => 'mobile',
  'accept-language' => 'zh-cn',
  'accept-encoding' => 'gzip, deflate, br',
  'uid' => '31',
  'accept' => '*/*',
  'content-type' => 'application/x-www-form-urlencoded',
  'host' => 'pgtapi.cooov.com',
)
[ info ] [ PARAM ] array (
)
[ info ] [ RUN ] app\api\controller\Index->index[ /www/wwwroot/peigongtang/application/api/controller/Index.php ]
[ info ] [ DB ] INIT mysql
[ info ] [ LOG ] INIT File
[ sql ] [ DB ] CONNECT:[ UseTime:0.000182s ] mysql:host=localhost;dbname=pgt;charset=utf8
[ sql ] [ SQL ] SHOW COLUMNS FROM `pgt_banner` [ RunTime:0.000577s ]
[ sql ] [ SQL ] SELECT `id`,`pic`,`url` FROM `pgt_banner` WHERE  `is_del` = 0 ORDER BY `order` DESC [ RunTime:0.000205s ]
[ sql ] [ SQL ] SHOW COLUMNS FROM `pgt_column` [ RunTime:0.000426s ]
[ sql ] [ SQL ] SELECT `id`,`title`,`brief` FROM `pgt_column` WHERE  `is_del` = 0 [ RunTime:0.000122s ]
[ sql ] [ SQL ] SHOW COLUMNS FROM `pgt_course` [ RunTime:0.000448s ]
[ sql ] [ SQL ] SELECT `id`,`title`,`pic`,`brief`,`create_time`,`original_price`,`present_price`,`type`,`broadcast_time` FROM `pgt_course` WHERE  `is_del` = 0  AND `column_id` = 1 ORDER BY `order` DESC [ RunTime:0.000177s ]
[ sql ] [ SQL ] SELECT `id`,`title`,`pic`,`brief`,`create_time`,`original_price`,`present_price`,`type`,`broadcast_time` FROM `pgt_course` WHERE  `is_del` = 0  AND `column_id` = 2 ORDER BY `order` DESC [ RunTime:0.000145s ]
[ sql ] [ SQL ] SELECT `id`,`title`,`pic`,`brief`,`create_time`,`original_price`,`present_price`,`type`,`broadcast_time` FROM `pgt_course` WHERE  `is_del` = 0  AND `column_id` = 3 ORDER BY `order` DESC [ RunTime:0.000140s ]
[ sql ] [ SQL ] SHOW COLUMNS FROM `pgt_article` [ RunTime:0.000442s ]
[ sql ] [ SQL ] SELECT `id`,`title`,`pic`,`brief`,`create_time`,`comment`,`like` FROM `pgt_article` WHERE  `is_del` = 0 ORDER BY `order` DESC LIMIT 0,2 [ RunTime:0.000153s ]
[ sql ] [ SQL ] SHOW COLUMNS FROM `pgt_config` [ RunTime:0.000397s ]
[ sql ] [ SQL ] SELECT `content` FROM `pgt_config` WHERE  `type` = 'about_us' LIMIT 1 [ RunTime:0.000123s ]
---------------------------------------------------------------
[ 2021-04-15T19:17:44+08:00 ] 113.91.149.63 OPTIONS pgtapi.cooov.com/my/index
[运行时间：0.011932s] [吞吐率：83.81req/s] [内存消耗：1,852.41kb] [文件加载：48]
[ info ] [ LANG ] /www/wwwroot/peigongtang/thinkphp/lang/zh-cn.php
[ info ] [ BIND ] 'api'
[ info ] [ ROUTE ] array (
  'type' => 'module',
  'module' => 
  array (
    0 => 'api',
    1 => 'my',
    2 => 'index',
  ),
)
[ info ] [ HEADER ] array (
  'referer' => 'https://pgt.cooov.com/',
  'content-length' => '0',
  'user-agent' => 'Mozilla/5.0 (iPhone; CPU iPhone OS 14_3 like Mac OS X) AppleWebKit/605.1.15 (KHTML, like Gecko) Mobile/15E148 MicroMessenger/8.0.4(0x18000426) NetType/WIFI Language/zh_CN',
  'accept-encoding' => 'gzip, deflate, br',
  'access-control-request-headers' => 'platform,token,uid',
  'accept-language' => 'zh-cn',
  'access-control-request-method' => 'POST',
  'origin' => 'https://pgt.cooov.com',
  'accept' => '*/*',
  'host' => 'pgtapi.cooov.com',
  'content-type' => '',
)
[ info ] [ PARAM ] array (
)
[ info ] [ LOG ] INIT File
---------------------------------------------------------------
[ 2021-04-15T19:17:45+08:00 ] 113.91.149.63 POST pgtapi.cooov.com/my/index
[运行时间：0.019191s] [吞吐率：52.11req/s] [内存消耗：3,006.55kb] [文件加载：60]
[ info ] [ LANG ] /www/wwwroot/peigongtang/thinkphp/lang/zh-cn.php
[ info ] [ BIND ] 'api'
[ info ] [ ROUTE ] array (
  'type' => 'module',
  'module' => 
  array (
    0 => 'api',
    1 => 'my',
    2 => 'index',
  ),
)
[ info ] [ HEADER ] array (
  'referer' => 'https://pgt.cooov.com/',
  'user-agent' => 'Mozilla/5.0 (iPhone; CPU iPhone OS 14_3 like Mac OS X) AppleWebKit/605.1.15 (KHTML, like Gecko) Mobile/15E148 MicroMessenger/8.0.4(0x18000426) NetType/WIFI Language/zh_CN',
  'content-length' => '0',
  'origin' => 'https://pgt.cooov.com',
  'token' => 'c0e8668c88e7f6fbbf126cc76b6c8a57',
  'platform' => 'mobile',
  'accept-language' => 'zh-cn',
  'accept-encoding' => 'gzip, deflate, br',
  'uid' => '31',
  'accept' => '*/*',
  'content-type' => 'application/x-www-form-urlencoded',
  'host' => 'pgtapi.cooov.com',
)
[ info ] [ PARAM ] array (
)
[ info ] [ DB ] INIT mysql
[ info ] [ CACHE ] INIT File
[ info ] [ LOG ] INIT File
[ sql ] [ DB ] CONNECT:[ UseTime:0.000151s ] mysql:host=localhost;dbname=pgt;charset=utf8
[ sql ] [ SQL ] SHOW COLUMNS FROM `pgt_user` [ RunTime:0.000564s ]
[ sql ] [ SQL ] SELECT * FROM `pgt_user` WHERE  `id` = 31 LIMIT 1 [ RunTime:0.000217s ]
---------------------------------------------------------------
[ 2021-04-15T19:17:45+08:00 ] 113.91.149.63 POST pgtapi.cooov.com/index/share
[运行时间：0.510303s] [吞吐率：1.96req/s] [内存消耗：1,867.72kb] [文件加载：52]
[ info ] [ LANG ] /www/wwwroot/peigongtang/thinkphp/lang/zh-cn.php
[ info ] [ BIND ] 'api'
[ info ] [ ROUTE ] array (
  'type' => 'module',
  'module' => 
  array (
    0 => 'api',
    1 => 'index',
    2 => 'share',
  ),
)
[ info ] [ HEADER ] array (
  'content-length' => '34',
  'referer' => 'https://pgt.cooov.com/',
  'user-agent' => 'Mozilla/5.0 (iPhone; CPU iPhone OS 14_3 like Mac OS X) AppleWebKit/605.1.15 (KHTML, like Gecko) Mobile/15E148 MicroMessenger/8.0.4(0x18000426) NetType/WIFI Language/zh_CN',
  'origin' => 'https://pgt.cooov.com',
  'token' => 'c0e8668c88e7f6fbbf126cc76b6c8a57',
  'platform' => 'mobile',
  'accept-encoding' => 'gzip, deflate, br',
  'accept-language' => 'zh-cn',
  'uid' => '31',
  'accept' => '*/*',
  'content-type' => 'application/x-www-form-urlencoded',
  'host' => 'pgtapi.cooov.com',
)
[ info ] [ PARAM ] array (
  'url' => 'https://pgt.cooov.com/',
)
[ info ] [ RUN ] app\api\controller\Index->share[ /www/wwwroot/peigongtang/application/api/controller/Index.php ]
[ info ] [ LOG ] INIT File
---------------------------------------------------------------
[ 2021-04-15T19:17:45+08:00 ] 113.91.149.63 POST pgtapi.cooov.com/my/index
[运行时间：0.019131s] [吞吐率：52.27req/s] [内存消耗：3,006.55kb] [文件加载：60]
[ info ] [ LANG ] /www/wwwroot/peigongtang/thinkphp/lang/zh-cn.php
[ info ] [ BIND ] 'api'
[ info ] [ ROUTE ] array (
  'type' => 'module',
  'module' => 
  array (
    0 => 'api',
    1 => 'my',
    2 => 'index',
  ),
)
[ info ] [ HEADER ] array (
  'referer' => 'https://pgt.cooov.com/',
  'user-agent' => 'Mozilla/5.0 (iPhone; CPU iPhone OS 14_3 like Mac OS X) AppleWebKit/605.1.15 (KHTML, like Gecko) Mobile/15E148 MicroMessenger/8.0.4(0x18000426) NetType/WIFI Language/zh_CN',
  'content-length' => '0',
  'origin' => 'https://pgt.cooov.com',
  'token' => 'c0e8668c88e7f6fbbf126cc76b6c8a57',
  'platform' => 'mobile',
  'accept-language' => 'zh-cn',
  'accept-encoding' => 'gzip, deflate, br',
  'uid' => '31',
  'accept' => '*/*',
  'content-type' => 'application/x-www-form-urlencoded',
  'host' => 'pgtapi.cooov.com',
)
[ info ] [ PARAM ] array (
)
[ info ] [ DB ] INIT mysql
[ info ] [ CACHE ] INIT File
[ info ] [ LOG ] INIT File
[ sql ] [ DB ] CONNECT:[ UseTime:0.000180s ] mysql:host=localhost;dbname=pgt;charset=utf8
[ sql ] [ SQL ] SHOW COLUMNS FROM `pgt_user` [ RunTime:0.000605s ]
[ sql ] [ SQL ] SELECT * FROM `pgt_user` WHERE  `id` = 31 LIMIT 1 [ RunTime:0.000234s ]
---------------------------------------------------------------
[ 2021-04-15T19:20:01+08:00 ] 39.101.182.111 GET pgtapi.cooov.com/Notice/crontab
[运行时间：0.018157s] [吞吐率：55.08req/s] [内存消耗：2,628.13kb] [文件加载：55]
[ info ] [ LANG ] /www/wwwroot/peigongtang/thinkphp/lang/zh-cn.php
[ info ] [ BIND ] 'api'
[ info ] [ ROUTE ] array (
  'type' => 'module',
  'module' => 
  array (
    0 => 'api',
    1 => 'Notice',
    2 => 'crontab',
  ),
)
[ info ] [ HEADER ] array (
  'accept' => '*/*',
  'user-agent' => 'curl/7.61.1',
  'host' => 'pgtapi.cooov.com',
  'content-type' => '',
  'content-length' => '',
)
[ info ] [ PARAM ] array (
)
[ info ] [ RUN ] app\api\controller\Notice->crontab[ /www/wwwroot/peigongtang/application/api/controller/Notice.php ]
[ info ] [ DB ] INIT mysql
[ info ] [ LOG ] INIT File
[ sql ] [ DB ] CONNECT:[ UseTime:0.000185s ] mysql:host=localhost;dbname=pgt;charset=utf8
[ sql ] [ SQL ] SHOW COLUMNS FROM `pgt_course_node` [ RunTime:0.000783s ]
[ sql ] [ SQL ] SELECT * FROM `pgt_course_node` WHERE  `is_del` = 0  AND `type` = 1  AND `Live_state` = 0 [ RunTime:0.000271s ]
---------------------------------------------------------------
[ 2021-04-15T19:26:16+08:00 ] 138.246.253.24 HEAD pgtadmin.cooov.com/
[运行时间：0.020061s] [吞吐率：49.85req/s] [内存消耗：2,991.07kb] [文件加载：56]
[ info ] [ LANG ] /www/wwwroot/peigongtang/thinkphp/lang/zh-cn.php
[ info ] [ BIND ] 'admin'
[ info ] [ ROUTE ] array (
  'type' => 'module',
  'module' => 
  array (
    0 => 'admin',
    1 => NULL,
    2 => NULL,
  ),
)
[ info ] [ HEADER ] array (
  'user-agent' => 'Mozilla/5.0 (Windows NT 10.0; Win64; x64) AppleWebKit/537.36 (KHTML, like Gecko) Chrome/88.0.4324.146 Safari/537.36',
  'host' => 'pgtadmin.cooov.com',
  'content-type' => '',
  'content-length' => '',
)
[ info ] [ PARAM ] array (
)
[ info ] [ DB ] INIT mysql
[ info ] [ LOG ] INIT File
[ sql ] [ DB ] CONNECT:[ UseTime:0.000176s ] mysql:host=localhost;dbname=pgt;charset=utf8
[ sql ] [ SQL ] SHOW COLUMNS FROM `pgt_admin_menu` [ RunTime:0.000587s ]
[ sql ] [ SQL ] SELECT * FROM `pgt_admin_menu` WHERE  `id` <> 135 ORDER BY `sort` ASC [ RunTime:0.000431s ]
[ sql ] [ SQL ] SELECT * FROM `pgt_admin_menu` WHERE  `url` LIKE '%Index/index%' LIMIT 1 [ RunTime:0.000175s ]
---------------------------------------------------------------
[ 2021-04-15T19:30:02+08:00 ] 39.101.182.111 GET pgtapi.cooov.com/Notice/crontab
[运行时间：0.036015s] [吞吐率：27.77req/s] [内存消耗：2,628.13kb] [文件加载：55]
[ info ] [ LANG ] /www/wwwroot/peigongtang/thinkphp/lang/zh-cn.php
[ info ] [ BIND ] 'api'
[ info ] [ ROUTE ] array (
  'type' => 'module',
  'module' => 
  array (
    0 => 'api',
    1 => 'Notice',
    2 => 'crontab',
  ),
)
[ info ] [ HEADER ] array (
  'accept' => '*/*',
  'user-agent' => 'curl/7.61.1',
  'host' => 'pgtapi.cooov.com',
  'content-type' => '',
  'content-length' => '',
)
[ info ] [ PARAM ] array (
)
[ info ] [ RUN ] app\api\controller\Notice->crontab[ /www/wwwroot/peigongtang/application/api/controller/Notice.php ]
[ info ] [ DB ] INIT mysql
[ info ] [ LOG ] INIT File
[ sql ] [ DB ] CONNECT:[ UseTime:0.000274s ] mysql:host=localhost;dbname=pgt;charset=utf8
[ sql ] [ SQL ] SHOW COLUMNS FROM `pgt_course_node` [ RunTime:0.001270s ]
[ sql ] [ SQL ] SELECT * FROM `pgt_course_node` WHERE  `is_del` = 0  AND `type` = 1  AND `Live_state` = 0 [ RunTime:0.000395s ]
---------------------------------------------------------------
[ 2021-04-15T19:40:01+08:00 ] 39.101.182.111 GET pgtapi.cooov.com/Notice/crontab
[运行时间：0.017754s] [吞吐率：56.33req/s] [内存消耗：2,628.13kb] [文件加载：55]
[ info ] [ LANG ] /www/wwwroot/peigongtang/thinkphp/lang/zh-cn.php
[ info ] [ BIND ] 'api'
[ info ] [ ROUTE ] array (
  'type' => 'module',
  'module' => 
  array (
    0 => 'api',
    1 => 'Notice',
    2 => 'crontab',
  ),
)
[ info ] [ HEADER ] array (
  'accept' => '*/*',
  'user-agent' => 'curl/7.61.1',
  'host' => 'pgtapi.cooov.com',
  'content-type' => '',
  'content-length' => '',
)
[ info ] [ PARAM ] array (
)
[ info ] [ RUN ] app\api\controller\Notice->crontab[ /www/wwwroot/peigongtang/application/api/controller/Notice.php ]
[ info ] [ DB ] INIT mysql
[ info ] [ LOG ] INIT File
[ sql ] [ DB ] CONNECT:[ UseTime:0.000174s ] mysql:host=localhost;dbname=pgt;charset=utf8
[ sql ] [ SQL ] SHOW COLUMNS FROM `pgt_course_node` [ RunTime:0.000638s ]
[ sql ] [ SQL ] SELECT * FROM `pgt_course_node` WHERE  `is_del` = 0  AND `type` = 1  AND `Live_state` = 0 [ RunTime:0.000260s ]
---------------------------------------------------------------
[ 2021-04-15T19:50:01+08:00 ] 39.101.182.111 GET pgtapi.cooov.com/Notice/crontab
[运行时间：0.018050s] [吞吐率：55.40req/s] [内存消耗：2,628.13kb] [文件加载：55]
[ info ] [ LANG ] /www/wwwroot/peigongtang/thinkphp/lang/zh-cn.php
[ info ] [ BIND ] 'api'
[ info ] [ ROUTE ] array (
  'type' => 'module',
  'module' => 
  array (
    0 => 'api',
    1 => 'Notice',
    2 => 'crontab',
  ),
)
[ info ] [ HEADER ] array (
  'accept' => '*/*',
  'user-agent' => 'curl/7.61.1',
  'host' => 'pgtapi.cooov.com',
  'content-type' => '',
  'content-length' => '',
)
[ info ] [ PARAM ] array (
)
[ info ] [ RUN ] app\api\controller\Notice->crontab[ /www/wwwroot/peigongtang/application/api/controller/Notice.php ]
[ info ] [ DB ] INIT mysql
[ info ] [ LOG ] INIT File
[ sql ] [ DB ] CONNECT:[ UseTime:0.000174s ] mysql:host=localhost;dbname=pgt;charset=utf8
[ sql ] [ SQL ] SHOW COLUMNS FROM `pgt_course_node` [ RunTime:0.000624s ]
[ sql ] [ SQL ] SELECT * FROM `pgt_course_node` WHERE  `is_del` = 0  AND `type` = 1  AND `Live_state` = 0 [ RunTime:0.000262s ]
---------------------------------------------------------------
[ 2021-04-15T20:00:01+08:00 ] 39.101.182.111 GET pgtapi.cooov.com/Notice/crontab
[运行时间：0.017787s] [吞吐率：56.22req/s] [内存消耗：2,628.13kb] [文件加载：55]
[ info ] [ LANG ] /www/wwwroot/peigongtang/thinkphp/lang/zh-cn.php
[ info ] [ BIND ] 'api'
[ info ] [ ROUTE ] array (
  'type' => 'module',
  'module' => 
  array (
    0 => 'api',
    1 => 'Notice',
    2 => 'crontab',
  ),
)
[ info ] [ HEADER ] array (
  'accept' => '*/*',
  'user-agent' => 'curl/7.61.1',
  'host' => 'pgtapi.cooov.com',
  'content-type' => '',
  'content-length' => '',
)
[ info ] [ PARAM ] array (
)
[ info ] [ RUN ] app\api\controller\Notice->crontab[ /www/wwwroot/peigongtang/application/api/controller/Notice.php ]
[ info ] [ DB ] INIT mysql
[ info ] [ LOG ] INIT File
[ sql ] [ DB ] CONNECT:[ UseTime:0.000164s ] mysql:host=localhost;dbname=pgt;charset=utf8
[ sql ] [ SQL ] SHOW COLUMNS FROM `pgt_course_node` [ RunTime:0.000629s ]
[ sql ] [ SQL ] SELECT * FROM `pgt_course_node` WHERE  `is_del` = 0  AND `type` = 1  AND `Live_state` = 0 [ RunTime:0.000257s ]
---------------------------------------------------------------
[ 2021-04-15T20:10:02+08:00 ] 39.101.182.111 GET pgtapi.cooov.com/Notice/crontab
[运行时间：0.018135s] [吞吐率：55.14req/s] [内存消耗：2,628.13kb] [文件加载：55]
[ info ] [ LANG ] /www/wwwroot/peigongtang/thinkphp/lang/zh-cn.php
[ info ] [ BIND ] 'api'
[ info ] [ ROUTE ] array (
  'type' => 'module',
  'module' => 
  array (
    0 => 'api',
    1 => 'Notice',
    2 => 'crontab',
  ),
)
[ info ] [ HEADER ] array (
  'accept' => '*/*',
  'user-agent' => 'curl/7.61.1',
  'host' => 'pgtapi.cooov.com',
  'content-type' => '',
  'content-length' => '',
)
[ info ] [ PARAM ] array (
)
[ info ] [ RUN ] app\api\controller\Notice->crontab[ /www/wwwroot/peigongtang/application/api/controller/Notice.php ]
[ info ] [ DB ] INIT mysql
[ info ] [ LOG ] INIT File
[ sql ] [ DB ] CONNECT:[ UseTime:0.000184s ] mysql:host=localhost;dbname=pgt;charset=utf8
[ sql ] [ SQL ] SHOW COLUMNS FROM `pgt_course_node` [ RunTime:0.000663s ]
[ sql ] [ SQL ] SELECT * FROM `pgt_course_node` WHERE  `is_del` = 0  AND `type` = 1  AND `Live_state` = 0 [ RunTime:0.000266s ]
---------------------------------------------------------------
[ 2021-04-15T20:20:01+08:00 ] 39.101.182.111 GET pgtapi.cooov.com/Notice/crontab
[运行时间：0.017932s] [吞吐率：55.77req/s] [内存消耗：2,628.13kb] [文件加载：55]
[ info ] [ LANG ] /www/wwwroot/peigongtang/thinkphp/lang/zh-cn.php
[ info ] [ BIND ] 'api'
[ info ] [ ROUTE ] array (
  'type' => 'module',
  'module' => 
  array (
    0 => 'api',
    1 => 'Notice',
    2 => 'crontab',
  ),
)
[ info ] [ HEADER ] array (
  'accept' => '*/*',
  'user-agent' => 'curl/7.61.1',
  'host' => 'pgtapi.cooov.com',
  'content-type' => '',
  'content-length' => '',
)
[ info ] [ PARAM ] array (
)
[ info ] [ RUN ] app\api\controller\Notice->crontab[ /www/wwwroot/peigongtang/application/api/controller/Notice.php ]
[ info ] [ DB ] INIT mysql
[ info ] [ LOG ] INIT File
[ sql ] [ DB ] CONNECT:[ UseTime:0.000174s ] mysql:host=localhost;dbname=pgt;charset=utf8
[ sql ] [ SQL ] SHOW COLUMNS FROM `pgt_course_node` [ RunTime:0.000632s ]
[ sql ] [ SQL ] SELECT * FROM `pgt_course_node` WHERE  `is_del` = 0  AND `type` = 1  AND `Live_state` = 0 [ RunTime:0.000266s ]
---------------------------------------------------------------
[ 2021-04-15T20:30:01+08:00 ] 39.101.182.111 GET pgtapi.cooov.com/Notice/crontab
[运行时间：0.044600s] [吞吐率：22.42req/s] [内存消耗：2,628.13kb] [文件加载：55]
[ info ] [ LANG ] /www/wwwroot/peigongtang/thinkphp/lang/zh-cn.php
[ info ] [ BIND ] 'api'
[ info ] [ ROUTE ] array (
  'type' => 'module',
  'module' => 
  array (
    0 => 'api',
    1 => 'Notice',
    2 => 'crontab',
  ),
)
[ info ] [ HEADER ] array (
  'accept' => '*/*',
  'user-agent' => 'curl/7.61.1',
  'host' => 'pgtapi.cooov.com',
  'content-type' => '',
  'content-length' => '',
)
[ info ] [ PARAM ] array (
)
[ info ] [ RUN ] app\api\controller\Notice->crontab[ /www/wwwroot/peigongtang/application/api/controller/Notice.php ]
[ info ] [ DB ] INIT mysql
[ info ] [ LOG ] INIT File
[ sql ] [ DB ] CONNECT:[ UseTime:0.006732s ] mysql:host=localhost;dbname=pgt;charset=utf8
[ sql ] [ SQL ] SHOW COLUMNS FROM `pgt_course_node` [ RunTime:0.000928s ]
[ sql ] [ SQL ] SELECT * FROM `pgt_course_node` WHERE  `is_del` = 0  AND `type` = 1  AND `Live_state` = 0 [ RunTime:0.000852s ]
---------------------------------------------------------------
[ 2021-04-15T20:40:02+08:00 ] 39.101.182.111 GET pgtapi.cooov.com/Notice/crontab
[运行时间：0.017781s] [吞吐率：56.24req/s] [内存消耗：2,628.13kb] [文件加载：55]
[ info ] [ LANG ] /www/wwwroot/peigongtang/thinkphp/lang/zh-cn.php
[ info ] [ BIND ] 'api'
[ info ] [ ROUTE ] array (
  'type' => 'module',
  'module' => 
  array (
    0 => 'api',
    1 => 'Notice',
    2 => 'crontab',
  ),
)
[ info ] [ HEADER ] array (
  'accept' => '*/*',
  'user-agent' => 'curl/7.61.1',
  'host' => 'pgtapi.cooov.com',
  'content-type' => '',
  'content-length' => '',
)
[ info ] [ PARAM ] array (
)
[ info ] [ RUN ] app\api\controller\Notice->crontab[ /www/wwwroot/peigongtang/application/api/controller/Notice.php ]
[ info ] [ DB ] INIT mysql
[ info ] [ LOG ] INIT File
[ sql ] [ DB ] CONNECT:[ UseTime:0.000197s ] mysql:host=localhost;dbname=pgt;charset=utf8
[ sql ] [ SQL ] SHOW COLUMNS FROM `pgt_course_node` [ RunTime:0.000631s ]
[ sql ] [ SQL ] SELECT * FROM `pgt_course_node` WHERE  `is_del` = 0  AND `type` = 1  AND `Live_state` = 0 [ RunTime:0.000269s ]
---------------------------------------------------------------
[ 2021-04-15T20:42:58+08:00 ] 47.102.125.167 GET pgtadmin.cooov.com/
[运行时间：0.020006s] [吞吐率：49.99req/s] [内存消耗：2,991.46kb] [文件加载：56]
[ info ] [ LANG ] /www/wwwroot/peigongtang/thinkphp/lang/zh-cn.php
[ info ] [ BIND ] 'admin'
[ info ] [ ROUTE ] array (
  'type' => 'module',
  'module' => 
  array (
    0 => 'admin',
    1 => NULL,
    2 => NULL,
  ),
)
[ info ] [ HEADER ] array (
  'accept-encoding' => 'gzip',
  'connection' => 'Keep-Alive',
  'host' => 'pgtadmin.cooov.com',
  'user-agent' => 'sogou web spider/4.0(+http://www.sogou.com/;)SogouSpider',
  'content-type' => '',
  'content-length' => '',
)
[ info ] [ PARAM ] array (
)
[ info ] [ DB ] INIT mysql
[ info ] [ LOG ] INIT File
[ sql ] [ DB ] CONNECT:[ UseTime:0.000178s ] mysql:host=localhost;dbname=pgt;charset=utf8
[ sql ] [ SQL ] SHOW COLUMNS FROM `pgt_admin_menu` [ RunTime:0.000582s ]
[ sql ] [ SQL ] SELECT * FROM `pgt_admin_menu` WHERE  `id` <> 135 ORDER BY `sort` ASC [ RunTime:0.000449s ]
[ sql ] [ SQL ] SELECT * FROM `pgt_admin_menu` WHERE  `url` LIKE '%Index/index%' LIMIT 1 [ RunTime:0.000179s ]
---------------------------------------------------------------
[ 2021-04-15T20:43:00+08:00 ] 47.102.125.167 GET pgtadmin.cooov.com/Login/index
[运行时间：0.013116s] [吞吐率：76.24req/s] [内存消耗：1,863.52kb] [文件加载：51]
[ info ] [ LANG ] /www/wwwroot/peigongtang/thinkphp/lang/zh-cn.php
[ info ] [ BIND ] 'admin'
[ info ] [ ROUTE ] array (
  'type' => 'module',
  'module' => 
  array (
    0 => 'admin',
    1 => 'Login',
    2 => 'index',
  ),
)
[ info ] [ HEADER ] array (
  'accept-encoding' => 'gzip',
  'connection' => 'Keep-Alive',
  'host' => 'pgtadmin.cooov.com',
  'user-agent' => 'sogou web spider/4.0(+http://www.sogou.com/;)SogouSpider',
  'content-type' => '',
  'content-length' => '',
)
[ info ] [ PARAM ] array (
)
[ info ] [ RUN ] app\admin\controller\Login->index[ /www/wwwroot/peigongtang/application/admin/controller/Login.php ]
[ info ] [ VIEW ] /www/wwwroot/peigongtang/public/../application/admin/view/Login/index.html [ array (
  0 => 'uid',
) ]
[ info ] [ LOG ] INIT File
---------------------------------------------------------------
[ 2021-04-15T20:50:01+08:00 ] 39.101.182.111 GET pgtapi.cooov.com/Notice/crontab
[运行时间：0.018748s] [吞吐率：53.34req/s] [内存消耗：2,628.13kb] [文件加载：55]
[ info ] [ LANG ] /www/wwwroot/peigongtang/thinkphp/lang/zh-cn.php
[ info ] [ BIND ] 'api'
[ info ] [ ROUTE ] array (
  'type' => 'module',
  'module' => 
  array (
    0 => 'api',
    1 => 'Notice',
    2 => 'crontab',
  ),
)
[ info ] [ HEADER ] array (
  'accept' => '*/*',
  'user-agent' => 'curl/7.61.1',
  'host' => 'pgtapi.cooov.com',
  'content-type' => '',
  'content-length' => '',
)
[ info ] [ PARAM ] array (
)
[ info ] [ RUN ] app\api\controller\Notice->crontab[ /www/wwwroot/peigongtang/application/api/controller/Notice.php ]
[ info ] [ DB ] INIT mysql
[ info ] [ LOG ] INIT File
[ sql ] [ DB ] CONNECT:[ UseTime:0.000162s ] mysql:host=localhost;dbname=pgt;charset=utf8
[ sql ] [ SQL ] SHOW COLUMNS FROM `pgt_course_node` [ RunTime:0.000622s ]
[ sql ] [ SQL ] SELECT * FROM `pgt_course_node` WHERE  `is_del` = 0  AND `type` = 1  AND `Live_state` = 0 [ RunTime:0.000262s ]
---------------------------------------------------------------
[ 2021-04-15T21:00:01+08:00 ] 39.101.182.111 GET pgtapi.cooov.com/Notice/crontab
[运行时间：0.017926s] [吞吐率：55.78req/s] [内存消耗：2,628.13kb] [文件加载：55]
[ info ] [ LANG ] /www/wwwroot/peigongtang/thinkphp/lang/zh-cn.php
[ info ] [ BIND ] 'api'
[ info ] [ ROUTE ] array (
  'type' => 'module',
  'module' => 
  array (
    0 => 'api',
    1 => 'Notice',
    2 => 'crontab',
  ),
)
[ info ] [ HEADER ] array (
  'accept' => '*/*',
  'user-agent' => 'curl/7.61.1',
  'host' => 'pgtapi.cooov.com',
  'content-type' => '',
  'content-length' => '',
)
[ info ] [ PARAM ] array (
)
[ info ] [ RUN ] app\api\controller\Notice->crontab[ /www/wwwroot/peigongtang/application/api/controller/Notice.php ]
[ info ] [ DB ] INIT mysql
[ info ] [ LOG ] INIT File
[ sql ] [ DB ] CONNECT:[ UseTime:0.000172s ] mysql:host=localhost;dbname=pgt;charset=utf8
[ sql ] [ SQL ] SHOW COLUMNS FROM `pgt_course_node` [ RunTime:0.000640s ]
[ sql ] [ SQL ] SELECT * FROM `pgt_course_node` WHERE  `is_del` = 0  AND `type` = 1  AND `Live_state` = 0 [ RunTime:0.000287s ]
---------------------------------------------------------------
[ 2021-04-15T21:10:01+08:00 ] 39.101.182.111 GET pgtapi.cooov.com/Notice/crontab
[运行时间：0.017923s] [吞吐率：55.79req/s] [内存消耗：2,628.13kb] [文件加载：55]
[ info ] [ LANG ] /www/wwwroot/peigongtang/thinkphp/lang/zh-cn.php
[ info ] [ BIND ] 'api'
[ info ] [ ROUTE ] array (
  'type' => 'module',
  'module' => 
  array (
    0 => 'api',
    1 => 'Notice',
    2 => 'crontab',
  ),
)
[ info ] [ HEADER ] array (
  'accept' => '*/*',
  'user-agent' => 'curl/7.61.1',
  'host' => 'pgtapi.cooov.com',
  'content-type' => '',
  'content-length' => '',
)
[ info ] [ PARAM ] array (
)
[ info ] [ RUN ] app\api\controller\Notice->crontab[ /www/wwwroot/peigongtang/application/api/controller/Notice.php ]
[ info ] [ DB ] INIT mysql
[ info ] [ LOG ] INIT File
[ sql ] [ DB ] CONNECT:[ UseTime:0.000168s ] mysql:host=localhost;dbname=pgt;charset=utf8
[ sql ] [ SQL ] SHOW COLUMNS FROM `pgt_course_node` [ RunTime:0.000649s ]
[ sql ] [ SQL ] SELECT * FROM `pgt_course_node` WHERE  `is_del` = 0  AND `type` = 1  AND `Live_state` = 0 [ RunTime:0.000257s ]
---------------------------------------------------------------
[ 2021-04-15T21:20:01+08:00 ] 39.101.182.111 GET pgtapi.cooov.com/Notice/crontab
[运行时间：0.017882s] [吞吐率：55.92req/s] [内存消耗：2,628.13kb] [文件加载：55]
[ info ] [ LANG ] /www/wwwroot/peigongtang/thinkphp/lang/zh-cn.php
[ info ] [ BIND ] 'api'
[ info ] [ ROUTE ] array (
  'type' => 'module',
  'module' => 
  array (
    0 => 'api',
    1 => 'Notice',
    2 => 'crontab',
  ),
)
[ info ] [ HEADER ] array (
  'accept' => '*/*',
  'user-agent' => 'curl/7.61.1',
  'host' => 'pgtapi.cooov.com',
  'content-type' => '',
  'content-length' => '',
)
[ info ] [ PARAM ] array (
)
[ info ] [ RUN ] app\api\controller\Notice->crontab[ /www/wwwroot/peigongtang/application/api/controller/Notice.php ]
[ info ] [ DB ] INIT mysql
[ info ] [ LOG ] INIT File
[ sql ] [ DB ] CONNECT:[ UseTime:0.000182s ] mysql:host=localhost;dbname=pgt;charset=utf8
[ sql ] [ SQL ] SHOW COLUMNS FROM `pgt_course_node` [ RunTime:0.000651s ]
[ sql ] [ SQL ] SELECT * FROM `pgt_course_node` WHERE  `is_del` = 0  AND `type` = 1  AND `Live_state` = 0 [ RunTime:0.000268s ]
---------------------------------------------------------------
[ 2021-04-15T21:30:01+08:00 ] 39.101.182.111 GET pgtapi.cooov.com/Notice/crontab
[运行时间：0.034017s] [吞吐率：29.40req/s] [内存消耗：2,628.13kb] [文件加载：55]
[ info ] [ LANG ] /www/wwwroot/peigongtang/thinkphp/lang/zh-cn.php
[ info ] [ BIND ] 'api'
[ info ] [ ROUTE ] array (
  'type' => 'module',
  'module' => 
  array (
    0 => 'api',
    1 => 'Notice',
    2 => 'crontab',
  ),
)
[ info ] [ HEADER ] array (
  'accept' => '*/*',
  'user-agent' => 'curl/7.61.1',
  'host' => 'pgtapi.cooov.com',
  'content-type' => '',
  'content-length' => '',
)
[ info ] [ PARAM ] array (
)
[ info ] [ RUN ] app\api\controller\Notice->crontab[ /www/wwwroot/peigongtang/application/api/controller/Notice.php ]
[ info ] [ DB ] INIT mysql
[ info ] [ LOG ] INIT File
[ sql ] [ DB ] CONNECT:[ UseTime:0.002325s ] mysql:host=localhost;dbname=pgt;charset=utf8
[ sql ] [ SQL ] SHOW COLUMNS FROM `pgt_course_node` [ RunTime:0.001030s ]
[ sql ] [ SQL ] SELECT * FROM `pgt_course_node` WHERE  `is_del` = 0  AND `type` = 1  AND `Live_state` = 0 [ RunTime:0.002833s ]
---------------------------------------------------------------
[ 2021-04-15T21:40:01+08:00 ] 39.101.182.111 GET pgtapi.cooov.com/Notice/crontab
[运行时间：0.017794s] [吞吐率：56.20req/s] [内存消耗：2,628.13kb] [文件加载：55]
[ info ] [ LANG ] /www/wwwroot/peigongtang/thinkphp/lang/zh-cn.php
[ info ] [ BIND ] 'api'
[ info ] [ ROUTE ] array (
  'type' => 'module',
  'module' => 
  array (
    0 => 'api',
    1 => 'Notice',
    2 => 'crontab',
  ),
)
[ info ] [ HEADER ] array (
  'accept' => '*/*',
  'user-agent' => 'curl/7.61.1',
  'host' => 'pgtapi.cooov.com',
  'content-type' => '',
  'content-length' => '',
)
[ info ] [ PARAM ] array (
)
[ info ] [ RUN ] app\api\controller\Notice->crontab[ /www/wwwroot/peigongtang/application/api/controller/Notice.php ]
[ info ] [ DB ] INIT mysql
[ info ] [ LOG ] INIT File
[ sql ] [ DB ] CONNECT:[ UseTime:0.000174s ] mysql:host=localhost;dbname=pgt;charset=utf8
[ sql ] [ SQL ] SHOW COLUMNS FROM `pgt_course_node` [ RunTime:0.000670s ]
[ sql ] [ SQL ] SELECT * FROM `pgt_course_node` WHERE  `is_del` = 0  AND `type` = 1  AND `Live_state` = 0 [ RunTime:0.000264s ]
---------------------------------------------------------------
[ 2021-04-15T21:50:01+08:00 ] 39.101.182.111 GET pgtapi.cooov.com/Notice/crontab
[运行时间：0.017998s] [吞吐率：55.56req/s] [内存消耗：2,628.13kb] [文件加载：55]
[ info ] [ LANG ] /www/wwwroot/peigongtang/thinkphp/lang/zh-cn.php
[ info ] [ BIND ] 'api'
[ info ] [ ROUTE ] array (
  'type' => 'module',
  'module' => 
  array (
    0 => 'api',
    1 => 'Notice',
    2 => 'crontab',
  ),
)
[ info ] [ HEADER ] array (
  'accept' => '*/*',
  'user-agent' => 'curl/7.61.1',
  'host' => 'pgtapi.cooov.com',
  'content-type' => '',
  'content-length' => '',
)
[ info ] [ PARAM ] array (
)
[ info ] [ RUN ] app\api\controller\Notice->crontab[ /www/wwwroot/peigongtang/application/api/controller/Notice.php ]
[ info ] [ DB ] INIT mysql
[ info ] [ LOG ] INIT File
[ sql ] [ DB ] CONNECT:[ UseTime:0.000185s ] mysql:host=localhost;dbname=pgt;charset=utf8
[ sql ] [ SQL ] SHOW COLUMNS FROM `pgt_course_node` [ RunTime:0.000631s ]
[ sql ] [ SQL ] SELECT * FROM `pgt_course_node` WHERE  `is_del` = 0  AND `type` = 1  AND `Live_state` = 0 [ RunTime:0.000285s ]
---------------------------------------------------------------
[ 2021-04-15T22:00:01+08:00 ] 39.101.182.111 GET pgtapi.cooov.com/Notice/crontab
[运行时间：0.017747s] [吞吐率：56.35req/s] [内存消耗：2,628.13kb] [文件加载：55]
[ info ] [ LANG ] /www/wwwroot/peigongtang/thinkphp/lang/zh-cn.php
[ info ] [ BIND ] 'api'
[ info ] [ ROUTE ] array (
  'type' => 'module',
  'module' => 
  array (
    0 => 'api',
    1 => 'Notice',
    2 => 'crontab',
  ),
)
[ info ] [ HEADER ] array (
  'accept' => '*/*',
  'user-agent' => 'curl/7.61.1',
  'host' => 'pgtapi.cooov.com',
  'content-type' => '',
  'content-length' => '',
)
[ info ] [ PARAM ] array (
)
[ info ] [ RUN ] app\api\controller\Notice->crontab[ /www/wwwroot/peigongtang/application/api/controller/Notice.php ]
[ info ] [ DB ] INIT mysql
[ info ] [ LOG ] INIT File
[ sql ] [ DB ] CONNECT:[ UseTime:0.000169s ] mysql:host=localhost;dbname=pgt;charset=utf8
[ sql ] [ SQL ] SHOW COLUMNS FROM `pgt_course_node` [ RunTime:0.000641s ]
[ sql ] [ SQL ] SELECT * FROM `pgt_course_node` WHERE  `is_del` = 0  AND `type` = 1  AND `Live_state` = 0 [ RunTime:0.000264s ]
---------------------------------------------------------------
[ 2021-04-15T22:10:01+08:00 ] 39.101.182.111 GET pgtapi.cooov.com/Notice/crontab
[运行时间：0.018109s] [吞吐率：55.22req/s] [内存消耗：2,628.13kb] [文件加载：55]
[ info ] [ LANG ] /www/wwwroot/peigongtang/thinkphp/lang/zh-cn.php
[ info ] [ BIND ] 'api'
[ info ] [ ROUTE ] array (
  'type' => 'module',
  'module' => 
  array (
    0 => 'api',
    1 => 'Notice',
    2 => 'crontab',
  ),
)
[ info ] [ HEADER ] array (
  'accept' => '*/*',
  'user-agent' => 'curl/7.61.1',
  'host' => 'pgtapi.cooov.com',
  'content-type' => '',
  'content-length' => '',
)
[ info ] [ PARAM ] array (
)
[ info ] [ RUN ] app\api\controller\Notice->crontab[ /www/wwwroot/peigongtang/application/api/controller/Notice.php ]
[ info ] [ DB ] INIT mysql
[ info ] [ LOG ] INIT File
[ sql ] [ DB ] CONNECT:[ UseTime:0.000184s ] mysql:host=localhost;dbname=pgt;charset=utf8
[ sql ] [ SQL ] SHOW COLUMNS FROM `pgt_course_node` [ RunTime:0.000632s ]
[ sql ] [ SQL ] SELECT * FROM `pgt_course_node` WHERE  `is_del` = 0  AND `type` = 1  AND `Live_state` = 0 [ RunTime:0.000282s ]
---------------------------------------------------------------
[ 2021-04-15T22:20:01+08:00 ] 39.101.182.111 GET pgtapi.cooov.com/Notice/crontab
[运行时间：0.017857s] [吞吐率：56.00req/s] [内存消耗：2,628.13kb] [文件加载：55]
[ info ] [ LANG ] /www/wwwroot/peigongtang/thinkphp/lang/zh-cn.php
[ info ] [ BIND ] 'api'
[ info ] [ ROUTE ] array (
  'type' => 'module',
  'module' => 
  array (
    0 => 'api',
    1 => 'Notice',
    2 => 'crontab',
  ),
)
[ info ] [ HEADER ] array (
  'accept' => '*/*',
  'user-agent' => 'curl/7.61.1',
  'host' => 'pgtapi.cooov.com',
  'content-type' => '',
  'content-length' => '',
)
[ info ] [ PARAM ] array (
)
[ info ] [ RUN ] app\api\controller\Notice->crontab[ /www/wwwroot/peigongtang/application/api/controller/Notice.php ]
[ info ] [ DB ] INIT mysql
[ info ] [ LOG ] INIT File
[ sql ] [ DB ] CONNECT:[ UseTime:0.000177s ] mysql:host=localhost;dbname=pgt;charset=utf8
[ sql ] [ SQL ] SHOW COLUMNS FROM `pgt_course_node` [ RunTime:0.000634s ]
[ sql ] [ SQL ] SELECT * FROM `pgt_course_node` WHERE  `is_del` = 0  AND `type` = 1  AND `Live_state` = 0 [ RunTime:0.000268s ]
---------------------------------------------------------------
[ 2021-04-15T22:30:02+08:00 ] 39.101.182.111 GET pgtapi.cooov.com/Notice/crontab
[运行时间：0.041790s] [吞吐率：23.93req/s] [内存消耗：2,628.13kb] [文件加载：55]
[ info ] [ LANG ] /www/wwwroot/peigongtang/thinkphp/lang/zh-cn.php
[ info ] [ BIND ] 'api'
[ info ] [ ROUTE ] array (
  'type' => 'module',
  'module' => 
  array (
    0 => 'api',
    1 => 'Notice',
    2 => 'crontab',
  ),
)
[ info ] [ HEADER ] array (
  'accept' => '*/*',
  'user-agent' => 'curl/7.61.1',
  'host' => 'pgtapi.cooov.com',
  'content-type' => '',
  'content-length' => '',
)
[ info ] [ PARAM ] array (
)
[ info ] [ RUN ] app\api\controller\Notice->crontab[ /www/wwwroot/peigongtang/application/api/controller/Notice.php ]
[ info ] [ DB ] INIT mysql
[ info ] [ LOG ] INIT File
[ sql ] [ DB ] CONNECT:[ UseTime:0.002630s ] mysql:host=localhost;dbname=pgt;charset=utf8
[ sql ] [ SQL ] SHOW COLUMNS FROM `pgt_course_node` [ RunTime:0.000888s ]
[ sql ] [ SQL ] SELECT * FROM `pgt_course_node` WHERE  `is_del` = 0  AND `type` = 1  AND `Live_state` = 0 [ RunTime:0.000386s ]
---------------------------------------------------------------
[ 2021-04-15T22:40:01+08:00 ] 39.101.182.111 GET pgtapi.cooov.com/Notice/crontab
[运行时间：0.017705s] [吞吐率：56.48req/s] [内存消耗：2,628.13kb] [文件加载：55]
[ info ] [ LANG ] /www/wwwroot/peigongtang/thinkphp/lang/zh-cn.php
[ info ] [ BIND ] 'api'
[ info ] [ ROUTE ] array (
  'type' => 'module',
  'module' => 
  array (
    0 => 'api',
    1 => 'Notice',
    2 => 'crontab',
  ),
)
[ info ] [ HEADER ] array (
  'accept' => '*/*',
  'user-agent' => 'curl/7.61.1',
  'host' => 'pgtapi.cooov.com',
  'content-type' => '',
  'content-length' => '',
)
[ info ] [ PARAM ] array (
)
[ info ] [ RUN ] app\api\controller\Notice->crontab[ /www/wwwroot/peigongtang/application/api/controller/Notice.php ]
[ info ] [ DB ] INIT mysql
[ info ] [ LOG ] INIT File
[ sql ] [ DB ] CONNECT:[ UseTime:0.000175s ] mysql:host=localhost;dbname=pgt;charset=utf8
[ sql ] [ SQL ] SHOW COLUMNS FROM `pgt_course_node` [ RunTime:0.000650s ]
[ sql ] [ SQL ] SELECT * FROM `pgt_course_node` WHERE  `is_del` = 0  AND `type` = 1  AND `Live_state` = 0 [ RunTime:0.000261s ]
---------------------------------------------------------------
[ 2021-04-15T22:50:01+08:00 ] 39.101.182.111 GET pgtapi.cooov.com/Notice/crontab
[运行时间：0.017750s] [吞吐率：56.34req/s] [内存消耗：2,628.13kb] [文件加载：55]
[ info ] [ LANG ] /www/wwwroot/peigongtang/thinkphp/lang/zh-cn.php
[ info ] [ BIND ] 'api'
[ info ] [ ROUTE ] array (
  'type' => 'module',
  'module' => 
  array (
    0 => 'api',
    1 => 'Notice',
    2 => 'crontab',
  ),
)
[ info ] [ HEADER ] array (
  'accept' => '*/*',
  'user-agent' => 'curl/7.61.1',
  'host' => 'pgtapi.cooov.com',
  'content-type' => '',
  'content-length' => '',
)
[ info ] [ PARAM ] array (
)
[ info ] [ RUN ] app\api\controller\Notice->crontab[ /www/wwwroot/peigongtang/application/api/controller/Notice.php ]
[ info ] [ DB ] INIT mysql
[ info ] [ LOG ] INIT File
[ sql ] [ DB ] CONNECT:[ UseTime:0.000178s ] mysql:host=localhost;dbname=pgt;charset=utf8
[ sql ] [ SQL ] SHOW COLUMNS FROM `pgt_course_node` [ RunTime:0.000625s ]
[ sql ] [ SQL ] SELECT * FROM `pgt_course_node` WHERE  `is_del` = 0  AND `type` = 1  AND `Live_state` = 0 [ RunTime:0.000284s ]
---------------------------------------------------------------
[ 2021-04-15T23:00:01+08:00 ] 39.101.182.111 GET pgtapi.cooov.com/Notice/crontab
[运行时间：0.018192s] [吞吐率：54.97req/s] [内存消耗：2,628.13kb] [文件加载：55]
[ info ] [ LANG ] /www/wwwroot/peigongtang/thinkphp/lang/zh-cn.php
[ info ] [ BIND ] 'api'
[ info ] [ ROUTE ] array (
  'type' => 'module',
  'module' => 
  array (
    0 => 'api',
    1 => 'Notice',
    2 => 'crontab',
  ),
)
[ info ] [ HEADER ] array (
  'accept' => '*/*',
  'user-agent' => 'curl/7.61.1',
  'host' => 'pgtapi.cooov.com',
  'content-type' => '',
  'content-length' => '',
)
[ info ] [ PARAM ] array (
)
[ info ] [ RUN ] app\api\controller\Notice->crontab[ /www/wwwroot/peigongtang/application/api/controller/Notice.php ]
[ info ] [ DB ] INIT mysql
[ info ] [ LOG ] INIT File
[ sql ] [ DB ] CONNECT:[ UseTime:0.000182s ] mysql:host=localhost;dbname=pgt;charset=utf8
[ sql ] [ SQL ] SHOW COLUMNS FROM `pgt_course_node` [ RunTime:0.000620s ]
[ sql ] [ SQL ] SELECT * FROM `pgt_course_node` WHERE  `is_del` = 0  AND `type` = 1  AND `Live_state` = 0 [ RunTime:0.000261s ]
---------------------------------------------------------------
[ 2021-04-15T23:10:02+08:00 ] 39.101.182.111 GET pgtapi.cooov.com/Notice/crontab
[运行时间：0.018145s] [吞吐率：55.11req/s] [内存消耗：2,628.13kb] [文件加载：55]
[ info ] [ LANG ] /www/wwwroot/peigongtang/thinkphp/lang/zh-cn.php
[ info ] [ BIND ] 'api'
[ info ] [ ROUTE ] array (
  'type' => 'module',
  'module' => 
  array (
    0 => 'api',
    1 => 'Notice',
    2 => 'crontab',
  ),
)
[ info ] [ HEADER ] array (
  'accept' => '*/*',
  'user-agent' => 'curl/7.61.1',
  'host' => 'pgtapi.cooov.com',
  'content-type' => '',
  'content-length' => '',
)
[ info ] [ PARAM ] array (
)
[ info ] [ RUN ] app\api\controller\Notice->crontab[ /www/wwwroot/peigongtang/application/api/controller/Notice.php ]
[ info ] [ DB ] INIT mysql
[ info ] [ LOG ] INIT File
[ sql ] [ DB ] CONNECT:[ UseTime:0.000177s ] mysql:host=localhost;dbname=pgt;charset=utf8
[ sql ] [ SQL ] SHOW COLUMNS FROM `pgt_course_node` [ RunTime:0.000645s ]
[ sql ] [ SQL ] SELECT * FROM `pgt_course_node` WHERE  `is_del` = 0  AND `type` = 1  AND `Live_state` = 0 [ RunTime:0.000266s ]
---------------------------------------------------------------
[ 2021-04-15T23:20:01+08:00 ] 39.101.182.111 GET pgtapi.cooov.com/Notice/crontab
[运行时间：0.018191s] [吞吐率：54.97req/s] [内存消耗：2,628.13kb] [文件加载：55]
[ info ] [ LANG ] /www/wwwroot/peigongtang/thinkphp/lang/zh-cn.php
[ info ] [ BIND ] 'api'
[ info ] [ ROUTE ] array (
  'type' => 'module',
  'module' => 
  array (
    0 => 'api',
    1 => 'Notice',
    2 => 'crontab',
  ),
)
[ info ] [ HEADER ] array (
  'accept' => '*/*',
  'user-agent' => 'curl/7.61.1',
  'host' => 'pgtapi.cooov.com',
  'content-type' => '',
  'content-length' => '',
)
[ info ] [ PARAM ] array (
)
[ info ] [ RUN ] app\api\controller\Notice->crontab[ /www/wwwroot/peigongtang/application/api/controller/Notice.php ]
[ info ] [ DB ] INIT mysql
[ info ] [ LOG ] INIT File
[ sql ] [ DB ] CONNECT:[ UseTime:0.000176s ] mysql:host=localhost;dbname=pgt;charset=utf8
[ sql ] [ SQL ] SHOW COLUMNS FROM `pgt_course_node` [ RunTime:0.000645s ]
[ sql ] [ SQL ] SELECT * FROM `pgt_course_node` WHERE  `is_del` = 0  AND `type` = 1  AND `Live_state` = 0 [ RunTime:0.000260s ]
---------------------------------------------------------------
[ 2021-04-15T23:30:01+08:00 ] 39.101.182.111 GET pgtapi.cooov.com/Notice/crontab
[运行时间：0.055320s] [吞吐率：18.08req/s] [内存消耗：2,628.13kb] [文件加载：55]
[ info ] [ LANG ] /www/wwwroot/peigongtang/thinkphp/lang/zh-cn.php
[ info ] [ BIND ] 'api'
[ info ] [ ROUTE ] array (
  'type' => 'module',
  'module' => 
  array (
    0 => 'api',
    1 => 'Notice',
    2 => 'crontab',
  ),
)
[ info ] [ HEADER ] array (
  'accept' => '*/*',
  'user-agent' => 'curl/7.61.1',
  'host' => 'pgtapi.cooov.com',
  'content-type' => '',
  'content-length' => '',
)
[ info ] [ PARAM ] array (
)
[ info ] [ RUN ] app\api\controller\Notice->crontab[ /www/wwwroot/peigongtang/application/api/controller/Notice.php ]
[ info ] [ DB ] INIT mysql
[ info ] [ LOG ] INIT File
[ sql ] [ DB ] CONNECT:[ UseTime:0.000230s ] mysql:host=localhost;dbname=pgt;charset=utf8
[ sql ] [ SQL ] SHOW COLUMNS FROM `pgt_course_node` [ RunTime:0.000903s ]
[ sql ] [ SQL ] SELECT * FROM `pgt_course_node` WHERE  `is_del` = 0  AND `type` = 1  AND `Live_state` = 0 [ RunTime:0.000430s ]
---------------------------------------------------------------
[ 2021-04-15T23:40:02+08:00 ] 39.101.182.111 GET pgtapi.cooov.com/Notice/crontab
[运行时间：0.022339s] [吞吐率：44.77req/s] [内存消耗：2,628.13kb] [文件加载：55]
[ info ] [ LANG ] /www/wwwroot/peigongtang/thinkphp/lang/zh-cn.php
[ info ] [ BIND ] 'api'
[ info ] [ ROUTE ] array (
  'type' => 'module',
  'module' => 
  array (
    0 => 'api',
    1 => 'Notice',
    2 => 'crontab',
  ),
)
[ info ] [ HEADER ] array (
  'accept' => '*/*',
  'user-agent' => 'curl/7.61.1',
  'host' => 'pgtapi.cooov.com',
  'content-type' => '',
  'content-length' => '',
)
[ info ] [ PARAM ] array (
)
[ info ] [ RUN ] app\api\controller\Notice->crontab[ /www/wwwroot/peigongtang/application/api/controller/Notice.php ]
[ info ] [ DB ] INIT mysql
[ info ] [ LOG ] INIT File
[ sql ] [ DB ] CONNECT:[ UseTime:0.000189s ] mysql:host=localhost;dbname=pgt;charset=utf8
[ sql ] [ SQL ] SHOW COLUMNS FROM `pgt_course_node` [ RunTime:0.000605s ]
[ sql ] [ SQL ] SELECT * FROM `pgt_course_node` WHERE  `is_del` = 0  AND `type` = 1  AND `Live_state` = 0 [ RunTime:0.000269s ]
---------------------------------------------------------------
[ 2021-04-15T23:50:01+08:00 ] 39.101.182.111 GET pgtapi.cooov.com/Notice/crontab
[运行时间：0.017966s] [吞吐率：55.66req/s] [内存消耗：2,628.13kb] [文件加载：55]
[ info ] [ LANG ] /www/wwwroot/peigongtang/thinkphp/lang/zh-cn.php
[ info ] [ BIND ] 'api'
[ info ] [ ROUTE ] array (
  'type' => 'module',
  'module' => 
  array (
    0 => 'api',
    1 => 'Notice',
    2 => 'crontab',
  ),
)
[ info ] [ HEADER ] array (
  'accept' => '*/*',
  'user-agent' => 'curl/7.61.1',
  'host' => 'pgtapi.cooov.com',
  'content-type' => '',
  'content-length' => '',
)
[ info ] [ PARAM ] array (
)
[ info ] [ RUN ] app\api\controller\Notice->crontab[ /www/wwwroot/peigongtang/application/api/controller/Notice.php ]
[ info ] [ DB ] INIT mysql
[ info ] [ LOG ] INIT File
[ sql ] [ DB ] CONNECT:[ UseTime:0.000172s ] mysql:host=localhost;dbname=pgt;charset=utf8
[ sql ] [ SQL ] SHOW COLUMNS FROM `pgt_course_node` [ RunTime:0.000642s ]
[ sql ] [ SQL ] SELECT * FROM `pgt_course_node` WHERE  `is_del` = 0  AND `type` = 1  AND `Live_state` = 0 [ RunTime:0.000260s ]
