---------------------------------------------------------------
[ 2021-06-06T11:53:17+08:00 ] 127.0.0.1 GET t.api.qisedu.com/
[运行时间：0.181745s] [吞吐率：5.50req/s] [内存消耗：2,247.02kb] [文件加载：47]
[ info ] [ LANG ] E:\phpEnv\www\qisedu\thinkphp\lang\zh-cn.php
[ info ] [ BIND ] 'api'
[ info ] [ ROUTE ] array (
  'type' => 'module',
  'module' => 
  array (
    0 => 'api',
    1 => NULL,
    2 => NULL,
  ),
)
[ info ] [ HEADER ] array (
  'accept-language' => 'zh-CN,zh;q=0.8',
  'accept-encoding' => 'gzip, deflate',
  'accept' => 'text/html,application/xhtml+xml,application/xml;q=0.9,image/webp,*/*;q=0.8',
  'user-agent' => 'Mozilla/5.0 (Windows NT 10.0; WOW64) AppleWebKit/537.36 (KHTML, like Gecko) Chrome/55.0.2883.87 UBrowser/6.2.4094.1 Safari/537.36',
  'upgrade-insecure-requests' => '1',
  'connection' => 'keep-alive',
  'host' => 't.api.qisedu.com',
  'content-length' => '',
  'content-type' => '',
)
[ info ] [ PARAM ] array (
)
[ info ] [ LOG ] INIT File
---------------------------------------------------------------
[ 2021-06-06T11:55:57+08:00 ] 127.0.0.1 GET t.api.qisedu.com/
[运行时间：0.035901s] [吞吐率：27.85req/s] [内存消耗：2,247.01kb] [文件加载：47]
[ info ] [ LANG ] E:\phpEnv\www\qisedu\thinkphp\lang\zh-cn.php
[ info ] [ BIND ] 'api'
[ info ] [ ROUTE ] array (
  'type' => 'module',
  'module' => 
  array (
    0 => 'api',
    1 => NULL,
    2 => NULL,
  ),
)
[ info ] [ HEADER ] array (
  'accept-language' => 'zh-CN,zh;q=0.8',
  'accept-encoding' => 'gzip, deflate',
  'accept' => 'text/html,application/xhtml+xml,application/xml;q=0.9,image/webp,*/*;q=0.8',
  'user-agent' => 'Mozilla/5.0 (Windows NT 10.0; WOW64) AppleWebKit/537.36 (KHTML, like Gecko) Chrome/55.0.2883.87 UBrowser/6.2.4094.1 Safari/537.36',
  'upgrade-insecure-requests' => '1',
  'connection' => 'keep-alive',
  'host' => 't.api.qisedu.com',
  'content-length' => '',
  'content-type' => '',
)
[ info ] [ PARAM ] array (
)
[ info ] [ LOG ] INIT File
---------------------------------------------------------------
[ 2021-06-06T11:56:29+08:00 ] 127.0.0.1 GET t.api.qisedu.com/
[运行时间：0.180454s] [吞吐率：5.54req/s] [内存消耗：3,547.30kb] [文件加载：60]
[ info ] [ LANG ] E:\phpEnv\www\qisedu\thinkphp\lang\zh-cn.php
[ info ] [ BIND ] 'api'
[ info ] [ ROUTE ] array (
  'type' => 'module',
  'module' => 
  array (
    0 => 'api',
    1 => NULL,
    2 => NULL,
  ),
)
[ info ] [ HEADER ] array (
  'accept-language' => 'zh-CN,zh;q=0.8',
  'accept-encoding' => 'gzip, deflate',
  'accept' => 'text/html,application/xhtml+xml,application/xml;q=0.9,image/webp,*/*;q=0.8',
  'user-agent' => 'Mozilla/5.0 (Windows NT 10.0; WOW64) AppleWebKit/537.36 (KHTML, like Gecko) Chrome/55.0.2883.87 UBrowser/6.2.4094.1 Safari/537.36',
  'upgrade-insecure-requests' => '1',
  'cache-control' => 'max-age=0',
  'connection' => 'keep-alive',
  'host' => 't.api.qisedu.com',
  'content-length' => '',
  'content-type' => '',
)
[ info ] [ PARAM ] array (
)
[ info ] [ RUN ] app\api\controller\Index->index[ E:\phpEnv\www\qisedu\application\api\controller\Index.php ]
[ info ] [ DB ] INIT mysql
[ info ] [ LOG ] INIT File
[ sql ] [ DB ] CONNECT:[ UseTime:0.005620s ] mysql:host=localhost;dbname=qisedu;charset=utf8
[ sql ] [ SQL ] SHOW COLUMNS FROM `pgt_column` [ RunTime:0.036089s ]
[ error ] [10501]SQLSTATE[42S22]: Column not found: 1054 Unknown column 'pic' in 'field list'[E:\phpEnv\www\qisedu\thinkphp\library\think\db\Connection.php:390]
---------------------------------------------------------------
[ 2021-06-06T11:57:52+08:00 ] 127.0.0.1 GET t.oms.qisedu.com/Config/getQrcode
[运行时间：0.293024s] [吞吐率：3.41req/s] [内存消耗：3,697.45kb] [文件加载：56]
[ info ] [ LANG ] E:\phpEnv\www\qisedu\thinkphp\lang\zh-cn.php
[ info ] [ BIND ] 'admin'
[ info ] [ ROUTE ] array (
  'type' => 'module',
  'module' => 
  array (
    0 => 'admin',
    1 => 'Config',
    2 => 'getQrcode',
  ),
)
[ info ] [ HEADER ] array (
  'cookie' => 'uid=p0DSb1oTuqVimxiOzHDOng%3D%3D',
  'accept-language' => 'zh-CN,zh;q=0.8',
  'accept-encoding' => 'gzip, deflate',
  'accept' => 'text/html,application/xhtml+xml,application/xml;q=0.9,image/webp,*/*;q=0.8',
  'user-agent' => 'Mozilla/5.0 (Windows NT 10.0; WOW64) AppleWebKit/537.36 (KHTML, like Gecko) Chrome/55.0.2883.87 UBrowser/6.2.4094.1 Safari/537.36',
  'upgrade-insecure-requests' => '1',
  'connection' => 'keep-alive',
  'host' => 't.oms.qisedu.com',
  'content-length' => '',
  'content-type' => '',
)
[ info ] [ PARAM ] array (
)
[ info ] [ DB ] INIT mysql
[ info ] [ LOG ] INIT File
[ sql ] [ DB ] CONNECT:[ UseTime:0.019790s ] mysql:host=localhost;dbname=qisedu;charset=utf8
[ sql ] [ SQL ] SHOW COLUMNS FROM `pgt_admin_menu` [ RunTime:0.054606s ]
[ sql ] [ SQL ] SELECT * FROM `pgt_admin_menu` WHERE  `id` <> 135 ORDER BY `sort` ASC [ RunTime:0.001143s ]
[ sql ] [ SQL ] SELECT * FROM `pgt_admin_menu` WHERE  `url` LIKE '%Config/getqrcode%' LIMIT 1 [ RunTime:0.000630s ]
---------------------------------------------------------------
[ 2021-06-06T11:57:56+08:00 ] 127.0.0.1 GET t.oms.qisedu.com/
[运行时间：0.263768s] [吞吐率：3.79req/s] [内存消耗：3,793.31kb] [文件加载：60]
[ info ] [ LANG ] E:\phpEnv\www\qisedu\thinkphp\lang\zh-cn.php
[ info ] [ BIND ] 'admin'
[ info ] [ ROUTE ] array (
  'type' => 'module',
  'module' => 
  array (
    0 => 'admin',
    1 => NULL,
    2 => NULL,
  ),
)
[ info ] [ HEADER ] array (
  'cookie' => 'uid=p0DSb1oTuqVimxiOzHDOng%3D%3D',
  'accept-language' => 'zh-CN,zh;q=0.8',
  'accept-encoding' => 'gzip, deflate',
  'accept' => 'text/html,application/xhtml+xml,application/xml;q=0.9,image/webp,*/*;q=0.8',
  'user-agent' => 'Mozilla/5.0 (Windows NT 10.0; WOW64) AppleWebKit/537.36 (KHTML, like Gecko) Chrome/55.0.2883.87 UBrowser/6.2.4094.1 Safari/537.36',
  'upgrade-insecure-requests' => '1',
  'connection' => 'keep-alive',
  'host' => 't.oms.qisedu.com',
  'content-length' => '',
  'content-type' => '',
)
[ info ] [ PARAM ] array (
)
[ info ] [ DB ] INIT mysql
[ info ] [ CACHE ] INIT File
[ info ] [ LOG ] INIT File
[ sql ] [ DB ] CONNECT:[ UseTime:0.005851s ] mysql:host=localhost;dbname=qisedu;charset=utf8
[ sql ] [ SQL ] SHOW COLUMNS FROM `pgt_admin_menu` [ RunTime:0.004847s ]
[ sql ] [ SQL ] SELECT * FROM `pgt_admin_menu` WHERE  `id` <> 135 ORDER BY `sort` ASC [ RunTime:0.000794s ]
[ sql ] [ SQL ] SELECT * FROM `pgt_admin_menu` WHERE  `url` LIKE '%Index/index%' LIMIT 1 [ RunTime:0.000414s ]
[ sql ] [ SQL ] SHOW COLUMNS FROM `pgt_admin_user` [ RunTime:0.029705s ]
[ sql ] [ SQL ] SELECT * FROM `pgt_admin_user` WHERE  `id` = 1 LIMIT 1 [ RunTime:0.000400s ]
---------------------------------------------------------------
[ 2021-06-06T11:57:57+08:00 ] 127.0.0.1 GET t.oms.qisedu.com/Login/index
[运行时间：0.129508s] [吞吐率：7.72req/s] [内存消耗：2,372.13kb] [文件加载：51]
[ info ] [ LANG ] E:\phpEnv\www\qisedu\thinkphp\lang\zh-cn.php
[ info ] [ BIND ] 'admin'
[ info ] [ ROUTE ] array (
  'type' => 'module',
  'module' => 
  array (
    0 => 'admin',
    1 => 'Login',
    2 => 'index',
  ),
)
[ info ] [ HEADER ] array (
  'cookie' => 'uid=p0DSb1oTuqVimxiOzHDOng%3D%3D',
  'accept-language' => 'zh-CN,zh;q=0.8',
  'accept-encoding' => 'gzip, deflate',
  'referer' => 'http://t.oms.qisedu.com/',
  'accept' => 'text/html,application/xhtml+xml,application/xml;q=0.9,image/webp,*/*;q=0.8',
  'user-agent' => 'Mozilla/5.0 (Windows NT 10.0; WOW64) AppleWebKit/537.36 (KHTML, like Gecko) Chrome/55.0.2883.87 UBrowser/6.2.4094.1 Safari/537.36',
  'upgrade-insecure-requests' => '1',
  'connection' => 'keep-alive',
  'host' => 't.oms.qisedu.com',
  'content-length' => '',
  'content-type' => '',
)
[ info ] [ PARAM ] array (
)
[ info ] [ RUN ] app\admin\controller\Login->index[ E:\phpEnv\www\qisedu\application\admin\controller\Login.php ]
[ info ] [ VIEW ] E:\phpEnv\www\qisedu\public/../application/admin\view\Login\index.html [ array (
  0 => 'uid',
) ]
[ info ] [ LOG ] INIT File
---------------------------------------------------------------
[ 2021-06-06T11:57:57+08:00 ] 127.0.0.1 GET t.oms.qisedu.com/Verification/gt?t=1622951877193
[运行时间：0.040606s] [吞吐率：24.63req/s] [内存消耗：2,255.38kb] [文件加载：48]
[ info ] [ LANG ] E:\phpEnv\www\qisedu\thinkphp\lang\zh-cn.php
[ info ] [ BIND ] 'admin'
[ info ] [ ROUTE ] array (
  'type' => 'module',
  'module' => 
  array (
    0 => 'admin',
    1 => 'Verification',
    2 => 'gt',
  ),
)
[ info ] [ HEADER ] array (
  'cookie' => 'uid=p0DSb1oTuqVimxiOzHDOng%3D%3D',
  'accept-language' => 'zh-CN,zh;q=0.8',
  'accept-encoding' => 'gzip, deflate',
  'referer' => 'http://t.oms.qisedu.com/Login/index',
  'user-agent' => 'Mozilla/5.0 (Windows NT 10.0; WOW64) AppleWebKit/537.36 (KHTML, like Gecko) Chrome/55.0.2883.87 UBrowser/6.2.4094.1 Safari/537.36',
  'x-requested-with' => 'XMLHttpRequest',
  'accept' => 'application/json, text/javascript, */*; q=0.01',
  'connection' => 'keep-alive',
  'host' => 't.oms.qisedu.com',
  'content-length' => '',
  'content-type' => '',
)
[ info ] [ PARAM ] array (
  't' => '1622951877193',
)
[ info ] [ RUN ] app\admin\controller\Verification->gt[ E:\phpEnv\www\qisedu\application\admin\controller\Verification.php ]
[ info ] [ LOG ] INIT File
---------------------------------------------------------------
[ 2021-06-06T11:58:05+08:00 ] 127.0.0.1 POST t.oms.qisedu.com/login/login
[运行时间：0.141575s] [吞吐率：7.06req/s] [内存消耗：3,731.88kb] [文件加载：63]
[ info ] [ LANG ] E:\phpEnv\www\qisedu\thinkphp\lang\zh-cn.php
[ info ] [ BIND ] 'admin'
[ info ] [ ROUTE ] array (
  'type' => 'module',
  'module' => 
  array (
    0 => 'admin',
    1 => 'login',
    2 => 'login',
  ),
)
[ info ] [ HEADER ] array (
  'cookie' => 'uid=p0DSb1oTuqVimxiOzHDOng%3D%3D',
  'accept-language' => 'zh-CN,zh;q=0.8',
  'accept-encoding' => 'gzip, deflate',
  'referer' => 'http://t.oms.qisedu.com/Login/index',
  'content-type' => 'application/x-www-form-urlencoded; charset=UTF-8',
  'user-agent' => 'Mozilla/5.0 (Windows NT 10.0; WOW64) AppleWebKit/537.36 (KHTML, like Gecko) Chrome/55.0.2883.87 UBrowser/6.2.4094.1 Safari/537.36',
  'x-requested-with' => 'XMLHttpRequest',
  'origin' => 'http://t.oms.qisedu.com',
  'accept' => '*/*',
  'content-length' => '191',
  'connection' => 'keep-alive',
  'host' => 't.oms.qisedu.com',
)
[ info ] [ PARAM ] array (
  'username' => 'admin',
  'password' => '123456',
  'geetest_challenge' => '6f4922f45568161a8cdf4ad2299f6d23d6',
  'geetest_validate' => '81ba717c5e9e11990650b72e0f3e7a35',
  'geetest_seccode' => '81ba717c5e9e11990650b72e0f3e7a35|jordan',
)
[ info ] [ RUN ] app\admin\controller\Login->login[ E:\phpEnv\www\qisedu\application\admin\controller\Login.php ]
[ info ] [ DB ] INIT mysql
[ info ] [ CACHE ] INIT File
[ info ] [ LOG ] INIT File
[ sql ] [ DB ] CONNECT:[ UseTime:0.025981s ] mysql:host=localhost;dbname=qisedu;charset=utf8
[ sql ] [ SQL ] SHOW COLUMNS FROM `pgt_admin_user` [ RunTime:0.008711s ]
[ sql ] [ SQL ] SELECT * FROM `pgt_admin_user` WHERE  `username` = 'admin'  AND `password` = '912601e4ad1b308c9ae41877cf6ca754' LIMIT 1 [ RunTime:0.000576s ]
[ sql ] [ SQL ] UPDATE `pgt_admin_user`  SET `login_count`=761,`last_ip`='127.0.0.1',`last_login`=1622951885  WHERE  `id` = 1 [ RunTime:0.059704s ]
---------------------------------------------------------------
[ 2021-06-06T11:58:07+08:00 ] 127.0.0.1 GET t.oms.qisedu.com/index/index
[运行时间：0.335450s] [吞吐率：2.98req/s] [内存消耗：4,010.16kb] [文件加载：70]
[ info ] [ LANG ] E:\phpEnv\www\qisedu\thinkphp\lang\zh-cn.php
[ info ] [ BIND ] 'admin'
[ info ] [ ROUTE ] array (
  'type' => 'module',
  'module' => 
  array (
    0 => 'admin',
    1 => 'index',
    2 => 'index',
  ),
)
[ info ] [ HEADER ] array (
  'cookie' => 'uid=p0DSb1oTuqVimxiOzHDOng%3D%3D',
  'accept-language' => 'zh-CN,zh;q=0.8',
  'accept-encoding' => 'gzip, deflate',
  'referer' => 'http://t.oms.qisedu.com/Login/index',
  'accept' => 'text/html,application/xhtml+xml,application/xml;q=0.9,image/webp,*/*;q=0.8',
  'user-agent' => 'Mozilla/5.0 (Windows NT 10.0; WOW64) AppleWebKit/537.36 (KHTML, like Gecko) Chrome/55.0.2883.87 UBrowser/6.2.4094.1 Safari/537.36',
  'upgrade-insecure-requests' => '1',
  'connection' => 'keep-alive',
  'host' => 't.oms.qisedu.com',
  'content-length' => '',
  'content-type' => '',
)
[ info ] [ PARAM ] array (
)
[ info ] [ DB ] INIT mysql
[ info ] [ CACHE ] INIT File
[ info ] [ SESSION ] INIT array (
  'id' => '',
  'var_session_id' => '',
  'prefix' => 'think',
  'type' => '',
  'auto_start' => true,
)
[ info ] [ RUN ] app\admin\controller\Index->index[ E:\phpEnv\www\qisedu\application\admin\controller\Index.php ]
[ info ] [ VIEW ] E:\phpEnv\www\qisedu\public/../application/admin\view\Index\index.html [ array (
  0 => 'uid',
  1 => 'userInfo',
  2 => 'list',
  3 => 'auth_name',
  4 => 'username',
  5 => 'nickname',
) ]
[ info ] [ LOG ] INIT File
[ sql ] [ DB ] CONNECT:[ UseTime:0.021513s ] mysql:host=localhost;dbname=qisedu;charset=utf8
[ sql ] [ SQL ] SHOW COLUMNS FROM `pgt_admin_menu` [ RunTime:0.008640s ]
[ sql ] [ SQL ] SELECT * FROM `pgt_admin_menu` WHERE  `id` <> 135 ORDER BY `sort` ASC [ RunTime:0.001241s ]
[ sql ] [ SQL ] SELECT * FROM `pgt_admin_menu` WHERE  `url` LIKE '%Index/index%' LIMIT 1 [ RunTime:0.000495s ]
[ sql ] [ SQL ] SHOW COLUMNS FROM `pgt_admin_user` [ RunTime:0.005713s ]
[ sql ] [ SQL ] SELECT * FROM `pgt_admin_user` WHERE  `id` = 1 LIMIT 1 [ RunTime:0.000432s ]
[ sql ] [ SQL ] SELECT * FROM `pgt_admin_user` WHERE  `id` = 1 LIMIT 1 [ RunTime:0.000451s ]
[ sql ] [ SQL ] SHOW COLUMNS FROM `pgt_admin_auth_group` [ RunTime:0.018113s ]
[ sql ] [ SQL ] SELECT `name` FROM `pgt_admin_auth_group` WHERE  `id` = 1 LIMIT 1 [ RunTime:0.000348s ]
[ sql ] [ SQL ] SELECT * FROM `pgt_admin_user` WHERE  `id` = 1 LIMIT 1 [ RunTime:0.000563s ]
[ sql ] [ SQL ] SELECT * FROM `pgt_admin_auth_group` WHERE  `id` IN (1) [ RunTime:0.000600s ]
[ sql ] [ SQL ] SHOW COLUMNS FROM `pgt_admin_auth_rule` [ RunTime:0.017917s ]
[ sql ] [ SQL ] SELECT * FROM `pgt_admin_auth_rule` WHERE  `groupId` IN (1)  AND `status` = 1 [ RunTime:0.000747s ]
[ sql ] [ SQL ] SHOW COLUMNS FROM `pgt_admin_user_action` [ RunTime:0.046880s ]
[ sql ] [ SQL ] INSERT INTO `pgt_admin_user_action` (`actionName` , `uid` , `nickname` , `addTime` , `url` , `data`) VALUES ('首页' , 1 , 'admin' , 1622951887 , 'Index/index' , '{\"s\":\"\\/index\\/index\"}') [ RunTime:0.039988s ]
---------------------------------------------------------------
[ 2021-06-06T11:58:08+08:00 ] 127.0.0.1 GET t.oms.qisedu.com/index/welcome
[运行时间：0.180090s] [吞吐率：5.55req/s] [内存消耗：3,930.72kb] [文件加载：65]
[ info ] [ LANG ] E:\phpEnv\www\qisedu\thinkphp\lang\zh-cn.php
[ info ] [ BIND ] 'admin'
[ info ] [ ROUTE ] array (
  'type' => 'module',
  'module' => 
  array (
    0 => 'admin',
    1 => 'index',
    2 => 'welcome',
  ),
)
[ info ] [ HEADER ] array (
  'cookie' => 'uid=p0DSb1oTuqVimxiOzHDOng%3D%3D; PHPSESSID=p8hnq4k8p949tjohv57g15iap6',
  'accept-language' => 'zh-CN,zh;q=0.8',
  'accept-encoding' => 'gzip, deflate',
  'referer' => 'http://t.oms.qisedu.com/index/index',
  'accept' => 'text/html,application/xhtml+xml,application/xml;q=0.9,image/webp,*/*;q=0.8',
  'user-agent' => 'Mozilla/5.0 (Windows NT 10.0; WOW64) AppleWebKit/537.36 (KHTML, like Gecko) Chrome/55.0.2883.87 UBrowser/6.2.4094.1 Safari/537.36',
  'upgrade-insecure-requests' => '1',
  'connection' => 'keep-alive',
  'host' => 't.oms.qisedu.com',
  'content-length' => '',
  'content-type' => '',
)
[ info ] [ PARAM ] array (
)
[ info ] [ DB ] INIT mysql
[ info ] [ CACHE ] INIT File
[ info ] [ SESSION ] INIT array (
  'id' => '',
  'var_session_id' => '',
  'prefix' => 'think',
  'type' => '',
  'auto_start' => true,
)
[ info ] [ RUN ] app\admin\controller\Index->welcome[ E:\phpEnv\www\qisedu\application\admin\controller\Index.php ]
[ info ] [ LOG ] INIT File
[ sql ] [ DB ] CONNECT:[ UseTime:0.004465s ] mysql:host=localhost;dbname=qisedu;charset=utf8
[ sql ] [ SQL ] SHOW COLUMNS FROM `pgt_admin_menu` [ RunTime:0.008285s ]
[ sql ] [ SQL ] SELECT * FROM `pgt_admin_menu` WHERE  `id` <> 135 ORDER BY `sort` ASC [ RunTime:0.000860s ]
[ sql ] [ SQL ] SELECT * FROM `pgt_admin_menu` WHERE  `url` LIKE '%Index/welcome%' LIMIT 1 [ RunTime:0.000478s ]
[ sql ] [ SQL ] SHOW COLUMNS FROM `pgt_admin_user` [ RunTime:0.005849s ]
[ sql ] [ SQL ] SELECT * FROM `pgt_admin_user` WHERE  `id` = 1 LIMIT 1 [ RunTime:0.000580s ]
[ sql ] [ SQL ] SELECT * FROM `pgt_admin_user` WHERE  `id` = 1 LIMIT 1 [ RunTime:0.000497s ]
[ sql ] [ SQL ] SHOW COLUMNS FROM `pgt_admin_auth_group` [ RunTime:0.005855s ]
[ sql ] [ SQL ] SELECT `name` FROM `pgt_admin_auth_group` WHERE  `id` = 1 LIMIT 1 [ RunTime:0.000353s ]
[ sql ] [ SQL ] SELECT * FROM `pgt_admin_user` WHERE  `id` = 1 LIMIT 1 [ RunTime:0.000438s ]
[ sql ] [ SQL ] SELECT * FROM `pgt_admin_auth_group` WHERE  `id` IN (1) [ RunTime:0.000348s ]
[ sql ] [ SQL ] SHOW COLUMNS FROM `pgt_admin_auth_rule` [ RunTime:0.008588s ]
[ sql ] [ SQL ] SELECT * FROM `pgt_admin_auth_rule` WHERE  `groupId` IN (1)  AND `status` = 1 [ RunTime:0.000587s ]
[ sql ] [ SQL ] SHOW COLUMNS FROM `pgt_admin_user_action` [ RunTime:0.008219s ]
[ sql ] [ SQL ] INSERT INTO `pgt_admin_user_action` (`actionName` , `uid` , `nickname` , `addTime` , `url` , `data`) VALUES ('欢迎页' , 1 , 'admin' , 1622951888 , 'Index/welcome' , '{\"s\":\"\\/index\\/welcome\"}') [ RunTime:0.037653s ]
