---------------------------------------------------------------
[ 2021-06-09T22:40:44+08:00 ] 127.0.0.1 GET t.oms.qisedu.com/
[运行时间：1.304018s] [吞吐率：0.77req/s] [内存消耗：3,793.30kb] [文件加载：60]
[ info ] [ LANG ] E:\phpEnv\www\qisedu\thinkphp\lang\zh-cn.php
[ info ] [ BIND ] 'admin'
[ info ] [ ROUTE ] array (
  'type' => 'module',
  'module' => 
  array (
    0 => 'admin',
    1 => NULL,
    2 => NULL,
  ),
)
[ info ] [ HEADER ] array (
  'cookie' => 'uid=p0DSb1oTuqVimxiOzHDOng%3D%3D',
  'accept-language' => 'zh-CN,zh;q=0.8',
  'accept-encoding' => 'gzip, deflate',
  'accept' => 'text/html,application/xhtml+xml,application/xml;q=0.9,image/webp,*/*;q=0.8',
  'user-agent' => 'Mozilla/5.0 (Windows NT 10.0; WOW64) AppleWebKit/537.36 (KHTML, like Gecko) Chrome/55.0.2883.87 UBrowser/6.2.4094.1 Safari/537.36',
  'upgrade-insecure-requests' => '1',
  'connection' => 'keep-alive',
  'host' => 't.oms.qisedu.com',
  'content-length' => '',
  'content-type' => '',
)
[ info ] [ PARAM ] array (
)
[ info ] [ DB ] INIT mysql
[ info ] [ CACHE ] INIT File
[ info ] [ LOG ] INIT File
[ sql ] [ DB ] CONNECT:[ UseTime:0.307737s ] mysql:host=localhost;dbname=qisedu;charset=utf8
[ sql ] [ SQL ] SHOW COLUMNS FROM `pgt_admin_menu` [ RunTime:0.256579s ]
[ sql ] [ SQL ] SELECT * FROM `pgt_admin_menu` WHERE  `id` <> 135 ORDER BY `sort` ASC [ RunTime:0.047581s ]
[ sql ] [ SQL ] SELECT * FROM `pgt_admin_menu` WHERE  `url` LIKE '%Index/index%' LIMIT 1 [ RunTime:0.010952s ]
[ sql ] [ SQL ] SHOW COLUMNS FROM `pgt_admin_user` [ RunTime:0.020149s ]
[ sql ] [ SQL ] SELECT * FROM `pgt_admin_user` WHERE  `id` = 1 LIMIT 1 [ RunTime:0.000800s ]
---------------------------------------------------------------
[ 2021-06-09T22:40:44+08:00 ] 127.0.0.1 GET t.oms.qisedu.com/Login/index
[运行时间：0.102501s] [吞吐率：9.76req/s] [内存消耗：2,372.13kb] [文件加载：51]
[ info ] [ LANG ] E:\phpEnv\www\qisedu\thinkphp\lang\zh-cn.php
[ info ] [ BIND ] 'admin'
[ info ] [ ROUTE ] array (
  'type' => 'module',
  'module' => 
  array (
    0 => 'admin',
    1 => 'Login',
    2 => 'index',
  ),
)
[ info ] [ HEADER ] array (
  'cookie' => 'uid=p0DSb1oTuqVimxiOzHDOng%3D%3D',
  'accept-language' => 'zh-CN,zh;q=0.8',
  'accept-encoding' => 'gzip, deflate',
  'referer' => 'http://t.oms.qisedu.com/',
  'accept' => 'text/html,application/xhtml+xml,application/xml;q=0.9,image/webp,*/*;q=0.8',
  'user-agent' => 'Mozilla/5.0 (Windows NT 10.0; WOW64) AppleWebKit/537.36 (KHTML, like Gecko) Chrome/55.0.2883.87 UBrowser/6.2.4094.1 Safari/537.36',
  'upgrade-insecure-requests' => '1',
  'connection' => 'keep-alive',
  'host' => 't.oms.qisedu.com',
  'content-length' => '',
  'content-type' => '',
)
[ info ] [ PARAM ] array (
)
[ info ] [ RUN ] app\admin\controller\Login->index[ E:\phpEnv\www\qisedu\application\admin\controller\Login.php ]
[ info ] [ VIEW ] E:\phpEnv\www\qisedu\public/../application/admin\view\Login\index.html [ array (
  0 => 'uid',
) ]
[ info ] [ LOG ] INIT File
---------------------------------------------------------------
[ 2021-06-09T22:40:44+08:00 ] 127.0.0.1 GET t.oms.qisedu.com/Verification/gt?t=1623249644820
[运行时间：0.067912s] [吞吐率：14.72req/s] [内存消耗：2,255.38kb] [文件加载：48]
[ info ] [ LANG ] E:\phpEnv\www\qisedu\thinkphp\lang\zh-cn.php
[ info ] [ BIND ] 'admin'
[ info ] [ ROUTE ] array (
  'type' => 'module',
  'module' => 
  array (
    0 => 'admin',
    1 => 'Verification',
    2 => 'gt',
  ),
)
[ info ] [ HEADER ] array (
  'cookie' => 'uid=p0DSb1oTuqVimxiOzHDOng%3D%3D',
  'accept-language' => 'zh-CN,zh;q=0.8',
  'accept-encoding' => 'gzip, deflate',
  'referer' => 'http://t.oms.qisedu.com/Login/index',
  'user-agent' => 'Mozilla/5.0 (Windows NT 10.0; WOW64) AppleWebKit/537.36 (KHTML, like Gecko) Chrome/55.0.2883.87 UBrowser/6.2.4094.1 Safari/537.36',
  'x-requested-with' => 'XMLHttpRequest',
  'accept' => 'application/json, text/javascript, */*; q=0.01',
  'connection' => 'keep-alive',
  'host' => 't.oms.qisedu.com',
  'content-length' => '',
  'content-type' => '',
)
[ info ] [ PARAM ] array (
  't' => '1623249644820',
)
[ info ] [ RUN ] app\admin\controller\Verification->gt[ E:\phpEnv\www\qisedu\application\admin\controller\Verification.php ]
[ info ] [ LOG ] INIT File
---------------------------------------------------------------
[ 2021-06-09T22:40:59+08:00 ] 127.0.0.1 POST t.oms.qisedu.com/login/login
[运行时间：0.211162s] [吞吐率：4.74req/s] [内存消耗：3,731.88kb] [文件加载：63]
[ info ] [ LANG ] E:\phpEnv\www\qisedu\thinkphp\lang\zh-cn.php
[ info ] [ BIND ] 'admin'
[ info ] [ ROUTE ] array (
  'type' => 'module',
  'module' => 
  array (
    0 => 'admin',
    1 => 'login',
    2 => 'login',
  ),
)
[ info ] [ HEADER ] array (
  'cookie' => 'uid=p0DSb1oTuqVimxiOzHDOng%3D%3D',
  'accept-language' => 'zh-CN,zh;q=0.8',
  'accept-encoding' => 'gzip, deflate',
  'referer' => 'http://t.oms.qisedu.com/Login/index',
  'content-type' => 'application/x-www-form-urlencoded; charset=UTF-8',
  'user-agent' => 'Mozilla/5.0 (Windows NT 10.0; WOW64) AppleWebKit/537.36 (KHTML, like Gecko) Chrome/55.0.2883.87 UBrowser/6.2.4094.1 Safari/537.36',
  'x-requested-with' => 'XMLHttpRequest',
  'origin' => 'http://t.oms.qisedu.com',
  'accept' => '*/*',
  'content-length' => '191',
  'connection' => 'keep-alive',
  'host' => 't.oms.qisedu.com',
)
[ info ] [ PARAM ] array (
  'username' => 'admin',
  'password' => '123456',
  'geetest_challenge' => '642e92efb79421734881b53e1e1b18b6c7',
  'geetest_validate' => 'a94459437d16ef785e27efd5d06ea327',
  'geetest_seccode' => 'a94459437d16ef785e27efd5d06ea327|jordan',
)
[ info ] [ RUN ] app\admin\controller\Login->login[ E:\phpEnv\www\qisedu\application\admin\controller\Login.php ]
[ info ] [ DB ] INIT mysql
[ info ] [ CACHE ] INIT File
[ info ] [ LOG ] INIT File
[ sql ] [ DB ] CONNECT:[ UseTime:0.004766s ] mysql:host=localhost;dbname=qisedu;charset=utf8
[ sql ] [ SQL ] SHOW COLUMNS FROM `pgt_admin_user` [ RunTime:0.005451s ]
[ sql ] [ SQL ] SELECT * FROM `pgt_admin_user` WHERE  `username` = 'admin'  AND `password` = '912601e4ad1b308c9ae41877cf6ca754' LIMIT 1 [ RunTime:0.037722s ]
[ sql ] [ SQL ] UPDATE `pgt_admin_user`  SET `login_count`=762,`last_ip`='127.0.0.1',`last_login`=1623249659  WHERE  `id` = 1 [ RunTime:0.092678s ]
---------------------------------------------------------------
[ 2021-06-09T22:41:02+08:00 ] 127.0.0.1 GET t.oms.qisedu.com/index/index
[运行时间：0.305671s] [吞吐率：3.27req/s] [内存消耗：4,010.16kb] [文件加载：70]
[ info ] [ LANG ] E:\phpEnv\www\qisedu\thinkphp\lang\zh-cn.php
[ info ] [ BIND ] 'admin'
[ info ] [ ROUTE ] array (
  'type' => 'module',
  'module' => 
  array (
    0 => 'admin',
    1 => 'index',
    2 => 'index',
  ),
)
[ info ] [ HEADER ] array (
  'cookie' => 'uid=p0DSb1oTuqVimxiOzHDOng%3D%3D',
  'accept-language' => 'zh-CN,zh;q=0.8',
  'accept-encoding' => 'gzip, deflate',
  'referer' => 'http://t.oms.qisedu.com/Login/index',
  'accept' => 'text/html,application/xhtml+xml,application/xml;q=0.9,image/webp,*/*;q=0.8',
  'user-agent' => 'Mozilla/5.0 (Windows NT 10.0; WOW64) AppleWebKit/537.36 (KHTML, like Gecko) Chrome/55.0.2883.87 UBrowser/6.2.4094.1 Safari/537.36',
  'upgrade-insecure-requests' => '1',
  'connection' => 'keep-alive',
  'host' => 't.oms.qisedu.com',
  'content-length' => '',
  'content-type' => '',
)
[ info ] [ PARAM ] array (
)
[ info ] [ DB ] INIT mysql
[ info ] [ CACHE ] INIT File
[ info ] [ SESSION ] INIT array (
  'id' => '',
  'var_session_id' => '',
  'prefix' => 'think',
  'type' => '',
  'auto_start' => true,
)
[ info ] [ RUN ] app\admin\controller\Index->index[ E:\phpEnv\www\qisedu\application\admin\controller\Index.php ]
[ info ] [ VIEW ] E:\phpEnv\www\qisedu\public/../application/admin\view\Index\index.html [ array (
  0 => 'uid',
  1 => 'userInfo',
  2 => 'list',
  3 => 'auth_name',
  4 => 'username',
  5 => 'nickname',
) ]
[ info ] [ LOG ] INIT File
[ sql ] [ DB ] CONNECT:[ UseTime:0.001423s ] mysql:host=localhost;dbname=qisedu;charset=utf8
[ sql ] [ SQL ] SHOW COLUMNS FROM `pgt_admin_menu` [ RunTime:0.005999s ]
[ sql ] [ SQL ] SELECT * FROM `pgt_admin_menu` WHERE  `id` <> 135 ORDER BY `sort` ASC [ RunTime:0.000990s ]
[ sql ] [ SQL ] SELECT * FROM `pgt_admin_menu` WHERE  `url` LIKE '%Index/index%' LIMIT 1 [ RunTime:0.000702s ]
[ sql ] [ SQL ] SHOW COLUMNS FROM `pgt_admin_user` [ RunTime:0.007040s ]
[ sql ] [ SQL ] SELECT * FROM `pgt_admin_user` WHERE  `id` = 1 LIMIT 1 [ RunTime:0.000691s ]
[ sql ] [ SQL ] SELECT * FROM `pgt_admin_user` WHERE  `id` = 1 LIMIT 1 [ RunTime:0.000652s ]
[ sql ] [ SQL ] SHOW COLUMNS FROM `pgt_admin_auth_group` [ RunTime:0.019305s ]
[ sql ] [ SQL ] SELECT `name` FROM `pgt_admin_auth_group` WHERE  `id` = 1 LIMIT 1 [ RunTime:0.000487s ]
[ sql ] [ SQL ] SELECT * FROM `pgt_admin_user` WHERE  `id` = 1 LIMIT 1 [ RunTime:0.000589s ]
[ sql ] [ SQL ] SELECT * FROM `pgt_admin_auth_group` WHERE  `id` IN (1) [ RunTime:0.000380s ]
[ sql ] [ SQL ] SHOW COLUMNS FROM `pgt_admin_auth_rule` [ RunTime:0.017983s ]
[ sql ] [ SQL ] SELECT * FROM `pgt_admin_auth_rule` WHERE  `groupId` IN (1)  AND `status` = 1 [ RunTime:0.000814s ]
[ sql ] [ SQL ] SHOW COLUMNS FROM `pgt_admin_user_action` [ RunTime:0.028479s ]
[ sql ] [ SQL ] INSERT INTO `pgt_admin_user_action` (`actionName` , `uid` , `nickname` , `addTime` , `url` , `data`) VALUES ('首页' , 1 , 'admin' , 1623249662 , 'Index/index' , '{\"s\":\"\\/index\\/index\"}') [ RunTime:0.040166s ]
---------------------------------------------------------------
[ 2021-06-09T22:41:02+08:00 ] 127.0.0.1 GET t.oms.qisedu.com/index/welcome
[运行时间：0.182442s] [吞吐率：5.48req/s] [内存消耗：3,930.72kb] [文件加载：65]
[ info ] [ LANG ] E:\phpEnv\www\qisedu\thinkphp\lang\zh-cn.php
[ info ] [ BIND ] 'admin'
[ info ] [ ROUTE ] array (
  'type' => 'module',
  'module' => 
  array (
    0 => 'admin',
    1 => 'index',
    2 => 'welcome',
  ),
)
[ info ] [ HEADER ] array (
  'cookie' => 'uid=p0DSb1oTuqVimxiOzHDOng%3D%3D; PHPSESSID=tkcoikqg50j03l8f5anpnmsve6',
  'accept-language' => 'zh-CN,zh;q=0.8',
  'accept-encoding' => 'gzip, deflate',
  'referer' => 'http://t.oms.qisedu.com/index/index',
  'accept' => 'text/html,application/xhtml+xml,application/xml;q=0.9,image/webp,*/*;q=0.8',
  'user-agent' => 'Mozilla/5.0 (Windows NT 10.0; WOW64) AppleWebKit/537.36 (KHTML, like Gecko) Chrome/55.0.2883.87 UBrowser/6.2.4094.1 Safari/537.36',
  'upgrade-insecure-requests' => '1',
  'connection' => 'keep-alive',
  'host' => 't.oms.qisedu.com',
  'content-length' => '',
  'content-type' => '',
)
[ info ] [ PARAM ] array (
)
[ info ] [ DB ] INIT mysql
[ info ] [ CACHE ] INIT File
[ info ] [ SESSION ] INIT array (
  'id' => '',
  'var_session_id' => '',
  'prefix' => 'think',
  'type' => '',
  'auto_start' => true,
)
[ info ] [ RUN ] app\admin\controller\Index->welcome[ E:\phpEnv\www\qisedu\application\admin\controller\Index.php ]
[ info ] [ LOG ] INIT File
[ sql ] [ DB ] CONNECT:[ UseTime:0.004536s ] mysql:host=localhost;dbname=qisedu;charset=utf8
[ sql ] [ SQL ] SHOW COLUMNS FROM `pgt_admin_menu` [ RunTime:0.008430s ]
[ sql ] [ SQL ] SELECT * FROM `pgt_admin_menu` WHERE  `id` <> 135 ORDER BY `sort` ASC [ RunTime:0.001104s ]
[ sql ] [ SQL ] SELECT * FROM `pgt_admin_menu` WHERE  `url` LIKE '%Index/welcome%' LIMIT 1 [ RunTime:0.000364s ]
[ sql ] [ SQL ] SHOW COLUMNS FROM `pgt_admin_user` [ RunTime:0.004894s ]
[ sql ] [ SQL ] SELECT * FROM `pgt_admin_user` WHERE  `id` = 1 LIMIT 1 [ RunTime:0.000354s ]
[ sql ] [ SQL ] SELECT * FROM `pgt_admin_user` WHERE  `id` = 1 LIMIT 1 [ RunTime:0.000925s ]
[ sql ] [ SQL ] SHOW COLUMNS FROM `pgt_admin_auth_group` [ RunTime:0.005744s ]
[ sql ] [ SQL ] SELECT `name` FROM `pgt_admin_auth_group` WHERE  `id` = 1 LIMIT 1 [ RunTime:0.000314s ]
[ sql ] [ SQL ] SELECT * FROM `pgt_admin_user` WHERE  `id` = 1 LIMIT 1 [ RunTime:0.000431s ]
[ sql ] [ SQL ] SELECT * FROM `pgt_admin_auth_group` WHERE  `id` IN (1) [ RunTime:0.000299s ]
[ sql ] [ SQL ] SHOW COLUMNS FROM `pgt_admin_auth_rule` [ RunTime:0.004741s ]
[ sql ] [ SQL ] SELECT * FROM `pgt_admin_auth_rule` WHERE  `groupId` IN (1)  AND `status` = 1 [ RunTime:0.001238s ]
[ sql ] [ SQL ] SHOW COLUMNS FROM `pgt_admin_user_action` [ RunTime:0.006256s ]
[ sql ] [ SQL ] INSERT INTO `pgt_admin_user_action` (`actionName` , `uid` , `nickname` , `addTime` , `url` , `data`) VALUES ('欢迎页' , 1 , 'admin' , 1623249662 , 'Index/welcome' , '{\"s\":\"\\/index\\/welcome\"}') [ RunTime:0.043841s ]
---------------------------------------------------------------
[ 2021-06-09T22:41:06+08:00 ] 127.0.0.1 GET t.oms.qisedu.com/user/index
[运行时间：0.293486s] [吞吐率：3.41req/s] [内存消耗：4,124.65kb] [文件加载：72]
[ info ] [ LANG ] E:\phpEnv\www\qisedu\thinkphp\lang\zh-cn.php
[ info ] [ BIND ] 'admin'
[ info ] [ ROUTE ] array (
  'type' => 'module',
  'module' => 
  array (
    0 => 'admin',
    1 => 'user',
    2 => 'index',
  ),
)
[ info ] [ HEADER ] array (
  'cookie' => 'uid=p0DSb1oTuqVimxiOzHDOng%3D%3D; PHPSESSID=tkcoikqg50j03l8f5anpnmsve6',
  'accept-language' => 'zh-CN,zh;q=0.8',
  'accept-encoding' => 'gzip, deflate',
  'referer' => 'http://t.oms.qisedu.com/index/index',
  'accept' => 'text/html,application/xhtml+xml,application/xml;q=0.9,image/webp,*/*;q=0.8',
  'user-agent' => 'Mozilla/5.0 (Windows NT 10.0; WOW64) AppleWebKit/537.36 (KHTML, like Gecko) Chrome/55.0.2883.87 UBrowser/6.2.4094.1 Safari/537.36',
  'upgrade-insecure-requests' => '1',
  'connection' => 'keep-alive',
  'host' => 't.oms.qisedu.com',
  'content-length' => '',
  'content-type' => '',
)
[ info ] [ PARAM ] array (
)
[ info ] [ DB ] INIT mysql
[ info ] [ CACHE ] INIT File
[ info ] [ SESSION ] INIT array (
  'id' => '',
  'var_session_id' => '',
  'prefix' => 'think',
  'type' => '',
  'auto_start' => true,
)
[ info ] [ RUN ] app\admin\controller\User->index[ E:\phpEnv\www\qisedu\application\admin\controller\User.php ]
[ info ] [ VIEW ] E:\phpEnv\www\qisedu\public/../application/admin\view\User\index.html [ array (
  0 => 'uid',
  1 => 'userInfo',
) ]
[ info ] [ LOG ] INIT File
[ sql ] [ DB ] CONNECT:[ UseTime:0.005755s ] mysql:host=localhost;dbname=qisedu;charset=utf8
[ sql ] [ SQL ] SHOW COLUMNS FROM `pgt_admin_menu` [ RunTime:0.006667s ]
[ sql ] [ SQL ] SELECT * FROM `pgt_admin_menu` WHERE  `id` <> 135 ORDER BY `sort` ASC [ RunTime:0.001440s ]
[ sql ] [ SQL ] SELECT * FROM `pgt_admin_menu` WHERE  `url` LIKE '%User/index%' LIMIT 1 [ RunTime:0.000524s ]
[ sql ] [ SQL ] SHOW COLUMNS FROM `pgt_admin_user` [ RunTime:0.006154s ]
[ sql ] [ SQL ] SELECT * FROM `pgt_admin_user` WHERE  `id` = 1 LIMIT 1 [ RunTime:0.000484s ]
[ sql ] [ SQL ] SELECT * FROM `pgt_admin_user` WHERE  `id` = 1 LIMIT 1 [ RunTime:0.000673s ]
[ sql ] [ SQL ] SHOW COLUMNS FROM `pgt_admin_auth_group` [ RunTime:0.005271s ]
[ sql ] [ SQL ] SELECT `name` FROM `pgt_admin_auth_group` WHERE  `id` = 1 LIMIT 1 [ RunTime:0.000392s ]
[ sql ] [ SQL ] SELECT * FROM `pgt_admin_user` WHERE  `id` = 1 LIMIT 1 [ RunTime:0.000448s ]
[ sql ] [ SQL ] SELECT * FROM `pgt_admin_auth_group` WHERE  `id` IN (1) [ RunTime:0.000421s ]
[ sql ] [ SQL ] SHOW COLUMNS FROM `pgt_admin_auth_rule` [ RunTime:0.008835s ]
[ sql ] [ SQL ] SELECT * FROM `pgt_admin_auth_rule` WHERE  `groupId` IN (1)  AND `status` = 1 [ RunTime:0.000519s ]
[ sql ] [ SQL ] SHOW COLUMNS FROM `pgt_admin_user_action` [ RunTime:0.005627s ]
[ sql ] [ SQL ] INSERT INTO `pgt_admin_user_action` (`actionName` , `uid` , `nickname` , `addTime` , `url` , `data`) VALUES ('人员管理' , 1 , 'admin' , 1623249666 , 'AdminUser/index' , '{\"s\":\"\\/user\\/index\"}') [ RunTime:0.046032s ]
---------------------------------------------------------------
[ 2021-06-09T22:41:06+08:00 ] 127.0.0.1 GET t.oms.qisedu.com/user/ajaxgetindex?draw=1&columns%5B0%5D%5Bdata%5D=&columns%5B0%5D%5Bname%5D=&columns%5B0%5D%5Bsearchable%5D=true&columns%5B0%5D%5Borderable%5D=false&columns%5B0%5D%5Bsearch%5D%5Bvalue%5D=&columns%5B0%5D%5Bsearch%5D%5Bregex%5D=false&columns%5B1%5D%5Bdata%5D=id&columns%5B1%5D%5Bname%5D=&columns%5B1%5D%5Bsearchable%5D=true&columns%5B1%5D%5Borderable%5D=false&columns%5B1%5D%5Bsearch%5D%5Bvalue%5D=&columns%5B1%5D%5Bsearch%5D%5Bregex%5D=false&columns%5B2%5D%5Bdata%5D=&columns%5B2%5D%5Bname%5D=&columns%5B2%5D%5Bsearchable%5D=true&columns%5B2%5D%5Borderable%5D=false&columns%5B2%5D%5Bsearch%5D%5Bvalue%5D=&columns%5B2%5D%5Bsearch%5D%5Bregex%5D=false&columns%5B3%5D%5Bdata%5D=nickname&columns%5B3%5D%5Bname%5D=&columns%5B3%5D%5Bsearchable%5D=true&columns%5B3%5D%5Borderable%5D=false&columns%5B3%5D%5Bsearch%5D%5Bvalue%5D=&columns%5B3%5D%5Bsearch%5D%5Bregex%5D=false&columns%5B4%5D%5Bdata%5D=mobile&columns%5B4%5D%5Bname%5D=&columns%5B4%5D%5Bsearchable%5D=true&columns%5B4%5D%5Borderable%5D=false&columns%5B4%5D%5Bsearch%5D%5Bvalue%5D=&columns%5B4%5D%5Bsearch%5D%5Bregex%5D=false&columns%5B5%5D%5Bdata%5D=refer_name&columns%5B5%5D%5Bname%5D=&columns%5B5%5D%5Bsearchable%5D=true&columns%5B5%5D%5Borderable%5D=false&columns%5B5%5D%5Bsearch%5D%5Bvalue%5D=&columns%5B5%5D%5Bsearch%5D%5Bregex%5D=false&columns%5B6%5D%5Bdata%5D=add_time&columns%5B6%5D%5Bname%5D=&columns%5B6%5D%5Bsearchable%5D=true&columns%5B6%5D%5Borderable%5D=false&columns%5B6%5D%5Bsearch%5D%5Bvalue%5D=&columns%5B6%5D%5Bsearch%5D%5Bregex%5D=false&columns%5B7%5D%5Bdata%5D=last_time&columns%5B7%5D%5Bname%5D=&columns%5B7%5D%5Bsearchable%5D=true&columns%5B7%5D%5Borderable%5D=false&columns%5B7%5D%5Bsearch%5D%5Bvalue%5D=&columns%5B7%5D%5Bsearch%5D%5Bregex%5D=false&columns%5B8%5D%5Bdata%5D=is_sub&columns%5B8%5D%5Bname%5D=&columns%5B8%5D%5Bsearchable%5D=true&columns%5B8%5D%5Borderable%5D=false&columns%5B8%5D%5Bsearch%5D%5Bvalue%5D=&columns%5B8%5D%5Bsearch%5D%5Bregex%5D=false&columns%5B9%5D%5Bdata%5D=sub_time&columns%5B9%5D%5Bname%5D=&columns%5B9%5D%5Bsearchable%5D=true&columns%5B9%5D%5Borderable%5D=false&columns%5B9%5D%5Bsearch%5D%5Bvalue%5D=&columns%5B9%5D%5Bsearch%5D%5Bregex%5D=false&start=0&length=20&search%5Bvalue%5D=&search%5Bregex%5D=false&_=1623249666462
[运行时间：0.305089s] [吞吐率：3.28req/s] [内存消耗：4,038.91kb] [文件加载：72]
[ info ] [ LANG ] E:\phpEnv\www\qisedu\thinkphp\lang\zh-cn.php
[ info ] [ BIND ] 'admin'
[ info ] [ ROUTE ] array (
  'type' => 'module',
  'module' => 
  array (
    0 => 'admin',
    1 => 'user',
    2 => 'ajaxgetindex',
  ),
)
[ info ] [ HEADER ] array (
  'cookie' => 'uid=p0DSb1oTuqVimxiOzHDOng%3D%3D; PHPSESSID=tkcoikqg50j03l8f5anpnmsve6',
  'accept-language' => 'zh-CN,zh;q=0.8',
  'accept-encoding' => 'gzip, deflate',
  'referer' => 'http://t.oms.qisedu.com/user/index',
  'user-agent' => 'Mozilla/5.0 (Windows NT 10.0; WOW64) AppleWebKit/537.36 (KHTML, like Gecko) Chrome/55.0.2883.87 UBrowser/6.2.4094.1 Safari/537.36',
  'x-requested-with' => 'XMLHttpRequest',
  'accept' => 'application/json, text/javascript, */*; q=0.01',
  'connection' => 'keep-alive',
  'host' => 't.oms.qisedu.com',
  'content-length' => '',
  'content-type' => '',
)
[ info ] [ PARAM ] array (
  'draw' => '1',
  'columns' => 
  array (
    0 => 
    array (
      'data' => '',
      'name' => '',
      'searchable' => 'true',
      'orderable' => 'false',
      'search' => 
      array (
        'value' => '',
        'regex' => 'false',
      ),
    ),
    1 => 
    array (
      'data' => 'id',
      'name' => '',
      'searchable' => 'true',
      'orderable' => 'false',
      'search' => 
      array (
        'value' => '',
        'regex' => 'false',
      ),
    ),
    2 => 
    array (
      'data' => '',
      'name' => '',
      'searchable' => 'true',
      'orderable' => 'false',
      'search' => 
      array (
        'value' => '',
        'regex' => 'false',
      ),
    ),
    3 => 
    array (
      'data' => 'nickname',
      'name' => '',
      'searchable' => 'true',
      'orderable' => 'false',
      'search' => 
      array (
        'value' => '',
        'regex' => 'false',
      ),
    ),
    4 => 
    array (
      'data' => 'mobile',
      'name' => '',
      'searchable' => 'true',
      'orderable' => 'false',
      'search' => 
      array (
        'value' => '',
        'regex' => 'false',
      ),
    ),
    5 => 
    array (
      'data' => 'refer_name',
      'name' => '',
      'searchable' => 'true',
      'orderable' => 'false',
      'search' => 
      array (
        'value' => '',
        'regex' => 'false',
      ),
    ),
    6 => 
    array (
      'data' => 'add_time',
      'name' => '',
      'searchable' => 'true',
      'orderable' => 'false',
      'search' => 
      array (
        'value' => '',
        'regex' => 'false',
      ),
    ),
    7 => 
    array (
      'data' => 'last_time',
      'name' => '',
      'searchable' => 'true',
      'orderable' => 'false',
      'search' => 
      array (
        'value' => '',
        'regex' => 'false',
      ),
    ),
    8 => 
    array (
      'data' => 'is_sub',
      'name' => '',
      'searchable' => 'true',
      'orderable' => 'false',
      'search' => 
      array (
        'value' => '',
        'regex' => 'false',
      ),
    ),
    9 => 
    array (
      'data' => 'sub_time',
      'name' => '',
      'searchable' => 'true',
      'orderable' => 'false',
      'search' => 
      array (
        'value' => '',
        'regex' => 'false',
      ),
    ),
  ),
  'start' => '0',
  'length' => '20',
  'search' => 
  array (
    'value' => '',
    'regex' => 'false',
  ),
  '_' => '1623249666462',
)
[ info ] [ DB ] INIT mysql
[ info ] [ CACHE ] INIT File
[ info ] [ SESSION ] INIT array (
  'id' => '',
  'var_session_id' => '',
  'prefix' => 'think',
  'type' => '',
  'auto_start' => true,
)
[ info ] [ RUN ] app\admin\controller\User->ajaxGetIndex[ E:\phpEnv\www\qisedu\application\admin\controller\User.php ]
[ info ] [ LOG ] INIT File
[ sql ] [ DB ] CONNECT:[ UseTime:0.022908s ] mysql:host=localhost;dbname=qisedu;charset=utf8
[ sql ] [ SQL ] SHOW COLUMNS FROM `pgt_admin_menu` [ RunTime:0.005886s ]
[ sql ] [ SQL ] SELECT * FROM `pgt_admin_menu` WHERE  `id` <> 135 ORDER BY `sort` ASC [ RunTime:0.000947s ]
[ sql ] [ SQL ] SELECT * FROM `pgt_admin_menu` WHERE  `url` LIKE '%User/ajaxgetindex%' LIMIT 1 [ RunTime:0.000540s ]
[ sql ] [ SQL ] SHOW COLUMNS FROM `pgt_admin_user` [ RunTime:0.005861s ]
[ sql ] [ SQL ] SELECT * FROM `pgt_admin_user` WHERE  `id` = 1 LIMIT 1 [ RunTime:0.001030s ]
[ sql ] [ SQL ] SELECT * FROM `pgt_admin_user` WHERE  `id` = 1 LIMIT 1 [ RunTime:0.000526s ]
[ sql ] [ SQL ] SHOW COLUMNS FROM `pgt_admin_auth_group` [ RunTime:0.005382s ]
[ sql ] [ SQL ] SELECT `name` FROM `pgt_admin_auth_group` WHERE  `id` = 1 LIMIT 1 [ RunTime:0.000504s ]
[ sql ] [ SQL ] SELECT * FROM `pgt_admin_user` WHERE  `id` = 1 LIMIT 1 [ RunTime:0.000800s ]
[ sql ] [ SQL ] SELECT * FROM `pgt_admin_auth_group` WHERE  `id` IN (1) [ RunTime:0.000580s ]
[ sql ] [ SQL ] SHOW COLUMNS FROM `pgt_admin_auth_rule` [ RunTime:0.005783s ]
[ sql ] [ SQL ] SELECT * FROM `pgt_admin_auth_rule` WHERE  `groupId` IN (1)  AND `status` = 1 [ RunTime:0.000699s ]
[ sql ] [ SQL ] SHOW COLUMNS FROM `pgt_admin_user_action` [ RunTime:0.006086s ]
[ sql ] [ SQL ] INSERT INTO `pgt_admin_user_action` (`actionName` , `uid` , `nickname` , `addTime` , `url` , `data`) VALUES ('AJAX获取用户数据' , 1 , 'admin' , 1623249666 , 'User/ajaxgetindex' , '{\"s\":\"\\/user\\/ajaxgetindex\",\"draw\":\"1\",\"columns\":[{\"data\":\"\",\"name\":\"\",\"searchable\":\"true\",\"orderable\":\"false\",\"search\":{\"value\":\"\",\"regex\":\"false\"}},{\"data\":\"id\",\"name\":\"\",\"searchable\":\"true\",\"orderable\":\"false\",\"search\":{\"value\":\"\",\"regex\":\"false\"}},{\"data\":\"\",\"name\":\"\",\"searchable\":\"true\",\"orderable\":\"false\",\"search\":{\"value\":\"\",\"regex\":\"false\"}},{\"data\":\"nickname\",\"name\":\"\",\"searchable\":\"true\",\"orderable\":\"false\",\"search\":{\"value\":\"\",\"regex\":\"false\"}},{\"data\":\"mobile\",\"name\":\"\",\"searchable\":\"true\",\"orderable\":\"false\",\"search\":{\"value\":\"\",\"regex\":\"false\"}},{\"data\":\"refer_name\",\"name\":\"\",\"searchable\":\"true\",\"orderable\":\"false\",\"search\":{\"value\":\"\",\"regex\":\"false\"}},{\"data\":\"add_time\",\"name\":\"\",\"searchable\":\"true\",\"orderable\":\"false\",\"search\":{\"value\":\"\",\"regex\":\"false\"}},{\"data\":\"last_time\",\"name\":\"\",\"searchable\":\"true\",\"orderable\":\"false\",\"search\":{\"value\":\"\",\"regex\":\"false\"}},{\"data\":\"is_sub\",\"name\":\"\",\"searchable\":\"true\",\"orderable\":\"false\",\"search\":{\"value\":\"\",\"regex\":\"false\"}},{\"data\":\"sub_time\",\"name\":\"\",\"searchable\":\"true\",\"orderable\":\"false\",\"search\":{\"value\":\"\",\"regex\":\"false\"}}],\"start\":\"0\",\"length\":\"20\",\"search\":{\"value\":\"\",\"regex\":\"false\"},\"_\":\"1623249666462\"}') [ RunTime:0.021623s ]
[ sql ] [ SQL ] SHOW COLUMNS FROM `pgt_user` [ RunTime:0.059351s ]
[ sql ] [ SQL ] SELECT COUNT(*) AS tp_count FROM `pgt_user` `a` LEFT JOIN `pgt_user` `b` ON `a`.`refer_id`=`b`.`id` LIMIT 1 [ RunTime:0.027220s ]
[ sql ] [ SQL ] SELECT `a`.`id`,`a`.`nickname`,`a`.`headimg`,`a`.`mobile`,`a`.`money`,`a`.`last_time`,`a`.`add_time`,`a`.`refer_id`,`a`.`sub_time`,`a`.`is_sub`,b.nickname as refer_name FROM `pgt_user` `a` LEFT JOIN `pgt_user` `b` ON `a`.`refer_id`=`b`.`id` ORDER BY `a`.`id` DESC LIMIT 0,20 [ RunTime:0.001185s ]
---------------------------------------------------------------
[ 2021-06-09T22:41:09+08:00 ] 127.0.0.1 GET t.oms.qisedu.com/payment/index
[运行时间：0.261970s] [吞吐率：3.82req/s] [内存消耗：3,932.00kb] [文件加载：71]
[ info ] [ LANG ] E:\phpEnv\www\qisedu\thinkphp\lang\zh-cn.php
[ info ] [ BIND ] 'admin'
[ info ] [ ROUTE ] array (
  'type' => 'module',
  'module' => 
  array (
    0 => 'admin',
    1 => 'payment',
    2 => 'index',
  ),
)
[ info ] [ HEADER ] array (
  'cookie' => 'uid=p0DSb1oTuqVimxiOzHDOng%3D%3D; PHPSESSID=tkcoikqg50j03l8f5anpnmsve6',
  'accept-language' => 'zh-CN,zh;q=0.8',
  'accept-encoding' => 'gzip, deflate',
  'referer' => 'http://t.oms.qisedu.com/index/index',
  'accept' => 'text/html,application/xhtml+xml,application/xml;q=0.9,image/webp,*/*;q=0.8',
  'user-agent' => 'Mozilla/5.0 (Windows NT 10.0; WOW64) AppleWebKit/537.36 (KHTML, like Gecko) Chrome/55.0.2883.87 UBrowser/6.2.4094.1 Safari/537.36',
  'upgrade-insecure-requests' => '1',
  'connection' => 'keep-alive',
  'host' => 't.oms.qisedu.com',
  'content-length' => '',
  'content-type' => '',
)
[ info ] [ PARAM ] array (
)
[ info ] [ DB ] INIT mysql
[ info ] [ CACHE ] INIT File
[ info ] [ SESSION ] INIT array (
  'id' => '',
  'var_session_id' => '',
  'prefix' => 'think',
  'type' => '',
  'auto_start' => true,
)
[ info ] [ RUN ] app\admin\controller\Payment->index[ E:\phpEnv\www\qisedu\application\admin\controller\Payment.php ]
[ info ] [ VIEW ] E:\phpEnv\www\qisedu\public/../application/admin\view\Payment\index.html [ array (
  0 => 'uid',
  1 => 'userInfo',
) ]
[ info ] [ LOG ] INIT File
[ sql ] [ DB ] CONNECT:[ UseTime:0.023721s ] mysql:host=localhost;dbname=qisedu;charset=utf8
[ sql ] [ SQL ] SHOW COLUMNS FROM `pgt_admin_menu` [ RunTime:0.004667s ]
[ sql ] [ SQL ] SELECT * FROM `pgt_admin_menu` WHERE  `id` <> 135 ORDER BY `sort` ASC [ RunTime:0.000759s ]
[ sql ] [ SQL ] SELECT * FROM `pgt_admin_menu` WHERE  `url` LIKE '%Payment/index%' LIMIT 1 [ RunTime:0.000435s ]
[ sql ] [ SQL ] SHOW COLUMNS FROM `pgt_admin_user` [ RunTime:0.007424s ]
[ sql ] [ SQL ] SELECT * FROM `pgt_admin_user` WHERE  `id` = 1 LIMIT 1 [ RunTime:0.000376s ]
[ sql ] [ SQL ] SELECT * FROM `pgt_admin_user` WHERE  `id` = 1 LIMIT 1 [ RunTime:0.000485s ]
[ sql ] [ SQL ] SHOW COLUMNS FROM `pgt_admin_auth_group` [ RunTime:0.005266s ]
[ sql ] [ SQL ] SELECT `name` FROM `pgt_admin_auth_group` WHERE  `id` = 1 LIMIT 1 [ RunTime:0.000271s ]
[ sql ] [ SQL ] SELECT * FROM `pgt_admin_user` WHERE  `id` = 1 LIMIT 1 [ RunTime:0.000765s ]
[ sql ] [ SQL ] SELECT * FROM `pgt_admin_auth_group` WHERE  `id` IN (1) [ RunTime:0.000714s ]
[ sql ] [ SQL ] SHOW COLUMNS FROM `pgt_admin_auth_rule` [ RunTime:0.004804s ]
[ sql ] [ SQL ] SELECT * FROM `pgt_admin_auth_rule` WHERE  `groupId` IN (1)  AND `status` = 1 [ RunTime:0.000477s ]
[ sql ] [ SQL ] SHOW COLUMNS FROM `pgt_admin_user_action` [ RunTime:0.004943s ]
[ sql ] [ SQL ] INSERT INTO `pgt_admin_user_action` (`actionName` , `uid` , `nickname` , `addTime` , `url` , `data`) VALUES ('购买记录' , 1 , 'admin' , 1623249669 , 'Payment/index' , '{\"s\":\"\\/payment\\/index\"}') [ RunTime:0.028165s ]
---------------------------------------------------------------
[ 2021-06-09T22:41:09+08:00 ] 127.0.0.1 POST t.oms.qisedu.com/payment/ajaxgetindex
[运行时间：0.276030s] [吞吐率：3.62req/s] [内存消耗：4,010.52kb] [文件加载：72]
[ info ] [ LANG ] E:\phpEnv\www\qisedu\thinkphp\lang\zh-cn.php
[ info ] [ BIND ] 'admin'
[ info ] [ ROUTE ] array (
  'type' => 'module',
  'module' => 
  array (
    0 => 'admin',
    1 => 'payment',
    2 => 'ajaxgetindex',
  ),
)
[ info ] [ HEADER ] array (
  'cookie' => 'uid=p0DSb1oTuqVimxiOzHDOng%3D%3D; PHPSESSID=tkcoikqg50j03l8f5anpnmsve6',
  'accept-language' => 'zh-CN,zh;q=0.8',
  'accept-encoding' => 'gzip, deflate',
  'referer' => 'http://t.oms.qisedu.com/payment/index',
  'content-type' => 'application/x-www-form-urlencoded; charset=UTF-8',
  'user-agent' => 'Mozilla/5.0 (Windows NT 10.0; WOW64) AppleWebKit/537.36 (KHTML, like Gecko) Chrome/55.0.2883.87 UBrowser/6.2.4094.1 Safari/537.36',
  'x-requested-with' => 'XMLHttpRequest',
  'origin' => 'http://t.oms.qisedu.com',
  'accept' => 'application/json, text/javascript, */*; q=0.01',
  'content-length' => '1976',
  'connection' => 'keep-alive',
  'host' => 't.oms.qisedu.com',
)
[ info ] [ PARAM ] array (
  'draw' => '1',
  'columns' => 
  array (
    0 => 
    array (
      'data' => 'id',
      'name' => '',
      'searchable' => 'true',
      'orderable' => 'false',
      'search' => 
      array (
        'value' => '',
        'regex' => 'false',
      ),
    ),
    1 => 
    array (
      'data' => 'nickname',
      'name' => '',
      'searchable' => 'true',
      'orderable' => 'false',
      'search' => 
      array (
        'value' => '',
        'regex' => 'false',
      ),
    ),
    2 => 
    array (
      'data' => 'mobile',
      'name' => '',
      'searchable' => 'true',
      'orderable' => 'false',
      'search' => 
      array (
        'value' => '',
        'regex' => 'false',
      ),
    ),
    3 => 
    array (
      'data' => '',
      'name' => '',
      'searchable' => 'true',
      'orderable' => 'false',
      'search' => 
      array (
        'value' => '',
        'regex' => 'false',
      ),
    ),
    4 => 
    array (
      'data' => 'type',
      'name' => '',
      'searchable' => 'true',
      'orderable' => 'false',
      'search' => 
      array (
        'value' => '',
        'regex' => 'false',
      ),
    ),
    5 => 
    array (
      'data' => 'title',
      'name' => '',
      'searchable' => 'true',
      'orderable' => 'false',
      'search' => 
      array (
        'value' => '',
        'regex' => 'false',
      ),
    ),
    6 => 
    array (
      'data' => 'money',
      'name' => '',
      'searchable' => 'true',
      'orderable' => 'false',
      'search' => 
      array (
        'value' => '',
        'regex' => 'false',
      ),
    ),
    7 => 
    array (
      'data' => 'pay_type',
      'name' => '',
      'searchable' => 'true',
      'orderable' => 'false',
      'search' => 
      array (
        'value' => '',
        'regex' => 'false',
      ),
    ),
    8 => 
    array (
      'data' => 'add_time',
      'name' => '',
      'searchable' => 'true',
      'orderable' => 'false',
      'search' => 
      array (
        'value' => '',
        'regex' => 'false',
      ),
    ),
  ),
  'start' => '0',
  'length' => '20',
  'search' => 
  array (
    'value' => '',
    'regex' => 'false',
  ),
)
[ info ] [ DB ] INIT mysql
[ info ] [ CACHE ] INIT File
[ info ] [ SESSION ] INIT array (
  'id' => '',
  'var_session_id' => '',
  'prefix' => 'think',
  'type' => '',
  'auto_start' => true,
)
[ info ] [ RUN ] app\admin\controller\Payment->ajaxGetIndex[ E:\phpEnv\www\qisedu\application\admin\controller\Payment.php ]
[ info ] [ LOG ] INIT File
[ sql ] [ DB ] CONNECT:[ UseTime:0.001548s ] mysql:host=localhost;dbname=qisedu;charset=utf8
[ sql ] [ SQL ] SHOW COLUMNS FROM `pgt_admin_menu` [ RunTime:0.005674s ]
[ sql ] [ SQL ] SELECT * FROM `pgt_admin_menu` WHERE  `id` <> 135 ORDER BY `sort` ASC [ RunTime:0.000783s ]
[ sql ] [ SQL ] SELECT * FROM `pgt_admin_menu` WHERE  `url` LIKE '%Payment/ajaxgetindex%' LIMIT 1 [ RunTime:0.000535s ]
[ sql ] [ SQL ] SHOW COLUMNS FROM `pgt_admin_user` [ RunTime:0.007642s ]
[ sql ] [ SQL ] SELECT * FROM `pgt_admin_user` WHERE  `id` = 1 LIMIT 1 [ RunTime:0.000517s ]
[ sql ] [ SQL ] SELECT * FROM `pgt_admin_user` WHERE  `id` = 1 LIMIT 1 [ RunTime:0.000395s ]
[ sql ] [ SQL ] SHOW COLUMNS FROM `pgt_admin_auth_group` [ RunTime:0.004490s ]
[ sql ] [ SQL ] SELECT `name` FROM `pgt_admin_auth_group` WHERE  `id` = 1 LIMIT 1 [ RunTime:0.000287s ]
[ sql ] [ SQL ] SELECT * FROM `pgt_admin_user` WHERE  `id` = 1 LIMIT 1 [ RunTime:0.000450s ]
[ sql ] [ SQL ] SELECT * FROM `pgt_admin_auth_group` WHERE  `id` IN (1) [ RunTime:0.000729s ]
[ sql ] [ SQL ] SHOW COLUMNS FROM `pgt_admin_auth_rule` [ RunTime:0.006719s ]
[ sql ] [ SQL ] SELECT * FROM `pgt_admin_auth_rule` WHERE  `groupId` IN (1)  AND `status` = 1 [ RunTime:0.000742s ]
[ sql ] [ SQL ] SHOW COLUMNS FROM `pgt_admin_user_action` [ RunTime:0.005374s ]
[ sql ] [ SQL ] INSERT INTO `pgt_admin_user_action` (`actionName` , `uid` , `nickname` , `addTime` , `url` , `data`) VALUES ('ajax获取购买记录' , 1 , 'admin' , 1623249669 , 'Payment/ajaxGetIndex' , '{\"s\":\"\\/payment\\/ajaxgetindex\",\"draw\":\"1\",\"columns\":[{\"data\":\"id\",\"name\":\"\",\"searchable\":\"true\",\"orderable\":\"false\",\"search\":{\"value\":\"\",\"regex\":\"false\"}},{\"data\":\"nickname\",\"name\":\"\",\"searchable\":\"true\",\"orderable\":\"false\",\"search\":{\"value\":\"\",\"regex\":\"false\"}},{\"data\":\"mobile\",\"name\":\"\",\"searchable\":\"true\",\"orderable\":\"false\",\"search\":{\"value\":\"\",\"regex\":\"false\"}},{\"data\":\"\",\"name\":\"\",\"searchable\":\"true\",\"orderable\":\"false\",\"search\":{\"value\":\"\",\"regex\":\"false\"}},{\"data\":\"type\",\"name\":\"\",\"searchable\":\"true\",\"orderable\":\"false\",\"search\":{\"value\":\"\",\"regex\":\"false\"}},{\"data\":\"title\",\"name\":\"\",\"searchable\":\"true\",\"orderable\":\"false\",\"search\":{\"value\":\"\",\"regex\":\"false\"}},{\"data\":\"money\",\"name\":\"\",\"searchable\":\"true\",\"orderable\":\"false\",\"search\":{\"value\":\"\",\"regex\":\"false\"}},{\"data\":\"pay_type\",\"name\":\"\",\"searchable\":\"true\",\"orderable\":\"false\",\"search\":{\"value\":\"\",\"regex\":\"false\"}},{\"data\":\"add_time\",\"name\":\"\",\"searchable\":\"true\",\"orderable\":\"false\",\"search\":{\"value\":\"\",\"regex\":\"false\"}}],\"start\":\"0\",\"length\":\"20\",\"search\":{\"value\":\"\",\"regex\":\"false\"}}') [ RunTime:0.065239s ]
[ sql ] [ SQL ] SHOW COLUMNS FROM `pgt_payment` [ RunTime:0.043720s ]
[ sql ] [ SQL ] SELECT COUNT(*) AS tp_count FROM `pgt_payment` `a` LEFT JOIN `pgt_user` `b` ON `a`.`user_id`=`b`.`id` WHERE  `a`.`status` = 1 LIMIT 1 [ RunTime:0.000573s ]
[ sql ] [ SQL ] SELECT `a`.*,`b`.`nickname`,`b`.`mobile`,`b`.`headimg`,`c`.`title`,`c`.`type` FROM `pgt_payment` `a` LEFT JOIN `pgt_user` `b` ON `a`.`user_id`=`b`.`id` LEFT JOIN `pgt_course` `c` ON `a`.`type_id`=`c`.`id` WHERE  `a`.`status` = 1 ORDER BY `id` DESC LIMIT 0,20 [ RunTime:0.026035s ]
---------------------------------------------------------------
[ 2021-06-09T22:41:09+08:00 ] 127.0.0.1 GET t.oms.qisedu.com/payment/null
[运行时间：0.062838s] [吞吐率：15.91req/s] [内存消耗：3,706.02kb] [文件加载：56]
[ info ] [ LANG ] E:\phpEnv\www\qisedu\thinkphp\lang\zh-cn.php
[ info ] [ BIND ] 'admin'
[ info ] [ ROUTE ] array (
  'type' => 'module',
  'module' => 
  array (
    0 => 'admin',
    1 => 'payment',
    2 => 'null',
  ),
)
[ info ] [ HEADER ] array (
  'cookie' => 'uid=p0DSb1oTuqVimxiOzHDOng%3D%3D; PHPSESSID=tkcoikqg50j03l8f5anpnmsve6',
  'accept-language' => 'zh-CN,zh;q=0.8',
  'accept-encoding' => 'gzip, deflate',
  'referer' => 'http://t.oms.qisedu.com/payment/index',
  'accept' => 'image/webp,image/*,*/*;q=0.8',
  'user-agent' => 'Mozilla/5.0 (Windows NT 10.0; WOW64) AppleWebKit/537.36 (KHTML, like Gecko) Chrome/55.0.2883.87 UBrowser/6.2.4094.1 Safari/537.36',
  'connection' => 'keep-alive',
  'host' => 't.oms.qisedu.com',
  'content-length' => '',
  'content-type' => '',
)
[ info ] [ PARAM ] array (
)
[ info ] [ DB ] INIT mysql
[ info ] [ LOG ] INIT File
[ sql ] [ DB ] CONNECT:[ UseTime:0.001118s ] mysql:host=localhost;dbname=qisedu;charset=utf8
[ sql ] [ SQL ] SHOW COLUMNS FROM `pgt_admin_menu` [ RunTime:0.005964s ]
[ sql ] [ SQL ] SELECT * FROM `pgt_admin_menu` WHERE  `id` <> 135 ORDER BY `sort` ASC [ RunTime:0.000875s ]
[ sql ] [ SQL ] SELECT * FROM `pgt_admin_menu` WHERE  `url` LIKE '%Payment/null%' LIMIT 1 [ RunTime:0.000629s ]
---------------------------------------------------------------
[ 2021-06-09T22:41:10+08:00 ] 127.0.0.1 GET t.oms.qisedu.com/user/user_course_log
[运行时间：0.197967s] [吞吐率：5.05req/s] [内存消耗：4,116.70kb] [文件加载：72]
[ info ] [ LANG ] E:\phpEnv\www\qisedu\thinkphp\lang\zh-cn.php
[ info ] [ BIND ] 'admin'
[ info ] [ ROUTE ] array (
  'type' => 'module',
  'module' => 
  array (
    0 => 'admin',
    1 => 'user',
    2 => 'user_course_log',
  ),
)
[ info ] [ HEADER ] array (
  'cookie' => 'uid=p0DSb1oTuqVimxiOzHDOng%3D%3D; PHPSESSID=tkcoikqg50j03l8f5anpnmsve6',
  'accept-language' => 'zh-CN,zh;q=0.8',
  'accept-encoding' => 'gzip, deflate',
  'referer' => 'http://t.oms.qisedu.com/index/index',
  'accept' => 'text/html,application/xhtml+xml,application/xml;q=0.9,image/webp,*/*;q=0.8',
  'user-agent' => 'Mozilla/5.0 (Windows NT 10.0; WOW64) AppleWebKit/537.36 (KHTML, like Gecko) Chrome/55.0.2883.87 UBrowser/6.2.4094.1 Safari/537.36',
  'upgrade-insecure-requests' => '1',
  'connection' => 'keep-alive',
  'host' => 't.oms.qisedu.com',
  'content-length' => '',
  'content-type' => '',
)
[ info ] [ PARAM ] array (
)
[ info ] [ DB ] INIT mysql
[ info ] [ CACHE ] INIT File
[ info ] [ SESSION ] INIT array (
  'id' => '',
  'var_session_id' => '',
  'prefix' => 'think',
  'type' => '',
  'auto_start' => true,
)
[ info ] [ RUN ] app\admin\controller\User->user_course_log[ E:\phpEnv\www\qisedu\application\admin\controller\User.php ]
[ info ] [ VIEW ] E:\phpEnv\www\qisedu\public/../application/admin\view\User\user_course_log.html [ array (
  0 => 'uid',
  1 => 'userInfo',
) ]
[ info ] [ LOG ] INIT File
[ sql ] [ DB ] CONNECT:[ UseTime:0.001197s ] mysql:host=localhost;dbname=qisedu;charset=utf8
[ sql ] [ SQL ] SHOW COLUMNS FROM `pgt_admin_menu` [ RunTime:0.006731s ]
[ sql ] [ SQL ] SELECT * FROM `pgt_admin_menu` WHERE  `id` <> 135 ORDER BY `sort` ASC [ RunTime:0.001154s ]
[ sql ] [ SQL ] SELECT * FROM `pgt_admin_menu` WHERE  `url` LIKE '%User/user_course_log%' LIMIT 1 [ RunTime:0.000597s ]
[ sql ] [ SQL ] SHOW COLUMNS FROM `pgt_admin_user` [ RunTime:0.006644s ]
[ sql ] [ SQL ] SELECT * FROM `pgt_admin_user` WHERE  `id` = 1 LIMIT 1 [ RunTime:0.000475s ]
[ sql ] [ SQL ] SELECT * FROM `pgt_admin_user` WHERE  `id` = 1 LIMIT 1 [ RunTime:0.000685s ]
[ sql ] [ SQL ] SHOW COLUMNS FROM `pgt_admin_auth_group` [ RunTime:0.007459s ]
[ sql ] [ SQL ] SELECT `name` FROM `pgt_admin_auth_group` WHERE  `id` = 1 LIMIT 1 [ RunTime:0.000490s ]
[ sql ] [ SQL ] SELECT * FROM `pgt_admin_user` WHERE  `id` = 1 LIMIT 1 [ RunTime:0.000464s ]
[ sql ] [ SQL ] SELECT * FROM `pgt_admin_auth_group` WHERE  `id` IN (1) [ RunTime:0.000363s ]
[ sql ] [ SQL ] SHOW COLUMNS FROM `pgt_admin_auth_rule` [ RunTime:0.007039s ]
[ sql ] [ SQL ] SELECT * FROM `pgt_admin_auth_rule` WHERE  `groupId` IN (1)  AND `status` = 1 [ RunTime:0.000589s ]
[ sql ] [ SQL ] SHOW COLUMNS FROM `pgt_admin_user_action` [ RunTime:0.006643s ]
[ sql ] [ SQL ] INSERT INTO `pgt_admin_user_action` (`actionName` , `uid` , `nickname` , `addTime` , `url` , `data`) VALUES ('上课记录' , 1 , 'admin' , 1623249670 , 'User/user_course_log' , '{\"s\":\"\\/user\\/user_course_log\"}') [ RunTime:0.048957s ]
---------------------------------------------------------------
[ 2021-06-09T22:41:11+08:00 ] 127.0.0.1 GET t.oms.qisedu.com/user/ajaxgetcourse_log?draw=1&columns%5B0%5D%5Bdata%5D=&columns%5B0%5D%5Bname%5D=&columns%5B0%5D%5Bsearchable%5D=true&columns%5B0%5D%5Borderable%5D=false&columns%5B0%5D%5Bsearch%5D%5Bvalue%5D=&columns%5B0%5D%5Bsearch%5D%5Bregex%5D=false&columns%5B1%5D%5Bdata%5D=id&columns%5B1%5D%5Bname%5D=&columns%5B1%5D%5Bsearchable%5D=true&columns%5B1%5D%5Borderable%5D=false&columns%5B1%5D%5Bsearch%5D%5Bvalue%5D=&columns%5B1%5D%5Bsearch%5D%5Bregex%5D=false&columns%5B2%5D%5Bdata%5D=nickname&columns%5B2%5D%5Bname%5D=&columns%5B2%5D%5Bsearchable%5D=true&columns%5B2%5D%5Borderable%5D=false&columns%5B2%5D%5Bsearch%5D%5Bvalue%5D=&columns%5B2%5D%5Bsearch%5D%5Bregex%5D=false&columns%5B3%5D%5Bdata%5D=course_title&columns%5B3%5D%5Bname%5D=&columns%5B3%5D%5Bsearchable%5D=true&columns%5B3%5D%5Borderable%5D=false&columns%5B3%5D%5Bsearch%5D%5Bvalue%5D=&columns%5B3%5D%5Bsearch%5D%5Bregex%5D=false&columns%5B4%5D%5Bdata%5D=course_node_title&columns%5B4%5D%5Bname%5D=&columns%5B4%5D%5Bsearchable%5D=true&columns%5B4%5D%5Borderable%5D=false&columns%5B4%5D%5Bsearch%5D%5Bvalue%5D=&columns%5B4%5D%5Bsearch%5D%5Bregex%5D=false&columns%5B5%5D%5Bdata%5D=time&columns%5B5%5D%5Bname%5D=&columns%5B5%5D%5Bsearchable%5D=true&columns%5B5%5D%5Borderable%5D=false&columns%5B5%5D%5Bsearch%5D%5Bvalue%5D=&columns%5B5%5D%5Bsearch%5D%5Bregex%5D=false&columns%5B6%5D%5Bdata%5D=percentage&columns%5B6%5D%5Bname%5D=&columns%5B6%5D%5Bsearchable%5D=true&columns%5B6%5D%5Borderable%5D=false&columns%5B6%5D%5Bsearch%5D%5Bvalue%5D=&columns%5B6%5D%5Bsearch%5D%5Bregex%5D=false&start=0&length=20&search%5Bvalue%5D=&search%5Bregex%5D=false&_=1623249670709
[运行时间：0.248632s] [吞吐率：4.02req/s] [内存消耗：4,065.48kb] [文件加载：70]
[ info ] [ LANG ] E:\phpEnv\www\qisedu\thinkphp\lang\zh-cn.php
[ info ] [ BIND ] 'admin'
[ info ] [ ROUTE ] array (
  'type' => 'module',
  'module' => 
  array (
    0 => 'admin',
    1 => 'user',
    2 => 'ajaxgetcourse_log',
  ),
)
[ info ] [ HEADER ] array (
  'cookie' => 'uid=p0DSb1oTuqVimxiOzHDOng%3D%3D; PHPSESSID=tkcoikqg50j03l8f5anpnmsve6',
  'accept-language' => 'zh-CN,zh;q=0.8',
  'accept-encoding' => 'gzip, deflate',
  'referer' => 'http://t.oms.qisedu.com/user/user_course_log',
  'user-agent' => 'Mozilla/5.0 (Windows NT 10.0; WOW64) AppleWebKit/537.36 (KHTML, like Gecko) Chrome/55.0.2883.87 UBrowser/6.2.4094.1 Safari/537.36',
  'x-requested-with' => 'XMLHttpRequest',
  'accept' => 'application/json, text/javascript, */*; q=0.01',
  'connection' => 'keep-alive',
  'host' => 't.oms.qisedu.com',
  'content-length' => '',
  'content-type' => '',
)
[ info ] [ PARAM ] array (
  'draw' => '1',
  'columns' => 
  array (
    0 => 
    array (
      'data' => '',
      'name' => '',
      'searchable' => 'true',
      'orderable' => 'false',
      'search' => 
      array (
        'value' => '',
        'regex' => 'false',
      ),
    ),
    1 => 
    array (
      'data' => 'id',
      'name' => '',
      'searchable' => 'true',
      'orderable' => 'false',
      'search' => 
      array (
        'value' => '',
        'regex' => 'false',
      ),
    ),
    2 => 
    array (
      'data' => 'nickname',
      'name' => '',
      'searchable' => 'true',
      'orderable' => 'false',
      'search' => 
      array (
        'value' => '',
        'regex' => 'false',
      ),
    ),
    3 => 
    array (
      'data' => 'course_title',
      'name' => '',
      'searchable' => 'true',
      'orderable' => 'false',
      'search' => 
      array (
        'value' => '',
        'regex' => 'false',
      ),
    ),
    4 => 
    array (
      'data' => 'course_node_title',
      'name' => '',
      'searchable' => 'true',
      'orderable' => 'false',
      'search' => 
      array (
        'value' => '',
        'regex' => 'false',
      ),
    ),
    5 => 
    array (
      'data' => 'time',
      'name' => '',
      'searchable' => 'true',
      'orderable' => 'false',
      'search' => 
      array (
        'value' => '',
        'regex' => 'false',
      ),
    ),
    6 => 
    array (
      'data' => 'percentage',
      'name' => '',
      'searchable' => 'true',
      'orderable' => 'false',
      'search' => 
      array (
        'value' => '',
        'regex' => 'false',
      ),
    ),
  ),
  'start' => '0',
  'length' => '20',
  'search' => 
  array (
    'value' => '',
    'regex' => 'false',
  ),
  '_' => '1623249670709',
)
[ info ] [ DB ] INIT mysql
[ info ] [ CACHE ] INIT File
[ info ] [ SESSION ] INIT array (
  'id' => '',
  'var_session_id' => '',
  'prefix' => 'think',
  'type' => '',
  'auto_start' => true,
)
[ info ] [ RUN ] app\admin\controller\User->ajaxgetcourse_log[ E:\phpEnv\www\qisedu\application\admin\controller\User.php ]
[ info ] [ LOG ] INIT File
[ sql ] [ DB ] CONNECT:[ UseTime:0.001459s ] mysql:host=localhost;dbname=qisedu;charset=utf8
[ sql ] [ SQL ] SHOW COLUMNS FROM `pgt_admin_menu` [ RunTime:0.007947s ]
[ sql ] [ SQL ] SELECT * FROM `pgt_admin_menu` WHERE  `id` <> 135 ORDER BY `sort` ASC [ RunTime:0.000858s ]
[ sql ] [ SQL ] SELECT * FROM `pgt_admin_menu` WHERE  `url` LIKE '%User/ajaxgetcourse_log%' LIMIT 1 [ RunTime:0.000607s ]
[ sql ] [ SQL ] SHOW COLUMNS FROM `pgt_admin_user` [ RunTime:0.006959s ]
[ sql ] [ SQL ] SELECT * FROM `pgt_admin_user` WHERE  `id` = 1 LIMIT 1 [ RunTime:0.000600s ]
[ sql ] [ SQL ] SELECT * FROM `pgt_admin_user` WHERE  `id` = 1 LIMIT 1 [ RunTime:0.000532s ]
[ sql ] [ SQL ] SHOW COLUMNS FROM `pgt_admin_auth_group` [ RunTime:0.005614s ]
[ sql ] [ SQL ] SELECT `name` FROM `pgt_admin_auth_group` WHERE  `id` = 1 LIMIT 1 [ RunTime:0.000392s ]
[ sql ] [ SQL ] SELECT * FROM `pgt_admin_user` WHERE  `id` = 1 LIMIT 1 [ RunTime:0.000682s ]
[ sql ] [ SQL ] SELECT * FROM `pgt_admin_auth_group` WHERE  `id` IN (1) [ RunTime:0.000464s ]
[ sql ] [ SQL ] SHOW COLUMNS FROM `pgt_admin_auth_rule` [ RunTime:0.005526s ]
[ sql ] [ SQL ] SELECT * FROM `pgt_admin_auth_rule` WHERE  `groupId` IN (1)  AND `status` = 1 [ RunTime:0.000502s ]
[ sql ] [ SQL ] SHOW COLUMNS FROM `pgt_admin_user_action` [ RunTime:0.006384s ]
[ sql ] [ SQL ] INSERT INTO `pgt_admin_user_action` (`actionName` , `uid` , `nickname` , `addTime` , `url` , `data`) VALUES ('ajax获取用户上课记录' , 1 , 'admin' , 1623249670 , 'User/ajaxgetcourse_log' , '{\"s\":\"\\/user\\/ajaxgetcourse_log\",\"draw\":\"1\",\"columns\":[{\"data\":\"\",\"name\":\"\",\"searchable\":\"true\",\"orderable\":\"false\",\"search\":{\"value\":\"\",\"regex\":\"false\"}},{\"data\":\"id\",\"name\":\"\",\"searchable\":\"true\",\"orderable\":\"false\",\"search\":{\"value\":\"\",\"regex\":\"false\"}},{\"data\":\"nickname\",\"name\":\"\",\"searchable\":\"true\",\"orderable\":\"false\",\"search\":{\"value\":\"\",\"regex\":\"false\"}},{\"data\":\"course_title\",\"name\":\"\",\"searchable\":\"true\",\"orderable\":\"false\",\"search\":{\"value\":\"\",\"regex\":\"false\"}},{\"data\":\"course_node_title\",\"name\":\"\",\"searchable\":\"true\",\"orderable\":\"false\",\"search\":{\"value\":\"\",\"regex\":\"false\"}},{\"data\":\"time\",\"name\":\"\",\"searchable\":\"true\",\"orderable\":\"false\",\"search\":{\"value\":\"\",\"regex\":\"false\"}},{\"data\":\"percentage\",\"name\":\"\",\"searchable\":\"true\",\"orderable\":\"false\",\"search\":{\"value\":\"\",\"regex\":\"false\"}}],\"start\":\"0\",\"length\":\"20\",\"search\":{\"value\":\"\",\"regex\":\"false\"},\"_\":\"1623249670709\"}') [ RunTime:0.022980s ]
[ sql ] [ SQL ] SHOW COLUMNS FROM `pgt_user_course_log` [ RunTime:0.022763s ]
[ sql ] [ SQL ] SELECT * FROM `pgt_user_course_log` ORDER BY `time` DESC LIMIT 0,20 [ RunTime:0.000537s ]
[ sql ] [ SQL ] SHOW COLUMNS FROM `pgt_user` [ RunTime:0.006039s ]
[ sql ] [ SQL ] SELECT `nickname` FROM `pgt_user` WHERE  `id` = 31 LIMIT 1 [ RunTime:0.000401s ]
[ sql ] [ SQL ] SHOW COLUMNS FROM `pgt_course` [ RunTime:0.007878s ]
[ sql ] [ SQL ] SELECT `title` FROM `pgt_course` WHERE  `id` = 2 LIMIT 1 [ RunTime:0.000374s ]
[ sql ] [ SQL ] SHOW COLUMNS FROM `pgt_course_node` [ RunTime:0.023061s ]
[ sql ] [ SQL ] SELECT `title` FROM `pgt_course_node` WHERE  `id` = 5 LIMIT 1 [ RunTime:0.000625s ]
[ sql ] [ SQL ] SELECT `nickname` FROM `pgt_user` WHERE  `id` = 94 LIMIT 1 [ RunTime:0.000348s ]
[ sql ] [ SQL ] SELECT `title` FROM `pgt_course` WHERE  `id` = 2 LIMIT 1 [ RunTime:0.000406s ]
[ sql ] [ SQL ] SELECT `title` FROM `pgt_course_node` WHERE  `id` = 5 LIMIT 1 [ RunTime:0.000626s ]
[ sql ] [ SQL ] SELECT `nickname` FROM `pgt_user` WHERE  `id` = 94 LIMIT 1 [ RunTime:0.000609s ]
[ sql ] [ SQL ] SELECT `title` FROM `pgt_course` WHERE  `id` = 2 LIMIT 1 [ RunTime:0.000652s ]
[ sql ] [ SQL ] SELECT `title` FROM `pgt_course_node` WHERE  `id` = 6 LIMIT 1 [ RunTime:0.000597s ]
[ sql ] [ SQL ] SELECT `nickname` FROM `pgt_user` WHERE  `id` = 31 LIMIT 1 [ RunTime:0.000503s ]
[ sql ] [ SQL ] SELECT `title` FROM `pgt_course` WHERE  `id` = 2 LIMIT 1 [ RunTime:0.000529s ]
[ sql ] [ SQL ] SELECT `title` FROM `pgt_course_node` WHERE  `id` = 6 LIMIT 1 [ RunTime:0.000612s ]
[ sql ] [ SQL ] SELECT `nickname` FROM `pgt_user` WHERE  `id` = 31 LIMIT 1 [ RunTime:0.000398s ]
[ sql ] [ SQL ] SELECT `title` FROM `pgt_course` WHERE  `id` = 1 LIMIT 1 [ RunTime:0.000297s ]
[ sql ] [ SQL ] SELECT `title` FROM `pgt_course_node` WHERE  `id` = 3 LIMIT 1 [ RunTime:0.000368s ]
[ sql ] [ SQL ] SELECT `nickname` FROM `pgt_user` WHERE  `id` = 31 LIMIT 1 [ RunTime:0.000294s ]
[ sql ] [ SQL ] SELECT `title` FROM `pgt_course` WHERE  `id` = 5 LIMIT 1 [ RunTime:0.000304s ]
[ sql ] [ SQL ] SELECT `title` FROM `pgt_course_node` WHERE  `id` = 14 LIMIT 1 [ RunTime:0.000314s ]
[ sql ] [ SQL ] SELECT `nickname` FROM `pgt_user` WHERE  `id` = 31 LIMIT 1 [ RunTime:0.000296s ]
[ sql ] [ SQL ] SELECT `title` FROM `pgt_course` WHERE  `id` = 2 LIMIT 1 [ RunTime:0.000291s ]
[ sql ] [ SQL ] SELECT `title` FROM `pgt_course_node` WHERE  `id` = 8 LIMIT 1 [ RunTime:0.000272s ]
[ sql ] [ SQL ] SELECT `nickname` FROM `pgt_user` WHERE  `id` = 31 LIMIT 1 [ RunTime:0.000268s ]
[ sql ] [ SQL ] SELECT `title` FROM `pgt_course` WHERE  `id` = 1 LIMIT 1 [ RunTime:0.000279s ]
[ sql ] [ SQL ] SELECT `title` FROM `pgt_course_node` WHERE  `id` = 4 LIMIT 1 [ RunTime:0.000274s ]
[ sql ] [ SQL ] SELECT `nickname` FROM `pgt_user` WHERE  `id` = 94 LIMIT 1 [ RunTime:0.000267s ]
[ sql ] [ SQL ] SELECT `title` FROM `pgt_course` WHERE  `id` = 5 LIMIT 1 [ RunTime:0.000346s ]
[ sql ] [ SQL ] SELECT `title` FROM `pgt_course_node` WHERE  `id` = 14 LIMIT 1 [ RunTime:0.000682s ]
[ sql ] [ SQL ] SELECT `nickname` FROM `pgt_user` WHERE  `id` = 105 LIMIT 1 [ RunTime:0.000563s ]
[ sql ] [ SQL ] SELECT `title` FROM `pgt_course` WHERE  `id` = 2 LIMIT 1 [ RunTime:0.000610s ]
[ sql ] [ SQL ] SELECT `title` FROM `pgt_course_node` WHERE  `id` = 6 LIMIT 1 [ RunTime:0.000510s ]
[ sql ] [ SQL ] SELECT `nickname` FROM `pgt_user` WHERE  `id` = 94 LIMIT 1 [ RunTime:0.000412s ]
[ sql ] [ SQL ] SELECT `title` FROM `pgt_course` WHERE  `id` = 1 LIMIT 1 [ RunTime:0.000910s ]
[ sql ] [ SQL ] SELECT `title` FROM `pgt_course_node` WHERE  `id` = 3 LIMIT 1 [ RunTime:0.000523s ]
[ sql ] [ SQL ] SELECT `nickname` FROM `pgt_user` WHERE  `id` = 94 LIMIT 1 [ RunTime:0.000257s ]
[ sql ] [ SQL ] SELECT `title` FROM `pgt_course` WHERE  `id` = 1 LIMIT 1 [ RunTime:0.000301s ]
[ sql ] [ SQL ] SELECT `title` FROM `pgt_course_node` WHERE  `id` = 4 LIMIT 1 [ RunTime:0.000245s ]
[ sql ] [ SQL ] SELECT `nickname` FROM `pgt_user` WHERE  `id` = 94 LIMIT 1 [ RunTime:0.000255s ]
[ sql ] [ SQL ] SELECT `title` FROM `pgt_course` WHERE  `id` = 5 LIMIT 1 [ RunTime:0.000243s ]
[ sql ] [ SQL ] SELECT `title` FROM `pgt_course_node` WHERE  `id` = 21 LIMIT 1 [ RunTime:0.000251s ]
[ sql ] [ SQL ] SELECT `nickname` FROM `pgt_user` WHERE  `id` = 42 LIMIT 1 [ RunTime:0.000240s ]
[ sql ] [ SQL ] SELECT `title` FROM `pgt_course` WHERE  `id` = 2 LIMIT 1 [ RunTime:0.000254s ]
[ sql ] [ SQL ] SELECT `title` FROM `pgt_course_node` WHERE  `id` = 5 LIMIT 1 [ RunTime:0.000243s ]
[ sql ] [ SQL ] SELECT `nickname` FROM `pgt_user` WHERE  `id` = 42 LIMIT 1 [ RunTime:0.000244s ]
[ sql ] [ SQL ] SELECT `title` FROM `pgt_course` WHERE  `id` = 2 LIMIT 1 [ RunTime:0.000278s ]
[ sql ] [ SQL ] SELECT `title` FROM `pgt_course_node` WHERE  `id` = 6 LIMIT 1 [ RunTime:0.000244s ]
[ sql ] [ SQL ] SELECT `nickname` FROM `pgt_user` WHERE  `id` = 31 LIMIT 1 [ RunTime:0.000269s ]
[ sql ] [ SQL ] SELECT `title` FROM `pgt_course` WHERE  `id` = 3 LIMIT 1 [ RunTime:0.000246s ]
[ sql ] [ SQL ] SELECT `title` FROM `pgt_course_node` WHERE  `id` = 9 LIMIT 1 [ RunTime:0.000407s ]
[ sql ] [ SQL ] SELECT `nickname` FROM `pgt_user` WHERE  `id` = 42 LIMIT 1 [ RunTime:0.000476s ]
[ sql ] [ SQL ] SELECT `title` FROM `pgt_course` WHERE  `id` = 5 LIMIT 1 [ RunTime:0.000484s ]
[ sql ] [ SQL ] SELECT `title` FROM `pgt_course_node` WHERE  `id` = 14 LIMIT 1 [ RunTime:0.000655s ]
[ sql ] [ SQL ] SELECT `nickname` FROM `pgt_user` WHERE  `id` = 94 LIMIT 1 [ RunTime:0.000367s ]
[ sql ] [ SQL ] SELECT `title` FROM `pgt_course` WHERE  `id` = 5 LIMIT 1 [ RunTime:0.000405s ]
[ sql ] [ SQL ] SELECT `title` FROM `pgt_course_node` WHERE  `id` = 15 LIMIT 1 [ RunTime:0.000612s ]
[ sql ] [ SQL ] SELECT `nickname` FROM `pgt_user` WHERE  `id` = 105 LIMIT 1 [ RunTime:0.000414s ]
[ sql ] [ SQL ] SELECT `title` FROM `pgt_course` WHERE  `id` = 2 LIMIT 1 [ RunTime:0.000252s ]
[ sql ] [ SQL ] SELECT `title` FROM `pgt_course_node` WHERE  `id` = 5 LIMIT 1 [ RunTime:0.000250s ]
[ sql ] [ SQL ] SELECT `nickname` FROM `pgt_user` WHERE  `id` = 94 LIMIT 1 [ RunTime:0.000267s ]
[ sql ] [ SQL ] SELECT `title` FROM `pgt_course` WHERE  `id` = 5 LIMIT 1 [ RunTime:0.000243s ]
[ sql ] [ SQL ] SELECT `title` FROM `pgt_course_node` WHERE  `id` = 20 LIMIT 1 [ RunTime:0.000316s ]
