---------------------------------------------------------------
[ 2021-05-15T09:21:45+08:00 ] 47.101.196.226 GET oms.qisedu.cn/
[运行时间：0.020240s] [吞吐率：49.41req/s] [内存消耗：2,989.87kb] [文件加载：56]
[ info ] [ LANG ] /www/wwwroot/qisedu/thinkphp/lang/zh-cn.php
[ info ] [ BIND ] 'admin'
[ info ] [ ROUTE ] array (
  'type' => 'module',
  'module' => 
  array (
    0 => 'admin',
    1 => NULL,
    2 => NULL,
  ),
)
[ info ] [ HEADER ] array (
  'accept-encoding' => 'gzip',
  'connection' => 'Keep-Alive',
  'host' => 'oms.qisedu.cn',
  'user-agent' => 'Mozilla/5.0 (X11; Ubuntu; Linux x86_64; rv:36.0) Gecko/20100101 Firefox/36.0',
  'content-type' => '',
  'content-length' => '',
)
[ info ] [ PARAM ] array (
)
[ info ] [ DB ] INIT mysql
[ info ] [ LOG ] INIT File
[ sql ] [ DB ] CONNECT:[ UseTime:0.000184s ] mysql:host=localhost;dbname=qisedu;charset=utf8
[ sql ] [ SQL ] SHOW COLUMNS FROM `pgt_admin_menu` [ RunTime:0.000638s ]
[ sql ] [ SQL ] SELECT * FROM `pgt_admin_menu` WHERE  `id` <> 135 ORDER BY `sort` ASC [ RunTime:0.000427s ]
[ sql ] [ SQL ] SELECT * FROM `pgt_admin_menu` WHERE  `url` LIKE '%Index/index%' LIMIT 1 [ RunTime:0.000162s ]
---------------------------------------------------------------
[ 2021-05-15T09:21:46+08:00 ] 47.101.196.226 GET oms.qisedu.cn/Login/index
[运行时间：0.012789s] [吞吐率：78.19req/s] [内存消耗：1,861.80kb] [文件加载：51]
[ info ] [ LANG ] /www/wwwroot/qisedu/thinkphp/lang/zh-cn.php
[ info ] [ BIND ] 'admin'
[ info ] [ ROUTE ] array (
  'type' => 'module',
  'module' => 
  array (
    0 => 'admin',
    1 => 'Login',
    2 => 'index',
  ),
)
[ info ] [ HEADER ] array (
  'accept-encoding' => 'gzip',
  'connection' => 'Keep-Alive',
  'host' => 'oms.qisedu.cn',
  'user-agent' => 'Mozilla/5.0 (X11; Ubuntu; Linux x86_64; rv:36.0) Gecko/20100101 Firefox/36.0',
  'content-type' => '',
  'content-length' => '',
)
[ info ] [ PARAM ] array (
)
[ info ] [ RUN ] app\admin\controller\Login->index[ /www/wwwroot/qisedu/application/admin/controller/Login.php ]
[ info ] [ VIEW ] /www/wwwroot/qisedu/public/../application/admin/view/Login/index.html [ array (
  0 => 'uid',
) ]
[ info ] [ LOG ] INIT File
