---------------------------------------------------------------
[ 2021-05-17T10:54:02+08:00 ] 47.101.192.177 GET oms.qisedu.cn/
[运行时间：0.020674s] [吞吐率：48.37req/s] [内存消耗：2,989.87kb] [文件加载：56]
[ info ] [ LANG ] /www/wwwroot/qisedu/thinkphp/lang/zh-cn.php
[ info ] [ BIND ] 'admin'
[ info ] [ ROUTE ] array (
  'type' => 'module',
  'module' => 
  array (
    0 => 'admin',
    1 => NULL,
    2 => NULL,
  ),
)
[ info ] [ HEADER ] array (
  'accept-encoding' => 'gzip',
  'connection' => 'Keep-Alive',
  'host' => 'oms.qisedu.cn',
  'user-agent' => 'Mozilla/5.0 (X11; Ubuntu; Linux x86_64; rv:36.0) Gecko/20100101 Firefox/36.0',
  'content-type' => '',
  'content-length' => '',
)
[ info ] [ PARAM ] array (
)
[ info ] [ DB ] INIT mysql
[ info ] [ LOG ] INIT File
[ sql ] [ DB ] CONNECT:[ UseTime:0.000184s ] mysql:host=localhost;dbname=qisedu;charset=utf8
[ sql ] [ SQL ] SHOW COLUMNS FROM `pgt_admin_menu` [ RunTime:0.000646s ]
[ sql ] [ SQL ] SELECT * FROM `pgt_admin_menu` WHERE  `id` <> 135 ORDER BY `sort` ASC [ RunTime:0.000439s ]
[ sql ] [ SQL ] SELECT * FROM `pgt_admin_menu` WHERE  `url` LIKE '%Index/index%' LIMIT 1 [ RunTime:0.000170s ]
---------------------------------------------------------------
[ 2021-05-17T10:54:03+08:00 ] 47.101.192.177 GET oms.qisedu.cn/Login/index
[运行时间：0.014599s] [吞吐率：68.50req/s] [内存消耗：1,861.80kb] [文件加载：51]
[ info ] [ LANG ] /www/wwwroot/qisedu/thinkphp/lang/zh-cn.php
[ info ] [ BIND ] 'admin'
[ info ] [ ROUTE ] array (
  'type' => 'module',
  'module' => 
  array (
    0 => 'admin',
    1 => 'Login',
    2 => 'index',
  ),
)
[ info ] [ HEADER ] array (
  'accept-encoding' => 'gzip',
  'connection' => 'Keep-Alive',
  'host' => 'oms.qisedu.cn',
  'user-agent' => 'Mozilla/5.0 (X11; Ubuntu; Linux x86_64; rv:36.0) Gecko/20100101 Firefox/36.0',
  'content-type' => '',
  'content-length' => '',
)
[ info ] [ PARAM ] array (
)
[ info ] [ RUN ] app\admin\controller\Login->index[ /www/wwwroot/qisedu/application/admin/controller/Login.php ]
[ info ] [ VIEW ] /www/wwwroot/qisedu/public/../application/admin/view/Login/index.html [ array (
  0 => 'uid',
) ]
[ info ] [ LOG ] INIT File
---------------------------------------------------------------
[ 2021-05-17T11:43:08+08:00 ] 113.110.235.187 GET oms.qisedu.cn/
[运行时间：0.020334s] [吞吐率：49.18req/s] [内存消耗：2,991.19kb] [文件加载：56]
[ info ] [ LANG ] /www/wwwroot/qisedu/thinkphp/lang/zh-cn.php
[ info ] [ BIND ] 'admin'
[ info ] [ ROUTE ] array (
  'type' => 'module',
  'module' => 
  array (
    0 => 'admin',
    1 => NULL,
    2 => NULL,
  ),
)
[ info ] [ HEADER ] array (
  'accept-language' => 'zh-CN,zh;q=0.9',
  'accept-encoding' => 'gzip, deflate',
  'accept' => 'text/html,application/xhtml+xml,application/xml;q=0.9,image/avif,image/webp,image/apng,*/*;q=0.8,application/signed-exchange;v=b3;q=0.9',
  'user-agent' => 'Mozilla/5.0 (Macintosh; Intel Mac OS X 10_15_7) AppleWebKit/537.36 (KHTML, like Gecko) Chrome/90.0.4430.93 Safari/537.36',
  'upgrade-insecure-requests' => '1',
  'connection' => 'keep-alive',
  'host' => 'oms.qisedu.cn',
  'content-type' => '',
  'content-length' => '',
)
[ info ] [ PARAM ] array (
)
[ info ] [ DB ] INIT mysql
[ info ] [ LOG ] INIT File
[ sql ] [ DB ] CONNECT:[ UseTime:0.000182s ] mysql:host=localhost;dbname=qisedu;charset=utf8
[ sql ] [ SQL ] SHOW COLUMNS FROM `pgt_admin_menu` [ RunTime:0.000623s ]
[ sql ] [ SQL ] SELECT * FROM `pgt_admin_menu` WHERE  `id` <> 135 ORDER BY `sort` ASC [ RunTime:0.000447s ]
[ sql ] [ SQL ] SELECT * FROM `pgt_admin_menu` WHERE  `url` LIKE '%Index/index%' LIMIT 1 [ RunTime:0.000175s ]
---------------------------------------------------------------
[ 2021-05-17T11:43:08+08:00 ] 113.110.235.187 GET oms.qisedu.cn/Login/index
[运行时间：0.012726s] [吞吐率：78.58req/s] [内存消耗：1,864.52kb] [文件加载：51]
[ info ] [ LANG ] /www/wwwroot/qisedu/thinkphp/lang/zh-cn.php
[ info ] [ BIND ] 'admin'
[ info ] [ ROUTE ] array (
  'type' => 'module',
  'module' => 
  array (
    0 => 'admin',
    1 => 'Login',
    2 => 'index',
  ),
)
[ info ] [ HEADER ] array (
  'accept-language' => 'zh-CN,zh;q=0.9',
  'accept-encoding' => 'gzip, deflate',
  'referer' => 'http://oms.qisedu.cn/',
  'accept' => 'text/html,application/xhtml+xml,application/xml;q=0.9,image/avif,image/webp,image/apng,*/*;q=0.8,application/signed-exchange;v=b3;q=0.9',
  'user-agent' => 'Mozilla/5.0 (Macintosh; Intel Mac OS X 10_15_7) AppleWebKit/537.36 (KHTML, like Gecko) Chrome/90.0.4430.93 Safari/537.36',
  'upgrade-insecure-requests' => '1',
  'connection' => 'keep-alive',
  'host' => 'oms.qisedu.cn',
  'content-type' => '',
  'content-length' => '',
)
[ info ] [ PARAM ] array (
)
[ info ] [ RUN ] app\admin\controller\Login->index[ /www/wwwroot/qisedu/application/admin/controller/Login.php ]
[ info ] [ VIEW ] /www/wwwroot/qisedu/public/../application/admin/view/Login/index.html [ array (
  0 => 'uid',
) ]
[ info ] [ LOG ] INIT File
---------------------------------------------------------------
[ 2021-05-17T11:43:09+08:00 ] 113.110.235.187 GET oms.qisedu.cn/Verification/gt?t=1621222989205
[运行时间：0.011858s] [吞吐率：84.33req/s] [内存消耗：1,781.08kb] [文件加载：48]
[ info ] [ LANG ] /www/wwwroot/qisedu/thinkphp/lang/zh-cn.php
[ info ] [ BIND ] 'admin'
[ info ] [ ROUTE ] array (
  'type' => 'module',
  'module' => 
  array (
    0 => 'admin',
    1 => 'Verification',
    2 => 'gt',
  ),
)
[ info ] [ HEADER ] array (
  'accept-language' => 'zh-CN,zh;q=0.9',
  'accept-encoding' => 'gzip, deflate',
  'referer' => 'http://oms.qisedu.cn/Login/index',
  'x-requested-with' => 'XMLHttpRequest',
  'user-agent' => 'Mozilla/5.0 (Macintosh; Intel Mac OS X 10_15_7) AppleWebKit/537.36 (KHTML, like Gecko) Chrome/90.0.4430.93 Safari/537.36',
  'accept' => 'application/json, text/javascript, */*; q=0.01',
  'connection' => 'keep-alive',
  'host' => 'oms.qisedu.cn',
  'content-type' => '',
  'content-length' => '',
)
[ info ] [ PARAM ] array (
  't' => '1621222989205',
)
[ info ] [ RUN ] app\admin\controller\Verification->gt[ /www/wwwroot/qisedu/application/admin/controller/Verification.php ]
[ info ] [ LOG ] INIT File
---------------------------------------------------------------
[ 2021-05-17T11:43:10+08:00 ] 113.110.235.187 GET oms.qisedu.cn/favicon.ico
[运行时间：0.011068s] [吞吐率：90.35req/s] [内存消耗：1,553.06kb] [文件加载：41]
[ info ] [ LANG ] /www/wwwroot/qisedu/thinkphp/lang/zh-cn.php
[ info ] [ BIND ] 'admin'
[ info ] [ ROUTE ] array (
  'type' => 'module',
  'module' => 
  array (
    0 => 'admin',
    1 => 'favicon',
    2 => NULL,
  ),
)
[ info ] [ HEADER ] array (
  'accept-language' => 'zh-CN,zh;q=0.9',
  'accept-encoding' => 'gzip, deflate',
  'referer' => 'http://oms.qisedu.cn/Login/index',
  'accept' => 'image/avif,image/webp,image/apng,image/svg+xml,image/*,*/*;q=0.8',
  'user-agent' => 'Mozilla/5.0 (Macintosh; Intel Mac OS X 10_15_7) AppleWebKit/537.36 (KHTML, like Gecko) Chrome/90.0.4430.93 Safari/537.36',
  'connection' => 'keep-alive',
  'host' => 'oms.qisedu.cn',
  'content-type' => '',
  'content-length' => '',
)
[ info ] [ PARAM ] array (
)
[ info ] [ LOG ] INIT File
---------------------------------------------------------------
[ 2021-05-17T11:43:16+08:00 ] 113.110.235.187 POST oms.qisedu.cn/login/login
[运行时间：0.021415s] [吞吐率：46.70req/s] [内存消耗：2,970.02kb] [文件加载：63]
[ info ] [ LANG ] /www/wwwroot/qisedu/thinkphp/lang/zh-cn.php
[ info ] [ BIND ] 'admin'
[ info ] [ ROUTE ] array (
  'type' => 'module',
  'module' => 
  array (
    0 => 'admin',
    1 => 'login',
    2 => 'login',
  ),
)
[ info ] [ HEADER ] array (
  'accept-language' => 'zh-CN,zh;q=0.9',
  'accept-encoding' => 'gzip, deflate',
  'referer' => 'http://oms.qisedu.cn/Login/index',
  'origin' => 'http://oms.qisedu.cn',
  'content-type' => 'application/x-www-form-urlencoded; charset=UTF-8',
  'user-agent' => 'Mozilla/5.0 (Macintosh; Intel Mac OS X 10_15_7) AppleWebKit/537.36 (KHTML, like Gecko) Chrome/90.0.4430.93 Safari/537.36',
  'x-requested-with' => 'XMLHttpRequest',
  'accept' => '*/*',
  'content-length' => '191',
  'connection' => 'keep-alive',
  'host' => 'oms.qisedu.cn',
)
[ info ] [ PARAM ] array (
  'username' => 'admin',
  'password' => '123456',
  'geetest_challenge' => 'f7177163c833dff4b38fc8d2872f1ec62a',
  'geetest_validate' => '1a8f55154105016b55f079b7029ada3d',
  'geetest_seccode' => '1a8f55154105016b55f079b7029ada3d|jordan',
)
[ info ] [ RUN ] app\admin\controller\Login->login[ /www/wwwroot/qisedu/application/admin/controller/Login.php ]
[ info ] [ DB ] INIT mysql
[ info ] [ CACHE ] INIT File
[ info ] [ LOG ] INIT File
[ sql ] [ DB ] CONNECT:[ UseTime:0.000181s ] mysql:host=localhost;dbname=qisedu;charset=utf8
[ sql ] [ SQL ] SHOW COLUMNS FROM `pgt_admin_user` [ RunTime:0.000645s ]
[ sql ] [ SQL ] SELECT * FROM `pgt_admin_user` WHERE  `username` = 'admin'  AND `password` = '912601e4ad1b308c9ae41877cf6ca754' LIMIT 1 [ RunTime:0.000204s ]
[ sql ] [ SQL ] UPDATE `pgt_admin_user`  SET `login_count`=746,`last_ip`='113.110.235.187',`last_login`=1621222996  WHERE  `id` = 1 [ RunTime:0.001174s ]
---------------------------------------------------------------
[ 2021-05-17T11:43:19+08:00 ] 113.110.235.187 GET oms.qisedu.cn/index/index
[运行时间：0.030624s] [吞吐率：32.65req/s] [内存消耗：3,200.55kb] [文件加载：70]
[ info ] [ LANG ] /www/wwwroot/qisedu/thinkphp/lang/zh-cn.php
[ info ] [ BIND ] 'admin'
[ info ] [ ROUTE ] array (
  'type' => 'module',
  'module' => 
  array (
    0 => 'admin',
    1 => 'index',
    2 => 'index',
  ),
)
[ info ] [ HEADER ] array (
  'cookie' => 'uid=p0DSb1oTuqVimxiOzHDOng%3D%3D',
  'accept-language' => 'zh-CN,zh;q=0.9',
  'accept-encoding' => 'gzip, deflate',
  'referer' => 'http://oms.qisedu.cn/Login/index',
  'accept' => 'text/html,application/xhtml+xml,application/xml;q=0.9,image/avif,image/webp,image/apng,*/*;q=0.8,application/signed-exchange;v=b3;q=0.9',
  'user-agent' => 'Mozilla/5.0 (Macintosh; Intel Mac OS X 10_15_7) AppleWebKit/537.36 (KHTML, like Gecko) Chrome/90.0.4430.93 Safari/537.36',
  'upgrade-insecure-requests' => '1',
  'connection' => 'keep-alive',
  'host' => 'oms.qisedu.cn',
  'content-type' => '',
  'content-length' => '',
)
[ info ] [ PARAM ] array (
)
[ info ] [ DB ] INIT mysql
[ info ] [ CACHE ] INIT File
[ info ] [ SESSION ] INIT array (
  'id' => '',
  'var_session_id' => '',
  'prefix' => 'think',
  'type' => '',
  'auto_start' => true,
)
[ info ] [ RUN ] app\admin\controller\Index->index[ /www/wwwroot/qisedu/application/admin/controller/Index.php ]
[ info ] [ VIEW ] /www/wwwroot/qisedu/public/../application/admin/view/Index/index.html [ array (
  0 => 'uid',
  1 => 'userInfo',
  2 => 'list',
  3 => 'auth_name',
  4 => 'username',
  5 => 'nickname',
) ]
[ info ] [ LOG ] INIT File
[ sql ] [ DB ] CONNECT:[ UseTime:0.000189s ] mysql:host=localhost;dbname=qisedu;charset=utf8
[ sql ] [ SQL ] SHOW COLUMNS FROM `pgt_admin_menu` [ RunTime:0.000672s ]
[ sql ] [ SQL ] SELECT * FROM `pgt_admin_menu` WHERE  `id` <> 135 ORDER BY `sort` ASC [ RunTime:0.000437s ]
[ sql ] [ SQL ] SELECT * FROM `pgt_admin_menu` WHERE  `url` LIKE '%Index/index%' LIMIT 1 [ RunTime:0.000167s ]
[ sql ] [ SQL ] SHOW COLUMNS FROM `pgt_admin_user` [ RunTime:0.000507s ]
[ sql ] [ SQL ] SELECT * FROM `pgt_admin_user` WHERE  `id` = 1 LIMIT 1 [ RunTime:0.000139s ]
[ sql ] [ SQL ] SELECT * FROM `pgt_admin_user` WHERE  `id` = 1 LIMIT 1 [ RunTime:0.000150s ]
[ sql ] [ SQL ] SHOW COLUMNS FROM `pgt_admin_auth_group` [ RunTime:0.000505s ]
[ sql ] [ SQL ] SELECT `name` FROM `pgt_admin_auth_group` WHERE  `id` = 1 LIMIT 1 [ RunTime:0.000106s ]
[ sql ] [ SQL ] SELECT * FROM `pgt_admin_user` WHERE  `id` = 1 LIMIT 1 [ RunTime:0.000152s ]
[ sql ] [ SQL ] SELECT * FROM `pgt_admin_auth_group` WHERE  `id` IN (1) [ RunTime:0.000106s ]
[ sql ] [ SQL ] SHOW COLUMNS FROM `pgt_admin_auth_rule` [ RunTime:0.000469s ]
[ sql ] [ SQL ] SELECT * FROM `pgt_admin_auth_rule` WHERE  `groupId` IN (1)  AND `status` = 1 [ RunTime:0.000212s ]
[ sql ] [ SQL ] SHOW COLUMNS FROM `pgt_admin_user_action` [ RunTime:0.000450s ]
[ sql ] [ SQL ] INSERT INTO `pgt_admin_user_action` (`actionName` , `uid` , `nickname` , `addTime` , `url` , `data`) VALUES ('首页' , 1 , 'admin' , 1621222999 , 'Index/index' , '{\"s\":\"\\/index\\/index\"}') [ RunTime:0.001046s ]
---------------------------------------------------------------
[ 2021-05-17T11:43:20+08:00 ] 113.110.235.187 GET oms.qisedu.cn/index/welcome
[运行时间：0.027505s] [吞吐率：36.36req/s] [内存消耗：3,187.95kb] [文件加载：65]
[ info ] [ LANG ] /www/wwwroot/qisedu/thinkphp/lang/zh-cn.php
[ info ] [ BIND ] 'admin'
[ info ] [ ROUTE ] array (
  'type' => 'module',
  'module' => 
  array (
    0 => 'admin',
    1 => 'index',
    2 => 'welcome',
  ),
)
[ info ] [ HEADER ] array (
  'cookie' => 'uid=p0DSb1oTuqVimxiOzHDOng%3D%3D; PHPSESSID=s204ssnrrcu8b84d6ne2vf1u5b',
  'accept-language' => 'zh-CN,zh;q=0.9',
  'accept-encoding' => 'gzip, deflate',
  'referer' => 'http://oms.qisedu.cn/index/index',
  'accept' => 'text/html,application/xhtml+xml,application/xml;q=0.9,image/avif,image/webp,image/apng,*/*;q=0.8,application/signed-exchange;v=b3;q=0.9',
  'user-agent' => 'Mozilla/5.0 (Macintosh; Intel Mac OS X 10_15_7) AppleWebKit/537.36 (KHTML, like Gecko) Chrome/90.0.4430.93 Safari/537.36',
  'upgrade-insecure-requests' => '1',
  'connection' => 'keep-alive',
  'host' => 'oms.qisedu.cn',
  'content-type' => '',
  'content-length' => '',
)
[ info ] [ PARAM ] array (
)
[ info ] [ DB ] INIT mysql
[ info ] [ CACHE ] INIT File
[ info ] [ SESSION ] INIT array (
  'id' => '',
  'var_session_id' => '',
  'prefix' => 'think',
  'type' => '',
  'auto_start' => true,
)
[ info ] [ RUN ] app\admin\controller\Index->welcome[ /www/wwwroot/qisedu/application/admin/controller/Index.php ]
[ info ] [ LOG ] INIT File
[ sql ] [ DB ] CONNECT:[ UseTime:0.000185s ] mysql:host=localhost;dbname=qisedu;charset=utf8
[ sql ] [ SQL ] SHOW COLUMNS FROM `pgt_admin_menu` [ RunTime:0.000638s ]
[ sql ] [ SQL ] SELECT * FROM `pgt_admin_menu` WHERE  `id` <> 135 ORDER BY `sort` ASC [ RunTime:0.000431s ]
[ sql ] [ SQL ] SELECT * FROM `pgt_admin_menu` WHERE  `url` LIKE '%Index/welcome%' LIMIT 1 [ RunTime:0.000159s ]
[ sql ] [ SQL ] SHOW COLUMNS FROM `pgt_admin_user` [ RunTime:0.000488s ]
[ sql ] [ SQL ] SELECT * FROM `pgt_admin_user` WHERE  `id` = 1 LIMIT 1 [ RunTime:0.000145s ]
[ sql ] [ SQL ] SELECT * FROM `pgt_admin_user` WHERE  `id` = 1 LIMIT 1 [ RunTime:0.000154s ]
[ sql ] [ SQL ] SHOW COLUMNS FROM `pgt_admin_auth_group` [ RunTime:0.000459s ]
[ sql ] [ SQL ] SELECT `name` FROM `pgt_admin_auth_group` WHERE  `id` = 1 LIMIT 1 [ RunTime:0.000106s ]
[ sql ] [ SQL ] SELECT * FROM `pgt_admin_user` WHERE  `id` = 1 LIMIT 1 [ RunTime:0.000150s ]
[ sql ] [ SQL ] SELECT * FROM `pgt_admin_auth_group` WHERE  `id` IN (1) [ RunTime:0.000107s ]
[ sql ] [ SQL ] SHOW COLUMNS FROM `pgt_admin_auth_rule` [ RunTime:0.000447s ]
[ sql ] [ SQL ] SELECT * FROM `pgt_admin_auth_rule` WHERE  `groupId` IN (1)  AND `status` = 1 [ RunTime:0.000210s ]
[ sql ] [ SQL ] SHOW COLUMNS FROM `pgt_admin_user_action` [ RunTime:0.000444s ]
[ sql ] [ SQL ] INSERT INTO `pgt_admin_user_action` (`actionName` , `uid` , `nickname` , `addTime` , `url` , `data`) VALUES ('欢迎页' , 1 , 'admin' , 1621223000 , 'Index/welcome' , '{\"s\":\"\\/index\\/welcome\"}') [ RunTime:0.001109s ]
---------------------------------------------------------------
[ 2021-05-17T11:43:23+08:00 ] 113.110.235.187 GET oms.qisedu.cn/column/index
[运行时间：0.030042s] [吞吐率：33.29req/s] [内存消耗：3,178.55kb] [文件加载：71]
[ info ] [ LANG ] /www/wwwroot/qisedu/thinkphp/lang/zh-cn.php
[ info ] [ BIND ] 'admin'
[ info ] [ ROUTE ] array (
  'type' => 'module',
  'module' => 
  array (
    0 => 'admin',
    1 => 'column',
    2 => 'index',
  ),
)
[ info ] [ HEADER ] array (
  'cookie' => 'uid=p0DSb1oTuqVimxiOzHDOng%3D%3D; PHPSESSID=s204ssnrrcu8b84d6ne2vf1u5b',
  'accept-language' => 'zh-CN,zh;q=0.9',
  'accept-encoding' => 'gzip, deflate',
  'referer' => 'http://oms.qisedu.cn/index/index',
  'accept' => 'text/html,application/xhtml+xml,application/xml;q=0.9,image/avif,image/webp,image/apng,*/*;q=0.8,application/signed-exchange;v=b3;q=0.9',
  'user-agent' => 'Mozilla/5.0 (Macintosh; Intel Mac OS X 10_15_7) AppleWebKit/537.36 (KHTML, like Gecko) Chrome/90.0.4430.93 Safari/537.36',
  'upgrade-insecure-requests' => '1',
  'connection' => 'keep-alive',
  'host' => 'oms.qisedu.cn',
  'content-type' => '',
  'content-length' => '',
)
[ info ] [ PARAM ] array (
)
[ info ] [ DB ] INIT mysql
[ info ] [ CACHE ] INIT File
[ info ] [ SESSION ] INIT array (
  'id' => '',
  'var_session_id' => '',
  'prefix' => 'think',
  'type' => '',
  'auto_start' => true,
)
[ info ] [ RUN ] app\admin\controller\Column->index[ /www/wwwroot/qisedu/application/admin/controller/Column.php ]
[ info ] [ VIEW ] /www/wwwroot/qisedu/public/../application/admin/view/Column/index.html [ array (
  0 => 'uid',
  1 => 'userInfo',
  2 => 'list',
) ]
[ info ] [ LOG ] INIT File
[ sql ] [ DB ] CONNECT:[ UseTime:0.000188s ] mysql:host=localhost;dbname=qisedu;charset=utf8
[ sql ] [ SQL ] SHOW COLUMNS FROM `pgt_admin_menu` [ RunTime:0.000649s ]
[ sql ] [ SQL ] SELECT * FROM `pgt_admin_menu` WHERE  `id` <> 135 ORDER BY `sort` ASC [ RunTime:0.000453s ]
[ sql ] [ SQL ] SELECT * FROM `pgt_admin_menu` WHERE  `url` LIKE '%Column/index%' LIMIT 1 [ RunTime:0.000319s ]
[ sql ] [ SQL ] SHOW COLUMNS FROM `pgt_admin_user` [ RunTime:0.000499s ]
[ sql ] [ SQL ] SELECT * FROM `pgt_admin_user` WHERE  `id` = 1 LIMIT 1 [ RunTime:0.000153s ]
[ sql ] [ SQL ] SELECT * FROM `pgt_admin_user` WHERE  `id` = 1 LIMIT 1 [ RunTime:0.000157s ]
[ sql ] [ SQL ] SHOW COLUMNS FROM `pgt_admin_auth_group` [ RunTime:0.000449s ]
[ sql ] [ SQL ] SELECT `name` FROM `pgt_admin_auth_group` WHERE  `id` = 1 LIMIT 1 [ RunTime:0.000104s ]
[ sql ] [ SQL ] SELECT * FROM `pgt_admin_user` WHERE  `id` = 1 LIMIT 1 [ RunTime:0.000144s ]
[ sql ] [ SQL ] SELECT * FROM `pgt_admin_auth_group` WHERE  `id` IN (1) [ RunTime:0.000107s ]
[ sql ] [ SQL ] SHOW COLUMNS FROM `pgt_admin_auth_rule` [ RunTime:0.000453s ]
[ sql ] [ SQL ] SELECT * FROM `pgt_admin_auth_rule` WHERE  `groupId` IN (1)  AND `status` = 1 [ RunTime:0.000212s ]
[ sql ] [ SQL ] SHOW COLUMNS FROM `pgt_admin_user_action` [ RunTime:0.000471s ]
[ sql ] [ SQL ] INSERT INTO `pgt_admin_user_action` (`actionName` , `uid` , `nickname` , `addTime` , `url` , `data`) VALUES ('栏目管理' , 1 , 'admin' , 1621223003 , 'Column/index' , '{\"s\":\"\\/column\\/index\"}') [ RunTime:0.001074s ]
[ sql ] [ SQL ] SHOW COLUMNS FROM `pgt_column` [ RunTime:0.000426s ]
[ sql ] [ SQL ] SELECT * FROM `pgt_column` WHERE  `is_del` = 0 [ RunTime:0.000127s ]
---------------------------------------------------------------
[ 2021-05-17T11:43:24+08:00 ] 113.110.235.187 GET oms.qisedu.cn/course/index
[运行时间：0.030189s] [吞吐率：33.12req/s] [内存消耗：3,267.80kb] [文件加载：72]
[ info ] [ LANG ] /www/wwwroot/qisedu/thinkphp/lang/zh-cn.php
[ info ] [ BIND ] 'admin'
[ info ] [ ROUTE ] array (
  'type' => 'module',
  'module' => 
  array (
    0 => 'admin',
    1 => 'course',
    2 => 'index',
  ),
)
[ info ] [ HEADER ] array (
  'cookie' => 'uid=p0DSb1oTuqVimxiOzHDOng%3D%3D; PHPSESSID=s204ssnrrcu8b84d6ne2vf1u5b',
  'accept-language' => 'zh-CN,zh;q=0.9',
  'accept-encoding' => 'gzip, deflate',
  'referer' => 'http://oms.qisedu.cn/index/index',
  'accept' => 'text/html,application/xhtml+xml,application/xml;q=0.9,image/avif,image/webp,image/apng,*/*;q=0.8,application/signed-exchange;v=b3;q=0.9',
  'user-agent' => 'Mozilla/5.0 (Macintosh; Intel Mac OS X 10_15_7) AppleWebKit/537.36 (KHTML, like Gecko) Chrome/90.0.4430.93 Safari/537.36',
  'upgrade-insecure-requests' => '1',
  'connection' => 'keep-alive',
  'host' => 'oms.qisedu.cn',
  'content-type' => '',
  'content-length' => '',
)
[ info ] [ PARAM ] array (
)
[ info ] [ DB ] INIT mysql
[ info ] [ CACHE ] INIT File
[ info ] [ SESSION ] INIT array (
  'id' => '',
  'var_session_id' => '',
  'prefix' => 'think',
  'type' => '',
  'auto_start' => true,
)
[ info ] [ RUN ] app\admin\controller\Course->index[ /www/wwwroot/qisedu/application/admin/controller/Course.php ]
[ info ] [ VIEW ] /www/wwwroot/qisedu/public/../application/admin/view/Course/index.html [ array (
  0 => 'uid',
  1 => 'userInfo',
  2 => 'column',
) ]
[ info ] [ LOG ] INIT File
[ sql ] [ DB ] CONNECT:[ UseTime:0.000183s ] mysql:host=localhost;dbname=qisedu;charset=utf8
[ sql ] [ SQL ] SHOW COLUMNS FROM `pgt_admin_menu` [ RunTime:0.000618s ]
[ sql ] [ SQL ] SELECT * FROM `pgt_admin_menu` WHERE  `id` <> 135 ORDER BY `sort` ASC [ RunTime:0.000440s ]
[ sql ] [ SQL ] SELECT * FROM `pgt_admin_menu` WHERE  `url` LIKE '%Course/index%' LIMIT 1 [ RunTime:0.000188s ]
[ sql ] [ SQL ] SHOW COLUMNS FROM `pgt_admin_user` [ RunTime:0.000518s ]
[ sql ] [ SQL ] SELECT * FROM `pgt_admin_user` WHERE  `id` = 1 LIMIT 1 [ RunTime:0.000154s ]
[ sql ] [ SQL ] SELECT * FROM `pgt_admin_user` WHERE  `id` = 1 LIMIT 1 [ RunTime:0.000153s ]
[ sql ] [ SQL ] SHOW COLUMNS FROM `pgt_admin_auth_group` [ RunTime:0.000454s ]
[ sql ] [ SQL ] SELECT `name` FROM `pgt_admin_auth_group` WHERE  `id` = 1 LIMIT 1 [ RunTime:0.000105s ]
[ sql ] [ SQL ] SELECT * FROM `pgt_admin_user` WHERE  `id` = 1 LIMIT 1 [ RunTime:0.000146s ]
[ sql ] [ SQL ] SELECT * FROM `pgt_admin_auth_group` WHERE  `id` IN (1) [ RunTime:0.000110s ]
[ sql ] [ SQL ] SHOW COLUMNS FROM `pgt_admin_auth_rule` [ RunTime:0.000443s ]
[ sql ] [ SQL ] SELECT * FROM `pgt_admin_auth_rule` WHERE  `groupId` IN (1)  AND `status` = 1 [ RunTime:0.000220s ]
[ sql ] [ SQL ] SHOW COLUMNS FROM `pgt_admin_user_action` [ RunTime:0.000452s ]
[ sql ] [ SQL ] INSERT INTO `pgt_admin_user_action` (`actionName` , `uid` , `nickname` , `addTime` , `url` , `data`) VALUES ('课程列表' , 1 , 'admin' , 1621223004 , 'Course/index' , '{\"s\":\"\\/course\\/index\"}') [ RunTime:0.001283s ]
[ sql ] [ SQL ] SHOW COLUMNS FROM `pgt_column` [ RunTime:0.000432s ]
[ sql ] [ SQL ] SELECT * FROM `pgt_column` WHERE  `is_del` = 0 [ RunTime:0.000113s ]
---------------------------------------------------------------
[ 2021-05-17T11:43:24+08:00 ] 113.110.235.187 POST oms.qisedu.cn/course/ajaxgetindex
[运行时间：0.033207s] [吞吐率：30.11req/s] [内存消耗：3,289.61kb] [文件加载：73]
[ info ] [ LANG ] /www/wwwroot/qisedu/thinkphp/lang/zh-cn.php
[ info ] [ BIND ] 'admin'
[ info ] [ ROUTE ] array (
  'type' => 'module',
  'module' => 
  array (
    0 => 'admin',
    1 => 'course',
    2 => 'ajaxgetindex',
  ),
)
[ info ] [ HEADER ] array (
  'cookie' => 'RESFWQYZYCD=1; uid=p0DSb1oTuqVimxiOzHDOng%3D%3D; PHPSESSID=s204ssnrrcu8b84d6ne2vf1u5b',
  'accept-language' => 'zh-CN,zh;q=0.9',
  'accept-encoding' => 'gzip, deflate',
  'referer' => 'http://oms.qisedu.cn/course/index',
  'origin' => 'http://oms.qisedu.cn',
  'content-type' => 'application/x-www-form-urlencoded; charset=UTF-8',
  'user-agent' => 'Mozilla/5.0 (Macintosh; Intel Mac OS X 10_15_7) AppleWebKit/537.36 (KHTML, like Gecko) Chrome/90.0.4430.93 Safari/537.36',
  'x-requested-with' => 'XMLHttpRequest',
  'accept' => 'application/json, text/javascript, */*; q=0.01',
  'content-length' => '2218',
  'connection' => 'keep-alive',
  'host' => 'oms.qisedu.cn',
)
[ info ] [ PARAM ] array (
  'draw' => '1',
  'columns' => 
  array (
    0 => 
    array (
      'data' => 'id',
      'name' => '',
      'searchable' => 'true',
      'orderable' => 'false',
      'search' => 
      array (
        'value' => '',
        'regex' => 'false',
      ),
    ),
    1 => 
    array (
      'data' => 'title',
      'name' => '',
      'searchable' => 'true',
      'orderable' => 'false',
      'search' => 
      array (
        'value' => '',
        'regex' => 'false',
      ),
    ),
    2 => 
    array (
      'data' => 'broadcast_time',
      'name' => '',
      'searchable' => 'true',
      'orderable' => 'false',
      'search' => 
      array (
        'value' => '',
        'regex' => 'false',
      ),
    ),
    3 => 
    array (
      'data' => 'type',
      'name' => '',
      'searchable' => 'true',
      'orderable' => 'false',
      'search' => 
      array (
        'value' => '',
        'regex' => 'false',
      ),
    ),
    4 => 
    array (
      'data' => 'purchase_num',
      'name' => '',
      'searchable' => 'true',
      'orderable' => 'false',
      'search' => 
      array (
        'value' => '',
        'regex' => 'false',
      ),
    ),
    5 => 
    array (
      'data' => 'column',
      'name' => '',
      'searchable' => 'true',
      'orderable' => 'false',
      'search' => 
      array (
        'value' => '',
        'regex' => 'false',
      ),
    ),
    6 => 
    array (
      'data' => 'original_price',
      'name' => '',
      'searchable' => 'true',
      'orderable' => 'false',
      'search' => 
      array (
        'value' => '',
        'regex' => 'false',
      ),
    ),
    7 => 
    array (
      'data' => 'present_price',
      'name' => '',
      'searchable' => 'true',
      'orderable' => 'false',
      'search' => 
      array (
        'value' => '',
        'regex' => 'false',
      ),
    ),
    8 => 
    array (
      'data' => 'create_time',
      'name' => '',
      'searchable' => 'true',
      'orderable' => 'false',
      'search' => 
      array (
        'value' => '',
        'regex' => 'false',
      ),
    ),
    9 => 
    array (
      'data' => '',
      'name' => '',
      'searchable' => 'true',
      'orderable' => 'false',
      'search' => 
      array (
        'value' => '',
        'regex' => 'false',
      ),
    ),
  ),
  'start' => '0',
  'length' => '20',
  'search' => 
  array (
    'value' => '',
    'regex' => 'false',
  ),
)
[ info ] [ DB ] INIT mysql
[ info ] [ CACHE ] INIT File
[ info ] [ SESSION ] INIT array (
  'id' => '',
  'var_session_id' => '',
  'prefix' => 'think',
  'type' => '',
  'auto_start' => true,
)
[ info ] [ RUN ] app\admin\controller\Course->ajaxGetIndex[ /www/wwwroot/qisedu/application/admin/controller/Course.php ]
[ info ] [ LOG ] INIT File
[ sql ] [ DB ] CONNECT:[ UseTime:0.000203s ] mysql:host=localhost;dbname=qisedu;charset=utf8
[ sql ] [ SQL ] SHOW COLUMNS FROM `pgt_admin_menu` [ RunTime:0.000631s ]
[ sql ] [ SQL ] SELECT * FROM `pgt_admin_menu` WHERE  `id` <> 135 ORDER BY `sort` ASC [ RunTime:0.000442s ]
[ sql ] [ SQL ] SELECT * FROM `pgt_admin_menu` WHERE  `url` LIKE '%Course/ajaxgetindex%' LIMIT 1 [ RunTime:0.000184s ]
[ sql ] [ SQL ] SHOW COLUMNS FROM `pgt_admin_user` [ RunTime:0.000523s ]
[ sql ] [ SQL ] SELECT * FROM `pgt_admin_user` WHERE  `id` = 1 LIMIT 1 [ RunTime:0.000144s ]
[ sql ] [ SQL ] SELECT * FROM `pgt_admin_user` WHERE  `id` = 1 LIMIT 1 [ RunTime:0.000154s ]
[ sql ] [ SQL ] SHOW COLUMNS FROM `pgt_admin_auth_group` [ RunTime:0.000459s ]
[ sql ] [ SQL ] SELECT `name` FROM `pgt_admin_auth_group` WHERE  `id` = 1 LIMIT 1 [ RunTime:0.000106s ]
[ sql ] [ SQL ] SELECT * FROM `pgt_admin_user` WHERE  `id` = 1 LIMIT 1 [ RunTime:0.000144s ]
[ sql ] [ SQL ] SELECT * FROM `pgt_admin_auth_group` WHERE  `id` IN (1) [ RunTime:0.000118s ]
[ sql ] [ SQL ] SHOW COLUMNS FROM `pgt_admin_auth_rule` [ RunTime:0.000440s ]
[ sql ] [ SQL ] SELECT * FROM `pgt_admin_auth_rule` WHERE  `groupId` IN (1)  AND `status` = 1 [ RunTime:0.000210s ]
[ sql ] [ SQL ] SHOW COLUMNS FROM `pgt_admin_user_action` [ RunTime:0.000490s ]
[ sql ] [ SQL ] INSERT INTO `pgt_admin_user_action` (`actionName` , `uid` , `nickname` , `addTime` , `url` , `data`) VALUES ('获取课程数据' , 1 , 'admin' , 1621223004 , 'Course/ajaxgetindex' , '{\"s\":\"\\/course\\/ajaxgetindex\",\"draw\":\"1\",\"columns\":[{\"data\":\"id\",\"name\":\"\",\"searchable\":\"true\",\"orderable\":\"false\",\"search\":{\"value\":\"\",\"regex\":\"false\"}},{\"data\":\"title\",\"name\":\"\",\"searchable\":\"true\",\"orderable\":\"false\",\"search\":{\"value\":\"\",\"regex\":\"false\"}},{\"data\":\"broadcast_time\",\"name\":\"\",\"searchable\":\"true\",\"orderable\":\"false\",\"search\":{\"value\":\"\",\"regex\":\"false\"}},{\"data\":\"type\",\"name\":\"\",\"searchable\":\"true\",\"orderable\":\"false\",\"search\":{\"value\":\"\",\"regex\":\"false\"}},{\"data\":\"purchase_num\",\"name\":\"\",\"searchable\":\"true\",\"orderable\":\"false\",\"search\":{\"value\":\"\",\"regex\":\"false\"}},{\"data\":\"column\",\"name\":\"\",\"searchable\":\"true\",\"orderable\":\"false\",\"search\":{\"value\":\"\",\"regex\":\"false\"}},{\"data\":\"original_price\",\"name\":\"\",\"searchable\":\"true\",\"orderable\":\"false\",\"search\":{\"value\":\"\",\"regex\":\"false\"}},{\"data\":\"present_price\",\"name\":\"\",\"searchable\":\"true\",\"orderable\":\"false\",\"search\":{\"value\":\"\",\"regex\":\"false\"}},{\"data\":\"create_time\",\"name\":\"\",\"searchable\":\"true\",\"orderable\":\"false\",\"search\":{\"value\":\"\",\"regex\":\"false\"}},{\"data\":\"\",\"name\":\"\",\"searchable\":\"true\",\"orderable\":\"false\",\"search\":{\"value\":\"\",\"regex\":\"false\"}}],\"start\":\"0\",\"length\":\"20\",\"search\":{\"value\":\"\",\"regex\":\"false\"}}') [ RunTime:0.002177s ]
[ sql ] [ SQL ] SHOW COLUMNS FROM `pgt_course` [ RunTime:0.000498s ]
[ sql ] [ SQL ] SELECT COUNT(*) AS tp_count FROM `pgt_course` WHERE  `is_del` = 0 LIMIT 1 [ RunTime:0.000121s ]
[ sql ] [ SQL ] SELECT * FROM `pgt_course` WHERE  `is_del` = 0 ORDER BY `order` DESC,`create_time` DESC LIMIT 0,20 [ RunTime:0.000187s ]
[ sql ] [ SQL ] SHOW COLUMNS FROM `pgt_column` [ RunTime:0.000433s ]
[ sql ] [ SQL ] SELECT `title` FROM `pgt_column` WHERE  `id` = 1  AND `is_del` = 0 LIMIT 1 [ RunTime:0.000111s ]
[ sql ] [ SQL ] SELECT `title` FROM `pgt_column` WHERE  `id` = 1  AND `is_del` = 0 LIMIT 1 [ RunTime:0.000094s ]
[ sql ] [ SQL ] SELECT `title` FROM `pgt_column` WHERE  `id` = 3  AND `is_del` = 0 LIMIT 1 [ RunTime:0.000089s ]
[ sql ] [ SQL ] SELECT `title` FROM `pgt_column` WHERE  `id` = 2  AND `is_del` = 0 LIMIT 1 [ RunTime:0.000100s ]
[ sql ] [ SQL ] SELECT `title` FROM `pgt_column` WHERE  `id` = 1  AND `is_del` = 0 LIMIT 1 [ RunTime:0.000089s ]
---------------------------------------------------------------
[ 2021-05-17T11:43:29+08:00 ] 113.110.235.187 GET oms.qisedu.cn/course/course_node
[运行时间：0.030439s] [吞吐率：32.85req/s] [内存消耗：3,274.63kb] [文件加载：72]
[ info ] [ LANG ] /www/wwwroot/qisedu/thinkphp/lang/zh-cn.php
[ info ] [ BIND ] 'admin'
[ info ] [ ROUTE ] array (
  'type' => 'module',
  'module' => 
  array (
    0 => 'admin',
    1 => 'course',
    2 => 'course_node',
  ),
)
[ info ] [ HEADER ] array (
  'cookie' => 'RESFWQYZYCD=1; uid=p0DSb1oTuqVimxiOzHDOng%3D%3D; PHPSESSID=s204ssnrrcu8b84d6ne2vf1u5b',
  'accept-language' => 'zh-CN,zh;q=0.9',
  'accept-encoding' => 'gzip, deflate',
  'referer' => 'http://oms.qisedu.cn/index/index',
  'accept' => 'text/html,application/xhtml+xml,application/xml;q=0.9,image/avif,image/webp,image/apng,*/*;q=0.8,application/signed-exchange;v=b3;q=0.9',
  'user-agent' => 'Mozilla/5.0 (Macintosh; Intel Mac OS X 10_15_7) AppleWebKit/537.36 (KHTML, like Gecko) Chrome/90.0.4430.93 Safari/537.36',
  'upgrade-insecure-requests' => '1',
  'connection' => 'keep-alive',
  'host' => 'oms.qisedu.cn',
  'content-type' => '',
  'content-length' => '',
)
[ info ] [ PARAM ] array (
)
[ info ] [ DB ] INIT mysql
[ info ] [ CACHE ] INIT File
[ info ] [ SESSION ] INIT array (
  'id' => '',
  'var_session_id' => '',
  'prefix' => 'think',
  'type' => '',
  'auto_start' => true,
)
[ info ] [ RUN ] app\admin\controller\Course->course_node[ /www/wwwroot/qisedu/application/admin/controller/Course.php ]
[ info ] [ VIEW ] /www/wwwroot/qisedu/public/../application/admin/view/Course_node/index.html [ array (
  0 => 'uid',
  1 => 'userInfo',
  2 => 'course',
) ]
[ info ] [ LOG ] INIT File
[ sql ] [ DB ] CONNECT:[ UseTime:0.000197s ] mysql:host=localhost;dbname=qisedu;charset=utf8
[ sql ] [ SQL ] SHOW COLUMNS FROM `pgt_admin_menu` [ RunTime:0.000620s ]
[ sql ] [ SQL ] SELECT * FROM `pgt_admin_menu` WHERE  `id` <> 135 ORDER BY `sort` ASC [ RunTime:0.000433s ]
[ sql ] [ SQL ] SELECT * FROM `pgt_admin_menu` WHERE  `url` LIKE '%Course/course_node%' LIMIT 1 [ RunTime:0.000201s ]
[ sql ] [ SQL ] SHOW COLUMNS FROM `pgt_admin_user` [ RunTime:0.000526s ]
[ sql ] [ SQL ] SELECT * FROM `pgt_admin_user` WHERE  `id` = 1 LIMIT 1 [ RunTime:0.000151s ]
[ sql ] [ SQL ] SELECT * FROM `pgt_admin_user` WHERE  `id` = 1 LIMIT 1 [ RunTime:0.000153s ]
[ sql ] [ SQL ] SHOW COLUMNS FROM `pgt_admin_auth_group` [ RunTime:0.000460s ]
[ sql ] [ SQL ] SELECT `name` FROM `pgt_admin_auth_group` WHERE  `id` = 1 LIMIT 1 [ RunTime:0.000108s ]
[ sql ] [ SQL ] SELECT * FROM `pgt_admin_user` WHERE  `id` = 1 LIMIT 1 [ RunTime:0.000154s ]
[ sql ] [ SQL ] SELECT * FROM `pgt_admin_auth_group` WHERE  `id` IN (1) [ RunTime:0.000108s ]
[ sql ] [ SQL ] SHOW COLUMNS FROM `pgt_admin_auth_rule` [ RunTime:0.000448s ]
[ sql ] [ SQL ] SELECT * FROM `pgt_admin_auth_rule` WHERE  `groupId` IN (1)  AND `status` = 1 [ RunTime:0.000228s ]
[ sql ] [ SQL ] SHOW COLUMNS FROM `pgt_admin_user_action` [ RunTime:0.000461s ]
[ sql ] [ SQL ] INSERT INTO `pgt_admin_user_action` (`actionName` , `uid` , `nickname` , `addTime` , `url` , `data`) VALUES ('课节列表' , 1 , 'admin' , 1621223009 , 'Course/course_node' , '{\"s\":\"\\/course\\/course_node\"}') [ RunTime:0.001094s ]
[ sql ] [ SQL ] SHOW COLUMNS FROM `pgt_course` [ RunTime:0.000494s ]
[ sql ] [ SQL ] SELECT `id`,title as title FROM `pgt_course` WHERE  `is_del` = 0 [ RunTime:0.000118s ]
---------------------------------------------------------------
[ 2021-05-17T11:43:29+08:00 ] 113.110.235.187 POST oms.qisedu.cn/course/ajaxgetcourse_node
[运行时间：0.034760s] [吞吐率：28.77req/s] [内存消耗：3,324.38kb] [文件加载：73]
[ info ] [ LANG ] /www/wwwroot/qisedu/thinkphp/lang/zh-cn.php
[ info ] [ BIND ] 'admin'
[ info ] [ ROUTE ] array (
  'type' => 'module',
  'module' => 
  array (
    0 => 'admin',
    1 => 'course',
    2 => 'ajaxgetcourse_node',
  ),
)
[ info ] [ HEADER ] array (
  'cookie' => 'RESFWQYZYCD=1; uid=p0DSb1oTuqVimxiOzHDOng%3D%3D; PHPSESSID=s204ssnrrcu8b84d6ne2vf1u5b',
  'accept-language' => 'zh-CN,zh;q=0.9',
  'accept-encoding' => 'gzip, deflate',
  'referer' => 'http://oms.qisedu.cn/course/course_node',
  'origin' => 'http://oms.qisedu.cn',
  'content-type' => 'application/x-www-form-urlencoded; charset=UTF-8',
  'user-agent' => 'Mozilla/5.0 (Macintosh; Intel Mac OS X 10_15_7) AppleWebKit/537.36 (KHTML, like Gecko) Chrome/90.0.4430.93 Safari/537.36',
  'x-requested-with' => 'XMLHttpRequest',
  'accept' => 'application/json, text/javascript, */*; q=0.01',
  'content-length' => '2412',
  'connection' => 'keep-alive',
  'host' => 'oms.qisedu.cn',
)
[ info ] [ PARAM ] array (
  'draw' => '1',
  'columns' => 
  array (
    0 => 
    array (
      'data' => 'id',
      'name' => '',
      'searchable' => 'true',
      'orderable' => 'false',
      'search' => 
      array (
        'value' => '',
        'regex' => 'false',
      ),
    ),
    1 => 
    array (
      'data' => 'title',
      'name' => '',
      'searchable' => 'true',
      'orderable' => 'false',
      'search' => 
      array (
        'value' => '',
        'regex' => 'false',
      ),
    ),
    2 => 
    array (
      'data' => 'broadcast_time',
      'name' => '',
      'searchable' => 'true',
      'orderable' => 'false',
      'search' => 
      array (
        'value' => '',
        'regex' => 'false',
      ),
    ),
    3 => 
    array (
      'data' => 'type',
      'name' => '',
      'searchable' => 'true',
      'orderable' => 'false',
      'search' => 
      array (
        'value' => '',
        'regex' => 'false',
      ),
    ),
    4 => 
    array (
      'data' => 'course_title',
      'name' => '',
      'searchable' => 'true',
      'orderable' => 'false',
      'search' => 
      array (
        'value' => '',
        'regex' => 'false',
      ),
    ),
    5 => 
    array (
      'data' => 'client',
      'name' => '',
      'searchable' => 'true',
      'orderable' => 'false',
      'search' => 
      array (
        'value' => '',
        'regex' => 'false',
      ),
    ),
    6 => 
    array (
      'data' => 'web',
      'name' => '',
      'searchable' => 'true',
      'orderable' => 'false',
      'search' => 
      array (
        'value' => '',
        'regex' => 'false',
      ),
    ),
    7 => 
    array (
      'data' => 'url',
      'name' => '',
      'searchable' => 'true',
      'orderable' => 'false',
      'search' => 
      array (
        'value' => '',
        'regex' => 'false',
      ),
    ),
    8 => 
    array (
      'data' => 'channelPasswd',
      'name' => '',
      'searchable' => 'true',
      'orderable' => 'false',
      'search' => 
      array (
        'value' => '',
        'regex' => 'false',
      ),
    ),
    9 => 
    array (
      'data' => '',
      'name' => '',
      'searchable' => 'true',
      'orderable' => 'false',
      'search' => 
      array (
        'value' => '',
        'regex' => 'false',
      ),
    ),
    10 => 
    array (
      'data' => '',
      'name' => '',
      'searchable' => 'true',
      'orderable' => 'false',
      'search' => 
      array (
        'value' => '',
        'regex' => 'false',
      ),
    ),
  ),
  'start' => '0',
  'length' => '20',
  'search' => 
  array (
    'value' => '',
    'regex' => 'false',
  ),
)
[ info ] [ DB ] INIT mysql
[ info ] [ CACHE ] INIT File
[ info ] [ SESSION ] INIT array (
  'id' => '',
  'var_session_id' => '',
  'prefix' => 'think',
  'type' => '',
  'auto_start' => true,
)
[ info ] [ RUN ] app\admin\controller\Course->ajaxGetCourse_node[ /www/wwwroot/qisedu/application/admin/controller/Course.php ]
[ info ] [ LOG ] INIT File
[ sql ] [ DB ] CONNECT:[ UseTime:0.000200s ] mysql:host=localhost;dbname=qisedu;charset=utf8
[ sql ] [ SQL ] SHOW COLUMNS FROM `pgt_admin_menu` [ RunTime:0.000615s ]
[ sql ] [ SQL ] SELECT * FROM `pgt_admin_menu` WHERE  `id` <> 135 ORDER BY `sort` ASC [ RunTime:0.000438s ]
[ sql ] [ SQL ] SELECT * FROM `pgt_admin_menu` WHERE  `url` LIKE '%Course/ajaxgetcourse_node%' LIMIT 1 [ RunTime:0.000182s ]
[ sql ] [ SQL ] SHOW COLUMNS FROM `pgt_admin_user` [ RunTime:0.000507s ]
[ sql ] [ SQL ] SELECT * FROM `pgt_admin_user` WHERE  `id` = 1 LIMIT 1 [ RunTime:0.000155s ]
[ sql ] [ SQL ] SELECT * FROM `pgt_admin_user` WHERE  `id` = 1 LIMIT 1 [ RunTime:0.000164s ]
[ sql ] [ SQL ] SHOW COLUMNS FROM `pgt_admin_auth_group` [ RunTime:0.000449s ]
[ sql ] [ SQL ] SELECT `name` FROM `pgt_admin_auth_group` WHERE  `id` = 1 LIMIT 1 [ RunTime:0.000104s ]
[ sql ] [ SQL ] SELECT * FROM `pgt_admin_user` WHERE  `id` = 1 LIMIT 1 [ RunTime:0.000143s ]
[ sql ] [ SQL ] SELECT * FROM `pgt_admin_auth_group` WHERE  `id` IN (1) [ RunTime:0.000110s ]
[ sql ] [ SQL ] SHOW COLUMNS FROM `pgt_admin_auth_rule` [ RunTime:0.000447s ]
[ sql ] [ SQL ] SELECT * FROM `pgt_admin_auth_rule` WHERE  `groupId` IN (1)  AND `status` = 1 [ RunTime:0.000216s ]
[ sql ] [ SQL ] SHOW COLUMNS FROM `pgt_admin_user_action` [ RunTime:0.000461s ]
[ sql ] [ SQL ] INSERT INTO `pgt_admin_user_action` (`actionName` , `uid` , `nickname` , `addTime` , `url` , `data`) VALUES ('ajax获取课节数据' , 1 , 'admin' , 1621223009 , 'Course/ajaxgetcourse_node' , '{\"s\":\"\\/course\\/ajaxgetcourse_node\",\"draw\":\"1\",\"columns\":[{\"data\":\"id\",\"name\":\"\",\"searchable\":\"true\",\"orderable\":\"false\",\"search\":{\"value\":\"\",\"regex\":\"false\"}},{\"data\":\"title\",\"name\":\"\",\"searchable\":\"true\",\"orderable\":\"false\",\"search\":{\"value\":\"\",\"regex\":\"false\"}},{\"data\":\"broadcast_time\",\"name\":\"\",\"searchable\":\"true\",\"orderable\":\"false\",\"search\":{\"value\":\"\",\"regex\":\"false\"}},{\"data\":\"type\",\"name\":\"\",\"searchable\":\"true\",\"orderable\":\"false\",\"search\":{\"value\":\"\",\"regex\":\"false\"}},{\"data\":\"course_title\",\"name\":\"\",\"searchable\":\"true\",\"orderable\":\"false\",\"search\":{\"value\":\"\",\"regex\":\"false\"}},{\"data\":\"client\",\"name\":\"\",\"searchable\":\"true\",\"orderable\":\"false\",\"search\":{\"value\":\"\",\"regex\":\"false\"}},{\"data\":\"web\",\"name\":\"\",\"searchable\":\"true\",\"orderable\":\"false\",\"search\":{\"value\":\"\",\"regex\":\"false\"}},{\"data\":\"url\",\"name\":\"\",\"searchable\":\"true\",\"orderable\":\"false\",\"search\":{\"value\":\"\",\"regex\":\"false\"}},{\"data\":\"channelPasswd\",\"name\":\"\",\"searchable\":\"true\",\"orderable\":\"false\",\"search\":{\"value\":\"\",\"regex\":\"false\"}},{\"data\":\"\",\"name\":\"\",\"searchable\":\"true\",\"orderable\":\"false\",\"search\":{\"value\":\"\",\"regex\":\"false\"}},{\"data\":\"\",\"name\":\"\",\"searchable\":\"true\",\"orderable\":\"false\",\"search\":{\"value\":\"\",\"regex\":\"false\"}}],\"start\":\"0\",\"length\":\"20\",\"search\":{\"value\":\"\",\"regex\":\"false\"}}') [ RunTime:0.001136s ]
[ sql ] [ SQL ] SHOW COLUMNS FROM `pgt_course` [ RunTime:0.000497s ]
[ sql ] [ SQL ] SELECT `id` FROM `pgt_course` WHERE  `is_del` = 0 [ RunTime:0.000108s ]
[ sql ] [ SQL ] SHOW COLUMNS FROM `pgt_course_node` [ RunTime:0.000506s ]
[ sql ] [ SQL ] SELECT COUNT(*) AS tp_count FROM `pgt_course_node` WHERE  `course_id` IN (1,2,3,4,5)  AND `is_del` = 0 LIMIT 1 [ RunTime:0.000147s ]
[ sql ] [ SQL ] SELECT * FROM `pgt_course_node` WHERE  `course_id` IN (1,2,3,4,5)  AND `is_del` = 0 ORDER BY `order` DESC,`create_time` DESC LIMIT 0,20 [ RunTime:0.000355s ]
[ sql ] [ SQL ] SELECT `title` FROM `pgt_course` WHERE  `id` = 5  AND `is_del` = 0 LIMIT 1 [ RunTime:0.000123s ]
[ sql ] [ SQL ] SELECT `title` FROM `pgt_course` WHERE  `id` = 5  AND `is_del` = 0 LIMIT 1 [ RunTime:0.000108s ]
[ sql ] [ SQL ] SELECT `title` FROM `pgt_course` WHERE  `id` = 5  AND `is_del` = 0 LIMIT 1 [ RunTime:0.000094s ]
[ sql ] [ SQL ] SELECT `title` FROM `pgt_course` WHERE  `id` = 5  AND `is_del` = 0 LIMIT 1 [ RunTime:0.000089s ]
[ sql ] [ SQL ] SELECT `title` FROM `pgt_course` WHERE  `id` = 5  AND `is_del` = 0 LIMIT 1 [ RunTime:0.000104s ]
[ sql ] [ SQL ] SELECT `title` FROM `pgt_course` WHERE  `id` = 1  AND `is_del` = 0 LIMIT 1 [ RunTime:0.000091s ]
[ sql ] [ SQL ] SELECT `title` FROM `pgt_course` WHERE  `id` = 2  AND `is_del` = 0 LIMIT 1 [ RunTime:0.000087s ]
[ sql ] [ SQL ] SELECT `title` FROM `pgt_course` WHERE  `id` = 5  AND `is_del` = 0 LIMIT 1 [ RunTime:0.000086s ]
[ sql ] [ SQL ] SELECT `title` FROM `pgt_course` WHERE  `id` = 1  AND `is_del` = 0 LIMIT 1 [ RunTime:0.000088s ]
[ sql ] [ SQL ] SELECT `title` FROM `pgt_course` WHERE  `id` = 5  AND `is_del` = 0 LIMIT 1 [ RunTime:0.000085s ]
[ sql ] [ SQL ] SELECT `title` FROM `pgt_course` WHERE  `id` = 1  AND `is_del` = 0 LIMIT 1 [ RunTime:0.000097s ]
[ sql ] [ SQL ] SELECT `title` FROM `pgt_course` WHERE  `id` = 3  AND `is_del` = 0 LIMIT 1 [ RunTime:0.000087s ]
[ sql ] [ SQL ] SELECT `title` FROM `pgt_course` WHERE  `id` = 2  AND `is_del` = 0 LIMIT 1 [ RunTime:0.000086s ]
[ sql ] [ SQL ] SELECT `title` FROM `pgt_course` WHERE  `id` = 2  AND `is_del` = 0 LIMIT 1 [ RunTime:0.000084s ]
---------------------------------------------------------------
[ 2021-05-17T11:43:33+08:00 ] 113.110.235.187 GET oms.qisedu.cn/article/index
[运行时间：0.029358s] [吞吐率：34.06req/s] [内存消耗：3,141.70kb] [文件加载：71]
[ info ] [ LANG ] /www/wwwroot/qisedu/thinkphp/lang/zh-cn.php
[ info ] [ BIND ] 'admin'
[ info ] [ ROUTE ] array (
  'type' => 'module',
  'module' => 
  array (
    0 => 'admin',
    1 => 'article',
    2 => 'index',
  ),
)
[ info ] [ HEADER ] array (
  'cookie' => 'uid=p0DSb1oTuqVimxiOzHDOng%3D%3D; PHPSESSID=s204ssnrrcu8b84d6ne2vf1u5b',
  'accept-language' => 'zh-CN,zh;q=0.9',
  'accept-encoding' => 'gzip, deflate',
  'referer' => 'http://oms.qisedu.cn/index/index',
  'accept' => 'text/html,application/xhtml+xml,application/xml;q=0.9,image/avif,image/webp,image/apng,*/*;q=0.8,application/signed-exchange;v=b3;q=0.9',
  'user-agent' => 'Mozilla/5.0 (Macintosh; Intel Mac OS X 10_15_7) AppleWebKit/537.36 (KHTML, like Gecko) Chrome/90.0.4430.93 Safari/537.36',
  'upgrade-insecure-requests' => '1',
  'connection' => 'keep-alive',
  'host' => 'oms.qisedu.cn',
  'content-type' => '',
  'content-length' => '',
)
[ info ] [ PARAM ] array (
)
[ info ] [ DB ] INIT mysql
[ info ] [ CACHE ] INIT File
[ info ] [ SESSION ] INIT array (
  'id' => '',
  'var_session_id' => '',
  'prefix' => 'think',
  'type' => '',
  'auto_start' => true,
)
[ info ] [ RUN ] app\admin\controller\Article->index[ /www/wwwroot/qisedu/application/admin/controller/Article.php ]
[ info ] [ VIEW ] /www/wwwroot/qisedu/public/../application/admin/view/Article/index.html [ array (
  0 => 'uid',
  1 => 'userInfo',
) ]
[ info ] [ LOG ] INIT File
[ sql ] [ DB ] CONNECT:[ UseTime:0.000185s ] mysql:host=localhost;dbname=qisedu;charset=utf8
[ sql ] [ SQL ] SHOW COLUMNS FROM `pgt_admin_menu` [ RunTime:0.000626s ]
[ sql ] [ SQL ] SELECT * FROM `pgt_admin_menu` WHERE  `id` <> 135 ORDER BY `sort` ASC [ RunTime:0.000459s ]
[ sql ] [ SQL ] SELECT * FROM `pgt_admin_menu` WHERE  `url` LIKE '%Article/index%' LIMIT 1 [ RunTime:0.000203s ]
[ sql ] [ SQL ] SHOW COLUMNS FROM `pgt_admin_user` [ RunTime:0.000530s ]
[ sql ] [ SQL ] SELECT * FROM `pgt_admin_user` WHERE  `id` = 1 LIMIT 1 [ RunTime:0.000148s ]
[ sql ] [ SQL ] SELECT * FROM `pgt_admin_user` WHERE  `id` = 1 LIMIT 1 [ RunTime:0.000153s ]
[ sql ] [ SQL ] SHOW COLUMNS FROM `pgt_admin_auth_group` [ RunTime:0.000456s ]
[ sql ] [ SQL ] SELECT `name` FROM `pgt_admin_auth_group` WHERE  `id` = 1 LIMIT 1 [ RunTime:0.000114s ]
[ sql ] [ SQL ] SELECT * FROM `pgt_admin_user` WHERE  `id` = 1 LIMIT 1 [ RunTime:0.000153s ]
[ sql ] [ SQL ] SELECT * FROM `pgt_admin_auth_group` WHERE  `id` IN (1) [ RunTime:0.000126s ]
[ sql ] [ SQL ] SHOW COLUMNS FROM `pgt_admin_auth_rule` [ RunTime:0.000447s ]
[ sql ] [ SQL ] SELECT * FROM `pgt_admin_auth_rule` WHERE  `groupId` IN (1)  AND `status` = 1 [ RunTime:0.000222s ]
[ sql ] [ SQL ] SHOW COLUMNS FROM `pgt_admin_user_action` [ RunTime:0.000470s ]
[ sql ] [ SQL ] INSERT INTO `pgt_admin_user_action` (`actionName` , `uid` , `nickname` , `addTime` , `url` , `data`) VALUES ('文章管理' , 1 , 'admin' , 1621223013 , 'Article/index' , '{\"s\":\"\\/article\\/index\"}') [ RunTime:0.001146s ]
---------------------------------------------------------------
[ 2021-05-17T11:43:33+08:00 ] 113.110.235.187 POST oms.qisedu.cn/article/ajaxgetindex
[运行时间：0.030093s] [吞吐率：33.23req/s] [内存消耗：3,223.50kb] [文件加载：72]
[ info ] [ LANG ] /www/wwwroot/qisedu/thinkphp/lang/zh-cn.php
[ info ] [ BIND ] 'admin'
[ info ] [ ROUTE ] array (
  'type' => 'module',
  'module' => 
  array (
    0 => 'admin',
    1 => 'article',
    2 => 'ajaxgetindex',
  ),
)
[ info ] [ HEADER ] array (
  'cookie' => 'RESFWQYZYCD=1; uid=p0DSb1oTuqVimxiOzHDOng%3D%3D; PHPSESSID=s204ssnrrcu8b84d6ne2vf1u5b',
  'accept-language' => 'zh-CN,zh;q=0.9',
  'accept-encoding' => 'gzip, deflate',
  'referer' => 'http://oms.qisedu.cn/article/index',
  'origin' => 'http://oms.qisedu.cn',
  'content-type' => 'application/x-www-form-urlencoded; charset=UTF-8',
  'user-agent' => 'Mozilla/5.0 (Macintosh; Intel Mac OS X 10_15_7) AppleWebKit/537.36 (KHTML, like Gecko) Chrome/90.0.4430.93 Safari/537.36',
  'x-requested-with' => 'XMLHttpRequest',
  'accept' => 'application/json, text/javascript, */*; q=0.01',
  'content-length' => '1553',
  'connection' => 'keep-alive',
  'host' => 'oms.qisedu.cn',
)
[ info ] [ PARAM ] array (
  'draw' => '1',
  'columns' => 
  array (
    0 => 
    array (
      'data' => 'id',
      'name' => '',
      'searchable' => 'true',
      'orderable' => 'false',
      'search' => 
      array (
        'value' => '',
        'regex' => 'false',
      ),
    ),
    1 => 
    array (
      'data' => 'title',
      'name' => '',
      'searchable' => 'true',
      'orderable' => 'false',
      'search' => 
      array (
        'value' => '',
        'regex' => 'false',
      ),
    ),
    2 => 
    array (
      'data' => 'pic',
      'name' => '',
      'searchable' => 'true',
      'orderable' => 'false',
      'search' => 
      array (
        'value' => '',
        'regex' => 'false',
      ),
    ),
    3 => 
    array (
      'data' => 'order',
      'name' => '',
      'searchable' => 'true',
      'orderable' => 'false',
      'search' => 
      array (
        'value' => '',
        'regex' => 'false',
      ),
    ),
    4 => 
    array (
      'data' => 'create_time',
      'name' => '',
      'searchable' => 'true',
      'orderable' => 'false',
      'search' => 
      array (
        'value' => '',
        'regex' => 'false',
      ),
    ),
    5 => 
    array (
      'data' => 'update_time',
      'name' => '',
      'searchable' => 'true',
      'orderable' => 'false',
      'search' => 
      array (
        'value' => '',
        'regex' => 'false',
      ),
    ),
    6 => 
    array (
      'data' => '',
      'name' => '',
      'searchable' => 'true',
      'orderable' => 'false',
      'search' => 
      array (
        'value' => '',
        'regex' => 'false',
      ),
    ),
  ),
  'start' => '0',
  'length' => '20',
  'search' => 
  array (
    'value' => '',
    'regex' => 'false',
  ),
)
[ info ] [ DB ] INIT mysql
[ info ] [ CACHE ] INIT File
[ info ] [ SESSION ] INIT array (
  'id' => '',
  'var_session_id' => '',
  'prefix' => 'think',
  'type' => '',
  'auto_start' => true,
)
[ info ] [ RUN ] app\admin\controller\Article->ajaxGetIndex[ /www/wwwroot/qisedu/application/admin/controller/Article.php ]
[ info ] [ LOG ] INIT File
[ sql ] [ DB ] CONNECT:[ UseTime:0.000180s ] mysql:host=localhost;dbname=qisedu;charset=utf8
[ sql ] [ SQL ] SHOW COLUMNS FROM `pgt_admin_menu` [ RunTime:0.000636s ]
[ sql ] [ SQL ] SELECT * FROM `pgt_admin_menu` WHERE  `id` <> 135 ORDER BY `sort` ASC [ RunTime:0.000423s ]
[ sql ] [ SQL ] SELECT * FROM `pgt_admin_menu` WHERE  `url` LIKE '%Article/ajaxgetindex%' LIMIT 1 [ RunTime:0.000200s ]
[ sql ] [ SQL ] SHOW COLUMNS FROM `pgt_admin_user` [ RunTime:0.000498s ]
[ sql ] [ SQL ] SELECT * FROM `pgt_admin_user` WHERE  `id` = 1 LIMIT 1 [ RunTime:0.000144s ]
[ sql ] [ SQL ] SELECT * FROM `pgt_admin_user` WHERE  `id` = 1 LIMIT 1 [ RunTime:0.000152s ]
[ sql ] [ SQL ] SHOW COLUMNS FROM `pgt_admin_auth_group` [ RunTime:0.000453s ]
[ sql ] [ SQL ] SELECT `name` FROM `pgt_admin_auth_group` WHERE  `id` = 1 LIMIT 1 [ RunTime:0.000104s ]
[ sql ] [ SQL ] SELECT * FROM `pgt_admin_user` WHERE  `id` = 1 LIMIT 1 [ RunTime:0.000156s ]
[ sql ] [ SQL ] SELECT * FROM `pgt_admin_auth_group` WHERE  `id` IN (1) [ RunTime:0.000107s ]
[ sql ] [ SQL ] SHOW COLUMNS FROM `pgt_admin_auth_rule` [ RunTime:0.000444s ]
[ sql ] [ SQL ] SELECT * FROM `pgt_admin_auth_rule` WHERE  `groupId` IN (1)  AND `status` = 1 [ RunTime:0.000210s ]
[ sql ] [ SQL ] SHOW COLUMNS FROM `pgt_admin_user_action` [ RunTime:0.000463s ]
[ sql ] [ SQL ] INSERT INTO `pgt_admin_user_action` (`actionName` , `uid` , `nickname` , `addTime` , `url` , `data`) VALUES ('获取文章数据' , 1 , 'admin' , 1621223013 , 'Article/ajaxgetindex' , '{\"s\":\"\\/article\\/ajaxgetindex\",\"draw\":\"1\",\"columns\":[{\"data\":\"id\",\"name\":\"\",\"searchable\":\"true\",\"orderable\":\"false\",\"search\":{\"value\":\"\",\"regex\":\"false\"}},{\"data\":\"title\",\"name\":\"\",\"searchable\":\"true\",\"orderable\":\"false\",\"search\":{\"value\":\"\",\"regex\":\"false\"}},{\"data\":\"pic\",\"name\":\"\",\"searchable\":\"true\",\"orderable\":\"false\",\"search\":{\"value\":\"\",\"regex\":\"false\"}},{\"data\":\"order\",\"name\":\"\",\"searchable\":\"true\",\"orderable\":\"false\",\"search\":{\"value\":\"\",\"regex\":\"false\"}},{\"data\":\"create_time\",\"name\":\"\",\"searchable\":\"true\",\"orderable\":\"false\",\"search\":{\"value\":\"\",\"regex\":\"false\"}},{\"data\":\"update_time\",\"name\":\"\",\"searchable\":\"true\",\"orderable\":\"false\",\"search\":{\"value\":\"\",\"regex\":\"false\"}},{\"data\":\"\",\"name\":\"\",\"searchable\":\"true\",\"orderable\":\"false\",\"search\":{\"value\":\"\",\"regex\":\"false\"}}],\"start\":\"0\",\"length\":\"20\",\"search\":{\"value\":\"\",\"regex\":\"false\"}}') [ RunTime:0.001156s ]
[ sql ] [ SQL ] SHOW COLUMNS FROM `pgt_article` [ RunTime:0.000477s ]
[ sql ] [ SQL ] SELECT COUNT(*) AS tp_count FROM `pgt_article` WHERE  `is_del` = 0 LIMIT 1 [ RunTime:0.000125s ]
[ sql ] [ SQL ] SELECT * FROM `pgt_article` WHERE  `is_del` = 0 ORDER BY `order` DESC,`create_time` DESC LIMIT 0,20 [ RunTime:0.000207s ]
---------------------------------------------------------------
[ 2021-05-17T11:43:34+08:00 ] 113.110.235.187 GET oms.qisedu.cn/question/index
[运行时间：0.030644s] [吞吐率：32.63req/s] [内存消耗：3,294.55kb] [文件加载：73]
[ info ] [ LANG ] /www/wwwroot/qisedu/thinkphp/lang/zh-cn.php
[ info ] [ BIND ] 'admin'
[ info ] [ ROUTE ] array (
  'type' => 'module',
  'module' => 
  array (
    0 => 'admin',
    1 => 'question',
    2 => 'index',
  ),
)
[ info ] [ HEADER ] array (
  'cookie' => 'uid=p0DSb1oTuqVimxiOzHDOng%3D%3D; PHPSESSID=s204ssnrrcu8b84d6ne2vf1u5b',
  'accept-language' => 'zh-CN,zh;q=0.9',
  'accept-encoding' => 'gzip, deflate',
  'referer' => 'http://oms.qisedu.cn/index/index',
  'accept' => 'text/html,application/xhtml+xml,application/xml;q=0.9,image/avif,image/webp,image/apng,*/*;q=0.8,application/signed-exchange;v=b3;q=0.9',
  'user-agent' => 'Mozilla/5.0 (Macintosh; Intel Mac OS X 10_15_7) AppleWebKit/537.36 (KHTML, like Gecko) Chrome/90.0.4430.93 Safari/537.36',
  'upgrade-insecure-requests' => '1',
  'connection' => 'keep-alive',
  'host' => 'oms.qisedu.cn',
  'content-type' => '',
  'content-length' => '',
)
[ info ] [ PARAM ] array (
)
[ info ] [ DB ] INIT mysql
[ info ] [ CACHE ] INIT File
[ info ] [ SESSION ] INIT array (
  'id' => '',
  'var_session_id' => '',
  'prefix' => 'think',
  'type' => '',
  'auto_start' => true,
)
[ info ] [ RUN ] app\admin\controller\Question->index[ /www/wwwroot/qisedu/application/admin/controller/Question.php ]
[ info ] [ VIEW ] /www/wwwroot/qisedu/public/../application/admin/view/Question/index.html [ array (
  0 => 'uid',
  1 => 'userInfo',
) ]
[ info ] [ LOG ] INIT File
[ sql ] [ DB ] CONNECT:[ UseTime:0.000198s ] mysql:host=localhost;dbname=qisedu;charset=utf8
[ sql ] [ SQL ] SHOW COLUMNS FROM `pgt_admin_menu` [ RunTime:0.000655s ]
[ sql ] [ SQL ] SELECT * FROM `pgt_admin_menu` WHERE  `id` <> 135 ORDER BY `sort` ASC [ RunTime:0.000440s ]
[ sql ] [ SQL ] SELECT * FROM `pgt_admin_menu` WHERE  `url` LIKE '%Question/index%' LIMIT 1 [ RunTime:0.000209s ]
[ sql ] [ SQL ] SHOW COLUMNS FROM `pgt_admin_user` [ RunTime:0.000527s ]
[ sql ] [ SQL ] SELECT * FROM `pgt_admin_user` WHERE  `id` = 1 LIMIT 1 [ RunTime:0.000145s ]
[ sql ] [ SQL ] SELECT * FROM `pgt_admin_user` WHERE  `id` = 1 LIMIT 1 [ RunTime:0.000156s ]
[ sql ] [ SQL ] SHOW COLUMNS FROM `pgt_admin_auth_group` [ RunTime:0.000486s ]
[ sql ] [ SQL ] SELECT `name` FROM `pgt_admin_auth_group` WHERE  `id` = 1 LIMIT 1 [ RunTime:0.000106s ]
[ sql ] [ SQL ] SELECT * FROM `pgt_admin_user` WHERE  `id` = 1 LIMIT 1 [ RunTime:0.000157s ]
[ sql ] [ SQL ] SELECT * FROM `pgt_admin_auth_group` WHERE  `id` IN (1) [ RunTime:0.000108s ]
[ sql ] [ SQL ] SHOW COLUMNS FROM `pgt_admin_auth_rule` [ RunTime:0.000450s ]
[ sql ] [ SQL ] SELECT * FROM `pgt_admin_auth_rule` WHERE  `groupId` IN (1)  AND `status` = 1 [ RunTime:0.000217s ]
[ sql ] [ SQL ] SHOW COLUMNS FROM `pgt_admin_user_action` [ RunTime:0.000453s ]
[ sql ] [ SQL ] INSERT INTO `pgt_admin_user_action` (`actionName` , `uid` , `nickname` , `addTime` , `url` , `data`) VALUES ('题目管理' , 1 , 'admin' , 1621223014 , 'Question/index' , '{\"s\":\"\\/question\\/index\"}') [ RunTime:0.001073s ]
---------------------------------------------------------------
[ 2021-05-17T11:43:34+08:00 ] 113.110.235.187 POST oms.qisedu.cn/question/ajaxgetindex
[运行时间：0.030658s] [吞吐率：32.62req/s] [内存消耗：3,200.33kb] [文件加载：71]
[ info ] [ LANG ] /www/wwwroot/qisedu/thinkphp/lang/zh-cn.php
[ info ] [ BIND ] 'admin'
[ info ] [ ROUTE ] array (
  'type' => 'module',
  'module' => 
  array (
    0 => 'admin',
    1 => 'question',
    2 => 'ajaxgetindex',
  ),
)
[ info ] [ HEADER ] array (
  'cookie' => 'RESFWQYZYCD=1; uid=p0DSb1oTuqVimxiOzHDOng%3D%3D; PHPSESSID=s204ssnrrcu8b84d6ne2vf1u5b',
  'accept-language' => 'zh-CN,zh;q=0.9',
  'accept-encoding' => 'gzip, deflate',
  'referer' => 'http://oms.qisedu.cn/question/index',
  'origin' => 'http://oms.qisedu.cn',
  'content-type' => 'application/x-www-form-urlencoded; charset=UTF-8',
  'user-agent' => 'Mozilla/5.0 (Macintosh; Intel Mac OS X 10_15_7) AppleWebKit/537.36 (KHTML, like Gecko) Chrome/90.0.4430.93 Safari/537.36',
  'x-requested-with' => 'XMLHttpRequest',
  'accept' => 'application/json, text/javascript, */*; q=0.01',
  'content-length' => '1341',
  'connection' => 'keep-alive',
  'host' => 'oms.qisedu.cn',
)
[ info ] [ PARAM ] array (
  'draw' => '1',
  'columns' => 
  array (
    0 => 
    array (
      'data' => 'number',
      'name' => '',
      'searchable' => 'true',
      'orderable' => 'false',
      'search' => 
      array (
        'value' => '',
        'regex' => 'false',
      ),
    ),
    1 => 
    array (
      'data' => 'type',
      'name' => '',
      'searchable' => 'true',
      'orderable' => 'false',
      'search' => 
      array (
        'value' => '',
        'regex' => 'false',
      ),
    ),
    2 => 
    array (
      'data' => 'q_type',
      'name' => '',
      'searchable' => 'true',
      'orderable' => 'false',
      'search' => 
      array (
        'value' => '',
        'regex' => 'false',
      ),
    ),
    3 => 
    array (
      'data' => 'title',
      'name' => '',
      'searchable' => 'true',
      'orderable' => 'false',
      'search' => 
      array (
        'value' => '',
        'regex' => 'false',
      ),
    ),
    4 => 
    array (
      'data' => 'create_time',
      'name' => '',
      'searchable' => 'true',
      'orderable' => 'false',
      'search' => 
      array (
        'value' => '',
        'regex' => 'false',
      ),
    ),
    5 => 
    array (
      'data' => '',
      'name' => '',
      'searchable' => 'true',
      'orderable' => 'false',
      'search' => 
      array (
        'value' => '',
        'regex' => 'false',
      ),
    ),
  ),
  'start' => '0',
  'length' => '20',
  'search' => 
  array (
    'value' => '',
    'regex' => 'false',
  ),
)
[ info ] [ DB ] INIT mysql
[ info ] [ CACHE ] INIT File
[ info ] [ SESSION ] INIT array (
  'id' => '',
  'var_session_id' => '',
  'prefix' => 'think',
  'type' => '',
  'auto_start' => true,
)
[ info ] [ RUN ] app\admin\controller\Question->ajaxGetIndex[ /www/wwwroot/qisedu/application/admin/controller/Question.php ]
[ info ] [ LOG ] INIT File
[ sql ] [ DB ] CONNECT:[ UseTime:0.000197s ] mysql:host=localhost;dbname=qisedu;charset=utf8
[ sql ] [ SQL ] SHOW COLUMNS FROM `pgt_admin_menu` [ RunTime:0.000627s ]
[ sql ] [ SQL ] SELECT * FROM `pgt_admin_menu` WHERE  `id` <> 135 ORDER BY `sort` ASC [ RunTime:0.000429s ]
[ sql ] [ SQL ] SELECT * FROM `pgt_admin_menu` WHERE  `url` LIKE '%Question/ajaxgetindex%' LIMIT 1 [ RunTime:0.000204s ]
[ sql ] [ SQL ] SHOW COLUMNS FROM `pgt_admin_user` [ RunTime:0.000513s ]
[ sql ] [ SQL ] SELECT * FROM `pgt_admin_user` WHERE  `id` = 1 LIMIT 1 [ RunTime:0.000140s ]
[ sql ] [ SQL ] SELECT * FROM `pgt_admin_user` WHERE  `id` = 1 LIMIT 1 [ RunTime:0.000152s ]
[ sql ] [ SQL ] SHOW COLUMNS FROM `pgt_admin_auth_group` [ RunTime:0.000463s ]
[ sql ] [ SQL ] SELECT `name` FROM `pgt_admin_auth_group` WHERE  `id` = 1 LIMIT 1 [ RunTime:0.000104s ]
[ sql ] [ SQL ] SELECT * FROM `pgt_admin_user` WHERE  `id` = 1 LIMIT 1 [ RunTime:0.000153s ]
[ sql ] [ SQL ] SELECT * FROM `pgt_admin_auth_group` WHERE  `id` IN (1) [ RunTime:0.000119s ]
[ sql ] [ SQL ] SHOW COLUMNS FROM `pgt_admin_auth_rule` [ RunTime:0.000434s ]
[ sql ] [ SQL ] SELECT * FROM `pgt_admin_auth_rule` WHERE  `groupId` IN (1)  AND `status` = 1 [ RunTime:0.000217s ]
[ sql ] [ SQL ] SHOW COLUMNS FROM `pgt_admin_user_action` [ RunTime:0.000463s ]
[ sql ] [ SQL ] INSERT INTO `pgt_admin_user_action` (`actionName` , `uid` , `nickname` , `addTime` , `url` , `data`) VALUES ('获取题目列表' , 1 , 'admin' , 1621223014 , 'Question/ajaxGetIndex' , '{\"s\":\"\\/question\\/ajaxgetindex\",\"draw\":\"1\",\"columns\":[{\"data\":\"number\",\"name\":\"\",\"searchable\":\"true\",\"orderable\":\"false\",\"search\":{\"value\":\"\",\"regex\":\"false\"}},{\"data\":\"type\",\"name\":\"\",\"searchable\":\"true\",\"orderable\":\"false\",\"search\":{\"value\":\"\",\"regex\":\"false\"}},{\"data\":\"q_type\",\"name\":\"\",\"searchable\":\"true\",\"orderable\":\"false\",\"search\":{\"value\":\"\",\"regex\":\"false\"}},{\"data\":\"title\",\"name\":\"\",\"searchable\":\"true\",\"orderable\":\"false\",\"search\":{\"value\":\"\",\"regex\":\"false\"}},{\"data\":\"create_time\",\"name\":\"\",\"searchable\":\"true\",\"orderable\":\"false\",\"search\":{\"value\":\"\",\"regex\":\"false\"}},{\"data\":\"\",\"name\":\"\",\"searchable\":\"true\",\"orderable\":\"false\",\"search\":{\"value\":\"\",\"regex\":\"false\"}}],\"start\":\"0\",\"length\":\"20\",\"search\":{\"value\":\"\",\"regex\":\"false\"}}') [ RunTime:0.001558s ]
[ sql ] [ SQL ] SHOW COLUMNS FROM `pgt_question` [ RunTime:0.000562s ]
[ sql ] [ SQL ] SELECT COUNT(*) AS tp_count FROM `pgt_question` WHERE  `is_del` = 0 LIMIT 1 [ RunTime:0.000155s ]
[ sql ] [ SQL ] SELECT * FROM `pgt_question` WHERE  `is_del` = 0 ORDER BY `number` DESC LIMIT 0,20 [ RunTime:0.000216s ]
---------------------------------------------------------------
[ 2021-05-17T11:43:35+08:00 ] 113.110.235.187 GET oms.qisedu.cn/banner/index
[运行时间：0.030605s] [吞吐率：32.67req/s] [内存消耗：3,188.73kb] [文件加载：71]
[ info ] [ LANG ] /www/wwwroot/qisedu/thinkphp/lang/zh-cn.php
[ info ] [ BIND ] 'admin'
[ info ] [ ROUTE ] array (
  'type' => 'module',
  'module' => 
  array (
    0 => 'admin',
    1 => 'banner',
    2 => 'index',
  ),
)
[ info ] [ HEADER ] array (
  'cookie' => 'uid=p0DSb1oTuqVimxiOzHDOng%3D%3D; PHPSESSID=s204ssnrrcu8b84d6ne2vf1u5b',
  'accept-language' => 'zh-CN,zh;q=0.9',
  'accept-encoding' => 'gzip, deflate',
  'referer' => 'http://oms.qisedu.cn/index/index',
  'accept' => 'text/html,application/xhtml+xml,application/xml;q=0.9,image/avif,image/webp,image/apng,*/*;q=0.8,application/signed-exchange;v=b3;q=0.9',
  'user-agent' => 'Mozilla/5.0 (Macintosh; Intel Mac OS X 10_15_7) AppleWebKit/537.36 (KHTML, like Gecko) Chrome/90.0.4430.93 Safari/537.36',
  'upgrade-insecure-requests' => '1',
  'connection' => 'keep-alive',
  'host' => 'oms.qisedu.cn',
  'content-type' => '',
  'content-length' => '',
)
[ info ] [ PARAM ] array (
)
[ info ] [ DB ] INIT mysql
[ info ] [ CACHE ] INIT File
[ info ] [ SESSION ] INIT array (
  'id' => '',
  'var_session_id' => '',
  'prefix' => 'think',
  'type' => '',
  'auto_start' => true,
)
[ info ] [ RUN ] app\admin\controller\Banner->index[ /www/wwwroot/qisedu/application/admin/controller/Banner.php ]
[ info ] [ VIEW ] /www/wwwroot/qisedu/public/../application/admin/view/banner/index.html [ array (
  0 => 'uid',
  1 => 'userInfo',
  2 => 'list',
) ]
[ info ] [ LOG ] INIT File
[ sql ] [ DB ] CONNECT:[ UseTime:0.000200s ] mysql:host=localhost;dbname=qisedu;charset=utf8
[ sql ] [ SQL ] SHOW COLUMNS FROM `pgt_admin_menu` [ RunTime:0.000642s ]
[ sql ] [ SQL ] SELECT * FROM `pgt_admin_menu` WHERE  `id` <> 135 ORDER BY `sort` ASC [ RunTime:0.000440s ]
[ sql ] [ SQL ] SELECT * FROM `pgt_admin_menu` WHERE  `url` LIKE '%Banner/index%' LIMIT 1 [ RunTime:0.000179s ]
[ sql ] [ SQL ] SHOW COLUMNS FROM `pgt_admin_user` [ RunTime:0.000515s ]
[ sql ] [ SQL ] SELECT * FROM `pgt_admin_user` WHERE  `id` = 1 LIMIT 1 [ RunTime:0.000142s ]
[ sql ] [ SQL ] SELECT * FROM `pgt_admin_user` WHERE  `id` = 1 LIMIT 1 [ RunTime:0.000155s ]
[ sql ] [ SQL ] SHOW COLUMNS FROM `pgt_admin_auth_group` [ RunTime:0.000449s ]
[ sql ] [ SQL ] SELECT `name` FROM `pgt_admin_auth_group` WHERE  `id` = 1 LIMIT 1 [ RunTime:0.000112s ]
[ sql ] [ SQL ] SELECT * FROM `pgt_admin_user` WHERE  `id` = 1 LIMIT 1 [ RunTime:0.000143s ]
[ sql ] [ SQL ] SELECT * FROM `pgt_admin_auth_group` WHERE  `id` IN (1) [ RunTime:0.000108s ]
[ sql ] [ SQL ] SHOW COLUMNS FROM `pgt_admin_auth_rule` [ RunTime:0.001314s ]
[ sql ] [ SQL ] SELECT * FROM `pgt_admin_auth_rule` WHERE  `groupId` IN (1)  AND `status` = 1 [ RunTime:0.000211s ]
[ sql ] [ SQL ] SHOW COLUMNS FROM `pgt_admin_user_action` [ RunTime:0.000476s ]
[ sql ] [ SQL ] INSERT INTO `pgt_admin_user_action` (`actionName` , `uid` , `nickname` , `addTime` , `url` , `data`) VALUES ('轮播图' , 1 , 'admin' , 1621223015 , 'Banner/index' , '{\"s\":\"\\/banner\\/index\"}') [ RunTime:0.000975s ]
[ sql ] [ SQL ] SHOW COLUMNS FROM `pgt_banner` [ RunTime:0.000458s ]
[ sql ] [ SQL ] SELECT * FROM `pgt_banner` WHERE  `is_del` = 0 ORDER BY `order` DESC,`create_time` DESC [ RunTime:0.000161s ]
---------------------------------------------------------------
[ 2021-05-17T11:43:54+08:00 ] 113.110.235.187 GET oms.qisedu.cn/course/edit?id=5
[运行时间：0.033828s] [吞吐率：29.56req/s] [内存消耗：3,541.13kb] [文件加载：75]
[ info ] [ LANG ] /www/wwwroot/qisedu/thinkphp/lang/zh-cn.php
[ info ] [ BIND ] 'admin'
[ info ] [ ROUTE ] array (
  'type' => 'module',
  'module' => 
  array (
    0 => 'admin',
    1 => 'course',
    2 => 'edit',
  ),
)
[ info ] [ HEADER ] array (
  'cookie' => 'RESFWQYZYCD=1; uid=p0DSb1oTuqVimxiOzHDOng%3D%3D; PHPSESSID=s204ssnrrcu8b84d6ne2vf1u5b',
  'accept-language' => 'zh-CN,zh;q=0.9',
  'accept-encoding' => 'gzip, deflate',
  'referer' => 'http://oms.qisedu.cn/course/index',
  'accept' => 'text/html,application/xhtml+xml,application/xml;q=0.9,image/avif,image/webp,image/apng,*/*;q=0.8,application/signed-exchange;v=b3;q=0.9',
  'user-agent' => 'Mozilla/5.0 (Macintosh; Intel Mac OS X 10_15_7) AppleWebKit/537.36 (KHTML, like Gecko) Chrome/90.0.4430.93 Safari/537.36',
  'upgrade-insecure-requests' => '1',
  'connection' => 'keep-alive',
  'host' => 'oms.qisedu.cn',
  'content-type' => '',
  'content-length' => '',
)
[ info ] [ PARAM ] array (
  'id' => '5',
)
[ info ] [ DB ] INIT mysql
[ info ] [ CACHE ] INIT File
[ info ] [ SESSION ] INIT array (
  'id' => '',
  'var_session_id' => '',
  'prefix' => 'think',
  'type' => '',
  'auto_start' => true,
)
[ info ] [ RUN ] app\admin\controller\Course->edit[ /www/wwwroot/qisedu/application/admin/controller/Course.php ]
[ info ] [ VIEW ] /www/wwwroot/qisedu/public/../application/admin/view/Course/add.html [ array (
  0 => 'uid',
  1 => 'userInfo',
  2 => 'detail',
  3 => 'column',
) ]
[ info ] [ LOG ] INIT File
[ sql ] [ DB ] CONNECT:[ UseTime:0.000191s ] mysql:host=localhost;dbname=qisedu;charset=utf8
[ sql ] [ SQL ] SHOW COLUMNS FROM `pgt_admin_menu` [ RunTime:0.000646s ]
[ sql ] [ SQL ] SELECT * FROM `pgt_admin_menu` WHERE  `id` <> 135 ORDER BY `sort` ASC [ RunTime:0.000437s ]
[ sql ] [ SQL ] SELECT * FROM `pgt_admin_menu` WHERE  `url` LIKE '%Course/edit%' LIMIT 1 [ RunTime:0.000177s ]
[ sql ] [ SQL ] SHOW COLUMNS FROM `pgt_admin_user` [ RunTime:0.000512s ]
[ sql ] [ SQL ] SELECT * FROM `pgt_admin_user` WHERE  `id` = 1 LIMIT 1 [ RunTime:0.000140s ]
[ sql ] [ SQL ] SELECT * FROM `pgt_admin_user` WHERE  `id` = 1 LIMIT 1 [ RunTime:0.000151s ]
[ sql ] [ SQL ] SHOW COLUMNS FROM `pgt_admin_auth_group` [ RunTime:0.000451s ]
[ sql ] [ SQL ] SELECT `name` FROM `pgt_admin_auth_group` WHERE  `id` = 1 LIMIT 1 [ RunTime:0.000111s ]
[ sql ] [ SQL ] SELECT * FROM `pgt_admin_user` WHERE  `id` = 1 LIMIT 1 [ RunTime:0.000153s ]
[ sql ] [ SQL ] SELECT * FROM `pgt_admin_auth_group` WHERE  `id` IN (1) [ RunTime:0.000128s ]
[ sql ] [ SQL ] SHOW COLUMNS FROM `pgt_admin_auth_rule` [ RunTime:0.000434s ]
[ sql ] [ SQL ] SELECT * FROM `pgt_admin_auth_rule` WHERE  `groupId` IN (1)  AND `status` = 1 [ RunTime:0.000213s ]
[ sql ] [ SQL ] SHOW COLUMNS FROM `pgt_admin_user_action` [ RunTime:0.000481s ]
[ sql ] [ SQL ] INSERT INTO `pgt_admin_user_action` (`actionName` , `uid` , `nickname` , `addTime` , `url` , `data`) VALUES ('修改' , 1 , 'admin' , 1621223034 , 'Course/edit' , '{\"s\":\"\\/course\\/edit\",\"id\":\"5\"}') [ RunTime:0.001052s ]
[ sql ] [ SQL ] SHOW COLUMNS FROM `pgt_course` [ RunTime:0.000579s ]
[ sql ] [ SQL ] SELECT * FROM `pgt_course` WHERE  `id` = 5 LIMIT 1 [ RunTime:0.000163s ]
[ sql ] [ SQL ] SHOW COLUMNS FROM `pgt_column` [ RunTime:0.000427s ]
[ sql ] [ SQL ] SELECT * FROM `pgt_column` WHERE  `is_del` = 0 [ RunTime:0.000116s ]
---------------------------------------------------------------
[ 2021-05-17T12:43:45+08:00 ] 47.100.17.47 GET oms.qisedu.cn/
[运行时间：0.020324s] [吞吐率：49.20req/s] [内存消耗：2,989.88kb] [文件加载：56]
[ info ] [ LANG ] /www/wwwroot/qisedu/thinkphp/lang/zh-cn.php
[ info ] [ BIND ] 'admin'
[ info ] [ ROUTE ] array (
  'type' => 'module',
  'module' => 
  array (
    0 => 'admin',
    1 => NULL,
    2 => NULL,
  ),
)
[ info ] [ HEADER ] array (
  'accept-encoding' => 'gzip',
  'connection' => 'Keep-Alive',
  'host' => 'oms.qisedu.cn',
  'user-agent' => 'Mozilla/5.0 chrome(windows nt/Windows NT;)Chrome',
  'content-type' => '',
  'content-length' => '',
)
[ info ] [ PARAM ] array (
)
[ info ] [ DB ] INIT mysql
[ info ] [ LOG ] INIT File
[ sql ] [ DB ] CONNECT:[ UseTime:0.000184s ] mysql:host=localhost;dbname=qisedu;charset=utf8
[ sql ] [ SQL ] SHOW COLUMNS FROM `pgt_admin_menu` [ RunTime:0.000650s ]
[ sql ] [ SQL ] SELECT * FROM `pgt_admin_menu` WHERE  `id` <> 135 ORDER BY `sort` ASC [ RunTime:0.000468s ]
[ sql ] [ SQL ] SELECT * FROM `pgt_admin_menu` WHERE  `url` LIKE '%Index/index%' LIMIT 1 [ RunTime:0.000183s ]
---------------------------------------------------------------
[ 2021-05-17T12:43:46+08:00 ] 47.100.17.47 GET oms.qisedu.cn/Login/index
[运行时间：0.012829s] [吞吐率：77.95req/s] [内存消耗：1,861.80kb] [文件加载：51]
[ info ] [ LANG ] /www/wwwroot/qisedu/thinkphp/lang/zh-cn.php
[ info ] [ BIND ] 'admin'
[ info ] [ ROUTE ] array (
  'type' => 'module',
  'module' => 
  array (
    0 => 'admin',
    1 => 'Login',
    2 => 'index',
  ),
)
[ info ] [ HEADER ] array (
  'accept-encoding' => 'gzip',
  'connection' => 'Keep-Alive',
  'host' => 'oms.qisedu.cn',
  'user-agent' => 'Mozilla/5.0 chrome(windows nt/Windows NT;)Chrome',
  'content-type' => '',
  'content-length' => '',
)
[ info ] [ PARAM ] array (
)
[ info ] [ RUN ] app\admin\controller\Login->index[ /www/wwwroot/qisedu/application/admin/controller/Login.php ]
[ info ] [ VIEW ] /www/wwwroot/qisedu/public/../application/admin/view/Login/index.html [ array (
  0 => 'uid',
) ]
[ info ] [ LOG ] INIT File
---------------------------------------------------------------
[ 2021-05-17T12:56:47+08:00 ] 47.101.47.22 GET oms.qisedu.cn/
[运行时间：0.020941s] [吞吐率：47.75req/s] [内存消耗：2,989.88kb] [文件加载：56]
[ info ] [ LANG ] /www/wwwroot/qisedu/thinkphp/lang/zh-cn.php
[ info ] [ BIND ] 'admin'
[ info ] [ ROUTE ] array (
  'type' => 'module',
  'module' => 
  array (
    0 => 'admin',
    1 => NULL,
    2 => NULL,
  ),
)
[ info ] [ HEADER ] array (
  'accept-encoding' => 'gzip',
  'connection' => 'Keep-Alive',
  'host' => 'oms.qisedu.cn',
  'user-agent' => 'Mozilla/5.0 chrome(windows nt/Windows NT;)Chrome',
  'content-type' => '',
  'content-length' => '',
)
[ info ] [ PARAM ] array (
)
[ info ] [ DB ] INIT mysql
[ info ] [ LOG ] INIT File
[ sql ] [ DB ] CONNECT:[ UseTime:0.000195s ] mysql:host=localhost;dbname=qisedu;charset=utf8
[ sql ] [ SQL ] SHOW COLUMNS FROM `pgt_admin_menu` [ RunTime:0.000629s ]
[ sql ] [ SQL ] SELECT * FROM `pgt_admin_menu` WHERE  `id` <> 135 ORDER BY `sort` ASC [ RunTime:0.000483s ]
[ sql ] [ SQL ] SELECT * FROM `pgt_admin_menu` WHERE  `url` LIKE '%Index/index%' LIMIT 1 [ RunTime:0.000167s ]
---------------------------------------------------------------
[ 2021-05-17T12:56:49+08:00 ] 47.101.47.22 GET oms.qisedu.cn/Login/index
[运行时间：0.012710s] [吞吐率：78.68req/s] [内存消耗：1,861.80kb] [文件加载：51]
[ info ] [ LANG ] /www/wwwroot/qisedu/thinkphp/lang/zh-cn.php
[ info ] [ BIND ] 'admin'
[ info ] [ ROUTE ] array (
  'type' => 'module',
  'module' => 
  array (
    0 => 'admin',
    1 => 'Login',
    2 => 'index',
  ),
)
[ info ] [ HEADER ] array (
  'accept-encoding' => 'gzip',
  'connection' => 'Keep-Alive',
  'host' => 'oms.qisedu.cn',
  'user-agent' => 'Mozilla/5.0 chrome(windows nt/Windows NT;)Chrome',
  'content-type' => '',
  'content-length' => '',
)
[ info ] [ PARAM ] array (
)
[ info ] [ RUN ] app\admin\controller\Login->index[ /www/wwwroot/qisedu/application/admin/controller/Login.php ]
[ info ] [ VIEW ] /www/wwwroot/qisedu/public/../application/admin/view/Login/index.html [ array (
  0 => 'uid',
) ]
[ info ] [ LOG ] INIT File
