---------------------------------------------------------------
[ 2021-05-19T10:12:47+08:00 ] 113.110.235.161 GET oms.qisedu.cn/
[运行时间：0.061592s] [吞吐率：16.24req/s] [内存消耗：2,991.30kb] [文件加载：56]
[ info ] [ LANG ] /www/wwwroot/qisedu/thinkphp/lang/zh-cn.php
[ info ] [ BIND ] 'admin'
[ info ] [ ROUTE ] array (
  'type' => 'module',
  'module' => 
  array (
    0 => 'admin',
    1 => NULL,
    2 => NULL,
  ),
)
[ info ] [ HEADER ] array (
  'accept-language' => 'zh-CN,zh;q=0.9,en;q=0.8,en-GB;q=0.7,en-US;q=0.6',
  'accept-encoding' => 'gzip, deflate',
  'accept' => 'text/html,application/xhtml+xml,application/xml;q=0.9,image/webp,image/apng,*/*;q=0.8,application/signed-exchange;v=b3;q=0.9',
  'user-agent' => 'Mozilla/5.0 (Linux; Android 6.0; Nexus 5 Build/MRA58N) AppleWebKit/537.36 (KHTML, like Gecko) Chrome/90.0.4430.212 Mobile Safari/537.36 Edg/90.0.818.62',
  'upgrade-insecure-requests' => '1',
  'connection' => 'keep-alive',
  'host' => 'oms.qisedu.cn',
  'content-type' => '',
  'content-length' => '',
)
[ info ] [ PARAM ] array (
)
[ info ] [ DB ] INIT mysql
[ info ] [ LOG ] INIT File
[ sql ] [ DB ] CONNECT:[ UseTime:0.000167s ] mysql:host=localhost;dbname=qisedu;charset=utf8
[ sql ] [ SQL ] SHOW COLUMNS FROM `pgt_admin_menu` [ RunTime:0.000615s ]
[ sql ] [ SQL ] SELECT * FROM `pgt_admin_menu` WHERE  `id` <> 135 ORDER BY `sort` ASC [ RunTime:0.000446s ]
[ sql ] [ SQL ] SELECT * FROM `pgt_admin_menu` WHERE  `url` LIKE '%Index/index%' LIMIT 1 [ RunTime:0.000174s ]
---------------------------------------------------------------
[ 2021-05-19T10:12:47+08:00 ] 113.110.235.161 GET oms.qisedu.cn/Login/index
[运行时间：0.017218s] [吞吐率：58.08req/s] [内存消耗：1,864.77kb] [文件加载：51]
[ info ] [ LANG ] /www/wwwroot/qisedu/thinkphp/lang/zh-cn.php
[ info ] [ BIND ] 'admin'
[ info ] [ ROUTE ] array (
  'type' => 'module',
  'module' => 
  array (
    0 => 'admin',
    1 => 'Login',
    2 => 'index',
  ),
)
[ info ] [ HEADER ] array (
  'accept-language' => 'zh-CN,zh;q=0.9,en;q=0.8,en-GB;q=0.7,en-US;q=0.6',
  'accept-encoding' => 'gzip, deflate',
  'referer' => 'http://oms.qisedu.cn/',
  'accept' => 'text/html,application/xhtml+xml,application/xml;q=0.9,image/webp,image/apng,*/*;q=0.8,application/signed-exchange;v=b3;q=0.9',
  'user-agent' => 'Mozilla/5.0 (Linux; Android 6.0; Nexus 5 Build/MRA58N) AppleWebKit/537.36 (KHTML, like Gecko) Chrome/90.0.4430.212 Mobile Safari/537.36 Edg/90.0.818.62',
  'upgrade-insecure-requests' => '1',
  'connection' => 'keep-alive',
  'host' => 'oms.qisedu.cn',
  'content-type' => '',
  'content-length' => '',
)
[ info ] [ PARAM ] array (
)
[ info ] [ RUN ] app\admin\controller\Login->index[ /www/wwwroot/qisedu/application/admin/controller/Login.php ]
[ info ] [ VIEW ] /www/wwwroot/qisedu/public/../application/admin/view/Login/index.html [ array (
  0 => 'uid',
) ]
[ info ] [ LOG ] INIT File
---------------------------------------------------------------
[ 2021-05-19T10:12:47+08:00 ] 113.110.235.161 GET oms.qisedu.cn/Verification/gt?t=1621390367882
[运行时间：0.013266s] [吞吐率：75.38req/s] [内存消耗：1,781.33kb] [文件加载：48]
[ info ] [ LANG ] /www/wwwroot/qisedu/thinkphp/lang/zh-cn.php
[ info ] [ BIND ] 'admin'
[ info ] [ ROUTE ] array (
  'type' => 'module',
  'module' => 
  array (
    0 => 'admin',
    1 => 'Verification',
    2 => 'gt',
  ),
)
[ info ] [ HEADER ] array (
  'accept-language' => 'zh-CN,zh;q=0.9,en;q=0.8,en-GB;q=0.7,en-US;q=0.6',
  'accept-encoding' => 'gzip, deflate',
  'referer' => 'http://oms.qisedu.cn/Login/index',
  'x-requested-with' => 'XMLHttpRequest',
  'user-agent' => 'Mozilla/5.0 (Linux; Android 6.0; Nexus 5 Build/MRA58N) AppleWebKit/537.36 (KHTML, like Gecko) Chrome/90.0.4430.212 Mobile Safari/537.36 Edg/90.0.818.62',
  'accept' => 'application/json, text/javascript, */*; q=0.01',
  'connection' => 'keep-alive',
  'host' => 'oms.qisedu.cn',
  'content-type' => '',
  'content-length' => '',
)
[ info ] [ PARAM ] array (
  't' => '1621390367882',
)
[ info ] [ RUN ] app\admin\controller\Verification->gt[ /www/wwwroot/qisedu/application/admin/controller/Verification.php ]
[ info ] [ LOG ] INIT File
---------------------------------------------------------------
[ 2021-05-19T10:12:48+08:00 ] 113.110.235.161 GET oms.qisedu.cn/favicon.ico
[运行时间：0.013121s] [吞吐率：76.21req/s] [内存消耗：1,553.19kb] [文件加载：41]
[ info ] [ LANG ] /www/wwwroot/qisedu/thinkphp/lang/zh-cn.php
[ info ] [ BIND ] 'admin'
[ info ] [ ROUTE ] array (
  'type' => 'module',
  'module' => 
  array (
    0 => 'admin',
    1 => 'favicon',
    2 => NULL,
  ),
)
[ info ] [ HEADER ] array (
  'accept-language' => 'zh-CN,zh;q=0.9,en;q=0.8,en-GB;q=0.7,en-US;q=0.6',
  'accept-encoding' => 'gzip, deflate',
  'referer' => 'http://oms.qisedu.cn/Login/index',
  'accept' => 'image/webp,image/apng,image/svg+xml,image/*,*/*;q=0.8',
  'user-agent' => 'Mozilla/5.0 (Linux; Android 6.0; Nexus 5 Build/MRA58N) AppleWebKit/537.36 (KHTML, like Gecko) Chrome/90.0.4430.212 Mobile Safari/537.36 Edg/90.0.818.62',
  'connection' => 'keep-alive',
  'host' => 'oms.qisedu.cn',
  'content-type' => '',
  'content-length' => '',
)
[ info ] [ PARAM ] array (
)
[ info ] [ LOG ] INIT File
---------------------------------------------------------------
[ 2021-05-19T10:12:56+08:00 ] 113.110.235.161 POST oms.qisedu.cn/login/login
[运行时间：0.025867s] [吞吐率：38.66req/s] [内存消耗：2,970.02kb] [文件加载：63]
[ info ] [ LANG ] /www/wwwroot/qisedu/thinkphp/lang/zh-cn.php
[ info ] [ BIND ] 'admin'
[ info ] [ ROUTE ] array (
  'type' => 'module',
  'module' => 
  array (
    0 => 'admin',
    1 => 'login',
    2 => 'login',
  ),
)
[ info ] [ HEADER ] array (
  'accept-language' => 'zh-CN,zh;q=0.9,en;q=0.8,en-GB;q=0.7,en-US;q=0.6',
  'accept-encoding' => 'gzip, deflate',
  'referer' => 'http://oms.qisedu.cn/Login/index',
  'origin' => 'http://oms.qisedu.cn',
  'content-type' => 'application/x-www-form-urlencoded; charset=UTF-8',
  'user-agent' => 'Mozilla/5.0 (Windows NT 10.0; Win64; x64) AppleWebKit/537.36 (KHTML, like Gecko) Chrome/90.0.4430.212 Safari/537.36 Edg/90.0.818.62',
  'x-requested-with' => 'XMLHttpRequest',
  'accept' => '*/*',
  'content-length' => '191',
  'connection' => 'keep-alive',
  'host' => 'oms.qisedu.cn',
)
[ info ] [ PARAM ] array (
  'username' => 'admin',
  'password' => '123456',
  'geetest_challenge' => '26657d5ff9020d2abefe558796b99584e4',
  'geetest_validate' => '81b2d2416089dc5c5f82ea6f89d8ed02',
  'geetest_seccode' => '81b2d2416089dc5c5f82ea6f89d8ed02|jordan',
)
[ info ] [ RUN ] app\admin\controller\Login->login[ /www/wwwroot/qisedu/application/admin/controller/Login.php ]
[ info ] [ DB ] INIT mysql
[ info ] [ CACHE ] INIT File
[ info ] [ LOG ] INIT File
[ sql ] [ DB ] CONNECT:[ UseTime:0.000170s ] mysql:host=localhost;dbname=qisedu;charset=utf8
[ sql ] [ SQL ] SHOW COLUMNS FROM `pgt_admin_user` [ RunTime:0.000634s ]
[ sql ] [ SQL ] SELECT * FROM `pgt_admin_user` WHERE  `username` = 'admin'  AND `password` = '912601e4ad1b308c9ae41877cf6ca754' LIMIT 1 [ RunTime:0.000205s ]
[ sql ] [ SQL ] UPDATE `pgt_admin_user`  SET `login_count`=747,`last_ip`='113.110.235.161',`last_login`=1621390376  WHERE  `id` = 1 [ RunTime:0.001244s ]
---------------------------------------------------------------
[ 2021-05-19T10:12:58+08:00 ] 113.110.235.161 GET oms.qisedu.cn/index/index
[运行时间：0.033352s] [吞吐率：29.98req/s] [内存消耗：3,200.55kb] [文件加载：70]
[ info ] [ LANG ] /www/wwwroot/qisedu/thinkphp/lang/zh-cn.php
[ info ] [ BIND ] 'admin'
[ info ] [ ROUTE ] array (
  'type' => 'module',
  'module' => 
  array (
    0 => 'admin',
    1 => 'index',
    2 => 'index',
  ),
)
[ info ] [ HEADER ] array (
  'cookie' => 'uid=p0DSb1oTuqVimxiOzHDOng%3D%3D',
  'accept-language' => 'zh-CN,zh;q=0.9,en;q=0.8,en-GB;q=0.7,en-US;q=0.6',
  'accept-encoding' => 'gzip, deflate',
  'referer' => 'http://oms.qisedu.cn/Login/index',
  'accept' => 'text/html,application/xhtml+xml,application/xml;q=0.9,image/webp,image/apng,*/*;q=0.8,application/signed-exchange;v=b3;q=0.9',
  'user-agent' => 'Mozilla/5.0 (Windows NT 10.0; Win64; x64) AppleWebKit/537.36 (KHTML, like Gecko) Chrome/90.0.4430.212 Safari/537.36 Edg/90.0.818.62',
  'upgrade-insecure-requests' => '1',
  'connection' => 'keep-alive',
  'host' => 'oms.qisedu.cn',
  'content-type' => '',
  'content-length' => '',
)
[ info ] [ PARAM ] array (
)
[ info ] [ DB ] INIT mysql
[ info ] [ CACHE ] INIT File
[ info ] [ SESSION ] INIT array (
  'id' => '',
  'var_session_id' => '',
  'prefix' => 'think',
  'type' => '',
  'auto_start' => true,
)
[ info ] [ RUN ] app\admin\controller\Index->index[ /www/wwwroot/qisedu/application/admin/controller/Index.php ]
[ info ] [ VIEW ] /www/wwwroot/qisedu/public/../application/admin/view/Index/index.html [ array (
  0 => 'uid',
  1 => 'userInfo',
  2 => 'list',
  3 => 'auth_name',
  4 => 'username',
  5 => 'nickname',
) ]
[ info ] [ LOG ] INIT File
[ sql ] [ DB ] CONNECT:[ UseTime:0.000182s ] mysql:host=localhost;dbname=qisedu;charset=utf8
[ sql ] [ SQL ] SHOW COLUMNS FROM `pgt_admin_menu` [ RunTime:0.000614s ]
[ sql ] [ SQL ] SELECT * FROM `pgt_admin_menu` WHERE  `id` <> 135 ORDER BY `sort` ASC [ RunTime:0.000431s ]
[ sql ] [ SQL ] SELECT * FROM `pgt_admin_menu` WHERE  `url` LIKE '%Index/index%' LIMIT 1 [ RunTime:0.000159s ]
[ sql ] [ SQL ] SHOW COLUMNS FROM `pgt_admin_user` [ RunTime:0.000513s ]
[ sql ] [ SQL ] SELECT * FROM `pgt_admin_user` WHERE  `id` = 1 LIMIT 1 [ RunTime:0.000142s ]
[ sql ] [ SQL ] SELECT * FROM `pgt_admin_user` WHERE  `id` = 1 LIMIT 1 [ RunTime:0.000169s ]
[ sql ] [ SQL ] SHOW COLUMNS FROM `pgt_admin_auth_group` [ RunTime:0.000441s ]
[ sql ] [ SQL ] SELECT `name` FROM `pgt_admin_auth_group` WHERE  `id` = 1 LIMIT 1 [ RunTime:0.000104s ]
[ sql ] [ SQL ] SELECT * FROM `pgt_admin_user` WHERE  `id` = 1 LIMIT 1 [ RunTime:0.000148s ]
[ sql ] [ SQL ] SELECT * FROM `pgt_admin_auth_group` WHERE  `id` IN (1) [ RunTime:0.000113s ]
[ sql ] [ SQL ] SHOW COLUMNS FROM `pgt_admin_auth_rule` [ RunTime:0.000466s ]
[ sql ] [ SQL ] SELECT * FROM `pgt_admin_auth_rule` WHERE  `groupId` IN (1)  AND `status` = 1 [ RunTime:0.000220s ]
[ sql ] [ SQL ] SHOW COLUMNS FROM `pgt_admin_user_action` [ RunTime:0.000463s ]
[ sql ] [ SQL ] INSERT INTO `pgt_admin_user_action` (`actionName` , `uid` , `nickname` , `addTime` , `url` , `data`) VALUES ('首页' , 1 , 'admin' , 1621390378 , 'Index/index' , '{\"s\":\"\\/index\\/index\"}') [ RunTime:0.001299s ]
---------------------------------------------------------------
[ 2021-05-19T10:12:59+08:00 ] 113.110.235.161 GET oms.qisedu.cn/index/welcome
[运行时间：0.026986s] [吞吐率：37.06req/s] [内存消耗：3,187.95kb] [文件加载：65]
[ info ] [ LANG ] /www/wwwroot/qisedu/thinkphp/lang/zh-cn.php
[ info ] [ BIND ] 'admin'
[ info ] [ ROUTE ] array (
  'type' => 'module',
  'module' => 
  array (
    0 => 'admin',
    1 => 'index',
    2 => 'welcome',
  ),
)
[ info ] [ HEADER ] array (
  'cookie' => 'uid=p0DSb1oTuqVimxiOzHDOng%3D%3D; PHPSESSID=p7nnksr91tq088at60oci9p3p8',
  'accept-language' => 'zh-CN,zh;q=0.9,en;q=0.8,en-GB;q=0.7,en-US;q=0.6',
  'accept-encoding' => 'gzip, deflate',
  'referer' => 'http://oms.qisedu.cn/index/index',
  'accept' => 'text/html,application/xhtml+xml,application/xml;q=0.9,image/webp,image/apng,*/*;q=0.8,application/signed-exchange;v=b3;q=0.9',
  'user-agent' => 'Mozilla/5.0 (Windows NT 10.0; Win64; x64) AppleWebKit/537.36 (KHTML, like Gecko) Chrome/90.0.4430.212 Safari/537.36 Edg/90.0.818.62',
  'upgrade-insecure-requests' => '1',
  'connection' => 'keep-alive',
  'host' => 'oms.qisedu.cn',
  'content-type' => '',
  'content-length' => '',
)
[ info ] [ PARAM ] array (
)
[ info ] [ DB ] INIT mysql
[ info ] [ CACHE ] INIT File
[ info ] [ SESSION ] INIT array (
  'id' => '',
  'var_session_id' => '',
  'prefix' => 'think',
  'type' => '',
  'auto_start' => true,
)
[ info ] [ RUN ] app\admin\controller\Index->welcome[ /www/wwwroot/qisedu/application/admin/controller/Index.php ]
[ info ] [ LOG ] INIT File
[ sql ] [ DB ] CONNECT:[ UseTime:0.000141s ] mysql:host=localhost;dbname=qisedu;charset=utf8
[ sql ] [ SQL ] SHOW COLUMNS FROM `pgt_admin_menu` [ RunTime:0.000501s ]
[ sql ] [ SQL ] SELECT * FROM `pgt_admin_menu` WHERE  `id` <> 135 ORDER BY `sort` ASC [ RunTime:0.000410s ]
[ sql ] [ SQL ] SELECT * FROM `pgt_admin_menu` WHERE  `url` LIKE '%Index/welcome%' LIMIT 1 [ RunTime:0.000147s ]
[ sql ] [ SQL ] SHOW COLUMNS FROM `pgt_admin_user` [ RunTime:0.000467s ]
[ sql ] [ SQL ] SELECT * FROM `pgt_admin_user` WHERE  `id` = 1 LIMIT 1 [ RunTime:0.000172s ]
[ sql ] [ SQL ] SELECT * FROM `pgt_admin_user` WHERE  `id` = 1 LIMIT 1 [ RunTime:0.000147s ]
[ sql ] [ SQL ] SHOW COLUMNS FROM `pgt_admin_auth_group` [ RunTime:0.000441s ]
[ sql ] [ SQL ] SELECT `name` FROM `pgt_admin_auth_group` WHERE  `id` = 1 LIMIT 1 [ RunTime:0.000101s ]
[ sql ] [ SQL ] SELECT * FROM `pgt_admin_user` WHERE  `id` = 1 LIMIT 1 [ RunTime:0.000145s ]
[ sql ] [ SQL ] SELECT * FROM `pgt_admin_auth_group` WHERE  `id` IN (1) [ RunTime:0.000105s ]
[ sql ] [ SQL ] SHOW COLUMNS FROM `pgt_admin_auth_rule` [ RunTime:0.000448s ]
[ sql ] [ SQL ] SELECT * FROM `pgt_admin_auth_rule` WHERE  `groupId` IN (1)  AND `status` = 1 [ RunTime:0.000207s ]
[ sql ] [ SQL ] SHOW COLUMNS FROM `pgt_admin_user_action` [ RunTime:0.000464s ]
[ sql ] [ SQL ] INSERT INTO `pgt_admin_user_action` (`actionName` , `uid` , `nickname` , `addTime` , `url` , `data`) VALUES ('欢迎页' , 1 , 'admin' , 1621390379 , 'Index/welcome' , '{\"s\":\"\\/index\\/welcome\"}') [ RunTime:0.001196s ]
