---------------------------------------------------------------
[ 2020-06-11T00:34:08+08:00 ] 59.12.134.224 GET 39.101.182.111:81/
[运行时间：0.018644s] [吞吐率：53.64req/s] [内存消耗：2,891.02kb] [文件加载：56]
[ info ] [ LANG ] /www/wwwroot/yundong/thinkphp/lang/zh-cn.php
[ info ] [ BIND ] 'admin'
[ info ] [ ROUTE ] array (
  'type' => 'module',
  'module' => 
  array (
    0 => 'admin',
    1 => NULL,
    2 => NULL,
  ),
)
[ info ] [ HEADER ] array (
  'content-length' => '0',
  'user-agent' => 'Mozilla/5.0 (Windows NT 10.0; WOW64) AppleWebKit/537.36 (KHTML, like Gecko) Chrome/52.0.2743.116 Safari/537.36',
  'host' => '39.101.182.111:81',
  'content-type' => '',
)
[ info ] [ PARAM ] array (
)
[ info ] [ DB ] INIT mysql
[ info ] [ LOG ] INIT File
[ sql ] [ DB ] CONNECT:[ UseTime:0.000181s ] mysql:host=localhost;dbname=yundong;charset=utf8
[ sql ] [ SQL ] SHOW COLUMNS FROM `ys_admin_menu` [ RunTime:0.000576s ]
[ sql ] [ SQL ] SELECT * FROM `ys_admin_menu` WHERE  `id` <> 135 ORDER BY `sort` ASC [ RunTime:0.000295s ]
[ sql ] [ SQL ] SELECT * FROM `ys_admin_menu` WHERE  `url` LIKE '%Index/index%' LIMIT 1 [ RunTime:0.000176s ]
---------------------------------------------------------------
[ 2020-06-11T00:43:39+08:00 ] 192.35.168.195 GET 39.101.182.111:81/
[运行时间：0.018516s] [吞吐率：54.01req/s] [内存消耗：2,890.41kb] [文件加载：56]
[ info ] [ LANG ] /www/wwwroot/yundong/thinkphp/lang/zh-cn.php
[ info ] [ BIND ] 'admin'
[ info ] [ ROUTE ] array (
  'type' => 'module',
  'module' => 
  array (
    0 => 'admin',
    1 => NULL,
    2 => NULL,
  ),
)
[ info ] [ HEADER ] array (
  'host' => '39.101.182.111:81',
  'content-type' => '',
  'content-length' => '',
)
[ info ] [ PARAM ] array (
)
[ info ] [ DB ] INIT mysql
[ info ] [ LOG ] INIT File
[ sql ] [ DB ] CONNECT:[ UseTime:0.000168s ] mysql:host=localhost;dbname=yundong;charset=utf8
[ sql ] [ SQL ] SHOW COLUMNS FROM `ys_admin_menu` [ RunTime:0.000585s ]
[ sql ] [ SQL ] SELECT * FROM `ys_admin_menu` WHERE  `id` <> 135 ORDER BY `sort` ASC [ RunTime:0.000293s ]
[ sql ] [ SQL ] SELECT * FROM `ys_admin_menu` WHERE  `url` LIKE '%Index/index%' LIMIT 1 [ RunTime:0.000184s ]
---------------------------------------------------------------
[ 2020-06-11T00:43:39+08:00 ] 192.35.168.195 GET 39.101.182.111:81/
[运行时间：0.018400s] [吞吐率：54.35req/s] [内存消耗：2,890.90kb] [文件加载：56]
[ info ] [ LANG ] /www/wwwroot/yundong/thinkphp/lang/zh-cn.php
[ info ] [ BIND ] 'admin'
[ info ] [ ROUTE ] array (
  'type' => 'module',
  'module' => 
  array (
    0 => 'admin',
    1 => NULL,
    2 => NULL,
  ),
)
[ info ] [ HEADER ] array (
  'accept-encoding' => 'gzip',
  'accept' => '*/*',
  'user-agent' => 'Mozilla/5.0 zgrab/0.x',
  'host' => '39.101.182.111:81',
  'content-type' => '',
  'content-length' => '',
)
[ info ] [ PARAM ] array (
)
[ info ] [ DB ] INIT mysql
[ info ] [ LOG ] INIT File
[ sql ] [ DB ] CONNECT:[ UseTime:0.000164s ] mysql:host=localhost;dbname=yundong;charset=utf8
[ sql ] [ SQL ] SHOW COLUMNS FROM `ys_admin_menu` [ RunTime:0.000574s ]
[ sql ] [ SQL ] SELECT * FROM `ys_admin_menu` WHERE  `id` <> 135 ORDER BY `sort` ASC [ RunTime:0.000286s ]
[ sql ] [ SQL ] SELECT * FROM `ys_admin_menu` WHERE  `url` LIKE '%Index/index%' LIMIT 1 [ RunTime:0.000168s ]
---------------------------------------------------------------
[ 2020-06-11T04:05:59+08:00 ] 115.73.72.215 GET 39.101.182.111:81/
[运行时间：0.018612s] [吞吐率：53.73req/s] [内存消耗：2,891.02kb] [文件加载：56]
[ info ] [ LANG ] /www/wwwroot/yundong/thinkphp/lang/zh-cn.php
[ info ] [ BIND ] 'admin'
[ info ] [ ROUTE ] array (
  'type' => 'module',
  'module' => 
  array (
    0 => 'admin',
    1 => NULL,
    2 => NULL,
  ),
)
[ info ] [ HEADER ] array (
  'content-length' => '0',
  'user-agent' => 'Mozilla/5.0 (Windows NT 6.1; WOW64) AppleWebKit/537.36 (KHTML, like Gecko) Chrome/51.0.2704.103 Safari/537.36',
  'host' => '39.101.182.111:81',
  'content-type' => '',
)
[ info ] [ PARAM ] array (
)
[ info ] [ DB ] INIT mysql
[ info ] [ LOG ] INIT File
[ sql ] [ DB ] CONNECT:[ UseTime:0.000167s ] mysql:host=localhost;dbname=yundong;charset=utf8
[ sql ] [ SQL ] SHOW COLUMNS FROM `ys_admin_menu` [ RunTime:0.000593s ]
[ sql ] [ SQL ] SELECT * FROM `ys_admin_menu` WHERE  `id` <> 135 ORDER BY `sort` ASC [ RunTime:0.000293s ]
[ sql ] [ SQL ] SELECT * FROM `ys_admin_menu` WHERE  `url` LIKE '%Index/index%' LIMIT 1 [ RunTime:0.000173s ]
---------------------------------------------------------------
[ 2020-06-11T05:42:23+08:00 ] 172.105.89.161 GET /
[运行时间：0.018703s] [吞吐率：53.47req/s] [内存消耗：2,890.30kb] [文件加载：56]
[ info ] [ LANG ] /www/wwwroot/yundong/thinkphp/lang/zh-cn.php
[ info ] [ BIND ] 'admin'
[ info ] [ ROUTE ] array (
  'type' => 'module',
  'module' => 
  array (
    0 => 'admin',
    1 => NULL,
    2 => NULL,
  ),
)
[ info ] [ HEADER ] array (
  'content-type' => '',
  'content-length' => '',
)
[ info ] [ PARAM ] array (
)
[ info ] [ DB ] INIT mysql
[ info ] [ LOG ] INIT File
[ sql ] [ DB ] CONNECT:[ UseTime:0.000168s ] mysql:host=localhost;dbname=yundong;charset=utf8
[ sql ] [ SQL ] SHOW COLUMNS FROM `ys_admin_menu` [ RunTime:0.000604s ]
[ sql ] [ SQL ] SELECT * FROM `ys_admin_menu` WHERE  `id` <> 135 ORDER BY `sort` ASC [ RunTime:0.000282s ]
[ sql ] [ SQL ] SELECT * FROM `ys_admin_menu` WHERE  `url` LIKE '%Index/index%' LIMIT 1 [ RunTime:0.000172s ]
---------------------------------------------------------------
[ 2020-06-11T05:47:15+08:00 ] 139.162.66.65 GET 39.101.182.111:81/
[运行时间：0.018456s] [吞吐率：54.18req/s] [内存消耗：2,890.91kb] [文件加载：56]
[ info ] [ LANG ] /www/wwwroot/yundong/thinkphp/lang/zh-cn.php
[ info ] [ BIND ] 'admin'
[ info ] [ ROUTE ] array (
  'type' => 'module',
  'module' => 
  array (
    0 => 'admin',
    1 => NULL,
    2 => NULL,
  ),
)
[ info ] [ HEADER ] array (
  'connection' => 'close',
  'accept-encoding' => 'gzip',
  'user-agent' => 'Mozilla/5.0',
  'host' => '39.101.182.111:81',
  'content-type' => '',
  'content-length' => '',
)
[ info ] [ PARAM ] array (
)
[ info ] [ DB ] INIT mysql
[ info ] [ LOG ] INIT File
[ sql ] [ DB ] CONNECT:[ UseTime:0.000166s ] mysql:host=localhost;dbname=yundong;charset=utf8
[ sql ] [ SQL ] SHOW COLUMNS FROM `ys_admin_menu` [ RunTime:0.000579s ]
[ sql ] [ SQL ] SELECT * FROM `ys_admin_menu` WHERE  `id` <> 135 ORDER BY `sort` ASC [ RunTime:0.000293s ]
[ sql ] [ SQL ] SELECT * FROM `ys_admin_menu` WHERE  `url` LIKE '%Index/index%' LIMIT 1 [ RunTime:0.000176s ]
---------------------------------------------------------------
[ 2020-06-11T08:34:16+08:00 ] 183.136.225.44 GET 39.101.182.111:81/
[运行时间：0.018969s] [吞吐率：52.72req/s] [内存消耗：2,891.05kb] [文件加载：56]
[ info ] [ LANG ] /www/wwwroot/yundong/thinkphp/lang/zh-cn.php
[ info ] [ BIND ] 'admin'
[ info ] [ ROUTE ] array (
  'type' => 'module',
  'module' => 
  array (
    0 => 'admin',
    1 => NULL,
    2 => NULL,
  ),
)
[ info ] [ HEADER ] array (
  'connection' => 'keep-alive',
  'accept' => '*/*',
  'user-agent' => 'Mozilla/5.0 (Macintosh; Intel Mac OS X 10.11; rv:47.0) Gecko/20100101 Firefox/47.0',
  'host' => '39.101.182.111:81',
  'content-type' => '',
  'content-length' => '',
)
[ info ] [ PARAM ] array (
)
[ info ] [ DB ] INIT mysql
[ info ] [ LOG ] INIT File
[ sql ] [ DB ] CONNECT:[ UseTime:0.000174s ] mysql:host=localhost;dbname=yundong;charset=utf8
[ sql ] [ SQL ] SHOW COLUMNS FROM `ys_admin_menu` [ RunTime:0.000593s ]
[ sql ] [ SQL ] SELECT * FROM `ys_admin_menu` WHERE  `id` <> 135 ORDER BY `sort` ASC [ RunTime:0.000312s ]
[ sql ] [ SQL ] SELECT * FROM `ys_admin_menu` WHERE  `url` LIKE '%Index/index%' LIMIT 1 [ RunTime:0.000173s ]
---------------------------------------------------------------
[ 2020-06-11T09:03:20+08:00 ] 92.19.213.191 GET 39.101.182.111:81/
[运行时间：0.018682s] [吞吐率：53.53req/s] [内存消耗：2,891.02kb] [文件加载：56]
[ info ] [ LANG ] /www/wwwroot/yundong/thinkphp/lang/zh-cn.php
[ info ] [ BIND ] 'admin'
[ info ] [ ROUTE ] array (
  'type' => 'module',
  'module' => 
  array (
    0 => 'admin',
    1 => NULL,
    2 => NULL,
  ),
)
[ info ] [ HEADER ] array (
  'content-length' => '0',
  'user-agent' => 'Mozilla/5.0 (Windows NT 10.0; WOW64) AppleWebKit/537.36 (KHTML, like Gecko) Chrome/52.0.2743.116 Safari/537.36',
  'host' => '39.101.182.111:81',
  'content-type' => '',
)
[ info ] [ PARAM ] array (
)
[ info ] [ DB ] INIT mysql
[ info ] [ LOG ] INIT File
[ sql ] [ DB ] CONNECT:[ UseTime:0.000173s ] mysql:host=localhost;dbname=yundong;charset=utf8
[ sql ] [ SQL ] SHOW COLUMNS FROM `ys_admin_menu` [ RunTime:0.000591s ]
[ sql ] [ SQL ] SELECT * FROM `ys_admin_menu` WHERE  `id` <> 135 ORDER BY `sort` ASC [ RunTime:0.000413s ]
[ sql ] [ SQL ] SELECT * FROM `ys_admin_menu` WHERE  `url` LIKE '%Index/index%' LIMIT 1 [ RunTime:0.000169s ]
---------------------------------------------------------------
[ 2020-06-11T14:02:34+08:00 ] 42.240.133.39 GET 39.101.182.111:81/
[运行时间：0.018944s] [吞吐率：52.79req/s] [内存消耗：2,890.54kb] [文件加载：56]
[ info ] [ LANG ] /www/wwwroot/yundong/thinkphp/lang/zh-cn.php
[ info ] [ BIND ] 'admin'
[ info ] [ ROUTE ] array (
  'type' => 'module',
  'module' => 
  array (
    0 => 'admin',
    1 => NULL,
    2 => NULL,
  ),
)
[ info ] [ HEADER ] array (
  'accept' => '*/*',
  'host' => '39.101.182.111:81',
  'content-type' => '',
  'content-length' => '',
)
[ info ] [ PARAM ] array (
)
[ info ] [ DB ] INIT mysql
[ info ] [ LOG ] INIT File
[ sql ] [ DB ] CONNECT:[ UseTime:0.000181s ] mysql:host=localhost;dbname=yundong;charset=utf8
[ sql ] [ SQL ] SHOW COLUMNS FROM `ys_admin_menu` [ RunTime:0.000588s ]
[ sql ] [ SQL ] SELECT * FROM `ys_admin_menu` WHERE  `id` <> 135 ORDER BY `sort` ASC [ RunTime:0.000289s ]
[ sql ] [ SQL ] SELECT * FROM `ys_admin_menu` WHERE  `url` LIKE '%Index/index%' LIMIT 1 [ RunTime:0.000174s ]
---------------------------------------------------------------
[ 2020-06-11T14:02:34+08:00 ] 106.75.177.238 GET 39.101.182.111:81/
[运行时间：0.018502s] [吞吐率：54.05req/s] [内存消耗：2,891.76kb] [文件加载：56]
[ info ] [ LANG ] /www/wwwroot/yundong/thinkphp/lang/zh-cn.php
[ info ] [ BIND ] 'admin'
[ info ] [ ROUTE ] array (
  'type' => 'module',
  'module' => 
  array (
    0 => 'admin',
    1 => NULL,
    2 => NULL,
  ),
)
[ info ] [ HEADER ] array (
  'connection' => 'close',
  'accept-language' => 'zh-CN,zh;q=0.8',
  'accept-charset' => 'GBK,utf-8;q=0.7,*;q=0.3',
  'accept' => 'text/html,application/xhtml+xml,application/xml;q=0.9,*/*;q=0.8',
  'user-agent' => 'Mozilla/5.0 (Windows NT 6.1) AppleWebKit/537.36 (KHTML, like Gecko) Chrome/49.0.2623.112 Safari/537.36',
  'host' => '39.101.182.111:81',
  'content-type' => '',
  'content-length' => '',
)
[ info ] [ PARAM ] array (
)
[ info ] [ DB ] INIT mysql
[ info ] [ LOG ] INIT File
[ sql ] [ DB ] CONNECT:[ UseTime:0.000168s ] mysql:host=localhost;dbname=yundong;charset=utf8
[ sql ] [ SQL ] SHOW COLUMNS FROM `ys_admin_menu` [ RunTime:0.000560s ]
[ sql ] [ SQL ] SELECT * FROM `ys_admin_menu` WHERE  `id` <> 135 ORDER BY `sort` ASC [ RunTime:0.000339s ]
[ sql ] [ SQL ] SELECT * FROM `ys_admin_menu` WHERE  `url` LIKE '%Index/index%' LIMIT 1 [ RunTime:0.000172s ]
---------------------------------------------------------------
[ 2020-06-11T14:02:34+08:00 ] 106.75.177.238 GET 39.101.182.111:81/Login/index
[运行时间：0.013434s] [吞吐率：74.44req/s] [内存消耗：1,803.65kb] [文件加载：48]
[ info ] [ LANG ] /www/wwwroot/yundong/thinkphp/lang/zh-cn.php
[ info ] [ BIND ] 'admin'
[ info ] [ ROUTE ] array (
  'type' => 'module',
  'module' => 
  array (
    0 => 'admin',
    1 => 'Login',
    2 => 'index',
  ),
)
[ info ] [ HEADER ] array (
  'connection' => 'close',
  'accept-language' => 'zh-CN,zh;q=0.8',
  'accept-charset' => 'GBK,utf-8;q=0.7,*;q=0.3',
  'accept' => 'text/html,application/xhtml+xml,application/xml;q=0.9,*/*;q=0.8',
  'user-agent' => 'Mozilla/5.0 (Windows NT 6.1) AppleWebKit/537.36 (KHTML, like Gecko) Chrome/49.0.2623.112 Safari/537.36',
  'host' => '39.101.182.111:81',
  'content-type' => '',
  'content-length' => '',
)
[ info ] [ PARAM ] array (
)
[ info ] [ RUN ] app\admin\controller\Login->index[ /www/wwwroot/yundong/application/admin/controller/Login.php ]
[ info ] [ VIEW ] /www/wwwroot/yundong/public/../application/admin/view/Login/index.html [ array (
  0 => 'uid',
) ]
[ info ] [ LOG ] INIT File
---------------------------------------------------------------
[ 2020-06-11T14:02:34+08:00 ] 106.75.177.238 GET 39.101.182.111:81/favicon.ico
[运行时间：0.010848s] [吞吐率：92.18req/s] [内存消耗：1,542.50kb] [文件加载：41]
[ info ] [ LANG ] /www/wwwroot/yundong/thinkphp/lang/zh-cn.php
[ info ] [ BIND ] 'admin'
[ info ] [ ROUTE ] array (
  'type' => 'module',
  'module' => 
  array (
    0 => 'admin',
    1 => 'favicon',
    2 => NULL,
  ),
)
[ info ] [ HEADER ] array (
  'connection' => 'close',
  'accept-language' => 'zh-CN,zh;q=0.8',
  'accept-charset' => 'GBK,utf-8;q=0.7,*;q=0.3',
  'accept' => 'text/html,application/xhtml+xml,application/xml;q=0.9,*/*;q=0.8',
  'user-agent' => 'Mozilla/5.0 (Windows NT 6.1) AppleWebKit/537.36 (KHTML, like Gecko) Chrome/49.0.2623.112 Safari/537.36',
  'host' => '39.101.182.111:81',
  'content-type' => '',
  'content-length' => '',
)
[ info ] [ PARAM ] array (
)
[ info ] [ LOG ] INIT File
---------------------------------------------------------------
[ 2020-06-11T15:18:18+08:00 ] 172.104.67.101 GET 39.101.182.111:81/
[运行时间：0.018680s] [吞吐率：53.53req/s] [内存消耗：2,890.90kb] [文件加载：56]
[ info ] [ LANG ] /www/wwwroot/yundong/thinkphp/lang/zh-cn.php
[ info ] [ BIND ] 'admin'
[ info ] [ ROUTE ] array (
  'type' => 'module',
  'module' => 
  array (
    0 => 'admin',
    1 => NULL,
    2 => NULL,
  ),
)
[ info ] [ HEADER ] array (
  'connection' => 'close',
  'user-agent' => 'HTTP Banner Detection (https://security.ipip.net)',
  'host' => '39.101.182.111:81',
  'content-type' => '',
  'content-length' => '',
)
[ info ] [ PARAM ] array (
)
[ info ] [ DB ] INIT mysql
[ info ] [ LOG ] INIT File
[ sql ] [ DB ] CONNECT:[ UseTime:0.000163s ] mysql:host=localhost;dbname=yundong;charset=utf8
[ sql ] [ SQL ] SHOW COLUMNS FROM `ys_admin_menu` [ RunTime:0.000595s ]
[ sql ] [ SQL ] SELECT * FROM `ys_admin_menu` WHERE  `id` <> 135 ORDER BY `sort` ASC [ RunTime:0.000288s ]
[ sql ] [ SQL ] SELECT * FROM `ys_admin_menu` WHERE  `url` LIKE '%Index/index%' LIMIT 1 [ RunTime:0.000173s ]
---------------------------------------------------------------
[ 2020-06-11T15:31:27+08:00 ] 116.24.98.198 GET 39.101.182.111:81/favicon.ico
[运行时间：0.011071s] [吞吐率：90.33req/s] [内存消耗：1,543.75kb] [文件加载：41]
[ info ] [ LANG ] /www/wwwroot/yundong/thinkphp/lang/zh-cn.php
[ info ] [ BIND ] 'admin'
[ info ] [ ROUTE ] array (
  'type' => 'module',
  'module' => 
  array (
    0 => 'admin',
    1 => 'favicon',
    2 => NULL,
  ),
)
[ info ] [ HEADER ] array (
  'cookie' => 'pro_end=-1; ltd_end=-1; order=id%20desc; memSize=3637; sites_path=/www/wwwroot; serverType=nginx; backup_path=/www/backup; rank=a; uploadSize=1073741824; Path=/www/wwwroot; force=0; pnull=1; SetName=; load_page=null; load_search=undefined; softType=-1; load_type=-1; vcodesum=10; request_token=WlYPMp4ziqsxOP9Lf1ApBa1noMRyKtapvvC1qW3H9j5HLaGE; ChangePath=3; uid=p0DSb1oTuqVimxiOzHDOng%3D%3D; PHPSESSID=bobd2gdc8ub10ohi3shitae8hd',
  'accept-language' => 'zh-CN,zh;q=0.9',
  'accept-encoding' => 'gzip, deflate',
  'user-agent' => 'Mozilla/5.0 (Windows NT 10.0; WOW64) AppleWebKit/537.36 (KHTML, like Gecko) Chrome/78.0.3904.108 Safari/537.36',
  'connection' => 'keep-alive',
  'host' => '39.101.182.111:81',
  'content-type' => '',
  'content-length' => '',
)
[ info ] [ PARAM ] array (
)
[ info ] [ LOG ] INIT File
