---------------------------------------------------------------
[ 2020-11-27T09:24:56+08:00 ] 127.0.0.1 GET www.pgt.com/admin
[运行时间：0.750794s] [吞吐率：1.33req/s] [内存消耗：3,145.48kb] [文件加载：59]
[ info ] [ LANG ] D:\pgt\thinkphp\lang\zh-cn.php
[ info ] [ ROUTE ] array (
  'type' => 'module',
  'module' => 
  array (
    0 => 'admin',
    1 => NULL,
    2 => NULL,
  ),
)
[ info ] [ HEADER ] array (
  'cookie' => 'uid=p0DSb1oTuqVimxiOzHDOng%3D%3D',
  'accept-language' => 'zh-CN,zh;q=0.9',
  'accept-encoding' => 'gzip, deflate',
  'purpose' => 'prefetch',
  'accept' => 'text/html,application/xhtml+xml,application/xml;q=0.9,image/avif,image/webp,image/apng,*/*;q=0.8,application/signed-exchange;v=b3;q=0.9',
  'user-agent' => 'Mozilla/5.0 (Windows NT 10.0; Win64; x64) AppleWebKit/537.36 (KHTML, like Gecko) Chrome/86.0.4240.193 Safari/537.36',
  'upgrade-insecure-requests' => '1',
  'connection' => 'close',
  'host' => 'www.pgt.com',
)
[ info ] [ PARAM ] array (
  '/admin' => '',
)
[ info ] [ DB ] INIT mysql
[ info ] [ CACHE ] INIT File
[ info ] [ LOG ] INIT File
[ sql ] [ DB ] CONNECT:[ UseTime:0.076048s ] mysql:host=localhost;dbname=www.pgt.com;charset=utf8
[ sql ] [ SQL ] SHOW COLUMNS FROM `pgt_admin_menu` [ RunTime:0.138412s ]
[ sql ] [ SQL ] SELECT * FROM `pgt_admin_menu` WHERE  `id` <> 135 ORDER BY `sort` ASC [ RunTime:0.023512s ]
[ sql ] [ SQL ] SELECT * FROM `pgt_admin_menu` WHERE  `url` LIKE '%Index/index%' LIMIT 1 [ RunTime:0.001871s ]
[ sql ] [ SQL ] SHOW COLUMNS FROM `pgt_admin_user` [ RunTime:0.025955s ]
[ sql ] [ SQL ] SELECT * FROM `pgt_admin_user` WHERE  `id` = 1 LIMIT 1 [ RunTime:0.000785s ]
---------------------------------------------------------------
[ 2020-11-27T09:25:03+08:00 ] 127.0.0.1 GET www.pgt.com/api/wan/index
[运行时间：0.118793s] [吞吐率：8.42req/s] [内存消耗：1,649.05kb] [文件加载：40]
[ info ] [ LANG ] D:\pgt\thinkphp\lang\zh-cn.php
[ info ] [ ROUTE ] array (
  'type' => 'module',
  'module' => 
  array (
    0 => 'api',
    1 => 'wan',
    2 => 'index',
  ),
)
[ info ] [ HEADER ] array (
  'cookie' => 'uid=p0DSb1oTuqVimxiOzHDOng%3D%3D',
  'accept-language' => 'zh-CN,zh;q=0.9',
  'accept-encoding' => 'gzip, deflate',
  'accept' => 'text/html,application/xhtml+xml,application/xml;q=0.9,image/avif,image/webp,image/apng,*/*;q=0.8,application/signed-exchange;v=b3;q=0.9',
  'user-agent' => 'Mozilla/5.0 (Windows NT 10.0; Win64; x64) AppleWebKit/537.36 (KHTML, like Gecko) Chrome/86.0.4240.193 Safari/537.36',
  'upgrade-insecure-requests' => '1',
  'connection' => 'close',
  'host' => 'www.pgt.com',
)
[ info ] [ PARAM ] array (
  '/api/wan/index' => '',
)
[ info ] [ LOG ] INIT File
---------------------------------------------------------------
[ 2020-11-27T09:25:03+08:00 ] 127.0.0.1 GET www.pgt.com/favicon.ico
[运行时间：0.020783s] [吞吐率：48.12req/s] [内存消耗：1,593.63kb] [文件加载：37]
[ info ] [ LANG ] D:\pgt\thinkphp\lang\zh-cn.php
[ info ] [ ROUTE ] array (
  'type' => 'module',
  'module' => 
  array (
    0 => 'favicon',
    1 => NULL,
    2 => NULL,
  ),
)
[ info ] [ HEADER ] array (
  'cookie' => 'uid=p0DSb1oTuqVimxiOzHDOng%3D%3D',
  'accept-language' => 'zh-CN,zh;q=0.9',
  'accept-encoding' => 'gzip, deflate',
  'referer' => 'http://www.pgt.com/api/wan/index',
  'accept' => 'image/avif,image/webp,image/apng,image/*,*/*;q=0.8',
  'user-agent' => 'Mozilla/5.0 (Windows NT 10.0; Win64; x64) AppleWebKit/537.36 (KHTML, like Gecko) Chrome/86.0.4240.193 Safari/537.36',
  'connection' => 'close',
  'host' => 'www.pgt.com',
)
[ info ] [ PARAM ] array (
  '/favicon_ico' => '',
)
[ info ] [ LOG ] INIT File
---------------------------------------------------------------
[ 2020-11-27T09:25:36+08:00 ] 127.0.0.1 GET www.pgt.com/api/wan/index
[运行时间：0.025229s] [吞吐率：39.64req/s] [内存消耗：1,649.44kb] [文件加载：40]
[ info ] [ LANG ] D:\pgt\thinkphp\lang\zh-cn.php
[ info ] [ ROUTE ] array (
  'type' => 'module',
  'module' => 
  array (
    0 => 'api',
    1 => 'wan',
    2 => 'index',
  ),
)
[ info ] [ HEADER ] array (
  'cookie' => 'uid=p0DSb1oTuqVimxiOzHDOng%3D%3D',
  'accept-language' => 'zh-CN,zh;q=0.9',
  'accept-encoding' => 'gzip, deflate',
  'accept' => 'text/html,application/xhtml+xml,application/xml;q=0.9,image/avif,image/webp,image/apng,*/*;q=0.8,application/signed-exchange;v=b3;q=0.9',
  'user-agent' => 'Mozilla/5.0 (Windows NT 10.0; Win64; x64) AppleWebKit/537.36 (KHTML, like Gecko) Chrome/86.0.4240.193 Safari/537.36',
  'upgrade-insecure-requests' => '1',
  'cache-control' => 'max-age=0',
  'connection' => 'close',
  'host' => 'www.pgt.com',
)
[ info ] [ PARAM ] array (
  '/api/wan/index' => '',
)
[ info ] [ LOG ] INIT File
---------------------------------------------------------------
[ 2020-11-27T09:25:50+08:00 ] 127.0.0.1 GET www.pgt.com/api/wan/index
[运行时间：0.025330s] [吞吐率：39.48req/s] [内存消耗：1,649.44kb] [文件加载：40]
[ info ] [ LANG ] D:\pgt\thinkphp\lang\zh-cn.php
[ info ] [ ROUTE ] array (
  'type' => 'module',
  'module' => 
  array (
    0 => 'api',
    1 => 'wan',
    2 => 'index',
  ),
)
[ info ] [ HEADER ] array (
  'cookie' => 'uid=p0DSb1oTuqVimxiOzHDOng%3D%3D',
  'accept-language' => 'zh-CN,zh;q=0.9',
  'accept-encoding' => 'gzip, deflate',
  'accept' => 'text/html,application/xhtml+xml,application/xml;q=0.9,image/avif,image/webp,image/apng,*/*;q=0.8,application/signed-exchange;v=b3;q=0.9',
  'user-agent' => 'Mozilla/5.0 (Windows NT 10.0; Win64; x64) AppleWebKit/537.36 (KHTML, like Gecko) Chrome/86.0.4240.193 Safari/537.36',
  'upgrade-insecure-requests' => '1',
  'cache-control' => 'max-age=0',
  'connection' => 'close',
  'host' => 'www.pgt.com',
)
[ info ] [ PARAM ] array (
  '/api/wan/index' => '',
)
[ info ] [ LOG ] INIT File
---------------------------------------------------------------
[ 2020-11-27T09:25:50+08:00 ] 127.0.0.1 GET www.pgt.com/api/wan/index
[运行时间：0.025493s] [吞吐率：39.23req/s] [内存消耗：1,649.44kb] [文件加载：40]
[ info ] [ LANG ] D:\pgt\thinkphp\lang\zh-cn.php
[ info ] [ ROUTE ] array (
  'type' => 'module',
  'module' => 
  array (
    0 => 'api',
    1 => 'wan',
    2 => 'index',
  ),
)
[ info ] [ HEADER ] array (
  'cookie' => 'uid=p0DSb1oTuqVimxiOzHDOng%3D%3D',
  'accept-language' => 'zh-CN,zh;q=0.9',
  'accept-encoding' => 'gzip, deflate',
  'accept' => 'text/html,application/xhtml+xml,application/xml;q=0.9,image/avif,image/webp,image/apng,*/*;q=0.8,application/signed-exchange;v=b3;q=0.9',
  'user-agent' => 'Mozilla/5.0 (Windows NT 10.0; Win64; x64) AppleWebKit/537.36 (KHTML, like Gecko) Chrome/86.0.4240.193 Safari/537.36',
  'upgrade-insecure-requests' => '1',
  'cache-control' => 'max-age=0',
  'connection' => 'close',
  'host' => 'www.pgt.com',
)
[ info ] [ PARAM ] array (
  '/api/wan/index' => '',
)
[ info ] [ LOG ] INIT File
---------------------------------------------------------------
[ 2020-11-27T09:26:00+08:00 ] 127.0.0.1 GET www.pgt.com/api/indx/index
[运行时间：0.026069s] [吞吐率：38.36req/s] [内存消耗：1,649.09kb] [文件加载：40]
[ info ] [ LANG ] D:\pgt\thinkphp\lang\zh-cn.php
[ info ] [ ROUTE ] array (
  'type' => 'module',
  'module' => 
  array (
    0 => 'api',
    1 => 'indx',
    2 => 'index',
  ),
)
[ info ] [ HEADER ] array (
  'cookie' => 'uid=p0DSb1oTuqVimxiOzHDOng%3D%3D',
  'accept-language' => 'zh-CN,zh;q=0.9',
  'accept-encoding' => 'gzip, deflate',
  'accept' => 'text/html,application/xhtml+xml,application/xml;q=0.9,image/avif,image/webp,image/apng,*/*;q=0.8,application/signed-exchange;v=b3;q=0.9',
  'user-agent' => 'Mozilla/5.0 (Windows NT 10.0; Win64; x64) AppleWebKit/537.36 (KHTML, like Gecko) Chrome/86.0.4240.193 Safari/537.36',
  'upgrade-insecure-requests' => '1',
  'connection' => 'close',
  'host' => 'www.pgt.com',
)
[ info ] [ PARAM ] array (
  '/api/indx/index' => '',
)
[ info ] [ LOG ] INIT File
---------------------------------------------------------------
[ 2020-11-27T09:26:03+08:00 ] 127.0.0.1 GET www.pgt.com/api/index/index
[运行时间：0.070140s] [吞吐率：14.26req/s] [内存消耗：1,892.27kb] [文件加载：45]
[ info ] [ LANG ] D:\pgt\thinkphp\lang\zh-cn.php
[ info ] [ ROUTE ] array (
  'type' => 'module',
  'module' => 
  array (
    0 => 'api',
    1 => 'index',
    2 => 'index',
  ),
)
[ info ] [ HEADER ] array (
  'cookie' => 'uid=p0DSb1oTuqVimxiOzHDOng%3D%3D',
  'accept-language' => 'zh-CN,zh;q=0.9',
  'accept-encoding' => 'gzip, deflate',
  'accept' => 'text/html,application/xhtml+xml,application/xml;q=0.9,image/avif,image/webp,image/apng,*/*;q=0.8,application/signed-exchange;v=b3;q=0.9',
  'user-agent' => 'Mozilla/5.0 (Windows NT 10.0; Win64; x64) AppleWebKit/537.36 (KHTML, like Gecko) Chrome/86.0.4240.193 Safari/537.36',
  'upgrade-insecure-requests' => '1',
  'connection' => 'close',
  'host' => 'www.pgt.com',
)
[ info ] [ PARAM ] array (
  '/api/index/index' => '',
)
[ info ] [ LOG ] INIT File
---------------------------------------------------------------
[ 2020-11-27T09:26:19+08:00 ] 127.0.0.1 GET www.pgt.com/api/Wan/index
[运行时间：0.028150s] [吞吐率：35.52req/s] [内存消耗：1,649.05kb] [文件加载：40]
[ info ] [ LANG ] D:\pgt\thinkphp\lang\zh-cn.php
[ info ] [ ROUTE ] array (
  'type' => 'module',
  'module' => 
  array (
    0 => 'api',
    1 => 'Wan',
    2 => 'index',
  ),
)
[ info ] [ HEADER ] array (
  'cookie' => 'uid=p0DSb1oTuqVimxiOzHDOng%3D%3D',
  'accept-language' => 'zh-CN,zh;q=0.9',
  'accept-encoding' => 'gzip, deflate',
  'accept' => 'text/html,application/xhtml+xml,application/xml;q=0.9,image/avif,image/webp,image/apng,*/*;q=0.8,application/signed-exchange;v=b3;q=0.9',
  'user-agent' => 'Mozilla/5.0 (Windows NT 10.0; Win64; x64) AppleWebKit/537.36 (KHTML, like Gecko) Chrome/86.0.4240.193 Safari/537.36',
  'upgrade-insecure-requests' => '1',
  'connection' => 'close',
  'host' => 'www.pgt.com',
)
[ info ] [ PARAM ] array (
  '/api/Wan/index' => '',
)
[ info ] [ LOG ] INIT File
---------------------------------------------------------------
[ 2020-11-27T09:27:20+08:00 ] 127.0.0.1 GET www.pgt.com/api/Wan/index
[运行时间：0.028924s] [吞吐率：34.57req/s] [内存消耗：1,881.42kb] [文件加载：45]
[ info ] [ LANG ] D:\pgt\thinkphp\lang\zh-cn.php
[ info ] [ ROUTE ] array (
  'type' => 'module',
  'module' => 
  array (
    0 => 'api',
    1 => 'Wan',
    2 => 'index',
  ),
)
[ info ] [ HEADER ] array (
  'cookie' => 'uid=p0DSb1oTuqVimxiOzHDOng%3D%3D',
  'accept-language' => 'zh-CN,zh;q=0.9',
  'accept-encoding' => 'gzip, deflate',
  'accept' => 'text/html,application/xhtml+xml,application/xml;q=0.9,image/avif,image/webp,image/apng,*/*;q=0.8,application/signed-exchange;v=b3;q=0.9',
  'user-agent' => 'Mozilla/5.0 (Windows NT 10.0; Win64; x64) AppleWebKit/537.36 (KHTML, like Gecko) Chrome/86.0.4240.193 Safari/537.36',
  'upgrade-insecure-requests' => '1',
  'cache-control' => 'max-age=0',
  'connection' => 'close',
  'host' => 'www.pgt.com',
)
[ info ] [ PARAM ] array (
  '/api/Wan/index' => '',
)
[ info ] [ LOG ] INIT File
---------------------------------------------------------------
[ 2020-11-27T09:27:33+08:00 ] 127.0.0.1 GET www.pgt.com/api/Wan/index
[运行时间：0.312744s] [吞吐率：3.20req/s] [内存消耗：1,901.08kb] [文件加载：46]
[ info ] [ LANG ] D:\pgt\thinkphp\lang\zh-cn.php
[ info ] [ ROUTE ] array (
  'type' => 'module',
  'module' => 
  array (
    0 => 'api',
    1 => 'Wan',
    2 => 'index',
  ),
)
[ info ] [ HEADER ] array (
  'cookie' => 'uid=p0DSb1oTuqVimxiOzHDOng%3D%3D',
  'accept-language' => 'zh-CN,zh;q=0.9',
  'accept-encoding' => 'gzip, deflate',
  'accept' => 'text/html,application/xhtml+xml,application/xml;q=0.9,image/avif,image/webp,image/apng,*/*;q=0.8,application/signed-exchange;v=b3;q=0.9',
  'user-agent' => 'Mozilla/5.0 (Windows NT 10.0; Win64; x64) AppleWebKit/537.36 (KHTML, like Gecko) Chrome/86.0.4240.193 Safari/537.36',
  'upgrade-insecure-requests' => '1',
  'cache-control' => 'max-age=0',
  'connection' => 'close',
  'host' => 'www.pgt.com',
)
[ info ] [ PARAM ] array (
  '/api/Wan/index' => '',
)
[ info ] [ RUN ] app\api\controller\Wan->index[ D:\pgt\application\api\controller\Wan.php ]
[ info ] [ LOG ] INIT File
[ error ] [0]variable type error： array[D:\pgt\thinkphp\library\think\Response.php:316]
---------------------------------------------------------------
[ 2020-11-27T09:28:03+08:00 ] 127.0.0.1 GET www.pgt.com/api/Wan/index
[运行时间：0.128519s] [吞吐率：7.78req/s] [内存消耗：1,936.91kb] [文件加载：43]
[ info ] [ LANG ] D:\pgt\thinkphp\lang\zh-cn.php
[ info ] [ ROUTE ] array (
  'type' => 'module',
  'module' => 
  array (
    0 => 'api',
    1 => 'Wan',
    2 => 'index',
  ),
)
[ info ] [ HEADER ] array (
  'cookie' => 'uid=p0DSb1oTuqVimxiOzHDOng%3D%3D',
  'accept-language' => 'zh-CN,zh;q=0.9',
  'accept-encoding' => 'gzip, deflate',
  'accept' => 'text/html,application/xhtml+xml,application/xml;q=0.9,image/avif,image/webp,image/apng,*/*;q=0.8,application/signed-exchange;v=b3;q=0.9',
  'user-agent' => 'Mozilla/5.0 (Windows NT 10.0; Win64; x64) AppleWebKit/537.36 (KHTML, like Gecko) Chrome/86.0.4240.193 Safari/537.36',
  'upgrade-insecure-requests' => '1',
  'cache-control' => 'max-age=0',
  'connection' => 'close',
  'host' => 'www.pgt.com',
)
[ info ] [ PARAM ] array (
  '/api/Wan/index' => '',
)
[ info ] [ RUN ] app\api\controller\Wan->index[ D:\pgt\application\api\controller\Wan.php ]
[ info ] [ LOG ] INIT File
---------------------------------------------------------------
[ 2020-11-27T09:29:16+08:00 ] 127.0.0.1 GET www.pgt.com/api/Wan/index
[运行时间：0.153292s] [吞吐率：6.52req/s] [内存消耗：1,920.91kb] [文件加载：43]
[ info ] [ LANG ] D:\pgt\thinkphp\lang\zh-cn.php
[ info ] [ ROUTE ] array (
  'type' => 'module',
  'module' => 
  array (
    0 => 'api',
    1 => 'Wan',
    2 => 'index',
  ),
)
[ info ] [ HEADER ] array (
  'cookie' => 'uid=p0DSb1oTuqVimxiOzHDOng%3D%3D',
  'accept-language' => 'zh-CN,zh;q=0.9',
  'accept-encoding' => 'gzip, deflate',
  'accept' => 'text/html,application/xhtml+xml,application/xml;q=0.9,image/avif,image/webp,image/apng,*/*;q=0.8,application/signed-exchange;v=b3;q=0.9',
  'user-agent' => 'Mozilla/5.0 (Windows NT 10.0; Win64; x64) AppleWebKit/537.36 (KHTML, like Gecko) Chrome/86.0.4240.193 Safari/537.36',
  'upgrade-insecure-requests' => '1',
  'cache-control' => 'max-age=0',
  'connection' => 'close',
  'host' => 'www.pgt.com',
)
[ info ] [ PARAM ] array (
  '/api/Wan/index' => '',
)
[ info ] [ RUN ] app\api\controller\Wan->index[ D:\pgt\application\api\controller\Wan.php ]
[ info ] [ LOG ] INIT File
---------------------------------------------------------------
[ 2020-11-27T09:29:54+08:00 ] 127.0.0.1 GET www.pgt.com/api/Wan/index
[运行时间：0.102002s] [吞吐率：9.80req/s] [内存消耗：1,936.91kb] [文件加载：43]
[ info ] [ LANG ] D:\pgt\thinkphp\lang\zh-cn.php
[ info ] [ ROUTE ] array (
  'type' => 'module',
  'module' => 
  array (
    0 => 'api',
    1 => 'Wan',
    2 => 'index',
  ),
)
[ info ] [ HEADER ] array (
  'cookie' => 'uid=p0DSb1oTuqVimxiOzHDOng%3D%3D',
  'accept-language' => 'zh-CN,zh;q=0.9',
  'accept-encoding' => 'gzip, deflate',
  'accept' => 'text/html,application/xhtml+xml,application/xml;q=0.9,image/avif,image/webp,image/apng,*/*;q=0.8,application/signed-exchange;v=b3;q=0.9',
  'user-agent' => 'Mozilla/5.0 (Windows NT 10.0; Win64; x64) AppleWebKit/537.36 (KHTML, like Gecko) Chrome/86.0.4240.193 Safari/537.36',
  'upgrade-insecure-requests' => '1',
  'cache-control' => 'max-age=0',
  'connection' => 'close',
  'host' => 'www.pgt.com',
)
[ info ] [ PARAM ] array (
  '/api/Wan/index' => '',
)
[ info ] [ RUN ] app\api\controller\Wan->index[ D:\pgt\application\api\controller\Wan.php ]
[ info ] [ LOG ] INIT File
---------------------------------------------------------------
[ 2020-11-27T09:30:15+08:00 ] 127.0.0.1 GET www.pgt.com/api/Wan/index
[运行时间：0.121603s] [吞吐率：8.22req/s] [内存消耗：1,921.44kb] [文件加载：43]
[ info ] [ LANG ] D:\pgt\thinkphp\lang\zh-cn.php
[ info ] [ ROUTE ] array (
  'type' => 'module',
  'module' => 
  array (
    0 => 'api',
    1 => 'Wan',
    2 => 'index',
  ),
)
[ info ] [ HEADER ] array (
  'cookie' => 'uid=p0DSb1oTuqVimxiOzHDOng%3D%3D',
  'accept-language' => 'zh-CN,zh;q=0.9',
  'accept-encoding' => 'gzip, deflate',
  'accept' => 'text/html,application/xhtml+xml,application/xml;q=0.9,image/avif,image/webp,image/apng,*/*;q=0.8,application/signed-exchange;v=b3;q=0.9',
  'user-agent' => 'Mozilla/5.0 (Windows NT 10.0; Win64; x64) AppleWebKit/537.36 (KHTML, like Gecko) Chrome/86.0.4240.193 Safari/537.36',
  'upgrade-insecure-requests' => '1',
  'cache-control' => 'max-age=0',
  'connection' => 'close',
  'host' => 'www.pgt.com',
)
[ info ] [ PARAM ] array (
  '/api/Wan/index' => '',
)
[ info ] [ RUN ] app\api\controller\Wan->index[ D:\pgt\application\api\controller\Wan.php ]
[ info ] [ LOG ] INIT File
---------------------------------------------------------------
[ 2020-11-27T11:00:58+08:00 ] 127.0.0.1 GET www.pgt.com/admin
[运行时间：0.073896s] [吞吐率：13.53req/s] [内存消耗：3,145.48kb] [文件加载：59]
[ info ] [ LANG ] D:\pgt\thinkphp\lang\zh-cn.php
[ info ] [ ROUTE ] array (
  'type' => 'module',
  'module' => 
  array (
    0 => 'admin',
    1 => NULL,
    2 => NULL,
  ),
)
[ info ] [ HEADER ] array (
  'cookie' => 'uid=p0DSb1oTuqVimxiOzHDOng%3D%3D',
  'accept-language' => 'zh-CN,zh;q=0.9',
  'accept-encoding' => 'gzip, deflate',
  'purpose' => 'prefetch',
  'accept' => 'text/html,application/xhtml+xml,application/xml;q=0.9,image/avif,image/webp,image/apng,*/*;q=0.8,application/signed-exchange;v=b3;q=0.9',
  'user-agent' => 'Mozilla/5.0 (Windows NT 10.0; Win64; x64) AppleWebKit/537.36 (KHTML, like Gecko) Chrome/86.0.4240.193 Safari/537.36',
  'upgrade-insecure-requests' => '1',
  'connection' => 'close',
  'host' => 'www.pgt.com',
)
[ info ] [ PARAM ] array (
  '/admin' => '',
)
[ info ] [ DB ] INIT mysql
[ info ] [ CACHE ] INIT File
[ info ] [ LOG ] INIT File
[ sql ] [ DB ] CONNECT:[ UseTime:0.005503s ] mysql:host=localhost;dbname=www.pgt.com;charset=utf8
[ sql ] [ SQL ] SHOW COLUMNS FROM `pgt_admin_menu` [ RunTime:0.004400s ]
[ sql ] [ SQL ] SELECT * FROM `pgt_admin_menu` WHERE  `id` <> 135 ORDER BY `sort` ASC [ RunTime:0.001033s ]
[ sql ] [ SQL ] SELECT * FROM `pgt_admin_menu` WHERE  `url` LIKE '%Index/index%' LIMIT 1 [ RunTime:0.000502s ]
[ sql ] [ SQL ] SHOW COLUMNS FROM `pgt_admin_user` [ RunTime:0.001785s ]
[ sql ] [ SQL ] SELECT * FROM `pgt_admin_user` WHERE  `id` = 1 LIMIT 1 [ RunTime:0.000469s ]
---------------------------------------------------------------
[ 2020-11-27T11:01:05+08:00 ] 127.0.0.1 GET www.pgt.com/api/Wan/showCalendar
[运行时间：0.054355s] [吞吐率：18.40req/s] [内存消耗：1,655.95kb] [文件加载：40]
[ info ] [ LANG ] D:\pgt\thinkphp\lang\zh-cn.php
[ info ] [ ROUTE ] array (
  'type' => 'module',
  'module' => 
  array (
    0 => 'api',
    1 => 'Wan',
    2 => 'showCalendar',
  ),
)
[ info ] [ HEADER ] array (
  'cookie' => 'uid=p0DSb1oTuqVimxiOzHDOng%3D%3D',
  'accept-language' => 'zh-CN,zh;q=0.9',
  'accept-encoding' => 'gzip, deflate',
  'accept' => 'text/html,application/xhtml+xml,application/xml;q=0.9,image/avif,image/webp,image/apng,*/*;q=0.8,application/signed-exchange;v=b3;q=0.9',
  'user-agent' => 'Mozilla/5.0 (Windows NT 10.0; Win64; x64) AppleWebKit/537.36 (KHTML, like Gecko) Chrome/86.0.4240.193 Safari/537.36',
  'upgrade-insecure-requests' => '1',
  'connection' => 'close',
  'host' => 'www.pgt.com',
)
[ info ] [ PARAM ] array (
  '/api/Wan/showCalendar' => '',
)
[ info ] [ RUN ] app\api\controller\Wan->showCalendar[ D:\pgt\application\api\controller\Wan.php ]
[ info ] [ LOG ] INIT File
---------------------------------------------------------------
[ 2020-11-27T11:01:13+08:00 ] 127.0.0.1 GET www.pgt.com/api/Wan/showCalendar?y=2020&m=12
[运行时间：0.023640s] [吞吐率：42.30req/s] [内存消耗：1,656.63kb] [文件加载：40]
[ info ] [ LANG ] D:\pgt\thinkphp\lang\zh-cn.php
[ info ] [ ROUTE ] array (
  'type' => 'module',
  'module' => 
  array (
    0 => 'api',
    1 => 'Wan',
    2 => 'showCalendar',
  ),
)
[ info ] [ HEADER ] array (
  'cookie' => 'uid=p0DSb1oTuqVimxiOzHDOng%3D%3D',
  'accept-language' => 'zh-CN,zh;q=0.9',
  'accept-encoding' => 'gzip, deflate',
  'referer' => 'http://www.pgt.com/api/Wan/showCalendar',
  'accept' => 'text/html,application/xhtml+xml,application/xml;q=0.9,image/avif,image/webp,image/apng,*/*;q=0.8,application/signed-exchange;v=b3;q=0.9',
  'user-agent' => 'Mozilla/5.0 (Windows NT 10.0; Win64; x64) AppleWebKit/537.36 (KHTML, like Gecko) Chrome/86.0.4240.193 Safari/537.36',
  'upgrade-insecure-requests' => '1',
  'connection' => 'close',
  'host' => 'www.pgt.com',
)
[ info ] [ PARAM ] array (
  '/api/Wan/showCalendar' => '',
  'y' => '2020',
  'm' => '12',
)
[ info ] [ RUN ] app\api\controller\Wan->showCalendar[ D:\pgt\application\api\controller\Wan.php ]
[ info ] [ LOG ] INIT File
---------------------------------------------------------------
[ 2020-11-27T11:01:14+08:00 ] 127.0.0.1 GET www.pgt.com/api/Wan/showCalendar?y=2020&m=11
[运行时间：0.024903s] [吞吐率：40.16req/s] [内存消耗：1,656.64kb] [文件加载：40]
[ info ] [ LANG ] D:\pgt\thinkphp\lang\zh-cn.php
[ info ] [ ROUTE ] array (
  'type' => 'module',
  'module' => 
  array (
    0 => 'api',
    1 => 'Wan',
    2 => 'showCalendar',
  ),
)
[ info ] [ HEADER ] array (
  'cookie' => 'uid=p0DSb1oTuqVimxiOzHDOng%3D%3D',
  'accept-language' => 'zh-CN,zh;q=0.9',
  'accept-encoding' => 'gzip, deflate',
  'referer' => 'http://www.pgt.com/api/Wan/showCalendar?y=2020&m=12',
  'accept' => 'text/html,application/xhtml+xml,application/xml;q=0.9,image/avif,image/webp,image/apng,*/*;q=0.8,application/signed-exchange;v=b3;q=0.9',
  'user-agent' => 'Mozilla/5.0 (Windows NT 10.0; Win64; x64) AppleWebKit/537.36 (KHTML, like Gecko) Chrome/86.0.4240.193 Safari/537.36',
  'upgrade-insecure-requests' => '1',
  'connection' => 'close',
  'host' => 'www.pgt.com',
)
[ info ] [ PARAM ] array (
  '/api/Wan/showCalendar' => '',
  'y' => '2020',
  'm' => '11',
)
[ info ] [ RUN ] app\api\controller\Wan->showCalendar[ D:\pgt\application\api\controller\Wan.php ]
[ info ] [ LOG ] INIT File
---------------------------------------------------------------
[ 2020-11-27T11:01:14+08:00 ] 127.0.0.1 GET www.pgt.com/api/Wan/showCalendar?y=2020&m=10
[运行时间：0.022902s] [吞吐率：43.66req/s] [内存消耗：1,656.64kb] [文件加载：40]
[ info ] [ LANG ] D:\pgt\thinkphp\lang\zh-cn.php
[ info ] [ ROUTE ] array (
  'type' => 'module',
  'module' => 
  array (
    0 => 'api',
    1 => 'Wan',
    2 => 'showCalendar',
  ),
)
[ info ] [ HEADER ] array (
  'cookie' => 'uid=p0DSb1oTuqVimxiOzHDOng%3D%3D',
  'accept-language' => 'zh-CN,zh;q=0.9',
  'accept-encoding' => 'gzip, deflate',
  'referer' => 'http://www.pgt.com/api/Wan/showCalendar?y=2020&m=11',
  'accept' => 'text/html,application/xhtml+xml,application/xml;q=0.9,image/avif,image/webp,image/apng,*/*;q=0.8,application/signed-exchange;v=b3;q=0.9',
  'user-agent' => 'Mozilla/5.0 (Windows NT 10.0; Win64; x64) AppleWebKit/537.36 (KHTML, like Gecko) Chrome/86.0.4240.193 Safari/537.36',
  'upgrade-insecure-requests' => '1',
  'connection' => 'close',
  'host' => 'www.pgt.com',
)
[ info ] [ PARAM ] array (
  '/api/Wan/showCalendar' => '',
  'y' => '2020',
  'm' => '10',
)
[ info ] [ RUN ] app\api\controller\Wan->showCalendar[ D:\pgt\application\api\controller\Wan.php ]
[ info ] [ LOG ] INIT File
---------------------------------------------------------------
[ 2020-11-27T11:01:15+08:00 ] 127.0.0.1 GET www.pgt.com/api/Wan/showCalendar?y=2020&m=11
[运行时间：0.024222s] [吞吐率：41.28req/s] [内存消耗：1,656.64kb] [文件加载：40]
[ info ] [ LANG ] D:\pgt\thinkphp\lang\zh-cn.php
[ info ] [ ROUTE ] array (
  'type' => 'module',
  'module' => 
  array (
    0 => 'api',
    1 => 'Wan',
    2 => 'showCalendar',
  ),
)
[ info ] [ HEADER ] array (
  'cookie' => 'uid=p0DSb1oTuqVimxiOzHDOng%3D%3D',
  'accept-language' => 'zh-CN,zh;q=0.9',
  'accept-encoding' => 'gzip, deflate',
  'referer' => 'http://www.pgt.com/api/Wan/showCalendar?y=2020&m=10',
  'accept' => 'text/html,application/xhtml+xml,application/xml;q=0.9,image/avif,image/webp,image/apng,*/*;q=0.8,application/signed-exchange;v=b3;q=0.9',
  'user-agent' => 'Mozilla/5.0 (Windows NT 10.0; Win64; x64) AppleWebKit/537.36 (KHTML, like Gecko) Chrome/86.0.4240.193 Safari/537.36',
  'upgrade-insecure-requests' => '1',
  'connection' => 'close',
  'host' => 'www.pgt.com',
)
[ info ] [ PARAM ] array (
  '/api/Wan/showCalendar' => '',
  'y' => '2020',
  'm' => '11',
)
[ info ] [ RUN ] app\api\controller\Wan->showCalendar[ D:\pgt\application\api\controller\Wan.php ]
[ info ] [ LOG ] INIT File
---------------------------------------------------------------
[ 2020-11-27T13:41:27+08:00 ] 127.0.0.1 GET www.pgt.com/admin
[运行时间：0.072959s] [吞吐率：13.71req/s] [内存消耗：3,145.48kb] [文件加载：59]
[ info ] [ LANG ] D:\pgt\thinkphp\lang\zh-cn.php
[ info ] [ ROUTE ] array (
  'type' => 'module',
  'module' => 
  array (
    0 => 'admin',
    1 => NULL,
    2 => NULL,
  ),
)
[ info ] [ HEADER ] array (
  'cookie' => 'uid=p0DSb1oTuqVimxiOzHDOng%3D%3D',
  'accept-language' => 'zh-CN,zh;q=0.9',
  'accept-encoding' => 'gzip, deflate',
  'purpose' => 'prefetch',
  'accept' => 'text/html,application/xhtml+xml,application/xml;q=0.9,image/avif,image/webp,image/apng,*/*;q=0.8,application/signed-exchange;v=b3;q=0.9',
  'user-agent' => 'Mozilla/5.0 (Windows NT 10.0; Win64; x64) AppleWebKit/537.36 (KHTML, like Gecko) Chrome/86.0.4240.193 Safari/537.36',
  'upgrade-insecure-requests' => '1',
  'connection' => 'close',
  'host' => 'www.pgt.com',
)
[ info ] [ PARAM ] array (
  '/admin' => '',
)
[ info ] [ DB ] INIT mysql
[ info ] [ CACHE ] INIT File
[ info ] [ LOG ] INIT File
[ sql ] [ DB ] CONNECT:[ UseTime:0.004646s ] mysql:host=localhost;dbname=www.pgt.com;charset=utf8
[ sql ] [ SQL ] SHOW COLUMNS FROM `pgt_admin_menu` [ RunTime:0.003710s ]
[ sql ] [ SQL ] SELECT * FROM `pgt_admin_menu` WHERE  `id` <> 135 ORDER BY `sort` ASC [ RunTime:0.001203s ]
[ sql ] [ SQL ] SELECT * FROM `pgt_admin_menu` WHERE  `url` LIKE '%Index/index%' LIMIT 1 [ RunTime:0.000459s ]
[ sql ] [ SQL ] SHOW COLUMNS FROM `pgt_admin_user` [ RunTime:0.001633s ]
[ sql ] [ SQL ] SELECT * FROM `pgt_admin_user` WHERE  `id` = 1 LIMIT 1 [ RunTime:0.000430s ]
---------------------------------------------------------------
[ 2020-11-27T13:41:34+08:00 ] 127.0.0.1 GET www.pgt.com/api/Wan/index
[运行时间：4.079102s] [吞吐率：0.25req/s] [内存消耗：1,830.03kb] [文件加载：43]
[ info ] [ LANG ] D:\pgt\thinkphp\lang\zh-cn.php
[ info ] [ ROUTE ] array (
  'type' => 'module',
  'module' => 
  array (
    0 => 'api',
    1 => 'Wan',
    2 => 'index',
  ),
)
[ info ] [ HEADER ] array (
  'cookie' => 'uid=p0DSb1oTuqVimxiOzHDOng%3D%3D',
  'accept-language' => 'zh-CN,zh;q=0.9',
  'accept-encoding' => 'gzip, deflate',
  'accept' => 'text/html,application/xhtml+xml,application/xml;q=0.9,image/avif,image/webp,image/apng,*/*;q=0.8,application/signed-exchange;v=b3;q=0.9',
  'user-agent' => 'Mozilla/5.0 (Windows NT 10.0; Win64; x64) AppleWebKit/537.36 (KHTML, like Gecko) Chrome/86.0.4240.193 Safari/537.36',
  'upgrade-insecure-requests' => '1',
  'connection' => 'close',
  'host' => 'www.pgt.com',
)
[ info ] [ PARAM ] array (
  '/api/Wan/index' => '',
)
[ info ] [ RUN ] app\api\controller\Wan->index[ D:\pgt\application\api\controller\Wan.php ]
[ info ] [ LOG ] INIT File
---------------------------------------------------------------
[ 2020-11-27T13:42:03+08:00 ] 127.0.0.1 GET www.pgt.com/api/Wan/index
[运行时间：0.218854s] [吞吐率：4.57req/s] [内存消耗：1,838.74kb] [文件加载：43]
[ info ] [ LANG ] D:\pgt\thinkphp\lang\zh-cn.php
[ info ] [ ROUTE ] array (
  'type' => 'module',
  'module' => 
  array (
    0 => 'api',
    1 => 'Wan',
    2 => 'index',
  ),
)
[ info ] [ HEADER ] array (
  'cookie' => 'uid=p0DSb1oTuqVimxiOzHDOng%3D%3D',
  'accept-language' => 'zh-CN,zh;q=0.9',
  'accept-encoding' => 'gzip, deflate',
  'accept' => 'text/html,application/xhtml+xml,application/xml;q=0.9,image/avif,image/webp,image/apng,*/*;q=0.8,application/signed-exchange;v=b3;q=0.9',
  'user-agent' => 'Mozilla/5.0 (Windows NT 10.0; Win64; x64) AppleWebKit/537.36 (KHTML, like Gecko) Chrome/86.0.4240.193 Safari/537.36',
  'upgrade-insecure-requests' => '1',
  'cache-control' => 'max-age=0',
  'connection' => 'close',
  'host' => 'www.pgt.com',
)
[ info ] [ PARAM ] array (
  '/api/Wan/index' => '',
)
[ info ] [ RUN ] app\api\controller\Wan->index[ D:\pgt\application\api\controller\Wan.php ]
[ info ] [ LOG ] INIT File
---------------------------------------------------------------
[ 2020-11-27T13:42:37+08:00 ] 127.0.0.1 GET www.pgt.com/api/Wan/index
[运行时间：0.196260s] [吞吐率：5.10req/s] [内存消耗：1,837.78kb] [文件加载：43]
[ info ] [ LANG ] D:\pgt\thinkphp\lang\zh-cn.php
[ info ] [ ROUTE ] array (
  'type' => 'module',
  'module' => 
  array (
    0 => 'api',
    1 => 'Wan',
    2 => 'index',
  ),
)
[ info ] [ HEADER ] array (
  'cookie' => 'uid=p0DSb1oTuqVimxiOzHDOng%3D%3D',
  'accept-language' => 'zh-CN,zh;q=0.9',
  'accept-encoding' => 'gzip, deflate',
  'accept' => 'text/html,application/xhtml+xml,application/xml;q=0.9,image/avif,image/webp,image/apng,*/*;q=0.8,application/signed-exchange;v=b3;q=0.9',
  'user-agent' => 'Mozilla/5.0 (Windows NT 10.0; Win64; x64) AppleWebKit/537.36 (KHTML, like Gecko) Chrome/86.0.4240.193 Safari/537.36',
  'upgrade-insecure-requests' => '1',
  'cache-control' => 'max-age=0',
  'connection' => 'close',
  'host' => 'www.pgt.com',
)
[ info ] [ PARAM ] array (
  '/api/Wan/index' => '',
)
[ info ] [ RUN ] app\api\controller\Wan->index[ D:\pgt\application\api\controller\Wan.php ]
[ info ] [ LOG ] INIT File
