---------------------------------------------------------------
[ 2021-03-25T19:20:02+08:00 ] 39.101.182.111 GET pgtapi.cooov.com/Notice/crontab
[运行时间：0.017828s] [吞吐率：56.09req/s] [内存消耗：2,628.08kb] [文件加载：55]
[ info ] [ LANG ] /www/wwwroot/peigongtang/thinkphp/lang/zh-cn.php
[ info ] [ BIND ] 'api'
[ info ] [ ROUTE ] array (
  'type' => 'module',
  'module' => 
  array (
    0 => 'api',
    1 => 'Notice',
    2 => 'crontab',
  ),
)
[ info ] [ HEADER ] array (
  'accept' => '*/*',
  'user-agent' => 'curl/7.61.1',
  'host' => 'pgtapi.cooov.com',
  'content-type' => '',
  'content-length' => '',
)
[ info ] [ PARAM ] array (
)
[ info ] [ RUN ] app\api\controller\Notice->crontab[ /www/wwwroot/peigongtang/application/api/controller/Notice.php ]
[ info ] [ DB ] INIT mysql
[ info ] [ LOG ] INIT File
[ sql ] [ DB ] CONNECT:[ UseTime:0.000175s ] mysql:host=localhost;dbname=pgt;charset=utf8
[ sql ] [ SQL ] SHOW COLUMNS FROM `pgt_course_node` [ RunTime:0.000656s ]
[ sql ] [ SQL ] SELECT * FROM `pgt_course_node` WHERE  `is_del` = 0  AND `type` = 1  AND `Live_state` = 0 [ RunTime:0.000259s ]
---------------------------------------------------------------
[ 2021-03-25T19:30:01+08:00 ] 39.101.182.111 GET pgtapi.cooov.com/Notice/crontab
[运行时间：0.032657s] [吞吐率：30.62req/s] [内存消耗：2,628.13kb] [文件加载：55]
[ info ] [ LANG ] /www/wwwroot/peigongtang/thinkphp/lang/zh-cn.php
[ info ] [ BIND ] 'api'
[ info ] [ ROUTE ] array (
  'type' => 'module',
  'module' => 
  array (
    0 => 'api',
    1 => 'Notice',
    2 => 'crontab',
  ),
)
[ info ] [ HEADER ] array (
  'accept' => '*/*',
  'user-agent' => 'curl/7.61.1',
  'host' => 'pgtapi.cooov.com',
  'content-type' => '',
  'content-length' => '',
)
[ info ] [ PARAM ] array (
)
[ info ] [ RUN ] app\api\controller\Notice->crontab[ /www/wwwroot/peigongtang/application/api/controller/Notice.php ]
[ info ] [ DB ] INIT mysql
[ info ] [ LOG ] INIT File
[ sql ] [ DB ] CONNECT:[ UseTime:0.000210s ] mysql:host=localhost;dbname=pgt;charset=utf8
[ sql ] [ SQL ] SHOW COLUMNS FROM `pgt_course_node` [ RunTime:0.002984s ]
[ sql ] [ SQL ] SELECT * FROM `pgt_course_node` WHERE  `is_del` = 0  AND `type` = 1  AND `Live_state` = 0 [ RunTime:0.000375s ]
---------------------------------------------------------------
[ 2021-03-25T19:40:02+08:00 ] 39.101.182.111 GET pgtapi.cooov.com/Notice/crontab
[运行时间：0.017975s] [吞吐率：55.63req/s] [内存消耗：2,628.13kb] [文件加载：55]
[ info ] [ LANG ] /www/wwwroot/peigongtang/thinkphp/lang/zh-cn.php
[ info ] [ BIND ] 'api'
[ info ] [ ROUTE ] array (
  'type' => 'module',
  'module' => 
  array (
    0 => 'api',
    1 => 'Notice',
    2 => 'crontab',
  ),
)
[ info ] [ HEADER ] array (
  'accept' => '*/*',
  'user-agent' => 'curl/7.61.1',
  'host' => 'pgtapi.cooov.com',
  'content-type' => '',
  'content-length' => '',
)
[ info ] [ PARAM ] array (
)
[ info ] [ RUN ] app\api\controller\Notice->crontab[ /www/wwwroot/peigongtang/application/api/controller/Notice.php ]
[ info ] [ DB ] INIT mysql
[ info ] [ LOG ] INIT File
[ sql ] [ DB ] CONNECT:[ UseTime:0.000190s ] mysql:host=localhost;dbname=pgt;charset=utf8
[ sql ] [ SQL ] SHOW COLUMNS FROM `pgt_course_node` [ RunTime:0.000639s ]
[ sql ] [ SQL ] SELECT * FROM `pgt_course_node` WHERE  `is_del` = 0  AND `type` = 1  AND `Live_state` = 0 [ RunTime:0.000272s ]
---------------------------------------------------------------
[ 2021-03-25T19:50:01+08:00 ] 39.101.182.111 GET pgtapi.cooov.com/Notice/crontab
[运行时间：0.018011s] [吞吐率：55.52req/s] [内存消耗：2,628.13kb] [文件加载：55]
[ info ] [ LANG ] /www/wwwroot/peigongtang/thinkphp/lang/zh-cn.php
[ info ] [ BIND ] 'api'
[ info ] [ ROUTE ] array (
  'type' => 'module',
  'module' => 
  array (
    0 => 'api',
    1 => 'Notice',
    2 => 'crontab',
  ),
)
[ info ] [ HEADER ] array (
  'accept' => '*/*',
  'user-agent' => 'curl/7.61.1',
  'host' => 'pgtapi.cooov.com',
  'content-type' => '',
  'content-length' => '',
)
[ info ] [ PARAM ] array (
)
[ info ] [ RUN ] app\api\controller\Notice->crontab[ /www/wwwroot/peigongtang/application/api/controller/Notice.php ]
[ info ] [ DB ] INIT mysql
[ info ] [ LOG ] INIT File
[ sql ] [ DB ] CONNECT:[ UseTime:0.000183s ] mysql:host=localhost;dbname=pgt;charset=utf8
[ sql ] [ SQL ] SHOW COLUMNS FROM `pgt_course_node` [ RunTime:0.000623s ]
[ sql ] [ SQL ] SELECT * FROM `pgt_course_node` WHERE  `is_del` = 0  AND `type` = 1  AND `Live_state` = 0 [ RunTime:0.000277s ]
---------------------------------------------------------------
[ 2021-03-25T20:00:01+08:00 ] 39.101.182.111 GET pgtapi.cooov.com/Notice/crontab
[运行时间：0.017928s] [吞吐率：55.78req/s] [内存消耗：2,628.13kb] [文件加载：55]
[ info ] [ LANG ] /www/wwwroot/peigongtang/thinkphp/lang/zh-cn.php
[ info ] [ BIND ] 'api'
[ info ] [ ROUTE ] array (
  'type' => 'module',
  'module' => 
  array (
    0 => 'api',
    1 => 'Notice',
    2 => 'crontab',
  ),
)
[ info ] [ HEADER ] array (
  'accept' => '*/*',
  'user-agent' => 'curl/7.61.1',
  'host' => 'pgtapi.cooov.com',
  'content-type' => '',
  'content-length' => '',
)
[ info ] [ PARAM ] array (
)
[ info ] [ RUN ] app\api\controller\Notice->crontab[ /www/wwwroot/peigongtang/application/api/controller/Notice.php ]
[ info ] [ DB ] INIT mysql
[ info ] [ LOG ] INIT File
[ sql ] [ DB ] CONNECT:[ UseTime:0.000178s ] mysql:host=localhost;dbname=pgt;charset=utf8
[ sql ] [ SQL ] SHOW COLUMNS FROM `pgt_course_node` [ RunTime:0.000642s ]
[ sql ] [ SQL ] SELECT * FROM `pgt_course_node` WHERE  `is_del` = 0  AND `type` = 1  AND `Live_state` = 0 [ RunTime:0.000272s ]
---------------------------------------------------------------
[ 2021-03-25T20:10:01+08:00 ] 39.101.182.111 GET pgtapi.cooov.com/Notice/crontab
[运行时间：0.017841s] [吞吐率：56.05req/s] [内存消耗：2,628.13kb] [文件加载：55]
[ info ] [ LANG ] /www/wwwroot/peigongtang/thinkphp/lang/zh-cn.php
[ info ] [ BIND ] 'api'
[ info ] [ ROUTE ] array (
  'type' => 'module',
  'module' => 
  array (
    0 => 'api',
    1 => 'Notice',
    2 => 'crontab',
  ),
)
[ info ] [ HEADER ] array (
  'accept' => '*/*',
  'user-agent' => 'curl/7.61.1',
  'host' => 'pgtapi.cooov.com',
  'content-type' => '',
  'content-length' => '',
)
[ info ] [ PARAM ] array (
)
[ info ] [ RUN ] app\api\controller\Notice->crontab[ /www/wwwroot/peigongtang/application/api/controller/Notice.php ]
[ info ] [ DB ] INIT mysql
[ info ] [ LOG ] INIT File
[ sql ] [ DB ] CONNECT:[ UseTime:0.000169s ] mysql:host=localhost;dbname=pgt;charset=utf8
[ sql ] [ SQL ] SHOW COLUMNS FROM `pgt_course_node` [ RunTime:0.000630s ]
[ sql ] [ SQL ] SELECT * FROM `pgt_course_node` WHERE  `is_del` = 0  AND `type` = 1  AND `Live_state` = 0 [ RunTime:0.000272s ]
---------------------------------------------------------------
[ 2021-03-25T20:20:01+08:00 ] 39.101.182.111 GET pgtapi.cooov.com/Notice/crontab
[运行时间：0.017906s] [吞吐率：55.85req/s] [内存消耗：2,628.13kb] [文件加载：55]
[ info ] [ LANG ] /www/wwwroot/peigongtang/thinkphp/lang/zh-cn.php
[ info ] [ BIND ] 'api'
[ info ] [ ROUTE ] array (
  'type' => 'module',
  'module' => 
  array (
    0 => 'api',
    1 => 'Notice',
    2 => 'crontab',
  ),
)
[ info ] [ HEADER ] array (
  'accept' => '*/*',
  'user-agent' => 'curl/7.61.1',
  'host' => 'pgtapi.cooov.com',
  'content-type' => '',
  'content-length' => '',
)
[ info ] [ PARAM ] array (
)
[ info ] [ RUN ] app\api\controller\Notice->crontab[ /www/wwwroot/peigongtang/application/api/controller/Notice.php ]
[ info ] [ DB ] INIT mysql
[ info ] [ LOG ] INIT File
[ sql ] [ DB ] CONNECT:[ UseTime:0.000191s ] mysql:host=localhost;dbname=pgt;charset=utf8
[ sql ] [ SQL ] SHOW COLUMNS FROM `pgt_course_node` [ RunTime:0.000659s ]
[ sql ] [ SQL ] SELECT * FROM `pgt_course_node` WHERE  `is_del` = 0  AND `type` = 1  AND `Live_state` = 0 [ RunTime:0.000277s ]
---------------------------------------------------------------
[ 2021-03-25T20:30:01+08:00 ] 39.101.182.111 GET pgtapi.cooov.com/Notice/crontab
[运行时间：0.038148s] [吞吐率：26.21req/s] [内存消耗：2,628.13kb] [文件加载：55]
[ info ] [ LANG ] /www/wwwroot/peigongtang/thinkphp/lang/zh-cn.php
[ info ] [ BIND ] 'api'
[ info ] [ ROUTE ] array (
  'type' => 'module',
  'module' => 
  array (
    0 => 'api',
    1 => 'Notice',
    2 => 'crontab',
  ),
)
[ info ] [ HEADER ] array (
  'accept' => '*/*',
  'user-agent' => 'curl/7.61.1',
  'host' => 'pgtapi.cooov.com',
  'content-type' => '',
  'content-length' => '',
)
[ info ] [ PARAM ] array (
)
[ info ] [ RUN ] app\api\controller\Notice->crontab[ /www/wwwroot/peigongtang/application/api/controller/Notice.php ]
[ info ] [ DB ] INIT mysql
[ info ] [ LOG ] INIT File
[ sql ] [ DB ] CONNECT:[ UseTime:0.003810s ] mysql:host=localhost;dbname=pgt;charset=utf8
[ sql ] [ SQL ] SHOW COLUMNS FROM `pgt_course_node` [ RunTime:0.000928s ]
[ sql ] [ SQL ] SELECT * FROM `pgt_course_node` WHERE  `is_del` = 0  AND `type` = 1  AND `Live_state` = 0 [ RunTime:0.000384s ]
---------------------------------------------------------------
[ 2021-03-25T20:40:01+08:00 ] 39.101.182.111 GET pgtapi.cooov.com/Notice/crontab
[运行时间：0.019002s] [吞吐率：52.63req/s] [内存消耗：2,628.13kb] [文件加载：55]
[ info ] [ LANG ] /www/wwwroot/peigongtang/thinkphp/lang/zh-cn.php
[ info ] [ BIND ] 'api'
[ info ] [ ROUTE ] array (
  'type' => 'module',
  'module' => 
  array (
    0 => 'api',
    1 => 'Notice',
    2 => 'crontab',
  ),
)
[ info ] [ HEADER ] array (
  'accept' => '*/*',
  'user-agent' => 'curl/7.61.1',
  'host' => 'pgtapi.cooov.com',
  'content-type' => '',
  'content-length' => '',
)
[ info ] [ PARAM ] array (
)
[ info ] [ RUN ] app\api\controller\Notice->crontab[ /www/wwwroot/peigongtang/application/api/controller/Notice.php ]
[ info ] [ DB ] INIT mysql
[ info ] [ LOG ] INIT File
[ sql ] [ DB ] CONNECT:[ UseTime:0.000171s ] mysql:host=localhost;dbname=pgt;charset=utf8
[ sql ] [ SQL ] SHOW COLUMNS FROM `pgt_course_node` [ RunTime:0.000632s ]
[ sql ] [ SQL ] SELECT * FROM `pgt_course_node` WHERE  `is_del` = 0  AND `type` = 1  AND `Live_state` = 0 [ RunTime:0.000259s ]
---------------------------------------------------------------
[ 2021-03-25T20:50:02+08:00 ] 39.101.182.111 GET pgtapi.cooov.com/Notice/crontab
[运行时间：0.017900s] [吞吐率：55.87req/s] [内存消耗：2,628.13kb] [文件加载：55]
[ info ] [ LANG ] /www/wwwroot/peigongtang/thinkphp/lang/zh-cn.php
[ info ] [ BIND ] 'api'
[ info ] [ ROUTE ] array (
  'type' => 'module',
  'module' => 
  array (
    0 => 'api',
    1 => 'Notice',
    2 => 'crontab',
  ),
)
[ info ] [ HEADER ] array (
  'accept' => '*/*',
  'user-agent' => 'curl/7.61.1',
  'host' => 'pgtapi.cooov.com',
  'content-type' => '',
  'content-length' => '',
)
[ info ] [ PARAM ] array (
)
[ info ] [ RUN ] app\api\controller\Notice->crontab[ /www/wwwroot/peigongtang/application/api/controller/Notice.php ]
[ info ] [ DB ] INIT mysql
[ info ] [ LOG ] INIT File
[ sql ] [ DB ] CONNECT:[ UseTime:0.000188s ] mysql:host=localhost;dbname=pgt;charset=utf8
[ sql ] [ SQL ] SHOW COLUMNS FROM `pgt_course_node` [ RunTime:0.000638s ]
[ sql ] [ SQL ] SELECT * FROM `pgt_course_node` WHERE  `is_del` = 0  AND `type` = 1  AND `Live_state` = 0 [ RunTime:0.000266s ]
---------------------------------------------------------------
[ 2021-03-25T21:00:01+08:00 ] 39.101.182.111 GET pgtapi.cooov.com/Notice/crontab
[运行时间：0.017909s] [吞吐率：55.84req/s] [内存消耗：2,628.13kb] [文件加载：55]
[ info ] [ LANG ] /www/wwwroot/peigongtang/thinkphp/lang/zh-cn.php
[ info ] [ BIND ] 'api'
[ info ] [ ROUTE ] array (
  'type' => 'module',
  'module' => 
  array (
    0 => 'api',
    1 => 'Notice',
    2 => 'crontab',
  ),
)
[ info ] [ HEADER ] array (
  'accept' => '*/*',
  'user-agent' => 'curl/7.61.1',
  'host' => 'pgtapi.cooov.com',
  'content-type' => '',
  'content-length' => '',
)
[ info ] [ PARAM ] array (
)
[ info ] [ RUN ] app\api\controller\Notice->crontab[ /www/wwwroot/peigongtang/application/api/controller/Notice.php ]
[ info ] [ DB ] INIT mysql
[ info ] [ LOG ] INIT File
[ sql ] [ DB ] CONNECT:[ UseTime:0.000186s ] mysql:host=localhost;dbname=pgt;charset=utf8
[ sql ] [ SQL ] SHOW COLUMNS FROM `pgt_course_node` [ RunTime:0.000634s ]
[ sql ] [ SQL ] SELECT * FROM `pgt_course_node` WHERE  `is_del` = 0  AND `type` = 1  AND `Live_state` = 0 [ RunTime:0.000260s ]
---------------------------------------------------------------
[ 2021-03-25T21:10:01+08:00 ] 39.101.182.111 GET pgtapi.cooov.com/Notice/crontab
[运行时间：0.017783s] [吞吐率：56.23req/s] [内存消耗：2,628.13kb] [文件加载：55]
[ info ] [ LANG ] /www/wwwroot/peigongtang/thinkphp/lang/zh-cn.php
[ info ] [ BIND ] 'api'
[ info ] [ ROUTE ] array (
  'type' => 'module',
  'module' => 
  array (
    0 => 'api',
    1 => 'Notice',
    2 => 'crontab',
  ),
)
[ info ] [ HEADER ] array (
  'accept' => '*/*',
  'user-agent' => 'curl/7.61.1',
  'host' => 'pgtapi.cooov.com',
  'content-type' => '',
  'content-length' => '',
)
[ info ] [ PARAM ] array (
)
[ info ] [ RUN ] app\api\controller\Notice->crontab[ /www/wwwroot/peigongtang/application/api/controller/Notice.php ]
[ info ] [ DB ] INIT mysql
[ info ] [ LOG ] INIT File
[ sql ] [ DB ] CONNECT:[ UseTime:0.000177s ] mysql:host=localhost;dbname=pgt;charset=utf8
[ sql ] [ SQL ] SHOW COLUMNS FROM `pgt_course_node` [ RunTime:0.000662s ]
[ sql ] [ SQL ] SELECT * FROM `pgt_course_node` WHERE  `is_del` = 0  AND `type` = 1  AND `Live_state` = 0 [ RunTime:0.000268s ]
---------------------------------------------------------------
[ 2021-03-25T21:20:03+08:00 ] 39.101.182.111 GET pgtapi.cooov.com/Notice/crontab
[运行时间：0.017868s] [吞吐率：55.97req/s] [内存消耗：2,628.13kb] [文件加载：55]
[ info ] [ LANG ] /www/wwwroot/peigongtang/thinkphp/lang/zh-cn.php
[ info ] [ BIND ] 'api'
[ info ] [ ROUTE ] array (
  'type' => 'module',
  'module' => 
  array (
    0 => 'api',
    1 => 'Notice',
    2 => 'crontab',
  ),
)
[ info ] [ HEADER ] array (
  'accept' => '*/*',
  'user-agent' => 'curl/7.61.1',
  'host' => 'pgtapi.cooov.com',
  'content-type' => '',
  'content-length' => '',
)
[ info ] [ PARAM ] array (
)
[ info ] [ RUN ] app\api\controller\Notice->crontab[ /www/wwwroot/peigongtang/application/api/controller/Notice.php ]
[ info ] [ DB ] INIT mysql
[ info ] [ LOG ] INIT File
[ sql ] [ DB ] CONNECT:[ UseTime:0.000184s ] mysql:host=localhost;dbname=pgt;charset=utf8
[ sql ] [ SQL ] SHOW COLUMNS FROM `pgt_course_node` [ RunTime:0.000655s ]
[ sql ] [ SQL ] SELECT * FROM `pgt_course_node` WHERE  `is_del` = 0  AND `type` = 1  AND `Live_state` = 0 [ RunTime:0.000278s ]
---------------------------------------------------------------
[ 2021-03-25T21:30:02+08:00 ] 39.101.182.111 GET pgtapi.cooov.com/Notice/crontab
[运行时间：0.036387s] [吞吐率：27.48req/s] [内存消耗：2,628.13kb] [文件加载：55]
[ info ] [ LANG ] /www/wwwroot/peigongtang/thinkphp/lang/zh-cn.php
[ info ] [ BIND ] 'api'
[ info ] [ ROUTE ] array (
  'type' => 'module',
  'module' => 
  array (
    0 => 'api',
    1 => 'Notice',
    2 => 'crontab',
  ),
)
[ info ] [ HEADER ] array (
  'accept' => '*/*',
  'user-agent' => 'curl/7.61.1',
  'host' => 'pgtapi.cooov.com',
  'content-type' => '',
  'content-length' => '',
)
[ info ] [ PARAM ] array (
)
[ info ] [ RUN ] app\api\controller\Notice->crontab[ /www/wwwroot/peigongtang/application/api/controller/Notice.php ]
[ info ] [ DB ] INIT mysql
[ info ] [ LOG ] INIT File
[ sql ] [ DB ] CONNECT:[ UseTime:0.003908s ] mysql:host=localhost;dbname=pgt;charset=utf8
[ sql ] [ SQL ] SHOW COLUMNS FROM `pgt_course_node` [ RunTime:0.001082s ]
[ sql ] [ SQL ] SELECT * FROM `pgt_course_node` WHERE  `is_del` = 0  AND `type` = 1  AND `Live_state` = 0 [ RunTime:0.000466s ]
---------------------------------------------------------------
[ 2021-03-25T21:40:01+08:00 ] 39.101.182.111 GET pgtapi.cooov.com/Notice/crontab
[运行时间：0.017913s] [吞吐率：55.83req/s] [内存消耗：2,628.13kb] [文件加载：55]
[ info ] [ LANG ] /www/wwwroot/peigongtang/thinkphp/lang/zh-cn.php
[ info ] [ BIND ] 'api'
[ info ] [ ROUTE ] array (
  'type' => 'module',
  'module' => 
  array (
    0 => 'api',
    1 => 'Notice',
    2 => 'crontab',
  ),
)
[ info ] [ HEADER ] array (
  'accept' => '*/*',
  'user-agent' => 'curl/7.61.1',
  'host' => 'pgtapi.cooov.com',
  'content-type' => '',
  'content-length' => '',
)
[ info ] [ PARAM ] array (
)
[ info ] [ RUN ] app\api\controller\Notice->crontab[ /www/wwwroot/peigongtang/application/api/controller/Notice.php ]
[ info ] [ DB ] INIT mysql
[ info ] [ LOG ] INIT File
[ sql ] [ DB ] CONNECT:[ UseTime:0.000190s ] mysql:host=localhost;dbname=pgt;charset=utf8
[ sql ] [ SQL ] SHOW COLUMNS FROM `pgt_course_node` [ RunTime:0.000633s ]
[ sql ] [ SQL ] SELECT * FROM `pgt_course_node` WHERE  `is_del` = 0  AND `type` = 1  AND `Live_state` = 0 [ RunTime:0.000269s ]
---------------------------------------------------------------
[ 2021-03-25T21:50:01+08:00 ] 39.101.182.111 GET pgtapi.cooov.com/Notice/crontab
[运行时间：0.018138s] [吞吐率：55.13req/s] [内存消耗：2,628.13kb] [文件加载：55]
[ info ] [ LANG ] /www/wwwroot/peigongtang/thinkphp/lang/zh-cn.php
[ info ] [ BIND ] 'api'
[ info ] [ ROUTE ] array (
  'type' => 'module',
  'module' => 
  array (
    0 => 'api',
    1 => 'Notice',
    2 => 'crontab',
  ),
)
[ info ] [ HEADER ] array (
  'accept' => '*/*',
  'user-agent' => 'curl/7.61.1',
  'host' => 'pgtapi.cooov.com',
  'content-type' => '',
  'content-length' => '',
)
[ info ] [ PARAM ] array (
)
[ info ] [ RUN ] app\api\controller\Notice->crontab[ /www/wwwroot/peigongtang/application/api/controller/Notice.php ]
[ info ] [ DB ] INIT mysql
[ info ] [ LOG ] INIT File
[ sql ] [ DB ] CONNECT:[ UseTime:0.000189s ] mysql:host=localhost;dbname=pgt;charset=utf8
[ sql ] [ SQL ] SHOW COLUMNS FROM `pgt_course_node` [ RunTime:0.000670s ]
[ sql ] [ SQL ] SELECT * FROM `pgt_course_node` WHERE  `is_del` = 0  AND `type` = 1  AND `Live_state` = 0 [ RunTime:0.000263s ]
---------------------------------------------------------------
[ 2021-03-25T22:00:01+08:00 ] 39.101.182.111 GET pgtapi.cooov.com/Notice/crontab
[运行时间：0.017863s] [吞吐率：55.98req/s] [内存消耗：2,628.13kb] [文件加载：55]
[ info ] [ LANG ] /www/wwwroot/peigongtang/thinkphp/lang/zh-cn.php
[ info ] [ BIND ] 'api'
[ info ] [ ROUTE ] array (
  'type' => 'module',
  'module' => 
  array (
    0 => 'api',
    1 => 'Notice',
    2 => 'crontab',
  ),
)
[ info ] [ HEADER ] array (
  'accept' => '*/*',
  'user-agent' => 'curl/7.61.1',
  'host' => 'pgtapi.cooov.com',
  'content-type' => '',
  'content-length' => '',
)
[ info ] [ PARAM ] array (
)
[ info ] [ RUN ] app\api\controller\Notice->crontab[ /www/wwwroot/peigongtang/application/api/controller/Notice.php ]
[ info ] [ DB ] INIT mysql
[ info ] [ LOG ] INIT File
[ sql ] [ DB ] CONNECT:[ UseTime:0.000192s ] mysql:host=localhost;dbname=pgt;charset=utf8
[ sql ] [ SQL ] SHOW COLUMNS FROM `pgt_course_node` [ RunTime:0.000653s ]
[ sql ] [ SQL ] SELECT * FROM `pgt_course_node` WHERE  `is_del` = 0  AND `type` = 1  AND `Live_state` = 0 [ RunTime:0.000268s ]
---------------------------------------------------------------
[ 2021-03-25T22:10:01+08:00 ] 39.101.182.111 GET pgtapi.cooov.com/Notice/crontab
[运行时间：0.017944s] [吞吐率：55.73req/s] [内存消耗：2,628.13kb] [文件加载：55]
[ info ] [ LANG ] /www/wwwroot/peigongtang/thinkphp/lang/zh-cn.php
[ info ] [ BIND ] 'api'
[ info ] [ ROUTE ] array (
  'type' => 'module',
  'module' => 
  array (
    0 => 'api',
    1 => 'Notice',
    2 => 'crontab',
  ),
)
[ info ] [ HEADER ] array (
  'accept' => '*/*',
  'user-agent' => 'curl/7.61.1',
  'host' => 'pgtapi.cooov.com',
  'content-type' => '',
  'content-length' => '',
)
[ info ] [ PARAM ] array (
)
[ info ] [ RUN ] app\api\controller\Notice->crontab[ /www/wwwroot/peigongtang/application/api/controller/Notice.php ]
[ info ] [ DB ] INIT mysql
[ info ] [ LOG ] INIT File
[ sql ] [ DB ] CONNECT:[ UseTime:0.000179s ] mysql:host=localhost;dbname=pgt;charset=utf8
[ sql ] [ SQL ] SHOW COLUMNS FROM `pgt_course_node` [ RunTime:0.000650s ]
[ sql ] [ SQL ] SELECT * FROM `pgt_course_node` WHERE  `is_del` = 0  AND `type` = 1  AND `Live_state` = 0 [ RunTime:0.000264s ]
---------------------------------------------------------------
[ 2021-03-25T22:20:02+08:00 ] 39.101.182.111 GET pgtapi.cooov.com/Notice/crontab
[运行时间：0.018368s] [吞吐率：54.44req/s] [内存消耗：2,628.13kb] [文件加载：55]
[ info ] [ LANG ] /www/wwwroot/peigongtang/thinkphp/lang/zh-cn.php
[ info ] [ BIND ] 'api'
[ info ] [ ROUTE ] array (
  'type' => 'module',
  'module' => 
  array (
    0 => 'api',
    1 => 'Notice',
    2 => 'crontab',
  ),
)
[ info ] [ HEADER ] array (
  'accept' => '*/*',
  'user-agent' => 'curl/7.61.1',
  'host' => 'pgtapi.cooov.com',
  'content-type' => '',
  'content-length' => '',
)
[ info ] [ PARAM ] array (
)
[ info ] [ RUN ] app\api\controller\Notice->crontab[ /www/wwwroot/peigongtang/application/api/controller/Notice.php ]
[ info ] [ DB ] INIT mysql
[ info ] [ LOG ] INIT File
[ sql ] [ DB ] CONNECT:[ UseTime:0.000190s ] mysql:host=localhost;dbname=pgt;charset=utf8
[ sql ] [ SQL ] SHOW COLUMNS FROM `pgt_course_node` [ RunTime:0.000654s ]
[ sql ] [ SQL ] SELECT * FROM `pgt_course_node` WHERE  `is_del` = 0  AND `type` = 1  AND `Live_state` = 0 [ RunTime:0.000262s ]
---------------------------------------------------------------
[ 2021-03-25T22:30:01+08:00 ] 39.101.182.111 GET pgtapi.cooov.com/Notice/crontab
[运行时间：0.113472s] [吞吐率：8.81req/s] [内存消耗：2,628.13kb] [文件加载：55]
[ info ] [ LANG ] /www/wwwroot/peigongtang/thinkphp/lang/zh-cn.php
[ info ] [ BIND ] 'api'
[ info ] [ ROUTE ] array (
  'type' => 'module',
  'module' => 
  array (
    0 => 'api',
    1 => 'Notice',
    2 => 'crontab',
  ),
)
[ info ] [ HEADER ] array (
  'accept' => '*/*',
  'user-agent' => 'curl/7.61.1',
  'host' => 'pgtapi.cooov.com',
  'content-type' => '',
  'content-length' => '',
)
[ info ] [ PARAM ] array (
)
[ info ] [ RUN ] app\api\controller\Notice->crontab[ /www/wwwroot/peigongtang/application/api/controller/Notice.php ]
[ info ] [ DB ] INIT mysql
[ info ] [ LOG ] INIT File
[ sql ] [ DB ] CONNECT:[ UseTime:0.025609s ] mysql:host=localhost;dbname=pgt;charset=utf8
[ sql ] [ SQL ] SHOW COLUMNS FROM `pgt_course_node` [ RunTime:0.031344s ]
[ sql ] [ SQL ] SELECT * FROM `pgt_course_node` WHERE  `is_del` = 0  AND `type` = 1  AND `Live_state` = 0 [ RunTime:0.015623s ]
---------------------------------------------------------------
[ 2021-03-25T22:40:01+08:00 ] 39.101.182.111 GET pgtapi.cooov.com/Notice/crontab
[运行时间：0.017928s] [吞吐率：55.78req/s] [内存消耗：2,628.13kb] [文件加载：55]
[ info ] [ LANG ] /www/wwwroot/peigongtang/thinkphp/lang/zh-cn.php
[ info ] [ BIND ] 'api'
[ info ] [ ROUTE ] array (
  'type' => 'module',
  'module' => 
  array (
    0 => 'api',
    1 => 'Notice',
    2 => 'crontab',
  ),
)
[ info ] [ HEADER ] array (
  'accept' => '*/*',
  'user-agent' => 'curl/7.61.1',
  'host' => 'pgtapi.cooov.com',
  'content-type' => '',
  'content-length' => '',
)
[ info ] [ PARAM ] array (
)
[ info ] [ RUN ] app\api\controller\Notice->crontab[ /www/wwwroot/peigongtang/application/api/controller/Notice.php ]
[ info ] [ DB ] INIT mysql
[ info ] [ LOG ] INIT File
[ sql ] [ DB ] CONNECT:[ UseTime:0.000177s ] mysql:host=localhost;dbname=pgt;charset=utf8
[ sql ] [ SQL ] SHOW COLUMNS FROM `pgt_course_node` [ RunTime:0.000640s ]
[ sql ] [ SQL ] SELECT * FROM `pgt_course_node` WHERE  `is_del` = 0  AND `type` = 1  AND `Live_state` = 0 [ RunTime:0.000271s ]
---------------------------------------------------------------
[ 2021-03-25T22:50:02+08:00 ] 39.101.182.111 GET pgtapi.cooov.com/Notice/crontab
[运行时间：0.027359s] [吞吐率：36.55req/s] [内存消耗：2,628.13kb] [文件加载：55]
[ info ] [ LANG ] /www/wwwroot/peigongtang/thinkphp/lang/zh-cn.php
[ info ] [ BIND ] 'api'
[ info ] [ ROUTE ] array (
  'type' => 'module',
  'module' => 
  array (
    0 => 'api',
    1 => 'Notice',
    2 => 'crontab',
  ),
)
[ info ] [ HEADER ] array (
  'accept' => '*/*',
  'user-agent' => 'curl/7.61.1',
  'host' => 'pgtapi.cooov.com',
  'content-type' => '',
  'content-length' => '',
)
[ info ] [ PARAM ] array (
)
[ info ] [ RUN ] app\api\controller\Notice->crontab[ /www/wwwroot/peigongtang/application/api/controller/Notice.php ]
[ info ] [ DB ] INIT mysql
[ info ] [ LOG ] INIT File
[ sql ] [ DB ] CONNECT:[ UseTime:0.000286s ] mysql:host=localhost;dbname=pgt;charset=utf8
[ sql ] [ SQL ] SHOW COLUMNS FROM `pgt_course_node` [ RunTime:0.000911s ]
[ sql ] [ SQL ] SELECT * FROM `pgt_course_node` WHERE  `is_del` = 0  AND `type` = 1  AND `Live_state` = 0 [ RunTime:0.000397s ]
---------------------------------------------------------------
[ 2021-03-25T23:00:01+08:00 ] 39.101.182.111 GET pgtapi.cooov.com/Notice/crontab
[运行时间：0.017913s] [吞吐率：55.83req/s] [内存消耗：2,628.13kb] [文件加载：55]
[ info ] [ LANG ] /www/wwwroot/peigongtang/thinkphp/lang/zh-cn.php
[ info ] [ BIND ] 'api'
[ info ] [ ROUTE ] array (
  'type' => 'module',
  'module' => 
  array (
    0 => 'api',
    1 => 'Notice',
    2 => 'crontab',
  ),
)
[ info ] [ HEADER ] array (
  'accept' => '*/*',
  'user-agent' => 'curl/7.61.1',
  'host' => 'pgtapi.cooov.com',
  'content-type' => '',
  'content-length' => '',
)
[ info ] [ PARAM ] array (
)
[ info ] [ RUN ] app\api\controller\Notice->crontab[ /www/wwwroot/peigongtang/application/api/controller/Notice.php ]
[ info ] [ DB ] INIT mysql
[ info ] [ LOG ] INIT File
[ sql ] [ DB ] CONNECT:[ UseTime:0.000178s ] mysql:host=localhost;dbname=pgt;charset=utf8
[ sql ] [ SQL ] SHOW COLUMNS FROM `pgt_course_node` [ RunTime:0.000652s ]
[ sql ] [ SQL ] SELECT * FROM `pgt_course_node` WHERE  `is_del` = 0  AND `type` = 1  AND `Live_state` = 0 [ RunTime:0.000259s ]
---------------------------------------------------------------
[ 2021-03-25T23:10:01+08:00 ] 39.101.182.111 GET pgtapi.cooov.com/Notice/crontab
[运行时间：0.019006s] [吞吐率：52.61req/s] [内存消耗：2,628.13kb] [文件加载：55]
[ info ] [ LANG ] /www/wwwroot/peigongtang/thinkphp/lang/zh-cn.php
[ info ] [ BIND ] 'api'
[ info ] [ ROUTE ] array (
  'type' => 'module',
  'module' => 
  array (
    0 => 'api',
    1 => 'Notice',
    2 => 'crontab',
  ),
)
[ info ] [ HEADER ] array (
  'accept' => '*/*',
  'user-agent' => 'curl/7.61.1',
  'host' => 'pgtapi.cooov.com',
  'content-type' => '',
  'content-length' => '',
)
[ info ] [ PARAM ] array (
)
[ info ] [ RUN ] app\api\controller\Notice->crontab[ /www/wwwroot/peigongtang/application/api/controller/Notice.php ]
[ info ] [ DB ] INIT mysql
[ info ] [ LOG ] INIT File
[ sql ] [ DB ] CONNECT:[ UseTime:0.000188s ] mysql:host=localhost;dbname=pgt;charset=utf8
[ sql ] [ SQL ] SHOW COLUMNS FROM `pgt_course_node` [ RunTime:0.001621s ]
[ sql ] [ SQL ] SELECT * FROM `pgt_course_node` WHERE  `is_del` = 0  AND `type` = 1  AND `Live_state` = 0 [ RunTime:0.000276s ]
---------------------------------------------------------------
[ 2021-03-25T23:20:01+08:00 ] 39.101.182.111 GET pgtapi.cooov.com/Notice/crontab
[运行时间：0.018104s] [吞吐率：55.24req/s] [内存消耗：2,628.13kb] [文件加载：55]
[ info ] [ LANG ] /www/wwwroot/peigongtang/thinkphp/lang/zh-cn.php
[ info ] [ BIND ] 'api'
[ info ] [ ROUTE ] array (
  'type' => 'module',
  'module' => 
  array (
    0 => 'api',
    1 => 'Notice',
    2 => 'crontab',
  ),
)
[ info ] [ HEADER ] array (
  'accept' => '*/*',
  'user-agent' => 'curl/7.61.1',
  'host' => 'pgtapi.cooov.com',
  'content-type' => '',
  'content-length' => '',
)
[ info ] [ PARAM ] array (
)
[ info ] [ RUN ] app\api\controller\Notice->crontab[ /www/wwwroot/peigongtang/application/api/controller/Notice.php ]
[ info ] [ DB ] INIT mysql
[ info ] [ LOG ] INIT File
[ sql ] [ DB ] CONNECT:[ UseTime:0.000179s ] mysql:host=localhost;dbname=pgt;charset=utf8
[ sql ] [ SQL ] SHOW COLUMNS FROM `pgt_course_node` [ RunTime:0.000626s ]
[ sql ] [ SQL ] SELECT * FROM `pgt_course_node` WHERE  `is_del` = 0  AND `type` = 1  AND `Live_state` = 0 [ RunTime:0.000287s ]
---------------------------------------------------------------
[ 2021-03-25T23:30:01+08:00 ] 39.101.182.111 GET pgtapi.cooov.com/Notice/crontab
[运行时间：0.072762s] [吞吐率：13.74req/s] [内存消耗：2,628.13kb] [文件加载：55]
[ info ] [ LANG ] /www/wwwroot/peigongtang/thinkphp/lang/zh-cn.php
[ info ] [ BIND ] 'api'
[ info ] [ ROUTE ] array (
  'type' => 'module',
  'module' => 
  array (
    0 => 'api',
    1 => 'Notice',
    2 => 'crontab',
  ),
)
[ info ] [ HEADER ] array (
  'accept' => '*/*',
  'user-agent' => 'curl/7.61.1',
  'host' => 'pgtapi.cooov.com',
  'content-type' => '',
  'content-length' => '',
)
[ info ] [ PARAM ] array (
)
[ info ] [ RUN ] app\api\controller\Notice->crontab[ /www/wwwroot/peigongtang/application/api/controller/Notice.php ]
[ info ] [ DB ] INIT mysql
[ info ] [ LOG ] INIT File
[ sql ] [ DB ] CONNECT:[ UseTime:0.003339s ] mysql:host=localhost;dbname=pgt;charset=utf8
[ sql ] [ SQL ] SHOW COLUMNS FROM `pgt_course_node` [ RunTime:0.012307s ]
[ sql ] [ SQL ] SELECT * FROM `pgt_course_node` WHERE  `is_del` = 0  AND `type` = 1  AND `Live_state` = 0 [ RunTime:0.000485s ]
---------------------------------------------------------------
[ 2021-03-25T23:40:01+08:00 ] 39.101.182.111 GET pgtapi.cooov.com/Notice/crontab
[运行时间：0.017738s] [吞吐率：56.38req/s] [内存消耗：2,628.13kb] [文件加载：55]
[ info ] [ LANG ] /www/wwwroot/peigongtang/thinkphp/lang/zh-cn.php
[ info ] [ BIND ] 'api'
[ info ] [ ROUTE ] array (
  'type' => 'module',
  'module' => 
  array (
    0 => 'api',
    1 => 'Notice',
    2 => 'crontab',
  ),
)
[ info ] [ HEADER ] array (
  'accept' => '*/*',
  'user-agent' => 'curl/7.61.1',
  'host' => 'pgtapi.cooov.com',
  'content-type' => '',
  'content-length' => '',
)
[ info ] [ PARAM ] array (
)
[ info ] [ RUN ] app\api\controller\Notice->crontab[ /www/wwwroot/peigongtang/application/api/controller/Notice.php ]
[ info ] [ DB ] INIT mysql
[ info ] [ LOG ] INIT File
[ sql ] [ DB ] CONNECT:[ UseTime:0.000171s ] mysql:host=localhost;dbname=pgt;charset=utf8
[ sql ] [ SQL ] SHOW COLUMNS FROM `pgt_course_node` [ RunTime:0.000630s ]
[ sql ] [ SQL ] SELECT * FROM `pgt_course_node` WHERE  `is_del` = 0  AND `type` = 1  AND `Live_state` = 0 [ RunTime:0.000285s ]
---------------------------------------------------------------
[ 2021-03-25T23:50:01+08:00 ] 39.101.182.111 GET pgtapi.cooov.com/Notice/crontab
[运行时间：0.017928s] [吞吐率：55.78req/s] [内存消耗：2,628.13kb] [文件加载：55]
[ info ] [ LANG ] /www/wwwroot/peigongtang/thinkphp/lang/zh-cn.php
[ info ] [ BIND ] 'api'
[ info ] [ ROUTE ] array (
  'type' => 'module',
  'module' => 
  array (
    0 => 'api',
    1 => 'Notice',
    2 => 'crontab',
  ),
)
[ info ] [ HEADER ] array (
  'accept' => '*/*',
  'user-agent' => 'curl/7.61.1',
  'host' => 'pgtapi.cooov.com',
  'content-type' => '',
  'content-length' => '',
)
[ info ] [ PARAM ] array (
)
[ info ] [ RUN ] app\api\controller\Notice->crontab[ /www/wwwroot/peigongtang/application/api/controller/Notice.php ]
[ info ] [ DB ] INIT mysql
[ info ] [ LOG ] INIT File
[ sql ] [ DB ] CONNECT:[ UseTime:0.000208s ] mysql:host=localhost;dbname=pgt;charset=utf8
[ sql ] [ SQL ] SHOW COLUMNS FROM `pgt_course_node` [ RunTime:0.000631s ]
[ sql ] [ SQL ] SELECT * FROM `pgt_course_node` WHERE  `is_del` = 0  AND `type` = 1  AND `Live_state` = 0 [ RunTime:0.000253s ]
